This file contains any messages produced by compilers while
running configure, to aid debugging if configure makes a mistake.

It was created by yasm configure 1.1.0, which was
generated by GNU Autoconf 2.65.  Invocation command line was

  $ ./configure --prefix=/Users/Shared/xbmc-depends/buildtools-native --disable-nls --disable-python

## --------- ##
## Platform. ##
## --------- ##

hostname = Aruns-Mac.local
uname -m = x86_64
uname -r = 14.5.0
uname -s = Darwin
uname -v = Darwin Kernel Version 14.5.0: Wed Jul 29 02:26:53 PDT 2015; root:xnu-2782.40.9~1/RELEASE_X86_64

/usr/bin/uname -p = i386
/bin/uname -X     = unknown

/bin/arch              = unknown
/usr/bin/arch -k       = unknown
/usr/convex/getsysinfo = unknown
/usr/bin/hostinfo      = Mach kernel version:
	 Darwin Kernel Version 14.5.0: Wed Jul 29 02:26:53 PDT 2015; root:xnu-2782.40.9~1/RELEASE_X86_64
Kernel configured for up to 4 processors.
4 processors are physically available.
4 processors are logically available.
Processor type: x86_64h (Intel x86-64h Haswell)
Processors active: 0 1 2 3
Primary memory available: 8.00 gigabytes
Default processor set: 212 tasks, 957 threads, 4 processors
Load average: 2.39, Mach factor: 2.00
/bin/machine           = unknown
/usr/bin/oslevel       = unknown
/bin/universe          = unknown

PATH: /Applications/Xcode.app/Contents/Developer/bin
PATH: /Applications/Xcode.app/Contents/Developer/usr/bin
PATH: /Users/Shared/xbmc-depends/buildtools-native/bin
PATH: /Applications/Xcode.app/Contents/Developer/bin
PATH: /Applications/Xcode.app/Contents/Developer/usr/bin
PATH: /Users/Shared/xbmc-depends/buildtools-native/bin
PATH: /Applications/Xcode.app/Contents/Developer/bin
PATH: /Applications/Xcode.app/Contents/Developer/usr/bin
PATH: /Users/Shared/xbmc-depends/buildtools-native/bin
PATH: /Users/osx/.rvm/gems/ruby-2.3.0/bin
PATH: /Users/osx/.rvm/gems/ruby-2.3.0@global/bin
PATH: /Users/osx/.rvm/rubies/ruby-2.3.0/bin
PATH: /usr/local/bin
PATH: /usr/bin
PATH: /bin
PATH: /usr/sbin
PATH: /sbin
PATH: /opt/X11/bin
PATH: /usr/local/MacGPG2/bin
PATH: /Library/Frameworks/Mono.framework/Versions/Current/Commands
PATH: /Users/osx/Library/Android/sdk/tools
PATH: /Users/osx/Library/Android/sdk/platform-tools
PATH: /Users/osx/Android/android-ndk-r10e
PATH: /Users/osx/Library/Android/sdk/build-tools
PATH: /Users/osx/.rvm/bin


## ----------- ##
## Core tests. ##
## ----------- ##

configure:2349: loading site script /Users/Shared/xbmc-depends/buildtools-native/share/config.site
| LD="${LD:-/Applications/Xcode.app/Contents/Developer/usr/bin/ld}"
| CC="${CC:-/Applications/Xcode.app/Contents/Developer/usr/bin/gcc}"
| CXX="${CXX:-/Applications/Xcode.app/Contents/Developer/usr/bin/g++}"
| AR="${AR:-/usr/bin/ar}"
| RANLIB="${RANLIB:-/usr/bin/ranlib}"
| AS="${AS:-/usr/bin/as}"
| NM="${NM:-/usr/bin/nm}"
| STRIP="${STRIP:-/usr/bin/strip}"
| READELF="${READELF:-readelf}"
| OBJDUMP="${OBJDUMP:-objdump}"
| 
| CFLAGS="-I/Users/Shared/xbmc-depends/buildtools-native/include $CFLAGS"
| LDFLAGS="-L/Users/Shared/xbmc-depends/buildtools-native/lib $LDFLAGS"
| CPPFLAGS="-I/Users/Shared/xbmc-depends/buildtools-native/include $CPPFLAGS"
| CXXFLAGS="-I/Users/Shared/xbmc-depends/buildtools-native/include $CXXFLAGS"
| 
| PKG_CONFIG=/Users/Shared/xbmc-depends/buildtools-native/bin/pkg-config
| export PKG_CONFIG_LIBDIR=/Users/Shared/xbmc-depends/buildtools-native/lib/pkgconfig
| 
| PATH=/Users/Shared/xbmc-depends/buildtools-native/bin:$PATH
| if test -n "/Applications/Xcode.app/Contents/Developer"; then
|   PATH=/Applications/Xcode.app/Contents/Developer/usr/bin:/Applications/Xcode.app/Contents/Developer/bin:$PATH
| fi
| 
| LD_LIBRARY_PATH=/Users/Shared/xbmc-depends/buildtools-native/lib:$LD_LIBRARY_PATH
| NASM=/Users/Shared/xbmc-depends/buildtools-native/bin/yasm
configure:2485: checking for a BSD-compatible install
configure:2553: result: /usr/bin/install -c
configure:2564: checking whether build environment is sane
configure:2614: result: yes
configure:2755: checking for a thread-safe mkdir -p
configure:2794: result: config/install-sh -c -d
configure:2807: checking for gawk
configure:2837: result: no
configure:2807: checking for mawk
configure:2837: result: no
configure:2807: checking for nawk
configure:2837: result: no
configure:2807: checking for awk
configure:2823: found /usr/bin/awk
configure:2834: result: awk
configure:2845: checking whether make sets $(MAKE)
configure:2867: result: yes
configure:2948: checking whether to enable maintainer-specific portions of Makefiles
configure:2957: result: no
configure:3060: checking for style of include used by make
configure:3088: result: GNU
configure:3158: checking for gcc
configure:3185: result: /Applications/Xcode.app/Contents/Developer/usr/bin/gcc
configure:3414: checking for C compiler version
configure:3423: /Applications/Xcode.app/Contents/Developer/usr/bin/gcc --version >&5
Apple LLVM version 7.0.2 (clang-700.1.81)
Target: x86_64-apple-darwin14.5.0
Thread model: posix
Configured with: --prefix=/Applications/Xcode.app/Contents/Developer/usr --with-gxx-include-dir=/usr/include/c++/4.2.1
configure:3434: $? = 0
configure:3423: /Applications/Xcode.app/Contents/Developer/usr/bin/gcc -v >&5
Configured with: --prefix=/Applications/Xcode.app/Contents/Developer/usr --with-gxx-include-dir=/usr/include/c++/4.2.1
Apple LLVM version 7.0.2 (clang-700.1.81)
Target: x86_64-apple-darwin14.5.0
Thread model: posix
configure:3434: $? = 0
configure:3423: /Applications/Xcode.app/Contents/Developer/usr/bin/gcc -V >&5
clang: error: argument to '-V' is missing (expected 1 value)
clang: error: no input files
configure:3434: $? = 1
configure:3423: /Applications/Xcode.app/Contents/Developer/usr/bin/gcc -qversion >&5
clang: error: unknown argument: '-qversion'
clang: error: no input files
configure:3434: $? = 1
configure:3454: checking whether the C compiler works
configure:3476: /Applications/Xcode.app/Contents/Developer/usr/bin/gcc -I/Users/Shared/xbmc-depends/buildtools-native/include  -I/Users/Shared/xbmc-depends/buildtools-native/include  -L/Users/Shared/xbmc-depends/buildtools-native/lib  conftest.c  >&5
configure:3480: $? = 0
configure:3529: result: yes
configure:3532: checking for C compiler default output file name
configure:3534: result: a.out
configure:3540: checking for suffix of executables
configure:3547: /Applications/Xcode.app/Contents/Developer/usr/bin/gcc -o conftest -I/Users/Shared/xbmc-depends/buildtools-native/include  -I/Users/Shared/xbmc-depends/buildtools-native/include  -L/Users/Shared/xbmc-depends/buildtools-native/lib  conftest.c  >&5
configure:3551: $? = 0
configure:3573: result: 
configure:3595: checking whether we are cross compiling
configure:3603: /Applications/Xcode.app/Contents/Developer/usr/bin/gcc -o conftest -I/Users/Shared/xbmc-depends/buildtools-native/include  -I/Users/Shared/xbmc-depends/buildtools-native/include  -L/Users/Shared/xbmc-depends/buildtools-native/lib  conftest.c  >&5
configure:3607: $? = 0
configure:3614: ./conftest
configure:3618: $? = 0
configure:3633: result: no
configure:3638: checking for suffix of object files
configure:3660: /Applications/Xcode.app/Contents/Developer/usr/bin/gcc -c -I/Users/Shared/xbmc-depends/buildtools-native/include  -I/Users/Shared/xbmc-depends/buildtools-native/include  conftest.c >&5
configure:3664: $? = 0
configure:3685: result: o
configure:3689: checking whether we are using the GNU C compiler
configure:3708: /Applications/Xcode.app/Contents/Developer/usr/bin/gcc -c -I/Users/Shared/xbmc-depends/buildtools-native/include  -I/Users/Shared/xbmc-depends/buildtools-native/include  conftest.c >&5
configure:3708: $? = 0
configure:3717: result: yes
configure:3726: checking whether /Applications/Xcode.app/Contents/Developer/usr/bin/gcc accepts -g
configure:3746: /Applications/Xcode.app/Contents/Developer/usr/bin/gcc -c -g -I/Users/Shared/xbmc-depends/buildtools-native/include  conftest.c >&5
configure:3746: $? = 0
configure:3787: result: yes
configure:3804: checking for /Applications/Xcode.app/Contents/Developer/usr/bin/gcc option to accept ISO C89
configure:3868: /Applications/Xcode.app/Contents/Developer/usr/bin/gcc  -c -I/Users/Shared/xbmc-depends/buildtools-native/include  -I/Users/Shared/xbmc-depends/buildtools-native/include  conftest.c >&5
configure:3868: $? = 0
configure:3881: result: none needed
configure:3903: checking dependency style of /Applications/Xcode.app/Contents/Developer/usr/bin/gcc
configure:4013: result: gcc3
configure:4033: checking how to run the C preprocessor
configure:4064: /Applications/Xcode.app/Contents/Developer/usr/bin/gcc -E -I/Users/Shared/xbmc-depends/buildtools-native/include  conftest.c
configure:4064: $? = 0
configure:4078: /Applications/Xcode.app/Contents/Developer/usr/bin/gcc -E -I/Users/Shared/xbmc-depends/buildtools-native/include  conftest.c
conftest.c:13:10: fatal error: 'ac_nonexistent.h' file not found
#include <ac_nonexistent.h>
         ^
1 error generated.
configure:4078: $? = 1
configure: failed program was:
| /* confdefs.h */
| #define PACKAGE_NAME "yasm"
| #define PACKAGE_TARNAME "yasm"
| #define PACKAGE_VERSION "1.1.0"
| #define PACKAGE_STRING "yasm 1.1.0"
| #define PACKAGE_BUGREPORT "bug-yasm@tortall.net"
| #define PACKAGE_URL ""
| #define PACKAGE "yasm"
| #define VERSION "1.1.0"
| #define PACKAGE_INTVER "1.1.0"
| #define PACKAGE_BUILD "2352"
| /* end confdefs.h.  */
| #include <ac_nonexistent.h>
configure:4103: result: /Applications/Xcode.app/Contents/Developer/usr/bin/gcc -E
configure:4123: /Applications/Xcode.app/Contents/Developer/usr/bin/gcc -E -I/Users/Shared/xbmc-depends/buildtools-native/include  conftest.c
configure:4123: $? = 0
configure:4137: /Applications/Xcode.app/Contents/Developer/usr/bin/gcc -E -I/Users/Shared/xbmc-depends/buildtools-native/include  conftest.c
conftest.c:13:10: fatal error: 'ac_nonexistent.h' file not found
#include <ac_nonexistent.h>
         ^
1 error generated.
configure:4137: $? = 1
configure: failed program was:
| /* confdefs.h */
| #define PACKAGE_NAME "yasm"
| #define PACKAGE_TARNAME "yasm"
| #define PACKAGE_VERSION "1.1.0"
| #define PACKAGE_STRING "yasm 1.1.0"
| #define PACKAGE_BUGREPORT "bug-yasm@tortall.net"
| #define PACKAGE_URL ""
| #define PACKAGE "yasm"
| #define VERSION "1.1.0"
| #define PACKAGE_INTVER "1.1.0"
| #define PACKAGE_BUILD "2352"
| /* end confdefs.h.  */
| #include <ac_nonexistent.h>
configure:4169: checking for /Applications/Xcode.app/Contents/Developer/usr/bin/gcc option to accept ISO C99
configure:4318: /Applications/Xcode.app/Contents/Developer/usr/bin/gcc  -c -I/Users/Shared/xbmc-depends/buildtools-native/include  -I/Users/Shared/xbmc-depends/buildtools-native/include  conftest.c >&5
configure:4318: $? = 0
configure:4331: result: none needed
configure:4440: checking for /Applications/Xcode.app/Contents/Developer/usr/bin/gcc option to accept ISO Standard C
configure:4451: result: none needed
configure:4459: checking whether ln -s works
configure:4463: result: yes
configure:4614: checking for ranlib
configure:4641: result: /usr/bin/ranlib
configure:4674: checking for xmlto
configure:4704: result: no
configure:4714: WARNING: xmlto not found, manpages will not be rebuilt.
configure:4733: checking if malloc debugging is wanted
configure:4751: result: no
configure:4762: checking for grep that handles long lines and -e
configure:4820: result: /usr/bin/grep
configure:4825: checking for egrep
configure:4887: result: /usr/bin/grep -E
configure:4892: checking for ANSI C header files
configure:4912: /Applications/Xcode.app/Contents/Developer/usr/bin/gcc -c -I/Users/Shared/xbmc-depends/buildtools-native/include  -I/Users/Shared/xbmc-depends/buildtools-native/include  conftest.c >&5
configure:4912: $? = 0
configure:4985: /Applications/Xcode.app/Contents/Developer/usr/bin/gcc -o conftest -I/Users/Shared/xbmc-depends/buildtools-native/include  -I/Users/Shared/xbmc-depends/buildtools-native/include  -L/Users/Shared/xbmc-depends/buildtools-native/lib  conftest.c  >&5
configure:4985: $? = 0
configure:4985: ./conftest
configure:4985: $? = 0
configure:4996: result: yes
configure:5009: checking for sys/types.h
configure:5009: /Applications/Xcode.app/Contents/Developer/usr/bin/gcc -c -I/Users/Shared/xbmc-depends/buildtools-native/include  -I/Users/Shared/xbmc-depends/buildtools-native/include  conftest.c >&5
configure:5009: $? = 0
configure:5009: result: yes
configure:5009: checking for sys/stat.h
configure:5009: /Applications/Xcode.app/Contents/Developer/usr/bin/gcc -c -I/Users/Shared/xbmc-depends/buildtools-native/include  -I/Users/Shared/xbmc-depends/buildtools-native/include  conftest.c >&5
configure:5009: $? = 0
configure:5009: result: yes
configure:5009: checking for stdlib.h
configure:5009: /Applications/Xcode.app/Contents/Developer/usr/bin/gcc -c -I/Users/Shared/xbmc-depends/buildtools-native/include  -I/Users/Shared/xbmc-depends/buildtools-native/include  conftest.c >&5
configure:5009: $? = 0
configure:5009: result: yes
configure:5009: checking for string.h
configure:5009: /Applications/Xcode.app/Contents/Developer/usr/bin/gcc -c -I/Users/Shared/xbmc-depends/buildtools-native/include  -I/Users/Shared/xbmc-depends/buildtools-native/include  conftest.c >&5
configure:5009: $? = 0
configure:5009: result: yes
configure:5009: checking for memory.h
configure:5009: /Applications/Xcode.app/Contents/Developer/usr/bin/gcc -c -I/Users/Shared/xbmc-depends/buildtools-native/include  -I/Users/Shared/xbmc-depends/buildtools-native/include  conftest.c >&5
configure:5009: $? = 0
configure:5009: result: yes
configure:5009: checking for strings.h
configure:5009: /Applications/Xcode.app/Contents/Developer/usr/bin/gcc -c -I/Users/Shared/xbmc-depends/buildtools-native/include  -I/Users/Shared/xbmc-depends/buildtools-native/include  conftest.c >&5
configure:5009: $? = 0
configure:5009: result: yes
configure:5009: checking for inttypes.h
configure:5009: /Applications/Xcode.app/Contents/Developer/usr/bin/gcc -c -I/Users/Shared/xbmc-depends/buildtools-native/include  -I/Users/Shared/xbmc-depends/buildtools-native/include  conftest.c >&5
configure:5009: $? = 0
configure:5009: result: yes
configure:5009: checking for stdint.h
configure:5009: /Applications/Xcode.app/Contents/Developer/usr/bin/gcc -c -I/Users/Shared/xbmc-depends/buildtools-native/include  -I/Users/Shared/xbmc-depends/buildtools-native/include  conftest.c >&5
configure:5009: $? = 0
configure:5009: result: yes
configure:5009: checking for unistd.h
configure:5009: /Applications/Xcode.app/Contents/Developer/usr/bin/gcc -c -I/Users/Shared/xbmc-depends/buildtools-native/include  -I/Users/Shared/xbmc-depends/buildtools-native/include  conftest.c >&5
configure:5009: $? = 0
configure:5009: result: yes
configure:5025: checking for strings.h
configure:5025: result: yes
configure:5025: checking libgen.h usability
configure:5025: /Applications/Xcode.app/Contents/Developer/usr/bin/gcc -c -I/Users/Shared/xbmc-depends/buildtools-native/include  -I/Users/Shared/xbmc-depends/buildtools-native/include  conftest.c >&5
configure:5025: $? = 0
configure:5025: result: yes
configure:5025: checking libgen.h presence
configure:5025: /Applications/Xcode.app/Contents/Developer/usr/bin/gcc -E -I/Users/Shared/xbmc-depends/buildtools-native/include  conftest.c
configure:5025: $? = 0
configure:5025: result: yes
configure:5025: checking for libgen.h
configure:5025: result: yes
configure:5025: checking for unistd.h
configure:5025: result: yes
configure:5025: checking direct.h usability
configure:5025: /Applications/Xcode.app/Contents/Developer/usr/bin/gcc -c -I/Users/Shared/xbmc-depends/buildtools-native/include  -I/Users/Shared/xbmc-depends/buildtools-native/include  conftest.c >&5
conftest.c:59:10: fatal error: 'direct.h' file not found
#include <direct.h>
         ^
1 error generated.
configure:5025: $? = 1
configure: failed program was:
| /* confdefs.h */
| #define PACKAGE_NAME "yasm"
| #define PACKAGE_TARNAME "yasm"
| #define PACKAGE_VERSION "1.1.0"
| #define PACKAGE_STRING "yasm 1.1.0"
| #define PACKAGE_BUGREPORT "bug-yasm@tortall.net"
| #define PACKAGE_URL ""
| #define PACKAGE "yasm"
| #define VERSION "1.1.0"
| #define PACKAGE_INTVER "1.1.0"
| #define PACKAGE_BUILD "2352"
| #define STDC_HEADERS 1
| #define HAVE_SYS_TYPES_H 1
| #define HAVE_SYS_STAT_H 1
| #define HAVE_STDLIB_H 1
| #define HAVE_STRING_H 1
| #define HAVE_MEMORY_H 1
| #define HAVE_STRINGS_H 1
| #define HAVE_INTTYPES_H 1
| #define HAVE_STDINT_H 1
| #define HAVE_UNISTD_H 1
| #define HAVE_STRINGS_H 1
| #define HAVE_LIBGEN_H 1
| #define HAVE_UNISTD_H 1
| /* end confdefs.h.  */
| #include <stdio.h>
| #ifdef HAVE_SYS_TYPES_H
| # include <sys/types.h>
| #endif
| #ifdef HAVE_SYS_STAT_H
| # include <sys/stat.h>
| #endif
| #ifdef STDC_HEADERS
| # include <stdlib.h>
| # include <stddef.h>
| #else
| # ifdef HAVE_STDLIB_H
| #  include <stdlib.h>
| # endif
| #endif
| #ifdef HAVE_STRING_H
| # if !defined STDC_HEADERS && defined HAVE_MEMORY_H
| #  include <memory.h>
| # endif
| # include <string.h>
| #endif
| #ifdef HAVE_STRINGS_H
| # include <strings.h>
| #endif
| #ifdef HAVE_INTTYPES_H
| # include <inttypes.h>
| #endif
| #ifdef HAVE_STDINT_H
| # include <stdint.h>
| #endif
| #ifdef HAVE_UNISTD_H
| # include <unistd.h>
| #endif
| #include <direct.h>
configure:5025: result: no
configure:5025: checking direct.h presence
configure:5025: /Applications/Xcode.app/Contents/Developer/usr/bin/gcc -E -I/Users/Shared/xbmc-depends/buildtools-native/include  conftest.c
conftest.c:26:10: fatal error: 'direct.h' file not found
#include <direct.h>
         ^
1 error generated.
configure:5025: $? = 1
configure: failed program was:
| /* confdefs.h */
| #define PACKAGE_NAME "yasm"
| #define PACKAGE_TARNAME "yasm"
| #define PACKAGE_VERSION "1.1.0"
| #define PACKAGE_STRING "yasm 1.1.0"
| #define PACKAGE_BUGREPORT "bug-yasm@tortall.net"
| #define PACKAGE_URL ""
| #define PACKAGE "yasm"
| #define VERSION "1.1.0"
| #define PACKAGE_INTVER "1.1.0"
| #define PACKAGE_BUILD "2352"
| #define STDC_HEADERS 1
| #define HAVE_SYS_TYPES_H 1
| #define HAVE_SYS_STAT_H 1
| #define HAVE_STDLIB_H 1
| #define HAVE_STRING_H 1
| #define HAVE_MEMORY_H 1
| #define HAVE_STRINGS_H 1
| #define HAVE_INTTYPES_H 1
| #define HAVE_STDINT_H 1
| #define HAVE_UNISTD_H 1
| #define HAVE_STRINGS_H 1
| #define HAVE_LIBGEN_H 1
| #define HAVE_UNISTD_H 1
| /* end confdefs.h.  */
| #include <direct.h>
configure:5025: result: no
configure:5025: checking for direct.h
configure:5025: result: no
configure:5025: checking for sys/stat.h
configure:5025: result: yes
configure:5045: checking for an ANSI C-conforming const
configure:5110: /Applications/Xcode.app/Contents/Developer/usr/bin/gcc -c -I/Users/Shared/xbmc-depends/buildtools-native/include  -I/Users/Shared/xbmc-depends/buildtools-native/include  conftest.c >&5
configure:5110: $? = 0
configure:5117: result: yes
configure:5125: checking for inline
configure:5141: /Applications/Xcode.app/Contents/Developer/usr/bin/gcc -c -I/Users/Shared/xbmc-depends/buildtools-native/include  -I/Users/Shared/xbmc-depends/buildtools-native/include  conftest.c >&5
configure:5141: $? = 0
configure:5149: result: inline
configure:5167: checking for function prototypes
configure:5170: result: yes
configure:5183: checking for size_t
configure:5183: /Applications/Xcode.app/Contents/Developer/usr/bin/gcc -c -I/Users/Shared/xbmc-depends/buildtools-native/include  -I/Users/Shared/xbmc-depends/buildtools-native/include  conftest.c >&5
configure:5183: $? = 0
configure:5183: /Applications/Xcode.app/Contents/Developer/usr/bin/gcc -c -I/Users/Shared/xbmc-depends/buildtools-native/include  -I/Users/Shared/xbmc-depends/buildtools-native/include  conftest.c >&5
conftest.c:65:21: error: expected expression
if (sizeof ((size_t)))
                    ^
1 error generated.
configure:5183: $? = 1
configure: failed program was:
| /* confdefs.h */
| #define PACKAGE_NAME "yasm"
| #define PACKAGE_TARNAME "yasm"
| #define PACKAGE_VERSION "1.1.0"
| #define PACKAGE_STRING "yasm 1.1.0"
| #define PACKAGE_BUGREPORT "bug-yasm@tortall.net"
| #define PACKAGE_URL ""
| #define PACKAGE "yasm"
| #define VERSION "1.1.0"
| #define PACKAGE_INTVER "1.1.0"
| #define PACKAGE_BUILD "2352"
| #define STDC_HEADERS 1
| #define HAVE_SYS_TYPES_H 1
| #define HAVE_SYS_STAT_H 1
| #define HAVE_STDLIB_H 1
| #define HAVE_STRING_H 1
| #define HAVE_MEMORY_H 1
| #define HAVE_STRINGS_H 1
| #define HAVE_INTTYPES_H 1
| #define HAVE_STDINT_H 1
| #define HAVE_UNISTD_H 1
| #define HAVE_STRINGS_H 1
| #define HAVE_LIBGEN_H 1
| #define HAVE_UNISTD_H 1
| #define HAVE_SYS_STAT_H 1
| #define PROTOTYPES 1
| #define __PROTOTYPES 1
| /* end confdefs.h.  */
| #include <stdio.h>
| #ifdef HAVE_SYS_TYPES_H
| # include <sys/types.h>
| #endif
| #ifdef HAVE_SYS_STAT_H
| # include <sys/stat.h>
| #endif
| #ifdef STDC_HEADERS
| # include <stdlib.h>
| # include <stddef.h>
| #else
| # ifdef HAVE_STDLIB_H
| #  include <stdlib.h>
| # endif
| #endif
| #ifdef HAVE_STRING_H
| # if !defined STDC_HEADERS && defined HAVE_MEMORY_H
| #  include <memory.h>
| # endif
| # include <string.h>
| #endif
| #ifdef HAVE_STRINGS_H
| # include <strings.h>
| #endif
| #ifdef HAVE_INTTYPES_H
| # include <inttypes.h>
| #endif
| #ifdef HAVE_STDINT_H
| # include <stdint.h>
| #endif
| #ifdef HAVE_UNISTD_H
| # include <unistd.h>
| #endif
| int
| main ()
| {
| if (sizeof ((size_t)))
| 	    return 0;
|   ;
|   return 0;
| }
configure:5183: result: yes
configure:5195: checking for stdint types
configure:5218: /Applications/Xcode.app/Contents/Developer/usr/bin/gcc -c   conftest.c >&5
configure:5218: $? = 0
configure:5243: result: stdint.h (shortcircuit)
configure:5628: result: make use of stdint.h in libyasm-stdint.h (assuming C99 compatible system)
configure:5642: checking for abort
configure:5642: /Applications/Xcode.app/Contents/Developer/usr/bin/gcc -o conftest -I/Users/Shared/xbmc-depends/buildtools-native/include  -I/Users/Shared/xbmc-depends/buildtools-native/include  -L/Users/Shared/xbmc-depends/buildtools-native/lib  conftest.c  >&5
conftest.c:52:6: warning: incompatible redeclaration of library function 'abort' [-Wincompatible-library-redeclaration]
char abort ();
     ^
conftest.c:52:6: note: 'abort' is a builtin with type 'void (void) __attribute__((noreturn))'
1 warning generated.
configure:5642: $? = 0
configure:5642: result: yes
configure:5642: checking for toascii
configure:5642: /Applications/Xcode.app/Contents/Developer/usr/bin/gcc -o conftest -I/Users/Shared/xbmc-depends/buildtools-native/include  -I/Users/Shared/xbmc-depends/buildtools-native/include  -L/Users/Shared/xbmc-depends/buildtools-native/lib  conftest.c  >&5
configure:5642: $? = 0
configure:5642: result: yes
configure:5642: checking for vsnprintf
configure:5642: /Applications/Xcode.app/Contents/Developer/usr/bin/gcc -o conftest -I/Users/Shared/xbmc-depends/buildtools-native/include  -I/Users/Shared/xbmc-depends/buildtools-native/include  -L/Users/Shared/xbmc-depends/buildtools-native/lib  conftest.c  >&5
conftest.c:54:6: warning: incompatible redeclaration of library function 'vsnprintf' [-Wincompatible-library-redeclaration]
char vsnprintf ();
     ^
conftest.c:54:6: note: 'vsnprintf' is a builtin with type 'int (char *, unsigned long, const char *, __va_list_tag *)'
1 warning generated.
configure:5642: $? = 0
configure:5642: result: yes
configure:5655: checking for strsep
configure:5655: /Applications/Xcode.app/Contents/Developer/usr/bin/gcc -o conftest -I/Users/Shared/xbmc-depends/buildtools-native/include  -I/Users/Shared/xbmc-depends/buildtools-native/include  -L/Users/Shared/xbmc-depends/buildtools-native/lib  conftest.c  >&5
configure:5655: $? = 0
configure:5655: result: yes
configure:5655: checking for mergesort
configure:5655: /Applications/Xcode.app/Contents/Developer/usr/bin/gcc -o conftest -I/Users/Shared/xbmc-depends/buildtools-native/include  -I/Users/Shared/xbmc-depends/buildtools-native/include  -L/Users/Shared/xbmc-depends/buildtools-native/lib  conftest.c  >&5
configure:5655: $? = 0
configure:5655: result: yes
configure:5655: checking for getcwd
configure:5655: /Applications/Xcode.app/Contents/Developer/usr/bin/gcc -o conftest -I/Users/Shared/xbmc-depends/buildtools-native/include  -I/Users/Shared/xbmc-depends/buildtools-native/include  -L/Users/Shared/xbmc-depends/buildtools-native/lib  conftest.c  >&5
configure:5655: $? = 0
configure:5655: result: yes
configure:5668: checking for popen
configure:5668: /Applications/Xcode.app/Contents/Developer/usr/bin/gcc -o conftest -I/Users/Shared/xbmc-depends/buildtools-native/include  -I/Users/Shared/xbmc-depends/buildtools-native/include  -L/Users/Shared/xbmc-depends/buildtools-native/lib  conftest.c  >&5
configure:5668: $? = 0
configure:5668: result: yes
configure:5668: checking for ftruncate
configure:5668: /Applications/Xcode.app/Contents/Developer/usr/bin/gcc -o conftest -I/Users/Shared/xbmc-depends/buildtools-native/include  -I/Users/Shared/xbmc-depends/buildtools-native/include  -L/Users/Shared/xbmc-depends/buildtools-native/lib  conftest.c  >&5
configure:5668: $? = 0
configure:5668: result: yes
configure:5682: checking for strcasecmp
configure:5682: /Applications/Xcode.app/Contents/Developer/usr/bin/gcc -o conftest -I/Users/Shared/xbmc-depends/buildtools-native/include  -I/Users/Shared/xbmc-depends/buildtools-native/include  -L/Users/Shared/xbmc-depends/buildtools-native/lib  conftest.c  >&5
conftest.c:60:6: warning: incompatible redeclaration of library function 'strcasecmp' [-Wincompatible-library-redeclaration]
char strcasecmp ();
     ^
conftest.c:60:6: note: 'strcasecmp' is a builtin with type 'int (const char *, const char *)'
1 warning generated.
configure:5682: $? = 0
configure:5682: result: yes
configure:5682: checking for strncasecmp
configure:5682: /Applications/Xcode.app/Contents/Developer/usr/bin/gcc -o conftest -I/Users/Shared/xbmc-depends/buildtools-native/include  -I/Users/Shared/xbmc-depends/buildtools-native/include  -L/Users/Shared/xbmc-depends/buildtools-native/lib  conftest.c  >&5
conftest.c:61:6: warning: incompatible redeclaration of library function 'strncasecmp' [-Wincompatible-library-redeclaration]
char strncasecmp ();
     ^
conftest.c:61:6: note: 'strncasecmp' is a builtin with type 'int (const char *, const char *, unsigned long)'
1 warning generated.
configure:5682: $? = 0
configure:5682: result: yes
configure:5682: checking for stricmp
configure:5682: /Applications/Xcode.app/Contents/Developer/usr/bin/gcc -o conftest -I/Users/Shared/xbmc-depends/buildtools-native/include  -I/Users/Shared/xbmc-depends/buildtools-native/include  -L/Users/Shared/xbmc-depends/buildtools-native/lib  conftest.c  >&5
Undefined symbols for architecture x86_64:
  "_stricmp", referenced from:
      _main in conftest-978b07.o
ld: symbol(s) not found for architecture x86_64
clang: error: linker command failed with exit code 1 (use -v to see invocation)
configure:5682: $? = 1
configure: failed program was:
| /* confdefs.h */
| #define PACKAGE_NAME "yasm"
| #define PACKAGE_TARNAME "yasm"
| #define PACKAGE_VERSION "1.1.0"
| #define PACKAGE_STRING "yasm 1.1.0"
| #define PACKAGE_BUGREPORT "bug-yasm@tortall.net"
| #define PACKAGE_URL ""
| #define PACKAGE "yasm"
| #define VERSION "1.1.0"
| #define PACKAGE_INTVER "1.1.0"
| #define PACKAGE_BUILD "2352"
| #define STDC_HEADERS 1
| #define HAVE_SYS_TYPES_H 1
| #define HAVE_SYS_STAT_H 1
| #define HAVE_STDLIB_H 1
| #define HAVE_STRING_H 1
| #define HAVE_MEMORY_H 1
| #define HAVE_STRINGS_H 1
| #define HAVE_INTTYPES_H 1
| #define HAVE_STDINT_H 1
| #define HAVE_UNISTD_H 1
| #define HAVE_STRINGS_H 1
| #define HAVE_LIBGEN_H 1
| #define HAVE_UNISTD_H 1
| #define HAVE_SYS_STAT_H 1
| #define PROTOTYPES 1
| #define __PROTOTYPES 1
| #define HAVE_ABORT 1
| #define HAVE_TOASCII 1
| #define HAVE_VSNPRINTF 1
| #define HAVE_STRSEP 1
| #define HAVE_MERGESORT 1
| #define HAVE_GETCWD 1
| #define HAVE_POPEN 1
| #define HAVE_FTRUNCATE 1
| #define HAVE_STRCASECMP 1
| #define HAVE_STRNCASECMP 1
| /* end confdefs.h.  */
| /* Define stricmp to an innocuous variant, in case <limits.h> declares stricmp.
|    For example, HP-UX 11i <limits.h> declares gettimeofday.  */
| #define stricmp innocuous_stricmp
| 
| /* System header to define __stub macros and hopefully few prototypes,
|     which can conflict with char stricmp (); below.
|     Prefer <limits.h> to <assert.h> if __STDC__ is defined, since
|     <limits.h> exists even on freestanding compilers.  */
| 
| #ifdef __STDC__
| # include <limits.h>
| #else
| # include <assert.h>
| #endif
| 
| #undef stricmp
| 
| /* Override any GCC internal prototype to avoid an error.
|    Use char because int might match the return type of a GCC
|    builtin and then its argument prototype would still apply.  */
| #ifdef __cplusplus
| extern "C"
| #endif
| char stricmp ();
| /* The GNU C library defines this for functions which it implements
|     to always fail with ENOSYS.  Some functions are actually named
|     something starting with __ and the normal name is an alias.  */
| #if defined __stub_stricmp || defined __stub___stricmp
| choke me
| #endif
| 
| int
| main ()
| {
| return stricmp ();
|   ;
|   return 0;
| }
configure:5682: result: no
configure:5682: checking for _stricmp
configure:5682: /Applications/Xcode.app/Contents/Developer/usr/bin/gcc -o conftest -I/Users/Shared/xbmc-depends/buildtools-native/include  -I/Users/Shared/xbmc-depends/buildtools-native/include  -L/Users/Shared/xbmc-depends/buildtools-native/lib  conftest.c  >&5
Undefined symbols for architecture x86_64:
  "__stricmp", referenced from:
      _main in conftest-27fb63.o
ld: symbol(s) not found for architecture x86_64
clang: error: linker command failed with exit code 1 (use -v to see invocation)
configure:5682: $? = 1
configure: failed program was:
| /* confdefs.h */
| #define PACKAGE_NAME "yasm"
| #define PACKAGE_TARNAME "yasm"
| #define PACKAGE_VERSION "1.1.0"
| #define PACKAGE_STRING "yasm 1.1.0"
| #define PACKAGE_BUGREPORT "bug-yasm@tortall.net"
| #define PACKAGE_URL ""
| #define PACKAGE "yasm"
| #define VERSION "1.1.0"
| #define PACKAGE_INTVER "1.1.0"
| #define PACKAGE_BUILD "2352"
| #define STDC_HEADERS 1
| #define HAVE_SYS_TYPES_H 1
| #define HAVE_SYS_STAT_H 1
| #define HAVE_STDLIB_H 1
| #define HAVE_STRING_H 1
| #define HAVE_MEMORY_H 1
| #define HAVE_STRINGS_H 1
| #define HAVE_INTTYPES_H 1
| #define HAVE_STDINT_H 1
| #define HAVE_UNISTD_H 1
| #define HAVE_STRINGS_H 1
| #define HAVE_LIBGEN_H 1
| #define HAVE_UNISTD_H 1
| #define HAVE_SYS_STAT_H 1
| #define PROTOTYPES 1
| #define __PROTOTYPES 1
| #define HAVE_ABORT 1
| #define HAVE_TOASCII 1
| #define HAVE_VSNPRINTF 1
| #define HAVE_STRSEP 1
| #define HAVE_MERGESORT 1
| #define HAVE_GETCWD 1
| #define HAVE_POPEN 1
| #define HAVE_FTRUNCATE 1
| #define HAVE_STRCASECMP 1
| #define HAVE_STRNCASECMP 1
| /* end confdefs.h.  */
| /* Define _stricmp to an innocuous variant, in case <limits.h> declares _stricmp.
|    For example, HP-UX 11i <limits.h> declares gettimeofday.  */
| #define _stricmp innocuous__stricmp
| 
| /* System header to define __stub macros and hopefully few prototypes,
|     which can conflict with char _stricmp (); below.
|     Prefer <limits.h> to <assert.h> if __STDC__ is defined, since
|     <limits.h> exists even on freestanding compilers.  */
| 
| #ifdef __STDC__
| # include <limits.h>
| #else
| # include <assert.h>
| #endif
| 
| #undef _stricmp
| 
| /* Override any GCC internal prototype to avoid an error.
|    Use char because int might match the return type of a GCC
|    builtin and then its argument prototype would still apply.  */
| #ifdef __cplusplus
| extern "C"
| #endif
| char _stricmp ();
| /* The GNU C library defines this for functions which it implements
|     to always fail with ENOSYS.  Some functions are actually named
|     something starting with __ and the normal name is an alias.  */
| #if defined __stub__stricmp || defined __stub____stricmp
| choke me
| #endif
| 
| int
| main ()
| {
| return _stricmp ();
|   ;
|   return 0;
| }
configure:5682: result: no
configure:5682: checking for strcmpi
configure:5682: /Applications/Xcode.app/Contents/Developer/usr/bin/gcc -o conftest -I/Users/Shared/xbmc-depends/buildtools-native/include  -I/Users/Shared/xbmc-depends/buildtools-native/include  -L/Users/Shared/xbmc-depends/buildtools-native/lib  conftest.c  >&5
Undefined symbols for architecture x86_64:
  "_strcmpi", referenced from:
      _main in conftest-cb170d.o
ld: symbol(s) not found for architecture x86_64
clang: error: linker command failed with exit code 1 (use -v to see invocation)
configure:5682: $? = 1
configure: failed program was:
| /* confdefs.h */
| #define PACKAGE_NAME "yasm"
| #define PACKAGE_TARNAME "yasm"
| #define PACKAGE_VERSION "1.1.0"
| #define PACKAGE_STRING "yasm 1.1.0"
| #define PACKAGE_BUGREPORT "bug-yasm@tortall.net"
| #define PACKAGE_URL ""
| #define PACKAGE "yasm"
| #define VERSION "1.1.0"
| #define PACKAGE_INTVER "1.1.0"
| #define PACKAGE_BUILD "2352"
| #define STDC_HEADERS 1
| #define HAVE_SYS_TYPES_H 1
| #define HAVE_SYS_STAT_H 1
| #define HAVE_STDLIB_H 1
| #define HAVE_STRING_H 1
| #define HAVE_MEMORY_H 1
| #define HAVE_STRINGS_H 1
| #define HAVE_INTTYPES_H 1
| #define HAVE_STDINT_H 1
| #define HAVE_UNISTD_H 1
| #define HAVE_STRINGS_H 1
| #define HAVE_LIBGEN_H 1
| #define HAVE_UNISTD_H 1
| #define HAVE_SYS_STAT_H 1
| #define PROTOTYPES 1
| #define __PROTOTYPES 1
| #define HAVE_ABORT 1
| #define HAVE_TOASCII 1
| #define HAVE_VSNPRINTF 1
| #define HAVE_STRSEP 1
| #define HAVE_MERGESORT 1
| #define HAVE_GETCWD 1
| #define HAVE_POPEN 1
| #define HAVE_FTRUNCATE 1
| #define HAVE_STRCASECMP 1
| #define HAVE_STRNCASECMP 1
| /* end confdefs.h.  */
| /* Define strcmpi to an innocuous variant, in case <limits.h> declares strcmpi.
|    For example, HP-UX 11i <limits.h> declares gettimeofday.  */
| #define strcmpi innocuous_strcmpi
| 
| /* System header to define __stub macros and hopefully few prototypes,
|     which can conflict with char strcmpi (); below.
|     Prefer <limits.h> to <assert.h> if __STDC__ is defined, since
|     <limits.h> exists even on freestanding compilers.  */
| 
| #ifdef __STDC__
| # include <limits.h>
| #else
| # include <assert.h>
| #endif
| 
| #undef strcmpi
| 
| /* Override any GCC internal prototype to avoid an error.
|    Use char because int might match the return type of a GCC
|    builtin and then its argument prototype would still apply.  */
| #ifdef __cplusplus
| extern "C"
| #endif
| char strcmpi ();
| /* The GNU C library defines this for functions which it implements
|     to always fail with ENOSYS.  Some functions are actually named
|     something starting with __ and the normal name is an alias.  */
| #if defined __stub_strcmpi || defined __stub___strcmpi
| choke me
| #endif
| 
| int
| main ()
| {
| return strcmpi ();
|   ;
|   return 0;
| }
configure:5682: result: no
configure:5698: checking whether NLS is requested
configure:5707: result: no
configure:5748: checking for msgfmt
configure: trying /Users/Shared/xbmc-depends/buildtools-native/bin/msgfmt...
0 translated messages.
configure:5780: result: /Users/Shared/xbmc-depends/buildtools-native/bin/msgfmt
configure:5789: checking for gmsgfmt
configure:5820: result: /Users/Shared/xbmc-depends/buildtools-native/bin/msgfmt
configure:5871: checking for xgettext
configure: trying /Users/Shared/xbmc-depends/buildtools-native/bin/xgettext...
/Users/Shared/xbmc-depends/buildtools-native/bin/xgettext: warning: file '/dev/null' extension '' is unknown; will try C
configure:5903: result: /Users/Shared/xbmc-depends/buildtools-native/bin/xgettext
configure:5949: checking for msgmerge
configure: trying /Users/Shared/xbmc-depends/buildtools-native/bin/msgmerge...
configure:5980: result: /Users/Shared/xbmc-depends/buildtools-native/bin/msgmerge
configure:6017: checking build system type
configure:6031: result: i686-apple-darwin14.5.0
configure:6051: checking host system type
configure:6064: result: i686-apple-darwin14.5.0
configure:6108: checking for ld used by GCC
configure:6172: result: /Applications/Xcode.app/Contents/Developer/usr/bin/ld
configure:6179: checking if the linker (/Applications/Xcode.app/Contents/Developer/usr/bin/ld) is GNU ld
configure:6192: result: no
configure:6199: checking for shared library run path origin
configure:6212: result: done
configure:7524: checking whether to use NLS
configure:7526: result: no
configure:7606: checking for GNU C Library
conftest.c:39:10: fatal error: 'features.h' file not found
#include <features.h>
         ^
1 error generated.
configure:7628: result: no
configure:8222: creating ./config.status

## ---------------------- ##
## Running config.status. ##
## ---------------------- ##

This file was extended by yasm config.status 1.1.0, which was
generated by GNU Autoconf 2.65.  Invocation command line was

  CONFIG_FILES    = 
  CONFIG_HEADERS  = 
  CONFIG_LINKS    = 
  CONFIG_COMMANDS = 
  $ ./config.status 

on Aruns-Mac.local

config.status:951: creating Makefile
config.status:951: creating po/Makefile.in
config.status:951: creating config.h
config.status:1171: executing depfiles commands
config.status:1171: executing libyasm-stdint.h commands
config.status:1274: creating libyasm-stdint.h : _YASM_LIBYASM_STDINT_H
config.status:1171: executing po-directories commands

## ---------------- ##
## Cache variables. ##
## ---------------- ##

ac_cv_build=i686-apple-darwin14.5.0
ac_cv_c_compiler_gnu=yes
ac_cv_c_const=yes
ac_cv_c_inline=inline
ac_cv_env_CCLD_FOR_BUILD_set=
ac_cv_env_CCLD_FOR_BUILD_value=
ac_cv_env_CC_FOR_BUILD_set=
ac_cv_env_CC_FOR_BUILD_value=
ac_cv_env_CC_set=
ac_cv_env_CC_value=
ac_cv_env_CFLAGS_set=
ac_cv_env_CFLAGS_value=
ac_cv_env_CPPFLAGS_set=
ac_cv_env_CPPFLAGS_value=
ac_cv_env_CPP_FOR_HOST_set=
ac_cv_env_CPP_FOR_HOST_value=
ac_cv_env_CPP_set=
ac_cv_env_CPP_value=
ac_cv_env_LDFLAGS_set=
ac_cv_env_LDFLAGS_value=
ac_cv_env_LIBS_set=
ac_cv_env_LIBS_value=
ac_cv_env_build_alias_set=
ac_cv_env_build_alias_value=
ac_cv_env_host_alias_set=
ac_cv_env_host_alias_value=
ac_cv_env_target_alias_set=
ac_cv_env_target_alias_value=
ac_cv_func__stricmp=no
ac_cv_func_abort=yes
ac_cv_func_ftruncate=yes
ac_cv_func_getcwd=yes
ac_cv_func_mergesort=yes
ac_cv_func_popen=yes
ac_cv_func_strcasecmp=yes
ac_cv_func_strcmpi=no
ac_cv_func_stricmp=no
ac_cv_func_strncasecmp=yes
ac_cv_func_strsep=yes
ac_cv_func_toascii=yes
ac_cv_func_vsnprintf=yes
ac_cv_header_direct_h=no
ac_cv_header_inttypes_h=yes
ac_cv_header_libgen_h=yes
ac_cv_header_memory_h=yes
ac_cv_header_stdc=yes
ac_cv_header_stdint=stdint.h
ac_cv_header_stdint_h=yes
ac_cv_header_stdint_t=stdint.h
ac_cv_header_stdlib_h=yes
ac_cv_header_string_h=yes
ac_cv_header_strings_h=yes
ac_cv_header_sys_stat_h=yes
ac_cv_header_sys_types_h=yes
ac_cv_header_unistd_h=yes
ac_cv_host=i686-apple-darwin14.5.0
ac_cv_objext=o
ac_cv_path_EGREP='/usr/bin/grep -E'
ac_cv_path_GMSGFMT=/Users/Shared/xbmc-depends/buildtools-native/bin/msgfmt
ac_cv_path_GREP=/usr/bin/grep
ac_cv_path_MSGFMT=/Users/Shared/xbmc-depends/buildtools-native/bin/msgfmt
ac_cv_path_MSGMERGE=/Users/Shared/xbmc-depends/buildtools-native/bin/msgmerge
ac_cv_path_XGETTEXT=/Users/Shared/xbmc-depends/buildtools-native/bin/xgettext
ac_cv_path_install='/usr/bin/install -c'
ac_cv_prog_AWK=awk
ac_cv_prog_CPP='/Applications/Xcode.app/Contents/Developer/usr/bin/gcc -E'
ac_cv_prog_ac_ct_CC=/Applications/Xcode.app/Contents/Developer/usr/bin/gcc
ac_cv_prog_ac_ct_RANLIB=/usr/bin/ranlib
ac_cv_prog_cc_c89=
ac_cv_prog_cc_c99=
ac_cv_prog_cc_g=yes
ac_cv_prog_cc_stdc=
ac_cv_prog_make_make_set=yes
ac_cv_stdint_message='using /Applications/Xcode.app/Contents/Developer/usr/bin/gcc'
ac_cv_stdint_result='(assuming C99 compatible system)'
ac_cv_type_size_t=yes
acl_cv_hardcode_direct=no
acl_cv_hardcode_libdir_flag_spec=
acl_cv_hardcode_libdir_separator=
acl_cv_hardcode_minus_L=no
acl_cv_libext=a
acl_cv_libname_spec='lib$name'
acl_cv_library_names_spec='$libname$shrext'
acl_cv_path_LD=/Applications/Xcode.app/Contents/Developer/usr/bin/ld
acl_cv_prog_gnu_ld=no
acl_cv_rpath=done
acl_cv_shlibext=dylib
acl_cv_wl=-Wl,
am_cv_CC_dependencies_compiler_type=gcc3
yasm_cv_header_gnulib=no

## ----------------- ##
## Output variables. ##
## ----------------- ##

ACLOCAL='/Users/Shared/xbmc-depends/buildtools-native/bin/aclocal'
AMDEPBACKSLASH='\'
AMDEP_FALSE='#'
AMDEP_TRUE=''
AMTAR='${SHELL} /Users/osx/Desktop/kodi/xbmc/tools/depends/native/yasm-native/x86_64-osx-native/config/missing --run tar'
AR='/usr/bin/ar'
ARCH='x86'
AUTOCONF='/Users/Shared/xbmc-depends/buildtools-native/bin/autoconf'
AUTOHEADER='/Users/Shared/xbmc-depends/buildtools-native/bin/autoheader'
AUTOMAKE='/Users/Shared/xbmc-depends/buildtools-native/bin/automake'
AWK='awk'
BUILD_MAN_FALSE=''
BUILD_MAN_TRUE='#'
CC='/Applications/Xcode.app/Contents/Developer/usr/bin/gcc'
CCDEPMODE='depmode=gcc3'
CCLD_FOR_BUILD='$(CC)'
CC_FOR_BUILD='$(CC)'
CFLAGS='-I/Users/Shared/xbmc-depends/buildtools-native/include '
CPP='/Applications/Xcode.app/Contents/Developer/usr/bin/gcc -E'
CPPFLAGS='-I/Users/Shared/xbmc-depends/buildtools-native/include '
CPP_FOR_HOST=''
CYGPATH_W='echo'
DEFS='-DHAVE_CONFIG_H'
DEPDIR='.deps'
ECHO_C='\c'
ECHO_N=''
ECHO_T=''
EGREP='/usr/bin/grep -E'
EXEEXT=''
GCC='yes'
GETTEXT_MACRO_VERSION='0.17'
GMSGFMT='/Users/Shared/xbmc-depends/buildtools-native/bin/msgfmt'
GMSGFMT_015='/Users/Shared/xbmc-depends/buildtools-native/bin/msgfmt'
GREP='/usr/bin/grep'
HAVE_PYTHON_BINDINGS_FALSE=''
HAVE_PYTHON_BINDINGS_TRUE='#'
HAVE_PYTHON_FALSE=''
HAVE_PYTHON_TRUE='#'
INSTALL_DATA='${INSTALL} -m 644'
INSTALL_PROGRAM='${INSTALL}'
INSTALL_SCRIPT='${INSTALL}'
INSTALL_STRIP_PROGRAM='$(install_sh) -c -s'
INTLLIBS=''
LDFLAGS='-L/Users/Shared/xbmc-depends/buildtools-native/lib '
LIBICONV='-liconv'
LIBINTL=''
LIBOBJS=''
LIBS=''
LN_S='ln -s'
LTLIBICONV='-liconv'
LTLIBINTL=''
LTLIBOBJS=''
MAINT='#'
MAINTAINER_MODE_FALSE=''
MAINTAINER_MODE_TRUE='#'
MAKEINFO='${SHELL} /Users/osx/Desktop/kodi/xbmc/tools/depends/native/yasm-native/x86_64-osx-native/config/missing --run makeinfo'
MKDIR_P='config/install-sh -c -d'
MORE_CFLAGS=''
MSGFMT='/Users/Shared/xbmc-depends/buildtools-native/bin/msgfmt'
MSGFMT_015='/Users/Shared/xbmc-depends/buildtools-native/bin/msgfmt'
MSGMERGE='/Users/Shared/xbmc-depends/buildtools-native/bin/msgmerge'
OBJEXT='o'
PACKAGE='yasm'
PACKAGE_BUGREPORT='bug-yasm@tortall.net'
PACKAGE_NAME='yasm'
PACKAGE_STRING='yasm 1.1.0'
PACKAGE_TARNAME='yasm'
PACKAGE_URL=''
PACKAGE_VERSION='1.1.0'
PATH_SEPARATOR=':'
POSUB=''
PYTHON=''
PYTHON_EXEC_PREFIX=''
PYTHON_INCLUDES=''
PYTHON_PLATFORM=''
PYTHON_PREFIX=''
PYTHON_VERSION=''
RANLIB='/usr/bin/ranlib'
SET_MAKE=''
SHELL='/bin/sh'
STRIP='/usr/bin/strip'
USE_NLS='no'
VERSION='1.1.0'
XGETTEXT='/Users/Shared/xbmc-depends/buildtools-native/bin/xgettext'
XGETTEXT_015='/Users/Shared/xbmc-depends/buildtools-native/bin/xgettext'
XGETTEXT_EXTRA_OPTIONS=''
XMLTO=':'
ac_ct_AR=''
ac_ct_CC='/Applications/Xcode.app/Contents/Developer/usr/bin/gcc'
am__EXEEXT_FALSE=''
am__EXEEXT_TRUE='#'
am__fastdepCC_FALSE='#'
am__fastdepCC_TRUE=''
am__include='include'
am__isrc=''
am__leading_dot='.'
am__quote=''
am__tar='${AMTAR} chof - "$$tardir"'
am__untar='${AMTAR} xf -'
bindir='${exec_prefix}/bin'
build='i686-apple-darwin14.5.0'
build_alias=''
build_cpu='i686'
build_os='darwin14.5.0'
build_vendor='apple'
datadir='${datarootdir}'
datarootdir='${prefix}/share'
docdir='${datarootdir}/doc/${PACKAGE_TARNAME}'
dvidir='${docdir}'
exec_prefix='${prefix}'
host='i686-apple-darwin14.5.0'
host_alias=''
host_cpu='i686'
host_os='darwin14.5.0'
host_vendor='apple'
htmldir='${docdir}'
includedir='${prefix}/include'
infodir='${datarootdir}/info'
install_sh='${SHELL} /Users/osx/Desktop/kodi/xbmc/tools/depends/native/yasm-native/x86_64-osx-native/config/install-sh'
libdir='${exec_prefix}/lib'
libexecdir='${exec_prefix}/libexec'
localedir='${datarootdir}/locale'
localstatedir='${prefix}/var'
mandir='${datarootdir}/man'
mkdir_p='$(top_builddir)/config/install-sh -c -d'
oldincludedir='/usr/include'
pdfdir='${docdir}'
pkgpyexecdir=''
pkgpythondir=''
prefix='/Users/Shared/xbmc-depends/buildtools-native'
program_transform_name='s,x,x,'
psdir='${docdir}'
pyexecdir=''
pythondir=''
sbindir='${exec_prefix}/sbin'
sharedstatedir='${prefix}/com'
sysconfdir='${prefix}/etc'
target_alias=''

## ----------- ##
## confdefs.h. ##
## ----------- ##

/* confdefs.h */
#define PACKAGE_NAME "yasm"
#define PACKAGE_TARNAME "yasm"
#define PACKAGE_VERSION "1.1.0"
#define PACKAGE_STRING "yasm 1.1.0"
#define PACKAGE_BUGREPORT "bug-yasm@tortall.net"
#define PACKAGE_URL ""
#define PACKAGE "yasm"
#define VERSION "1.1.0"
#define PACKAGE_INTVER "1.1.0"
#define PACKAGE_BUILD "2352"
#define STDC_HEADERS 1
#define HAVE_SYS_TYPES_H 1
#define HAVE_SYS_STAT_H 1
#define HAVE_STDLIB_H 1
#define HAVE_STRING_H 1
#define HAVE_MEMORY_H 1
#define HAVE_STRINGS_H 1
#define HAVE_INTTYPES_H 1
#define HAVE_STDINT_H 1
#define HAVE_UNISTD_H 1
#define HAVE_STRINGS_H 1
#define HAVE_LIBGEN_H 1
#define HAVE_UNISTD_H 1
#define HAVE_SYS_STAT_H 1
#define PROTOTYPES 1
#define __PROTOTYPES 1
#define HAVE_ABORT 1
#define HAVE_TOASCII 1
#define HAVE_VSNPRINTF 1
#define HAVE_STRSEP 1
#define HAVE_MERGESORT 1
#define HAVE_GETCWD 1
#define HAVE_POPEN 1
#define HAVE_FTRUNCATE 1
#define HAVE_STRCASECMP 1
#define HAVE_STRNCASECMP 1
#define CPP_PROG "cc -E"

configure: exit 0
