This file contains any messages produced by compilers while
running configure, to aid debugging if configure makes a mistake.

It was created by breakpad configure 0.1, which was
generated by GNU Autoconf 2.69.  Invocation command line was

  $ ./configure --prefix=/Users/Shared/xbmc-depends/buildtools-native

## --------- ##
## Platform. ##
## --------- ##

hostname = Aruns-Mac.local
uname -m = x86_64
uname -r = 14.5.0
uname -s = Darwin
uname -v = Darwin Kernel Version 14.5.0: Wed Jul 29 02:26:53 PDT 2015; root:xnu-2782.40.9~1/RELEASE_X86_64

/usr/bin/uname -p = i386
/bin/uname -X     = unknown

/bin/arch              = unknown
/usr/bin/arch -k       = unknown
/usr/convex/getsysinfo = unknown
/usr/bin/hostinfo      = Mach kernel version:
	 Darwin Kernel Version 14.5.0: Wed Jul 29 02:26:53 PDT 2015; root:xnu-2782.40.9~1/RELEASE_X86_64
Kernel configured for up to 4 processors.
4 processors are physically available.
4 processors are logically available.
Processor type: x86_64h (Intel x86-64h Haswell)
Processors active: 0 1 2 3
Primary memory available: 8.00 gigabytes
Default processor set: 209 tasks, 930 threads, 4 processors
Load average: 1.71, Mach factor: 2.28
/bin/machine           = unknown
/usr/bin/oslevel       = unknown
/bin/universe          = unknown

PATH: /Applications/Xcode.app/Contents/Developer/bin
PATH: /Applications/Xcode.app/Contents/Developer/usr/bin
PATH: /Users/Shared/xbmc-depends/buildtools-native/bin
PATH: /Applications/Xcode.app/Contents/Developer/bin
PATH: /Applications/Xcode.app/Contents/Developer/usr/bin
PATH: /Users/Shared/xbmc-depends/buildtools-native/bin
PATH: /Applications/Xcode.app/Contents/Developer/bin
PATH: /Applications/Xcode.app/Contents/Developer/usr/bin
PATH: /Users/Shared/xbmc-depends/buildtools-native/bin
PATH: /Users/osx/.rvm/gems/ruby-2.3.0/bin
PATH: /Users/osx/.rvm/gems/ruby-2.3.0@global/bin
PATH: /Users/osx/.rvm/rubies/ruby-2.3.0/bin
PATH: /usr/local/bin
PATH: /usr/bin
PATH: /bin
PATH: /usr/sbin
PATH: /sbin
PATH: /opt/X11/bin
PATH: /usr/local/MacGPG2/bin
PATH: /Library/Frameworks/Mono.framework/Versions/Current/Commands
PATH: /Users/osx/Library/Android/sdk/tools
PATH: /Users/osx/Library/Android/sdk/platform-tools
PATH: /Users/osx/Android/android-ndk-r10e
PATH: /Users/osx/Library/Android/sdk/build-tools
PATH: /Users/osx/.rvm/bin


## ----------- ##
## Core tests. ##
## ----------- ##

configure:2085: loading site script /Users/Shared/xbmc-depends/buildtools-native/share/config.site
| LD="${LD:-/Applications/Xcode.app/Contents/Developer/usr/bin/ld}"
| CC="${CC:-/Applications/Xcode.app/Contents/Developer/usr/bin/gcc}"
| CXX="${CXX:-/Applications/Xcode.app/Contents/Developer/usr/bin/g++}"
| AR="${AR:-/usr/bin/ar}"
| RANLIB="${RANLIB:-/usr/bin/ranlib}"
| AS="${AS:-/usr/bin/as}"
| NM="${NM:-/usr/bin/nm}"
| STRIP="${STRIP:-/usr/bin/strip}"
| READELF="${READELF:-readelf}"
| OBJDUMP="${OBJDUMP:-objdump}"
| 
| CFLAGS="-I/Users/Shared/xbmc-depends/buildtools-native/include $CFLAGS"
| LDFLAGS="-L/Users/Shared/xbmc-depends/buildtools-native/lib $LDFLAGS"
| CPPFLAGS="-I/Users/Shared/xbmc-depends/buildtools-native/include $CPPFLAGS"
| CXXFLAGS="-I/Users/Shared/xbmc-depends/buildtools-native/include $CXXFLAGS"
| 
| PKG_CONFIG=/Users/Shared/xbmc-depends/buildtools-native/bin/pkg-config
| export PKG_CONFIG_LIBDIR=/Users/Shared/xbmc-depends/buildtools-native/lib/pkgconfig
| 
| PATH=/Users/Shared/xbmc-depends/buildtools-native/bin:$PATH
| if test -n "/Applications/Xcode.app/Contents/Developer"; then
|   PATH=/Applications/Xcode.app/Contents/Developer/usr/bin:/Applications/Xcode.app/Contents/Developer/bin:$PATH
| fi
| 
| LD_LIBRARY_PATH=/Users/Shared/xbmc-depends/buildtools-native/lib:$LD_LIBRARY_PATH
| NASM=/Users/Shared/xbmc-depends/buildtools-native/bin/yasm
configure:2216: checking build system type
configure:2230: result: x86_64-apple-darwin14.5.0
configure:2250: checking host system type
configure:2263: result: x86_64-apple-darwin14.5.0
configure:2300: checking for a BSD-compatible install
configure:2368: result: /usr/bin/install -c
configure:2379: checking whether build environment is sane
configure:2434: result: yes
configure:2585: checking for a thread-safe mkdir -p
configure:2624: result: autotools/install-sh -c -d
configure:2631: checking for gawk
configure:2661: result: no
configure:2631: checking for mawk
configure:2661: result: no
configure:2631: checking for nawk
configure:2661: result: no
configure:2631: checking for awk
configure:2647: found /usr/bin/awk
configure:2658: result: awk
configure:2669: checking whether make sets $(MAKE)
configure:2691: result: yes
configure:2720: checking whether make supports nested variables
configure:2737: result: yes
configure:2826: checking whether UID '0' is supported by ustar format
configure:2829: result: yes
configure:2836: checking whether GID '0' is supported by ustar format
configure:2839: result: yes
configure:2847: checking how to create a ustar tar archive
configure:2858: tar --version
bsdtar 2.8.3 - libarchive 2.8.3
configure:2861: $? = 0
configure:2901: tardir=conftest.dir && eval tar --format=ustar -chf - "$tardir" >conftest.tar
configure:2904: $? = 0
configure:2908: tar -xf - <conftest.tar
configure:2911: $? = 0
configure:2913: cat conftest.dir/file
GrepMe
configure:2916: $? = 0
configure:2929: result: gnutar
configure:2981: checking whether to enable maintainer-specific portions of Makefiles
configure:2990: result: no
configure:3016: checking for style of include used by make
configure:3044: result: GNU
configure:3115: checking for gcc
configure:3142: result: /Applications/Xcode.app/Contents/Developer/usr/bin/gcc
configure:3371: checking for C compiler version
configure:3380: /Applications/Xcode.app/Contents/Developer/usr/bin/gcc --version >&5
Apple LLVM version 7.0.2 (clang-700.1.81)
Target: x86_64-apple-darwin14.5.0
Thread model: posix
Configured with: --prefix=/Applications/Xcode.app/Contents/Developer/usr --with-gxx-include-dir=/usr/include/c++/4.2.1
configure:3391: $? = 0
configure:3380: /Applications/Xcode.app/Contents/Developer/usr/bin/gcc -v >&5
Configured with: --prefix=/Applications/Xcode.app/Contents/Developer/usr --with-gxx-include-dir=/usr/include/c++/4.2.1
Apple LLVM version 7.0.2 (clang-700.1.81)
Target: x86_64-apple-darwin14.5.0
Thread model: posix
configure:3391: $? = 0
configure:3380: /Applications/Xcode.app/Contents/Developer/usr/bin/gcc -V >&5
clang: error: argument to '-V' is missing (expected 1 value)
clang: error: no input files
configure:3391: $? = 1
configure:3380: /Applications/Xcode.app/Contents/Developer/usr/bin/gcc -qversion >&5
clang: error: unknown argument: '-qversion'
clang: error: no input files
configure:3391: $? = 1
configure:3411: checking whether the C compiler works
configure:3433: /Applications/Xcode.app/Contents/Developer/usr/bin/gcc -I/Users/Shared/xbmc-depends/buildtools-native/include  -I/Users/Shared/xbmc-depends/buildtools-native/include  -L/Users/Shared/xbmc-depends/buildtools-native/lib  conftest.c  >&5
configure:3437: $? = 0
configure:3485: result: yes
configure:3488: checking for C compiler default output file name
configure:3490: result: a.out
configure:3496: checking for suffix of executables
configure:3503: /Applications/Xcode.app/Contents/Developer/usr/bin/gcc -o conftest -I/Users/Shared/xbmc-depends/buildtools-native/include  -I/Users/Shared/xbmc-depends/buildtools-native/include  -L/Users/Shared/xbmc-depends/buildtools-native/lib  conftest.c  >&5
configure:3507: $? = 0
configure:3529: result: 
configure:3551: checking whether we are cross compiling
configure:3559: /Applications/Xcode.app/Contents/Developer/usr/bin/gcc -o conftest -I/Users/Shared/xbmc-depends/buildtools-native/include  -I/Users/Shared/xbmc-depends/buildtools-native/include  -L/Users/Shared/xbmc-depends/buildtools-native/lib  conftest.c  >&5
configure:3563: $? = 0
configure:3570: ./conftest
configure:3574: $? = 0
configure:3589: result: no
configure:3594: checking for suffix of object files
configure:3616: /Applications/Xcode.app/Contents/Developer/usr/bin/gcc -c -I/Users/Shared/xbmc-depends/buildtools-native/include  -I/Users/Shared/xbmc-depends/buildtools-native/include  conftest.c >&5
configure:3620: $? = 0
configure:3641: result: o
configure:3645: checking whether we are using the GNU C compiler
configure:3664: /Applications/Xcode.app/Contents/Developer/usr/bin/gcc -c -I/Users/Shared/xbmc-depends/buildtools-native/include  -I/Users/Shared/xbmc-depends/buildtools-native/include  conftest.c >&5
configure:3664: $? = 0
configure:3673: result: yes
configure:3682: checking whether /Applications/Xcode.app/Contents/Developer/usr/bin/gcc accepts -g
configure:3702: /Applications/Xcode.app/Contents/Developer/usr/bin/gcc -c -g -I/Users/Shared/xbmc-depends/buildtools-native/include  conftest.c >&5
configure:3702: $? = 0
configure:3743: result: yes
configure:3760: checking for /Applications/Xcode.app/Contents/Developer/usr/bin/gcc option to accept ISO C89
configure:3823: /Applications/Xcode.app/Contents/Developer/usr/bin/gcc  -c -I/Users/Shared/xbmc-depends/buildtools-native/include  -I/Users/Shared/xbmc-depends/buildtools-native/include  conftest.c >&5
configure:3823: $? = 0
configure:3836: result: none needed
configure:3861: checking whether /Applications/Xcode.app/Contents/Developer/usr/bin/gcc understands -c and -o together
configure:3883: /Applications/Xcode.app/Contents/Developer/usr/bin/gcc -c conftest.c -o conftest2.o
configure:3886: $? = 0
configure:3883: /Applications/Xcode.app/Contents/Developer/usr/bin/gcc -c conftest.c -o conftest2.o
configure:3886: $? = 0
configure:3898: result: yes
configure:3917: checking dependency style of /Applications/Xcode.app/Contents/Developer/usr/bin/gcc
configure:4028: result: gcc3
configure:4052: checking dependency style of /Applications/Xcode.app/Contents/Developer/usr/bin/gcc
configure:4161: result: gcc3
configure:4224: checking for gcc
configure:4251: result: /Applications/Xcode.app/Contents/Developer/usr/bin/gcc
configure:4480: checking for C compiler version
configure:4489: /Applications/Xcode.app/Contents/Developer/usr/bin/gcc --version >&5
Apple LLVM version 7.0.2 (clang-700.1.81)
Target: x86_64-apple-darwin14.5.0
Thread model: posix
Configured with: --prefix=/Applications/Xcode.app/Contents/Developer/usr --with-gxx-include-dir=/usr/include/c++/4.2.1
configure:4500: $? = 0
configure:4489: /Applications/Xcode.app/Contents/Developer/usr/bin/gcc -v >&5
Configured with: --prefix=/Applications/Xcode.app/Contents/Developer/usr --with-gxx-include-dir=/usr/include/c++/4.2.1
Apple LLVM version 7.0.2 (clang-700.1.81)
Target: x86_64-apple-darwin14.5.0
Thread model: posix
configure:4500: $? = 0
configure:4489: /Applications/Xcode.app/Contents/Developer/usr/bin/gcc -V >&5
clang: error: argument to '-V' is missing (expected 1 value)
clang: error: no input files
configure:4500: $? = 1
configure:4489: /Applications/Xcode.app/Contents/Developer/usr/bin/gcc -qversion >&5
clang: error: unknown argument: '-qversion'
clang: error: no input files
configure:4500: $? = 1
configure:4504: checking whether we are using the GNU C compiler
configure:4532: result: yes
configure:4541: checking whether /Applications/Xcode.app/Contents/Developer/usr/bin/gcc accepts -g
configure:4602: result: yes
configure:4619: checking for /Applications/Xcode.app/Contents/Developer/usr/bin/gcc option to accept ISO C89
configure:4695: result: none needed
configure:4720: checking whether /Applications/Xcode.app/Contents/Developer/usr/bin/gcc understands -c and -o together
configure:4757: result: yes
configure:4776: checking dependency style of /Applications/Xcode.app/Contents/Developer/usr/bin/gcc
configure:4887: result: gcc3
configure:4908: checking how to run the C preprocessor
configure:4939: /Applications/Xcode.app/Contents/Developer/usr/bin/gcc -E -I/Users/Shared/xbmc-depends/buildtools-native/include  conftest.c
configure:4939: $? = 0
configure:4953: /Applications/Xcode.app/Contents/Developer/usr/bin/gcc -E -I/Users/Shared/xbmc-depends/buildtools-native/include  conftest.c
conftest.c:11:10: fatal error: 'ac_nonexistent.h' file not found
#include <ac_nonexistent.h>
         ^
1 error generated.
configure:4953: $? = 1
configure: failed program was:
| /* confdefs.h */
| #define PACKAGE_NAME "breakpad"
| #define PACKAGE_TARNAME "breakpad"
| #define PACKAGE_VERSION "0.1"
| #define PACKAGE_STRING "breakpad 0.1"
| #define PACKAGE_BUGREPORT "google-breakpad-dev@googlegroups.com"
| #define PACKAGE_URL ""
| #define PACKAGE "breakpad"
| #define VERSION "0.1"
| /* end confdefs.h.  */
| #include <ac_nonexistent.h>
configure:4978: result: /Applications/Xcode.app/Contents/Developer/usr/bin/gcc -E
configure:4998: /Applications/Xcode.app/Contents/Developer/usr/bin/gcc -E -I/Users/Shared/xbmc-depends/buildtools-native/include  conftest.c
configure:4998: $? = 0
configure:5012: /Applications/Xcode.app/Contents/Developer/usr/bin/gcc -E -I/Users/Shared/xbmc-depends/buildtools-native/include  conftest.c
conftest.c:11:10: fatal error: 'ac_nonexistent.h' file not found
#include <ac_nonexistent.h>
         ^
1 error generated.
configure:5012: $? = 1
configure: failed program was:
| /* confdefs.h */
| #define PACKAGE_NAME "breakpad"
| #define PACKAGE_TARNAME "breakpad"
| #define PACKAGE_VERSION "0.1"
| #define PACKAGE_STRING "breakpad 0.1"
| #define PACKAGE_BUGREPORT "google-breakpad-dev@googlegroups.com"
| #define PACKAGE_URL ""
| #define PACKAGE "breakpad"
| #define VERSION "0.1"
| /* end confdefs.h.  */
| #include <ac_nonexistent.h>
configure:5152: checking for C++ compiler version
configure:5161: /Applications/Xcode.app/Contents/Developer/usr/bin/g++ --version >&5
Apple LLVM version 7.0.2 (clang-700.1.81)
Target: x86_64-apple-darwin14.5.0
Thread model: posix
Configured with: --prefix=/Applications/Xcode.app/Contents/Developer/usr --with-gxx-include-dir=/usr/include/c++/4.2.1
configure:5172: $? = 0
configure:5161: /Applications/Xcode.app/Contents/Developer/usr/bin/g++ -v >&5
Configured with: --prefix=/Applications/Xcode.app/Contents/Developer/usr --with-gxx-include-dir=/usr/include/c++/4.2.1
Apple LLVM version 7.0.2 (clang-700.1.81)
Target: x86_64-apple-darwin14.5.0
Thread model: posix
configure:5172: $? = 0
configure:5161: /Applications/Xcode.app/Contents/Developer/usr/bin/g++ -V >&5
clang: error: argument to '-V' is missing (expected 1 value)
clang: error: no input files
configure:5172: $? = 1
configure:5161: /Applications/Xcode.app/Contents/Developer/usr/bin/g++ -qversion >&5
clang: error: unknown argument: '-qversion'
clang: error: no input files
configure:5172: $? = 1
configure:5176: checking whether we are using the GNU C++ compiler
configure:5195: /Applications/Xcode.app/Contents/Developer/usr/bin/g++ -c -I/Users/Shared/xbmc-depends/buildtools-native/include  -I/Users/Shared/xbmc-depends/buildtools-native/include  conftest.cpp >&5
configure:5195: $? = 0
configure:5204: result: yes
configure:5213: checking whether /Applications/Xcode.app/Contents/Developer/usr/bin/g++ accepts -g
configure:5233: /Applications/Xcode.app/Contents/Developer/usr/bin/g++ -c -g -I/Users/Shared/xbmc-depends/buildtools-native/include  conftest.cpp >&5
configure:5233: $? = 0
configure:5274: result: yes
configure:5299: checking dependency style of /Applications/Xcode.app/Contents/Developer/usr/bin/g++
configure:5410: result: gcc3
configure:5468: checking for ranlib
configure:5495: result: /usr/bin/ranlib
configure:5548: checking for grep that handles long lines and -e
configure:5606: result: /usr/bin/grep
configure:5611: checking for egrep
configure:5673: result: /usr/bin/grep -E
configure:5678: checking for ANSI C header files
configure:5698: /Applications/Xcode.app/Contents/Developer/usr/bin/gcc -c -I/Users/Shared/xbmc-depends/buildtools-native/include  -I/Users/Shared/xbmc-depends/buildtools-native/include  conftest.c >&5
configure:5698: $? = 0
configure:5771: /Applications/Xcode.app/Contents/Developer/usr/bin/gcc -o conftest -I/Users/Shared/xbmc-depends/buildtools-native/include  -I/Users/Shared/xbmc-depends/buildtools-native/include  -L/Users/Shared/xbmc-depends/buildtools-native/lib  conftest.c  >&5
configure:5771: $? = 0
configure:5771: ./conftest
configure:5771: $? = 0
configure:5782: result: yes
configure:5797: checking for special C compiler options needed for large files
configure:5842: result: no
configure:5848: checking for _FILE_OFFSET_BITS value needed for large files
configure:5873: /Applications/Xcode.app/Contents/Developer/usr/bin/gcc -c -I/Users/Shared/xbmc-depends/buildtools-native/include  -I/Users/Shared/xbmc-depends/buildtools-native/include  conftest.c >&5
configure:5873: $? = 0
configure:5905: result: no
configure:6257: checking for the pthreads library -lpthreads
configure:6295: /Applications/Xcode.app/Contents/Developer/usr/bin/gcc -o conftest -I/Users/Shared/xbmc-depends/buildtools-native/include   -I/Users/Shared/xbmc-depends/buildtools-native/include  -L/Users/Shared/xbmc-depends/buildtools-native/lib  conftest.c -lpthreads  >&5
ld: library not found for -lpthreads
clang: error: linker command failed with exit code 1 (use -v to see invocation)
configure:6295: $? = 1
configure: failed program was:
| /* confdefs.h */
| #define PACKAGE_NAME "breakpad"
| #define PACKAGE_TARNAME "breakpad"
| #define PACKAGE_VERSION "0.1"
| #define PACKAGE_STRING "breakpad 0.1"
| #define PACKAGE_BUGREPORT "google-breakpad-dev@googlegroups.com"
| #define PACKAGE_URL ""
| #define PACKAGE "breakpad"
| #define VERSION "0.1"
| #define STDC_HEADERS 1
| /* end confdefs.h.  */
| #include <pthread.h>
| 	             static void routine(void* a) {a=0;}
| 	             static void* start_routine(void* a) {return a;}
| int
| main ()
| {
| pthread_t th; pthread_attr_t attr;
|                      pthread_join(th, 0);
|                      pthread_attr_init(&attr);
|                      pthread_cleanup_push(routine, 0);
|                      pthread_create(&th,0,start_routine,0);
|                      pthread_cleanup_pop(0);
|   ;
|   return 0;
| }
configure:6304: result: no
configure:6202: checking whether pthreads work without any flags
configure:6295: /Applications/Xcode.app/Contents/Developer/usr/bin/gcc -o conftest -I/Users/Shared/xbmc-depends/buildtools-native/include   -I/Users/Shared/xbmc-depends/buildtools-native/include  -L/Users/Shared/xbmc-depends/buildtools-native/lib  conftest.c   >&5
configure:6295: $? = 0
configure:6304: result: yes
configure:6323: checking for joinable pthread attribute
configure:6338: /Applications/Xcode.app/Contents/Developer/usr/bin/gcc -o conftest -I/Users/Shared/xbmc-depends/buildtools-native/include   -I/Users/Shared/xbmc-depends/buildtools-native/include  -L/Users/Shared/xbmc-depends/buildtools-native/lib  conftest.c   >&5
configure:6338: $? = 0
configure:6344: result: PTHREAD_CREATE_JOINABLE
configure:6354: checking if more special flags are required for pthreads
configure:6361: result: -D_THREAD_SAFE
configure:6448: checking for sys/types.h
configure:6448: /Applications/Xcode.app/Contents/Developer/usr/bin/gcc -c -I/Users/Shared/xbmc-depends/buildtools-native/include  -I/Users/Shared/xbmc-depends/buildtools-native/include  conftest.c >&5
configure:6448: $? = 0
configure:6448: result: yes
configure:6448: checking for sys/stat.h
configure:6448: /Applications/Xcode.app/Contents/Developer/usr/bin/gcc -c -I/Users/Shared/xbmc-depends/buildtools-native/include  -I/Users/Shared/xbmc-depends/buildtools-native/include  conftest.c >&5
configure:6448: $? = 0
configure:6448: result: yes
configure:6448: checking for stdlib.h
configure:6448: /Applications/Xcode.app/Contents/Developer/usr/bin/gcc -c -I/Users/Shared/xbmc-depends/buildtools-native/include  -I/Users/Shared/xbmc-depends/buildtools-native/include  conftest.c >&5
configure:6448: $? = 0
configure:6448: result: yes
configure:6448: checking for string.h
configure:6448: /Applications/Xcode.app/Contents/Developer/usr/bin/gcc -c -I/Users/Shared/xbmc-depends/buildtools-native/include  -I/Users/Shared/xbmc-depends/buildtools-native/include  conftest.c >&5
configure:6448: $? = 0
configure:6448: result: yes
configure:6448: checking for memory.h
configure:6448: /Applications/Xcode.app/Contents/Developer/usr/bin/gcc -c -I/Users/Shared/xbmc-depends/buildtools-native/include  -I/Users/Shared/xbmc-depends/buildtools-native/include  conftest.c >&5
configure:6448: $? = 0
configure:6448: result: yes
configure:6448: checking for strings.h
configure:6448: /Applications/Xcode.app/Contents/Developer/usr/bin/gcc -c -I/Users/Shared/xbmc-depends/buildtools-native/include  -I/Users/Shared/xbmc-depends/buildtools-native/include  conftest.c >&5
configure:6448: $? = 0
configure:6448: result: yes
configure:6448: checking for inttypes.h
configure:6448: /Applications/Xcode.app/Contents/Developer/usr/bin/gcc -c -I/Users/Shared/xbmc-depends/buildtools-native/include  -I/Users/Shared/xbmc-depends/buildtools-native/include  conftest.c >&5
configure:6448: $? = 0
configure:6448: result: yes
configure:6448: checking for stdint.h
configure:6448: /Applications/Xcode.app/Contents/Developer/usr/bin/gcc -c -I/Users/Shared/xbmc-depends/buildtools-native/include  -I/Users/Shared/xbmc-depends/buildtools-native/include  conftest.c >&5
configure:6448: $? = 0
configure:6448: result: yes
configure:6448: checking for unistd.h
configure:6448: /Applications/Xcode.app/Contents/Developer/usr/bin/gcc -c -I/Users/Shared/xbmc-depends/buildtools-native/include  -I/Users/Shared/xbmc-depends/buildtools-native/include  conftest.c >&5
configure:6448: $? = 0
configure:6448: result: yes
configure:6462: checking a.out.h usability
configure:6462: /Applications/Xcode.app/Contents/Developer/usr/bin/gcc -c -I/Users/Shared/xbmc-depends/buildtools-native/include  -I/Users/Shared/xbmc-depends/buildtools-native/include  conftest.c >&5
conftest.c:55:10: fatal error: 'a.out.h' file not found
#include <a.out.h>
         ^
1 error generated.
configure:6462: $? = 1
configure: failed program was:
| /* confdefs.h */
| #define PACKAGE_NAME "breakpad"
| #define PACKAGE_TARNAME "breakpad"
| #define PACKAGE_VERSION "0.1"
| #define PACKAGE_STRING "breakpad 0.1"
| #define PACKAGE_BUGREPORT "google-breakpad-dev@googlegroups.com"
| #define PACKAGE_URL ""
| #define PACKAGE "breakpad"
| #define VERSION "0.1"
| #define STDC_HEADERS 1
| #define HAVE_PTHREAD 1
| #define HAVE_SYS_TYPES_H 1
| #define HAVE_SYS_STAT_H 1
| #define HAVE_STDLIB_H 1
| #define HAVE_STRING_H 1
| #define HAVE_MEMORY_H 1
| #define HAVE_STRINGS_H 1
| #define HAVE_INTTYPES_H 1
| #define HAVE_STDINT_H 1
| #define HAVE_UNISTD_H 1
| /* end confdefs.h.  */
| #include <stdio.h>
| #ifdef HAVE_SYS_TYPES_H
| # include <sys/types.h>
| #endif
| #ifdef HAVE_SYS_STAT_H
| # include <sys/stat.h>
| #endif
| #ifdef STDC_HEADERS
| # include <stdlib.h>
| # include <stddef.h>
| #else
| # ifdef HAVE_STDLIB_H
| #  include <stdlib.h>
| # endif
| #endif
| #ifdef HAVE_STRING_H
| # if !defined STDC_HEADERS && defined HAVE_MEMORY_H
| #  include <memory.h>
| # endif
| # include <string.h>
| #endif
| #ifdef HAVE_STRINGS_H
| # include <strings.h>
| #endif
| #ifdef HAVE_INTTYPES_H
| # include <inttypes.h>
| #endif
| #ifdef HAVE_STDINT_H
| # include <stdint.h>
| #endif
| #ifdef HAVE_UNISTD_H
| # include <unistd.h>
| #endif
| #include <a.out.h>
configure:6462: result: no
configure:6462: checking a.out.h presence
configure:6462: /Applications/Xcode.app/Contents/Developer/usr/bin/gcc -E -I/Users/Shared/xbmc-depends/buildtools-native/include  conftest.c
conftest.c:22:10: fatal error: 'a.out.h' file not found
#include <a.out.h>
         ^
1 error generated.
configure:6462: $? = 1
configure: failed program was:
| /* confdefs.h */
| #define PACKAGE_NAME "breakpad"
| #define PACKAGE_TARNAME "breakpad"
| #define PACKAGE_VERSION "0.1"
| #define PACKAGE_STRING "breakpad 0.1"
| #define PACKAGE_BUGREPORT "google-breakpad-dev@googlegroups.com"
| #define PACKAGE_URL ""
| #define PACKAGE "breakpad"
| #define VERSION "0.1"
| #define STDC_HEADERS 1
| #define HAVE_PTHREAD 1
| #define HAVE_SYS_TYPES_H 1
| #define HAVE_SYS_STAT_H 1
| #define HAVE_STDLIB_H 1
| #define HAVE_STRING_H 1
| #define HAVE_MEMORY_H 1
| #define HAVE_STRINGS_H 1
| #define HAVE_INTTYPES_H 1
| #define HAVE_STDINT_H 1
| #define HAVE_UNISTD_H 1
| /* end confdefs.h.  */
| #include <a.out.h>
configure:6462: result: no
configure:6462: checking for a.out.h
configure:6462: result: no
configure:6696: checking that generated files are newer than configure
configure:6702: result: done
configure:6765: creating ./config.status

## ---------------------- ##
## Running config.status. ##
## ---------------------- ##

This file was extended by breakpad config.status 0.1, which was
generated by GNU Autoconf 2.69.  Invocation command line was

  CONFIG_FILES    = 
  CONFIG_HEADERS  = 
  CONFIG_LINKS    = 
  CONFIG_COMMANDS = 
  $ ./config.status 

on Aruns-Mac.local

config.status:894: creating breakpad.pc
config.status:894: creating breakpad-client.pc
config.status:894: creating Makefile
config.status:894: creating src/config.h
config.status:1123: executing depfiles commands

## ---------------- ##
## Cache variables. ##
## ---------------- ##

ac_cv_build=x86_64-apple-darwin14.5.0
ac_cv_c_compiler_gnu=yes
ac_cv_cxx_compiler_gnu=yes
ac_cv_env_CCASFLAGS_set=
ac_cv_env_CCASFLAGS_value=
ac_cv_env_CCAS_set=
ac_cv_env_CCAS_value=
ac_cv_env_CCC_set=
ac_cv_env_CCC_value=
ac_cv_env_CC_set=
ac_cv_env_CC_value=
ac_cv_env_CFLAGS_set=
ac_cv_env_CFLAGS_value=
ac_cv_env_CPPFLAGS_set=
ac_cv_env_CPPFLAGS_value=
ac_cv_env_CPP_set=
ac_cv_env_CPP_value=
ac_cv_env_CXXFLAGS_set=
ac_cv_env_CXXFLAGS_value=
ac_cv_env_CXX_set=
ac_cv_env_CXX_value=
ac_cv_env_LDFLAGS_set=
ac_cv_env_LDFLAGS_value=
ac_cv_env_LIBS_set=
ac_cv_env_LIBS_value=
ac_cv_env_build_alias_set=
ac_cv_env_build_alias_value=
ac_cv_env_host_alias_set=
ac_cv_env_host_alias_value=
ac_cv_env_target_alias_set=
ac_cv_env_target_alias_value=
ac_cv_header_a_out_h=no
ac_cv_header_inttypes_h=yes
ac_cv_header_memory_h=yes
ac_cv_header_stdc=yes
ac_cv_header_stdint_h=yes
ac_cv_header_stdlib_h=yes
ac_cv_header_string_h=yes
ac_cv_header_strings_h=yes
ac_cv_header_sys_stat_h=yes
ac_cv_header_sys_types_h=yes
ac_cv_header_unistd_h=yes
ac_cv_host=x86_64-apple-darwin14.5.0
ac_cv_objext=o
ac_cv_path_EGREP='/usr/bin/grep -E'
ac_cv_path_GREP=/usr/bin/grep
ac_cv_path_install='/usr/bin/install -c'
ac_cv_prog_AWK=awk
ac_cv_prog_CPP='/Applications/Xcode.app/Contents/Developer/usr/bin/gcc -E'
ac_cv_prog_ac_ct_CC=/Applications/Xcode.app/Contents/Developer/usr/bin/gcc
ac_cv_prog_ac_ct_RANLIB=/usr/bin/ranlib
ac_cv_prog_cc_c89=
ac_cv_prog_cc_g=yes
ac_cv_prog_cxx_g=yes
ac_cv_prog_make_make_set=yes
ac_cv_sys_file_offset_bits=no
ac_cv_sys_largefile_CC=no
am_cv_CCAS_dependencies_compiler_type=gcc3
am_cv_CC_dependencies_compiler_type=gcc3
am_cv_CXX_dependencies_compiler_type=gcc3
am_cv_make_support_nested_variables=yes
am_cv_prog_cc_c_o=yes
am_cv_prog_tar_ustar=gnutar

## ----------------- ##
## Output variables. ##
## ----------------- ##

ACLOCAL='/Users/Shared/xbmc-depends/buildtools-native/bin/aclocal'
AMDEPBACKSLASH='\'
AMDEP_FALSE='#'
AMDEP_TRUE=''
AMTAR='$${TAR-tar}'
AM_BACKSLASH='\'
AM_DEFAULT_V='$(AM_DEFAULT_VERBOSITY)'
AM_DEFAULT_VERBOSITY='1'
AM_V='$(V)'
ANDROID_HOST_FALSE=''
ANDROID_HOST_TRUE='#'
AUTOCONF='/Users/Shared/xbmc-depends/buildtools-native/bin/autoconf'
AUTOHEADER='/Users/Shared/xbmc-depends/buildtools-native/bin/autoheader'
AUTOMAKE='/Users/Shared/xbmc-depends/buildtools-native/bin/automake'
AWK='awk'
CC='/Applications/Xcode.app/Contents/Developer/usr/bin/gcc'
CCAS='/Applications/Xcode.app/Contents/Developer/usr/bin/gcc'
CCASDEPMODE='depmode=gcc3'
CCASFLAGS='-I/Users/Shared/xbmc-depends/buildtools-native/include '
CCDEPMODE='depmode=gcc3'
CFLAGS='-I/Users/Shared/xbmc-depends/buildtools-native/include '
CPP='/Applications/Xcode.app/Contents/Developer/usr/bin/gcc -E'
CPPFLAGS='-I/Users/Shared/xbmc-depends/buildtools-native/include '
CXX='/Applications/Xcode.app/Contents/Developer/usr/bin/g++'
CXXDEPMODE='depmode=gcc3'
CXXFLAGS='-I/Users/Shared/xbmc-depends/buildtools-native/include '
CYGPATH_W='echo'
DEFS='-DHAVE_CONFIG_H'
DEPDIR='.deps'
DISABLE_PROCESSOR_FALSE=''
DISABLE_PROCESSOR_TRUE='#'
DISABLE_TOOLS_FALSE=''
DISABLE_TOOLS_TRUE='#'
ECHO_C='\c'
ECHO_N=''
ECHO_T=''
EGREP='/usr/bin/grep -E'
EXEEXT=''
GCC_FALSE='#'
GCC_TRUE=''
GREP='/usr/bin/grep'
INSTALL_DATA='${INSTALL} -m 644'
INSTALL_PROGRAM='${INSTALL}'
INSTALL_SCRIPT='${INSTALL}'
INSTALL_STRIP_PROGRAM='$(install_sh) -c -s'
LDFLAGS='-L/Users/Shared/xbmc-depends/buildtools-native/lib '
LIBOBJS=''
LIBS=''
LINUX_HOST_FALSE=''
LINUX_HOST_TRUE='#'
LTLIBOBJS=''
MAINT='#'
MAINTAINER_MODE_FALSE=''
MAINTAINER_MODE_TRUE='#'
MAKEINFO='${SHELL} /Users/osx/Desktop/kodi/xbmc/tools/depends/native/google-breakpad-native/x86_64-osx-native/autotools/missing makeinfo'
MKDIR_P='autotools/install-sh -c -d'
OBJEXT='o'
PACKAGE='breakpad'
PACKAGE_BUGREPORT='google-breakpad-dev@googlegroups.com'
PACKAGE_NAME='breakpad'
PACKAGE_STRING='breakpad 0.1'
PACKAGE_TARNAME='breakpad'
PACKAGE_URL=''
PACKAGE_VERSION='0.1'
PATH_SEPARATOR=':'
PTHREAD_CC='/Applications/Xcode.app/Contents/Developer/usr/bin/gcc'
PTHREAD_CFLAGS='-D_THREAD_SAFE '
PTHREAD_LIBS=''
RANLIB='/usr/bin/ranlib'
SELFTEST_FALSE=''
SELFTEST_TRUE='#'
SET_MAKE=''
SHELL='/bin/sh'
STRIP='/usr/bin/strip'
VERSION='0.1'
ac_ct_CC='/Applications/Xcode.app/Contents/Developer/usr/bin/gcc'
ac_ct_CXX=''
am__EXEEXT_FALSE=''
am__EXEEXT_TRUE='#'
am__fastdepCCAS_FALSE='#'
am__fastdepCCAS_TRUE=''
am__fastdepCC_FALSE='#'
am__fastdepCC_TRUE=''
am__fastdepCXX_FALSE='#'
am__fastdepCXX_TRUE=''
am__include='include'
am__isrc=''
am__leading_dot='.'
am__nodep='_no'
am__quote=''
am__tar='tar --format=ustar -chf - "$$tardir"'
am__untar='tar -xf -'
ax_pthread_config=''
bindir='${exec_prefix}/bin'
build='x86_64-apple-darwin14.5.0'
build_alias=''
build_cpu='x86_64'
build_os='darwin14.5.0'
build_vendor='apple'
datadir='${datarootdir}'
datarootdir='${prefix}/share'
docdir='${datarootdir}/doc/${PACKAGE_TARNAME}'
dvidir='${docdir}'
exec_prefix='${prefix}'
host='x86_64-apple-darwin14.5.0'
host_alias=''
host_cpu='x86_64'
host_os='darwin14.5.0'
host_vendor='apple'
htmldir='${docdir}'
includedir='${prefix}/include'
infodir='${datarootdir}/info'
install_sh='${SHELL} /Users/osx/Desktop/kodi/xbmc/tools/depends/native/google-breakpad-native/x86_64-osx-native/autotools/install-sh'
libdir='${exec_prefix}/lib'
libexecdir='${exec_prefix}/libexec'
localedir='${datarootdir}/locale'
localstatedir='${prefix}/var'
mandir='${datarootdir}/man'
mkdir_p='$(MKDIR_P)'
oldincludedir='/usr/include'
pdfdir='${docdir}'
prefix='/Users/Shared/xbmc-depends/buildtools-native'
program_transform_name='s,x,x,'
psdir='${docdir}'
sbindir='${exec_prefix}/sbin'
sharedstatedir='${prefix}/com'
sysconfdir='${prefix}/etc'
target_alias=''

## ----------- ##
## confdefs.h. ##
## ----------- ##

/* confdefs.h */
#define PACKAGE_NAME "breakpad"
#define PACKAGE_TARNAME "breakpad"
#define PACKAGE_VERSION "0.1"
#define PACKAGE_STRING "breakpad 0.1"
#define PACKAGE_BUGREPORT "google-breakpad-dev@googlegroups.com"
#define PACKAGE_URL ""
#define PACKAGE "breakpad"
#define VERSION "0.1"
#define STDC_HEADERS 1
#define HAVE_PTHREAD 1
#define HAVE_SYS_TYPES_H 1
#define HAVE_SYS_STAT_H 1
#define HAVE_STDLIB_H 1
#define HAVE_STRING_H 1
#define HAVE_MEMORY_H 1
#define HAVE_STRINGS_H 1
#define HAVE_INTTYPES_H 1
#define HAVE_STDINT_H 1
#define HAVE_UNISTD_H 1

configure: exit 0
