This file contains any messages produced by compilers while
running configure, to aid debugging if configure makes a mistake.

It was created by LibTIFF Software configure 3.9.7, which was
generated by GNU Autoconf 2.69.  Invocation command line was

  $ ./configure --prefix=/Users/Shared/xbmc-depends/buildtools-native

## --------- ##
## Platform. ##
## --------- ##

hostname = Aruns-Mac.local
uname -m = x86_64
uname -r = 14.5.0
uname -s = Darwin
uname -v = Darwin Kernel Version 14.5.0: Wed Jul 29 02:26:53 PDT 2015; root:xnu-2782.40.9~1/RELEASE_X86_64

/usr/bin/uname -p = i386
/bin/uname -X     = unknown

/bin/arch              = unknown
/usr/bin/arch -k       = unknown
/usr/convex/getsysinfo = unknown
/usr/bin/hostinfo      = Mach kernel version:
	 Darwin Kernel Version 14.5.0: Wed Jul 29 02:26:53 PDT 2015; root:xnu-2782.40.9~1/RELEASE_X86_64
Kernel configured for up to 4 processors.
4 processors are physically available.
4 processors are logically available.
Processor type: x86_64h (Intel x86-64h Haswell)
Processors active: 0 1 2 3
Primary memory available: 8.00 gigabytes
Default processor set: 209 tasks, 932 threads, 4 processors
Load average: 1.85, Mach factor: 2.14
/bin/machine           = unknown
/usr/bin/oslevel       = unknown
/bin/universe          = unknown

PATH: /Applications/Xcode.app/Contents/Developer/bin
PATH: /Applications/Xcode.app/Contents/Developer/usr/bin
PATH: /Users/Shared/xbmc-depends/buildtools-native/bin
PATH: /Applications/Xcode.app/Contents/Developer/bin
PATH: /Applications/Xcode.app/Contents/Developer/usr/bin
PATH: /Users/Shared/xbmc-depends/buildtools-native/bin
PATH: /Applications/Xcode.app/Contents/Developer/bin
PATH: /Applications/Xcode.app/Contents/Developer/usr/bin
PATH: /Users/Shared/xbmc-depends/buildtools-native/bin
PATH: /Users/osx/.rvm/gems/ruby-2.3.0/bin
PATH: /Users/osx/.rvm/gems/ruby-2.3.0@global/bin
PATH: /Users/osx/.rvm/rubies/ruby-2.3.0/bin
PATH: /usr/local/bin
PATH: /usr/bin
PATH: /bin
PATH: /usr/sbin
PATH: /sbin
PATH: /opt/X11/bin
PATH: /usr/local/MacGPG2/bin
PATH: /Library/Frameworks/Mono.framework/Versions/Current/Commands
PATH: /Users/osx/Library/Android/sdk/tools
PATH: /Users/osx/Library/Android/sdk/platform-tools
PATH: /Users/osx/Android/android-ndk-r10e
PATH: /Users/osx/Library/Android/sdk/build-tools
PATH: /Users/osx/.rvm/bin


## ----------- ##
## Core tests. ##
## ----------- ##

configure:2608: loading site script /Users/Shared/xbmc-depends/buildtools-native/share/config.site
| LD="${LD:-/Applications/Xcode.app/Contents/Developer/usr/bin/ld}"
| CC="${CC:-/Applications/Xcode.app/Contents/Developer/usr/bin/gcc}"
| CXX="${CXX:-/Applications/Xcode.app/Contents/Developer/usr/bin/g++}"
| AR="${AR:-/usr/bin/ar}"
| RANLIB="${RANLIB:-/usr/bin/ranlib}"
| AS="${AS:-/usr/bin/as}"
| NM="${NM:-/usr/bin/nm}"
| STRIP="${STRIP:-/usr/bin/strip}"
| READELF="${READELF:-readelf}"
| OBJDUMP="${OBJDUMP:-objdump}"
| 
| CFLAGS="-I/Users/Shared/xbmc-depends/buildtools-native/include $CFLAGS"
| LDFLAGS="-L/Users/Shared/xbmc-depends/buildtools-native/lib $LDFLAGS"
| CPPFLAGS="-I/Users/Shared/xbmc-depends/buildtools-native/include $CPPFLAGS"
| CXXFLAGS="-I/Users/Shared/xbmc-depends/buildtools-native/include $CXXFLAGS"
| 
| PKG_CONFIG=/Users/Shared/xbmc-depends/buildtools-native/bin/pkg-config
| export PKG_CONFIG_LIBDIR=/Users/Shared/xbmc-depends/buildtools-native/lib/pkgconfig
| 
| PATH=/Users/Shared/xbmc-depends/buildtools-native/bin:$PATH
| if test -n "/Applications/Xcode.app/Contents/Developer"; then
|   PATH=/Applications/Xcode.app/Contents/Developer/usr/bin:/Applications/Xcode.app/Contents/Developer/bin:$PATH
| fi
| 
| LD_LIBRARY_PATH=/Users/Shared/xbmc-depends/buildtools-native/lib:$LD_LIBRARY_PATH
| NASM=/Users/Shared/xbmc-depends/buildtools-native/bin/yasm
configure:2745: checking build system type
configure:2759: result: x86_64-apple-darwin14.5.0
configure:2779: checking host system type
configure:2792: result: x86_64-apple-darwin14.5.0
configure:2829: checking for a BSD-compatible install
configure:2897: result: /usr/bin/install -c
configure:2908: checking whether build environment is sane
configure:2963: result: yes
configure:3114: checking for a thread-safe mkdir -p
configure:3153: result: config/install-sh -c -d
configure:3160: checking for gawk
configure:3190: result: no
configure:3160: checking for mawk
configure:3190: result: no
configure:3160: checking for nawk
configure:3190: result: no
configure:3160: checking for awk
configure:3176: found /usr/bin/awk
configure:3187: result: awk
configure:3198: checking whether make sets $(MAKE)
configure:3220: result: yes
configure:3307: checking whether to enable maintainer-specific portions of Makefiles
configure:3316: result: no
configure:3359: checking whether build environment is sane
configure:3414: result: yes
configure:3475: checking for gcc
configure:3502: result: /Applications/Xcode.app/Contents/Developer/usr/bin/gcc
configure:3731: checking for C compiler version
configure:3740: /Applications/Xcode.app/Contents/Developer/usr/bin/gcc --version >&5
Apple LLVM version 7.0.2 (clang-700.1.81)
Target: x86_64-apple-darwin14.5.0
Thread model: posix
Configured with: --prefix=/Applications/Xcode.app/Contents/Developer/usr --with-gxx-include-dir=/usr/include/c++/4.2.1
configure:3751: $? = 0
configure:3740: /Applications/Xcode.app/Contents/Developer/usr/bin/gcc -v >&5
Configured with: --prefix=/Applications/Xcode.app/Contents/Developer/usr --with-gxx-include-dir=/usr/include/c++/4.2.1
Apple LLVM version 7.0.2 (clang-700.1.81)
Target: x86_64-apple-darwin14.5.0
Thread model: posix
configure:3751: $? = 0
configure:3740: /Applications/Xcode.app/Contents/Developer/usr/bin/gcc -V >&5
clang: error: argument to '-V' is missing (expected 1 value)
clang: error: no input files
configure:3751: $? = 1
configure:3740: /Applications/Xcode.app/Contents/Developer/usr/bin/gcc -qversion >&5
clang: error: unknown argument: '-qversion'
clang: error: no input files
configure:3751: $? = 1
configure:3771: checking whether the C compiler works
configure:3793: /Applications/Xcode.app/Contents/Developer/usr/bin/gcc -I/Users/Shared/xbmc-depends/buildtools-native/include  -I/Users/Shared/xbmc-depends/buildtools-native/include  -L/Users/Shared/xbmc-depends/buildtools-native/lib  conftest.c  >&5
configure:3797: $? = 0
configure:3845: result: yes
configure:3848: checking for C compiler default output file name
configure:3850: result: a.out
configure:3856: checking for suffix of executables
configure:3863: /Applications/Xcode.app/Contents/Developer/usr/bin/gcc -o conftest -I/Users/Shared/xbmc-depends/buildtools-native/include  -I/Users/Shared/xbmc-depends/buildtools-native/include  -L/Users/Shared/xbmc-depends/buildtools-native/lib  conftest.c  >&5
configure:3867: $? = 0
configure:3889: result: 
configure:3911: checking whether we are cross compiling
configure:3919: /Applications/Xcode.app/Contents/Developer/usr/bin/gcc -o conftest -I/Users/Shared/xbmc-depends/buildtools-native/include  -I/Users/Shared/xbmc-depends/buildtools-native/include  -L/Users/Shared/xbmc-depends/buildtools-native/lib  conftest.c  >&5
configure:3923: $? = 0
configure:3930: ./conftest
configure:3934: $? = 0
configure:3949: result: no
configure:3954: checking for suffix of object files
configure:3976: /Applications/Xcode.app/Contents/Developer/usr/bin/gcc -c -I/Users/Shared/xbmc-depends/buildtools-native/include  -I/Users/Shared/xbmc-depends/buildtools-native/include  conftest.c >&5
configure:3980: $? = 0
configure:4001: result: o
configure:4005: checking whether we are using the GNU C compiler
configure:4024: /Applications/Xcode.app/Contents/Developer/usr/bin/gcc -c -I/Users/Shared/xbmc-depends/buildtools-native/include  -I/Users/Shared/xbmc-depends/buildtools-native/include  conftest.c >&5
configure:4024: $? = 0
configure:4033: result: yes
configure:4042: checking whether /Applications/Xcode.app/Contents/Developer/usr/bin/gcc accepts -g
configure:4062: /Applications/Xcode.app/Contents/Developer/usr/bin/gcc -c -g -I/Users/Shared/xbmc-depends/buildtools-native/include  conftest.c >&5
configure:4062: $? = 0
configure:4103: result: yes
configure:4120: checking for /Applications/Xcode.app/Contents/Developer/usr/bin/gcc option to accept ISO C89
configure:4183: /Applications/Xcode.app/Contents/Developer/usr/bin/gcc  -c -I/Users/Shared/xbmc-depends/buildtools-native/include  -I/Users/Shared/xbmc-depends/buildtools-native/include  conftest.c >&5
configure:4183: $? = 0
configure:4196: result: none needed
configure:4227: checking for style of include used by make
configure:4255: result: GNU
configure:4281: checking dependency style of /Applications/Xcode.app/Contents/Developer/usr/bin/gcc
configure:4392: result: gcc3
configure:4411: checking for /Applications/Xcode.app/Contents/Developer/usr/bin/gcc option to accept ISO C99
configure:4560: /Applications/Xcode.app/Contents/Developer/usr/bin/gcc  -c -I/Users/Shared/xbmc-depends/buildtools-native/include  -I/Users/Shared/xbmc-depends/buildtools-native/include  conftest.c >&5
configure:4560: $? = 0
configure:4573: result: none needed
configure:4681: checking for /Applications/Xcode.app/Contents/Developer/usr/bin/gcc option to accept ISO Standard C
configure:4692: result: none needed
configure:4704: checking how to run the C preprocessor
configure:4735: /Applications/Xcode.app/Contents/Developer/usr/bin/gcc -E -I/Users/Shared/xbmc-depends/buildtools-native/include  conftest.c
configure:4735: $? = 0
configure:4749: /Applications/Xcode.app/Contents/Developer/usr/bin/gcc -E -I/Users/Shared/xbmc-depends/buildtools-native/include  conftest.c
conftest.c:11:10: fatal error: 'ac_nonexistent.h' file not found
#include <ac_nonexistent.h>
         ^
1 error generated.
configure:4749: $? = 1
configure: failed program was:
| /* confdefs.h */
| #define PACKAGE_NAME "LibTIFF Software"
| #define PACKAGE_TARNAME "tiff"
| #define PACKAGE_VERSION "3.9.7"
| #define PACKAGE_STRING "LibTIFF Software 3.9.7"
| #define PACKAGE_BUGREPORT "tiff@lists.maptools.org"
| #define PACKAGE_URL ""
| #define PACKAGE "tiff"
| #define VERSION "3.9.7"
| /* end confdefs.h.  */
| #include <ac_nonexistent.h>
configure:4774: result: /Applications/Xcode.app/Contents/Developer/usr/bin/gcc -E
configure:4794: /Applications/Xcode.app/Contents/Developer/usr/bin/gcc -E -I/Users/Shared/xbmc-depends/buildtools-native/include  conftest.c
configure:4794: $? = 0
configure:4808: /Applications/Xcode.app/Contents/Developer/usr/bin/gcc -E -I/Users/Shared/xbmc-depends/buildtools-native/include  conftest.c
conftest.c:11:10: fatal error: 'ac_nonexistent.h' file not found
#include <ac_nonexistent.h>
         ^
1 error generated.
configure:4808: $? = 1
configure: failed program was:
| /* confdefs.h */
| #define PACKAGE_NAME "LibTIFF Software"
| #define PACKAGE_TARNAME "tiff"
| #define PACKAGE_VERSION "3.9.7"
| #define PACKAGE_STRING "LibTIFF Software 3.9.7"
| #define PACKAGE_BUGREPORT "tiff@lists.maptools.org"
| #define PACKAGE_URL ""
| #define PACKAGE "tiff"
| #define VERSION "3.9.7"
| /* end confdefs.h.  */
| #include <ac_nonexistent.h>
configure:4836: checking for a sed that does not truncate output
configure:4900: result: /usr/bin/sed
configure:4918: checking for grep that handles long lines and -e
configure:4976: result: /usr/bin/grep
configure:4981: checking for egrep
configure:5043: result: /usr/bin/grep -E
configure:5048: checking for fgrep
configure:5110: result: /usr/bin/grep -F
configure:5137: checking how to print strings
configure:5164: result: printf
configure:5197: checking for ld used by /Applications/Xcode.app/Contents/Developer/usr/bin/gcc
configure:5264: result: /Applications/Xcode.app/Contents/Developer/usr/bin/ld
configure:5271: checking if the linker (/Applications/Xcode.app/Contents/Developer/usr/bin/ld) is GNU ld
configure:5286: result: no
configure:5300: checking whether /Applications/Xcode.app/Contents/Developer/usr/bin/gcc and cc understand -c and -o together
configure:5331: /Applications/Xcode.app/Contents/Developer/usr/bin/gcc -c conftest.c -o conftest2.o >&5
configure:5335: $? = 0
configure:5341: /Applications/Xcode.app/Contents/Developer/usr/bin/gcc -c conftest.c -o conftest2.o >&5
configure:5345: $? = 0
configure:5356: cc -c conftest.c >&5
configure:5360: $? = 0
configure:5368: cc -c conftest.c -o conftest2.o >&5
configure:5372: $? = 0
configure:5378: cc -c conftest.c -o conftest2.o >&5
configure:5382: $? = 0
configure:5400: result: yes
configure:5437: checking for ld used by /Applications/Xcode.app/Contents/Developer/usr/bin/gcc
configure:5504: result: /Applications/Xcode.app/Contents/Developer/usr/bin/ld
configure:5511: checking if the linker (/Applications/Xcode.app/Contents/Developer/usr/bin/ld) is GNU ld
configure:5526: result: no
configure:5543: checking for C compiler warning flags
configure:5635: result: -Wall -W
configure:5639: checking whether make sets $(MAKE)
configure:5661: result: yes
configure:5670: checking whether ln -s works
configure:5674: result: yes
configure:5787: checking for BSD- or MS-compatible name lister (nm)
configure:5836: result: /usr/bin/nm
configure:5966: checking the name lister (/usr/bin/nm) interface
configure:5973: /Applications/Xcode.app/Contents/Developer/usr/bin/gcc -c -I/Users/Shared/xbmc-depends/buildtools-native/include  -Wall -W -I/Users/Shared/xbmc-depends/buildtools-native/include  conftest.c >&5
configure:5976: /usr/bin/nm "conftest.o"
configure:5979: output
0000000000000000 S _some_variable
configure:5986: result: BSD nm
configure:5990: checking the maximum length of command line arguments
configure:6120: result: 196608
configure:6137: checking whether the shell understands some XSI constructs
configure:6147: result: yes
configure:6151: checking whether the shell understands "+="
configure:6157: result: yes
configure:6192: checking how to convert x86_64-apple-darwin14.5.0 file names to x86_64-apple-darwin14.5.0 format
configure:6232: result: func_convert_file_noop
configure:6239: checking how to convert x86_64-apple-darwin14.5.0 file names to toolchain format
configure:6259: result: func_convert_file_noop
configure:6266: checking for /Applications/Xcode.app/Contents/Developer/usr/bin/ld option to reload object files
configure:6273: result: -r
configure:6347: checking for objdump
configure:6374: result: objdump
configure:6403: checking how to recognize dependent libraries
configure:6605: result: pass_all
configure:6690: checking for dlltool
configure:6720: result: no
configure:6747: checking how to associate runtime and link libraries
configure:6774: result: printf %s\n
configure:6898: checking for archiver @FILE support
configure:6915: /Applications/Xcode.app/Contents/Developer/usr/bin/gcc -c -I/Users/Shared/xbmc-depends/buildtools-native/include  -Wall -W -I/Users/Shared/xbmc-depends/buildtools-native/include  conftest.c >&5
configure:6915: $? = 0
configure:6918: /usr/bin/ar cru libconftest.a @conftest.lst >&5
ar: @conftest.lst: No such file or directory
configure:6921: $? = 1
configure:6941: result: no
configure:6999: checking for strip
configure:7026: result: /usr/bin/strip
configure:7098: checking for ranlib
configure:7125: result: /usr/bin/ranlib
configure:7227: checking command to parse /usr/bin/nm output from /Applications/Xcode.app/Contents/Developer/usr/bin/gcc object
configure:7347: /Applications/Xcode.app/Contents/Developer/usr/bin/gcc -c -I/Users/Shared/xbmc-depends/buildtools-native/include  -Wall -W -I/Users/Shared/xbmc-depends/buildtools-native/include  conftest.c >&5
configure:7350: $? = 0
configure:7354: /usr/bin/nm conftest.o \| sed -n -e 's/^.*[ ]\([BCDEGRST][BCDEGRST]*\)[ ][ ]*\([_A-Za-z][_A-Za-z0-9]*\)$/\1 \2 \2/p' | sed '/ __gnu_lto/d' \> conftest.nm
configure:7357: $? = 0
cannot find nm_test_var in conftest.nm
configure:7347: /Applications/Xcode.app/Contents/Developer/usr/bin/gcc -c -I/Users/Shared/xbmc-depends/buildtools-native/include  -Wall -W -I/Users/Shared/xbmc-depends/buildtools-native/include  conftest.c >&5
configure:7350: $? = 0
configure:7354: /usr/bin/nm conftest.o \| sed -n -e 's/^.*[ ]\([BCDEGRST][BCDEGRST]*\)[ ][ ]*_\([_A-Za-z][_A-Za-z0-9]*\)$/\1 _\2 \2/p' | sed '/ __gnu_lto/d' \> conftest.nm
configure:7357: $? = 0
configure:7423: /Applications/Xcode.app/Contents/Developer/usr/bin/gcc -o conftest -I/Users/Shared/xbmc-depends/buildtools-native/include  -Wall -W -I/Users/Shared/xbmc-depends/buildtools-native/include  -L/Users/Shared/xbmc-depends/buildtools-native/lib  conftest.c conftstm.o >&5
configure:7426: $? = 0
configure:7464: result: ok
configure:7501: checking for sysroot
configure:7531: result: no
configure:7787: checking for mt
configure:7817: result: no
configure:7837: checking if : is a manifest tool
configure:7843: : '-?'
configure:7851: result: no
configure:7907: checking for dsymutil
configure:7923: found /usr/bin/dsymutil
configure:7934: result: dsymutil
configure:7999: checking for nmedit
configure:8015: found /usr/bin/nmedit
configure:8026: result: nmedit
configure:8091: checking for lipo
configure:8107: found /usr/bin/lipo
configure:8118: result: lipo
configure:8183: checking for otool
configure:8199: found /usr/bin/otool
configure:8210: result: otool
configure:8275: checking for otool64
configure:8305: result: no
configure:8350: checking for -single_module linker flag
/Applications/Xcode.app/Contents/Developer/usr/bin/gcc -I/Users/Shared/xbmc-depends/buildtools-native/include  -Wall -W -L/Users/Shared/xbmc-depends/buildtools-native/lib  -o libconftest.dylib -dynamiclib -Wl,-single_module conftest.c
configure:8383: result: yes
configure:8386: checking for -exported_symbols_list linker flag
configure:8406: /Applications/Xcode.app/Contents/Developer/usr/bin/gcc -o conftest -I/Users/Shared/xbmc-depends/buildtools-native/include  -Wall -W -I/Users/Shared/xbmc-depends/buildtools-native/include  -L/Users/Shared/xbmc-depends/buildtools-native/lib  -Wl,-exported_symbols_list,conftest.sym conftest.c  >&5
configure:8406: $? = 0
configure:8416: result: yes
configure:8419: checking for -force_load linker flag
/Applications/Xcode.app/Contents/Developer/usr/bin/gcc -I/Users/Shared/xbmc-depends/buildtools-native/include  -Wall -W -c -o conftest.o conftest.c
/usr/bin/ar cru libconftest.a conftest.o
/usr/bin/ranlib libconftest.a
/Applications/Xcode.app/Contents/Developer/usr/bin/gcc -I/Users/Shared/xbmc-depends/buildtools-native/include  -Wall -W -L/Users/Shared/xbmc-depends/buildtools-native/lib  -o conftest conftest.c -Wl,-force_load,./libconftest.a
configure:8451: result: yes
configure:8489: checking for ANSI C header files
configure:8509: /Applications/Xcode.app/Contents/Developer/usr/bin/gcc -c -I/Users/Shared/xbmc-depends/buildtools-native/include  -Wall -W -I/Users/Shared/xbmc-depends/buildtools-native/include  conftest.c >&5
configure:8509: $? = 0
configure:8582: /Applications/Xcode.app/Contents/Developer/usr/bin/gcc -o conftest -I/Users/Shared/xbmc-depends/buildtools-native/include  -Wall -W -I/Users/Shared/xbmc-depends/buildtools-native/include  -L/Users/Shared/xbmc-depends/buildtools-native/lib  conftest.c  >&5
configure:8582: $? = 0
configure:8582: ./conftest
configure:8582: $? = 0
configure:8593: result: yes
configure:8606: checking for sys/types.h
configure:8606: /Applications/Xcode.app/Contents/Developer/usr/bin/gcc -c -I/Users/Shared/xbmc-depends/buildtools-native/include  -Wall -W -I/Users/Shared/xbmc-depends/buildtools-native/include  conftest.c >&5
configure:8606: $? = 0
configure:8606: result: yes
configure:8606: checking for sys/stat.h
configure:8606: /Applications/Xcode.app/Contents/Developer/usr/bin/gcc -c -I/Users/Shared/xbmc-depends/buildtools-native/include  -Wall -W -I/Users/Shared/xbmc-depends/buildtools-native/include  conftest.c >&5
configure:8606: $? = 0
configure:8606: result: yes
configure:8606: checking for stdlib.h
configure:8606: /Applications/Xcode.app/Contents/Developer/usr/bin/gcc -c -I/Users/Shared/xbmc-depends/buildtools-native/include  -Wall -W -I/Users/Shared/xbmc-depends/buildtools-native/include  conftest.c >&5
configure:8606: $? = 0
configure:8606: result: yes
configure:8606: checking for string.h
configure:8606: /Applications/Xcode.app/Contents/Developer/usr/bin/gcc -c -I/Users/Shared/xbmc-depends/buildtools-native/include  -Wall -W -I/Users/Shared/xbmc-depends/buildtools-native/include  conftest.c >&5
configure:8606: $? = 0
configure:8606: result: yes
configure:8606: checking for memory.h
configure:8606: /Applications/Xcode.app/Contents/Developer/usr/bin/gcc -c -I/Users/Shared/xbmc-depends/buildtools-native/include  -Wall -W -I/Users/Shared/xbmc-depends/buildtools-native/include  conftest.c >&5
configure:8606: $? = 0
configure:8606: result: yes
configure:8606: checking for strings.h
configure:8606: /Applications/Xcode.app/Contents/Developer/usr/bin/gcc -c -I/Users/Shared/xbmc-depends/buildtools-native/include  -Wall -W -I/Users/Shared/xbmc-depends/buildtools-native/include  conftest.c >&5
configure:8606: $? = 0
configure:8606: result: yes
configure:8606: checking for inttypes.h
configure:8606: /Applications/Xcode.app/Contents/Developer/usr/bin/gcc -c -I/Users/Shared/xbmc-depends/buildtools-native/include  -Wall -W -I/Users/Shared/xbmc-depends/buildtools-native/include  conftest.c >&5
configure:8606: $? = 0
configure:8606: result: yes
configure:8606: checking for stdint.h
configure:8606: /Applications/Xcode.app/Contents/Developer/usr/bin/gcc -c -I/Users/Shared/xbmc-depends/buildtools-native/include  -Wall -W -I/Users/Shared/xbmc-depends/buildtools-native/include  conftest.c >&5
configure:8606: $? = 0
configure:8606: result: yes
configure:8606: checking for unistd.h
configure:8606: /Applications/Xcode.app/Contents/Developer/usr/bin/gcc -c -I/Users/Shared/xbmc-depends/buildtools-native/include  -Wall -W -I/Users/Shared/xbmc-depends/buildtools-native/include  conftest.c >&5
configure:8606: $? = 0
configure:8606: result: yes
configure:8620: checking for dlfcn.h
configure:8620: /Applications/Xcode.app/Contents/Developer/usr/bin/gcc -c -I/Users/Shared/xbmc-depends/buildtools-native/include  -Wall -W -I/Users/Shared/xbmc-depends/buildtools-native/include  conftest.c >&5
configure:8620: $? = 0
configure:8620: result: yes
configure:9124: checking for objdir
configure:9139: result: .libs
configure:9410: checking if /Applications/Xcode.app/Contents/Developer/usr/bin/gcc supports -fno-rtti -fno-exceptions
configure:9428: /Applications/Xcode.app/Contents/Developer/usr/bin/gcc -c -I/Users/Shared/xbmc-depends/buildtools-native/include  -Wall -W -I/Users/Shared/xbmc-depends/buildtools-native/include  -fno-rtti -fno-exceptions conftest.c >&5
configure:9432: $? = 0
configure:9445: result: yes
configure:9772: checking for /Applications/Xcode.app/Contents/Developer/usr/bin/gcc option to produce PIC
configure:9779: result: -fno-common -DPIC
configure:9787: checking if /Applications/Xcode.app/Contents/Developer/usr/bin/gcc PIC flag -fno-common -DPIC works
configure:9805: /Applications/Xcode.app/Contents/Developer/usr/bin/gcc -c -I/Users/Shared/xbmc-depends/buildtools-native/include  -Wall -W -I/Users/Shared/xbmc-depends/buildtools-native/include  -fno-common -DPIC -DPIC conftest.c >&5
configure:9809: $? = 0
configure:9822: result: yes
configure:9851: checking if /Applications/Xcode.app/Contents/Developer/usr/bin/gcc static flag -static works
configure:9879: result: no
configure:9894: checking if /Applications/Xcode.app/Contents/Developer/usr/bin/gcc supports -c -o file.o
configure:9915: /Applications/Xcode.app/Contents/Developer/usr/bin/gcc -c -I/Users/Shared/xbmc-depends/buildtools-native/include  -Wall -W -I/Users/Shared/xbmc-depends/buildtools-native/include  -o out/conftest2.o conftest.c >&5
configure:9919: $? = 0
configure:9941: result: yes
configure:9949: checking if /Applications/Xcode.app/Contents/Developer/usr/bin/gcc supports -c -o file.o
configure:9996: result: yes
configure:10029: checking whether the /Applications/Xcode.app/Contents/Developer/usr/bin/gcc linker (/Applications/Xcode.app/Contents/Developer/usr/bin/ld) supports shared libraries
configure:11182: result: yes
configure:11422: checking dynamic linker characteristics
configure:12155: result: darwin14.5.0 dyld
configure:12262: checking how to hardcode library paths into programs
configure:12287: result: immediate
configure:12827: checking whether stripping libraries is possible
configure:12841: result: yes
configure:12867: checking if libtool supports shared libraries
configure:12869: result: yes
configure:12872: checking whether to build shared libraries
configure:12893: result: yes
configure:12896: checking whether to build static libraries
configure:12900: result: yes
configure:13049: checking for C++ compiler version
configure:13058: /Applications/Xcode.app/Contents/Developer/usr/bin/g++ --version >&5
Apple LLVM version 7.0.2 (clang-700.1.81)
Target: x86_64-apple-darwin14.5.0
Thread model: posix
Configured with: --prefix=/Applications/Xcode.app/Contents/Developer/usr --with-gxx-include-dir=/usr/include/c++/4.2.1
configure:13069: $? = 0
configure:13058: /Applications/Xcode.app/Contents/Developer/usr/bin/g++ -v >&5
Configured with: --prefix=/Applications/Xcode.app/Contents/Developer/usr --with-gxx-include-dir=/usr/include/c++/4.2.1
Apple LLVM version 7.0.2 (clang-700.1.81)
Target: x86_64-apple-darwin14.5.0
Thread model: posix
configure:13069: $? = 0
configure:13058: /Applications/Xcode.app/Contents/Developer/usr/bin/g++ -V >&5
clang: error: argument to '-V' is missing (expected 1 value)
clang: error: no input files
configure:13069: $? = 1
configure:13058: /Applications/Xcode.app/Contents/Developer/usr/bin/g++ -qversion >&5
clang: error: unknown argument: '-qversion'
clang: error: no input files
configure:13069: $? = 1
configure:13073: checking whether we are using the GNU C++ compiler
configure:13092: /Applications/Xcode.app/Contents/Developer/usr/bin/g++ -c -I/Users/Shared/xbmc-depends/buildtools-native/include  -I/Users/Shared/xbmc-depends/buildtools-native/include  conftest.cpp >&5
configure:13092: $? = 0
configure:13101: result: yes
configure:13110: checking whether /Applications/Xcode.app/Contents/Developer/usr/bin/g++ accepts -g
configure:13130: /Applications/Xcode.app/Contents/Developer/usr/bin/g++ -c -g -I/Users/Shared/xbmc-depends/buildtools-native/include  conftest.cpp >&5
configure:13130: $? = 0
configure:13171: result: yes
configure:13196: checking dependency style of /Applications/Xcode.app/Contents/Developer/usr/bin/g++
configure:13307: result: gcc3
configure:13341: checking how to run the C++ preprocessor
configure:13368: /Applications/Xcode.app/Contents/Developer/usr/bin/g++ -E -I/Users/Shared/xbmc-depends/buildtools-native/include  conftest.cpp
configure:13368: $? = 0
configure:13382: /Applications/Xcode.app/Contents/Developer/usr/bin/g++ -E -I/Users/Shared/xbmc-depends/buildtools-native/include  conftest.cpp
conftest.cpp:23:10: fatal error: 'ac_nonexistent.h' file not found
#include <ac_nonexistent.h>
         ^
1 error generated.
configure:13382: $? = 1
configure: failed program was:
| /* confdefs.h */
| #define PACKAGE_NAME "LibTIFF Software"
| #define PACKAGE_TARNAME "tiff"
| #define PACKAGE_VERSION "3.9.7"
| #define PACKAGE_STRING "LibTIFF Software 3.9.7"
| #define PACKAGE_BUGREPORT "tiff@lists.maptools.org"
| #define PACKAGE_URL ""
| #define PACKAGE "tiff"
| #define VERSION "3.9.7"
| #define STDC_HEADERS 1
| #define HAVE_SYS_TYPES_H 1
| #define HAVE_SYS_STAT_H 1
| #define HAVE_STDLIB_H 1
| #define HAVE_STRING_H 1
| #define HAVE_MEMORY_H 1
| #define HAVE_STRINGS_H 1
| #define HAVE_INTTYPES_H 1
| #define HAVE_STDINT_H 1
| #define HAVE_UNISTD_H 1
| #define HAVE_DLFCN_H 1
| #define LT_OBJDIR ".libs/"
| /* end confdefs.h.  */
| #include <ac_nonexistent.h>
configure:13407: result: /Applications/Xcode.app/Contents/Developer/usr/bin/g++ -E
configure:13427: /Applications/Xcode.app/Contents/Developer/usr/bin/g++ -E -I/Users/Shared/xbmc-depends/buildtools-native/include  conftest.cpp
configure:13427: $? = 0
configure:13441: /Applications/Xcode.app/Contents/Developer/usr/bin/g++ -E -I/Users/Shared/xbmc-depends/buildtools-native/include  conftest.cpp
conftest.cpp:23:10: fatal error: 'ac_nonexistent.h' file not found
#include <ac_nonexistent.h>
         ^
1 error generated.
configure:13441: $? = 1
configure: failed program was:
| /* confdefs.h */
| #define PACKAGE_NAME "LibTIFF Software"
| #define PACKAGE_TARNAME "tiff"
| #define PACKAGE_VERSION "3.9.7"
| #define PACKAGE_STRING "LibTIFF Software 3.9.7"
| #define PACKAGE_BUGREPORT "tiff@lists.maptools.org"
| #define PACKAGE_URL ""
| #define PACKAGE "tiff"
| #define VERSION "3.9.7"
| #define STDC_HEADERS 1
| #define HAVE_SYS_TYPES_H 1
| #define HAVE_SYS_STAT_H 1
| #define HAVE_STDLIB_H 1
| #define HAVE_STRING_H 1
| #define HAVE_MEMORY_H 1
| #define HAVE_STRINGS_H 1
| #define HAVE_INTTYPES_H 1
| #define HAVE_STDINT_H 1
| #define HAVE_UNISTD_H 1
| #define HAVE_DLFCN_H 1
| #define LT_OBJDIR ".libs/"
| /* end confdefs.h.  */
| #include <ac_nonexistent.h>
configure:13610: checking for ld used by /Applications/Xcode.app/Contents/Developer/usr/bin/g++
configure:13677: result: /Applications/Xcode.app/Contents/Developer/usr/bin/ld
configure:13684: checking if the linker (/Applications/Xcode.app/Contents/Developer/usr/bin/ld) is GNU ld
configure:13699: result: no
configure:13754: checking whether the /Applications/Xcode.app/Contents/Developer/usr/bin/g++ linker (/Applications/Xcode.app/Contents/Developer/usr/bin/ld) supports shared libraries
configure:14759: result: yes
configure:14795: /Applications/Xcode.app/Contents/Developer/usr/bin/g++ -c -I/Users/Shared/xbmc-depends/buildtools-native/include  -I/Users/Shared/xbmc-depends/buildtools-native/include  conftest.cpp >&5
configure:14798: $? = 0
configure:15318: checking for /Applications/Xcode.app/Contents/Developer/usr/bin/g++ option to produce PIC
configure:15325: result: -fno-common -DPIC
configure:15333: checking if /Applications/Xcode.app/Contents/Developer/usr/bin/g++ PIC flag -fno-common -DPIC works
configure:15351: /Applications/Xcode.app/Contents/Developer/usr/bin/g++ -c -I/Users/Shared/xbmc-depends/buildtools-native/include  -I/Users/Shared/xbmc-depends/buildtools-native/include  -fno-common -DPIC -DPIC conftest.cpp >&5
configure:15355: $? = 0
configure:15368: result: yes
configure:15391: checking if /Applications/Xcode.app/Contents/Developer/usr/bin/g++ static flag -static works
configure:15419: result: no
configure:15431: checking if /Applications/Xcode.app/Contents/Developer/usr/bin/g++ supports -c -o file.o
configure:15452: /Applications/Xcode.app/Contents/Developer/usr/bin/g++ -c -I/Users/Shared/xbmc-depends/buildtools-native/include  -I/Users/Shared/xbmc-depends/buildtools-native/include  -o out/conftest2.o conftest.cpp >&5
configure:15456: $? = 0
configure:15478: result: yes
configure:15483: checking if /Applications/Xcode.app/Contents/Developer/usr/bin/g++ supports -c -o file.o
configure:15530: result: yes
configure:15560: checking whether the /Applications/Xcode.app/Contents/Developer/usr/bin/g++ linker (/Applications/Xcode.app/Contents/Developer/usr/bin/ld) supports shared libraries
configure:15596: result: yes
configure:15737: checking dynamic linker characteristics
configure:16404: result: darwin14.5.0 dyld
configure:16457: checking how to hardcode library paths into programs
configure:16482: result: immediate
configure:16535: checking whether make supports nested variables
configure:16552: result: yes
configure:16564: checking for main in -lc
configure:16583: /Applications/Xcode.app/Contents/Developer/usr/bin/gcc -o conftest -I/Users/Shared/xbmc-depends/buildtools-native/include  -Wall -W -I/Users/Shared/xbmc-depends/buildtools-native/include  -L/Users/Shared/xbmc-depends/buildtools-native/lib  conftest.c -lc   >&5
configure:16583: $? = 0
configure:16592: result: yes
configure:16659: checking assert.h usability
configure:16659: /Applications/Xcode.app/Contents/Developer/usr/bin/gcc -c -I/Users/Shared/xbmc-depends/buildtools-native/include  -Wall -W -I/Users/Shared/xbmc-depends/buildtools-native/include  conftest.c >&5
configure:16659: $? = 0
configure:16659: result: yes
configure:16659: checking assert.h presence
configure:16659: /Applications/Xcode.app/Contents/Developer/usr/bin/gcc -E -I/Users/Shared/xbmc-depends/buildtools-native/include  conftest.c
configure:16659: $? = 0
configure:16659: result: yes
configure:16659: checking for assert.h
configure:16659: result: yes
configure:16659: checking fcntl.h usability
configure:16659: /Applications/Xcode.app/Contents/Developer/usr/bin/gcc -c -I/Users/Shared/xbmc-depends/buildtools-native/include  -Wall -W -I/Users/Shared/xbmc-depends/buildtools-native/include  conftest.c >&5
configure:16659: $? = 0
configure:16659: result: yes
configure:16659: checking fcntl.h presence
configure:16659: /Applications/Xcode.app/Contents/Developer/usr/bin/gcc -E -I/Users/Shared/xbmc-depends/buildtools-native/include  conftest.c
configure:16659: $? = 0
configure:16659: result: yes
configure:16659: checking for fcntl.h
configure:16659: result: yes
configure:16659: checking io.h usability
configure:16659: /Applications/Xcode.app/Contents/Developer/usr/bin/gcc -c -I/Users/Shared/xbmc-depends/buildtools-native/include  -Wall -W -I/Users/Shared/xbmc-depends/buildtools-native/include  conftest.c >&5
conftest.c:59:10: fatal error: 'io.h' file not found
#include <io.h>
         ^
1 error generated.
configure:16659: $? = 1
configure: failed program was:
| /* confdefs.h */
| #define PACKAGE_NAME "LibTIFF Software"
| #define PACKAGE_TARNAME "tiff"
| #define PACKAGE_VERSION "3.9.7"
| #define PACKAGE_STRING "LibTIFF Software 3.9.7"
| #define PACKAGE_BUGREPORT "tiff@lists.maptools.org"
| #define PACKAGE_URL ""
| #define PACKAGE "tiff"
| #define VERSION "3.9.7"
| #define STDC_HEADERS 1
| #define HAVE_SYS_TYPES_H 1
| #define HAVE_SYS_STAT_H 1
| #define HAVE_STDLIB_H 1
| #define HAVE_STRING_H 1
| #define HAVE_MEMORY_H 1
| #define HAVE_STRINGS_H 1
| #define HAVE_INTTYPES_H 1
| #define HAVE_STDINT_H 1
| #define HAVE_UNISTD_H 1
| #define HAVE_DLFCN_H 1
| #define LT_OBJDIR ".libs/"
| #define HAVE_LIBC 1
| #define HAVE_ASSERT_H 1
| #define HAVE_FCNTL_H 1
| /* end confdefs.h.  */
| #include <stdio.h>
| #ifdef HAVE_SYS_TYPES_H
| # include <sys/types.h>
| #endif
| #ifdef HAVE_SYS_STAT_H
| # include <sys/stat.h>
| #endif
| #ifdef STDC_HEADERS
| # include <stdlib.h>
| # include <stddef.h>
| #else
| # ifdef HAVE_STDLIB_H
| #  include <stdlib.h>
| # endif
| #endif
| #ifdef HAVE_STRING_H
| # if !defined STDC_HEADERS && defined HAVE_MEMORY_H
| #  include <memory.h>
| # endif
| # include <string.h>
| #endif
| #ifdef HAVE_STRINGS_H
| # include <strings.h>
| #endif
| #ifdef HAVE_INTTYPES_H
| # include <inttypes.h>
| #endif
| #ifdef HAVE_STDINT_H
| # include <stdint.h>
| #endif
| #ifdef HAVE_UNISTD_H
| # include <unistd.h>
| #endif
| #include <io.h>
configure:16659: result: no
configure:16659: checking io.h presence
configure:16659: /Applications/Xcode.app/Contents/Developer/usr/bin/gcc -E -I/Users/Shared/xbmc-depends/buildtools-native/include  conftest.c
conftest.c:26:10: fatal error: 'io.h' file not found
#include <io.h>
         ^
1 error generated.
configure:16659: $? = 1
configure: failed program was:
| /* confdefs.h */
| #define PACKAGE_NAME "LibTIFF Software"
| #define PACKAGE_TARNAME "tiff"
| #define PACKAGE_VERSION "3.9.7"
| #define PACKAGE_STRING "LibTIFF Software 3.9.7"
| #define PACKAGE_BUGREPORT "tiff@lists.maptools.org"
| #define PACKAGE_URL ""
| #define PACKAGE "tiff"
| #define VERSION "3.9.7"
| #define STDC_HEADERS 1
| #define HAVE_SYS_TYPES_H 1
| #define HAVE_SYS_STAT_H 1
| #define HAVE_STDLIB_H 1
| #define HAVE_STRING_H 1
| #define HAVE_MEMORY_H 1
| #define HAVE_STRINGS_H 1
| #define HAVE_INTTYPES_H 1
| #define HAVE_STDINT_H 1
| #define HAVE_UNISTD_H 1
| #define HAVE_DLFCN_H 1
| #define LT_OBJDIR ".libs/"
| #define HAVE_LIBC 1
| #define HAVE_ASSERT_H 1
| #define HAVE_FCNTL_H 1
| /* end confdefs.h.  */
| #include <io.h>
configure:16659: result: no
configure:16659: checking for io.h
configure:16659: result: no
configure:16659: checking limits.h usability
configure:16659: /Applications/Xcode.app/Contents/Developer/usr/bin/gcc -c -I/Users/Shared/xbmc-depends/buildtools-native/include  -Wall -W -I/Users/Shared/xbmc-depends/buildtools-native/include  conftest.c >&5
configure:16659: $? = 0
configure:16659: result: yes
configure:16659: checking limits.h presence
configure:16659: /Applications/Xcode.app/Contents/Developer/usr/bin/gcc -E -I/Users/Shared/xbmc-depends/buildtools-native/include  conftest.c
configure:16659: $? = 0
configure:16659: result: yes
configure:16659: checking for limits.h
configure:16659: result: yes
configure:16659: checking malloc.h usability
configure:16659: /Applications/Xcode.app/Contents/Developer/usr/bin/gcc -c -I/Users/Shared/xbmc-depends/buildtools-native/include  -Wall -W -I/Users/Shared/xbmc-depends/buildtools-native/include  conftest.c >&5
conftest.c:60:10: fatal error: 'malloc.h' file not found
#include <malloc.h>
         ^
1 error generated.
configure:16659: $? = 1
configure: failed program was:
| /* confdefs.h */
| #define PACKAGE_NAME "LibTIFF Software"
| #define PACKAGE_TARNAME "tiff"
| #define PACKAGE_VERSION "3.9.7"
| #define PACKAGE_STRING "LibTIFF Software 3.9.7"
| #define PACKAGE_BUGREPORT "tiff@lists.maptools.org"
| #define PACKAGE_URL ""
| #define PACKAGE "tiff"
| #define VERSION "3.9.7"
| #define STDC_HEADERS 1
| #define HAVE_SYS_TYPES_H 1
| #define HAVE_SYS_STAT_H 1
| #define HAVE_STDLIB_H 1
| #define HAVE_STRING_H 1
| #define HAVE_MEMORY_H 1
| #define HAVE_STRINGS_H 1
| #define HAVE_INTTYPES_H 1
| #define HAVE_STDINT_H 1
| #define HAVE_UNISTD_H 1
| #define HAVE_DLFCN_H 1
| #define LT_OBJDIR ".libs/"
| #define HAVE_LIBC 1
| #define HAVE_ASSERT_H 1
| #define HAVE_FCNTL_H 1
| #define HAVE_LIMITS_H 1
| /* end confdefs.h.  */
| #include <stdio.h>
| #ifdef HAVE_SYS_TYPES_H
| # include <sys/types.h>
| #endif
| #ifdef HAVE_SYS_STAT_H
| # include <sys/stat.h>
| #endif
| #ifdef STDC_HEADERS
| # include <stdlib.h>
| # include <stddef.h>
| #else
| # ifdef HAVE_STDLIB_H
| #  include <stdlib.h>
| # endif
| #endif
| #ifdef HAVE_STRING_H
| # if !defined STDC_HEADERS && defined HAVE_MEMORY_H
| #  include <memory.h>
| # endif
| # include <string.h>
| #endif
| #ifdef HAVE_STRINGS_H
| # include <strings.h>
| #endif
| #ifdef HAVE_INTTYPES_H
| # include <inttypes.h>
| #endif
| #ifdef HAVE_STDINT_H
| # include <stdint.h>
| #endif
| #ifdef HAVE_UNISTD_H
| # include <unistd.h>
| #endif
| #include <malloc.h>
configure:16659: result: no
configure:16659: checking malloc.h presence
configure:16659: /Applications/Xcode.app/Contents/Developer/usr/bin/gcc -E -I/Users/Shared/xbmc-depends/buildtools-native/include  conftest.c
conftest.c:27:10: fatal error: 'malloc.h' file not found
#include <malloc.h>
         ^
1 error generated.
configure:16659: $? = 1
configure: failed program was:
| /* confdefs.h */
| #define PACKAGE_NAME "LibTIFF Software"
| #define PACKAGE_TARNAME "tiff"
| #define PACKAGE_VERSION "3.9.7"
| #define PACKAGE_STRING "LibTIFF Software 3.9.7"
| #define PACKAGE_BUGREPORT "tiff@lists.maptools.org"
| #define PACKAGE_URL ""
| #define PACKAGE "tiff"
| #define VERSION "3.9.7"
| #define STDC_HEADERS 1
| #define HAVE_SYS_TYPES_H 1
| #define HAVE_SYS_STAT_H 1
| #define HAVE_STDLIB_H 1
| #define HAVE_STRING_H 1
| #define HAVE_MEMORY_H 1
| #define HAVE_STRINGS_H 1
| #define HAVE_INTTYPES_H 1
| #define HAVE_STDINT_H 1
| #define HAVE_UNISTD_H 1
| #define HAVE_DLFCN_H 1
| #define LT_OBJDIR ".libs/"
| #define HAVE_LIBC 1
| #define HAVE_ASSERT_H 1
| #define HAVE_FCNTL_H 1
| #define HAVE_LIMITS_H 1
| /* end confdefs.h.  */
| #include <malloc.h>
configure:16659: result: no
configure:16659: checking for malloc.h
configure:16659: result: no
configure:16659: checking search.h usability
configure:16659: /Applications/Xcode.app/Contents/Developer/usr/bin/gcc -c -I/Users/Shared/xbmc-depends/buildtools-native/include  -Wall -W -I/Users/Shared/xbmc-depends/buildtools-native/include  conftest.c >&5
configure:16659: $? = 0
configure:16659: result: yes
configure:16659: checking search.h presence
configure:16659: /Applications/Xcode.app/Contents/Developer/usr/bin/gcc -E -I/Users/Shared/xbmc-depends/buildtools-native/include  conftest.c
configure:16659: $? = 0
configure:16659: result: yes
configure:16659: checking for search.h
configure:16659: result: yes
configure:16659: checking sys/time.h usability
configure:16659: /Applications/Xcode.app/Contents/Developer/usr/bin/gcc -c -I/Users/Shared/xbmc-depends/buildtools-native/include  -Wall -W -I/Users/Shared/xbmc-depends/buildtools-native/include  conftest.c >&5
configure:16659: $? = 0
configure:16659: result: yes
configure:16659: checking sys/time.h presence
configure:16659: /Applications/Xcode.app/Contents/Developer/usr/bin/gcc -E -I/Users/Shared/xbmc-depends/buildtools-native/include  conftest.c
configure:16659: $? = 0
configure:16659: result: yes
configure:16659: checking for sys/time.h
configure:16659: result: yes
configure:16659: checking for unistd.h
configure:16659: result: yes
configure:16670: checking for an ANSI C-conforming const
configure:16736: /Applications/Xcode.app/Contents/Developer/usr/bin/gcc -c -I/Users/Shared/xbmc-depends/buildtools-native/include  -Wall -W -I/Users/Shared/xbmc-depends/buildtools-native/include  conftest.c >&5
configure:16736: $? = 0
configure:16743: result: yes
configure:16751: checking for inline
configure:16767: /Applications/Xcode.app/Contents/Developer/usr/bin/gcc -c -I/Users/Shared/xbmc-depends/buildtools-native/include  -Wall -W -I/Users/Shared/xbmc-depends/buildtools-native/include  conftest.c >&5
conftest.c:32:21: warning: unused function 'static_foo' [-Wunused-function]
static inline foo_t static_foo () {return 0; }
                    ^
1 warning generated.
configure:16767: $? = 0
configure:16775: result: inline
configure:16793: checking whether byte ordering is bigendian
configure:16808: /Applications/Xcode.app/Contents/Developer/usr/bin/gcc -c -I/Users/Shared/xbmc-depends/buildtools-native/include  -Wall -W -I/Users/Shared/xbmc-depends/buildtools-native/include  conftest.c >&5
configure:16808: $? = 0
configure:16853: /Applications/Xcode.app/Contents/Developer/usr/bin/gcc -c -I/Users/Shared/xbmc-depends/buildtools-native/include  -Wall -W -I/Users/Shared/xbmc-depends/buildtools-native/include  conftest.c >&5
configure:16853: $? = 0
configure:16871: /Applications/Xcode.app/Contents/Developer/usr/bin/gcc -c -I/Users/Shared/xbmc-depends/buildtools-native/include  -Wall -W -I/Users/Shared/xbmc-depends/buildtools-native/include  conftest.c >&5
conftest.c:37:4: error: use of undeclared identifier 'not'
                 not big endian
                 ^
1 error generated.
configure:16871: $? = 1
configure: failed program was:
| /* confdefs.h */
| #define PACKAGE_NAME "LibTIFF Software"
| #define PACKAGE_TARNAME "tiff"
| #define PACKAGE_VERSION "3.9.7"
| #define PACKAGE_STRING "LibTIFF Software 3.9.7"
| #define PACKAGE_BUGREPORT "tiff@lists.maptools.org"
| #define PACKAGE_URL ""
| #define PACKAGE "tiff"
| #define VERSION "3.9.7"
| #define STDC_HEADERS 1
| #define HAVE_SYS_TYPES_H 1
| #define HAVE_SYS_STAT_H 1
| #define HAVE_STDLIB_H 1
| #define HAVE_STRING_H 1
| #define HAVE_MEMORY_H 1
| #define HAVE_STRINGS_H 1
| #define HAVE_INTTYPES_H 1
| #define HAVE_STDINT_H 1
| #define HAVE_UNISTD_H 1
| #define HAVE_DLFCN_H 1
| #define LT_OBJDIR ".libs/"
| #define HAVE_LIBC 1
| #define HAVE_ASSERT_H 1
| #define HAVE_FCNTL_H 1
| #define HAVE_LIMITS_H 1
| #define HAVE_SEARCH_H 1
| #define HAVE_SYS_TIME_H 1
| #define HAVE_UNISTD_H 1
| /* end confdefs.h.  */
| #include <sys/types.h>
| 		#include <sys/param.h>
| 
| int
| main ()
| {
| #if BYTE_ORDER != BIG_ENDIAN
| 		 not big endian
| 		#endif
| 
|   ;
|   return 0;
| }
configure:16999: result: no
configure:17017: checking for off_t
configure:17017: /Applications/Xcode.app/Contents/Developer/usr/bin/gcc -c -I/Users/Shared/xbmc-depends/buildtools-native/include  -Wall -W -I/Users/Shared/xbmc-depends/buildtools-native/include  conftest.c >&5
configure:17017: $? = 0
configure:17017: /Applications/Xcode.app/Contents/Developer/usr/bin/gcc -c -I/Users/Shared/xbmc-depends/buildtools-native/include  -Wall -W -I/Users/Shared/xbmc-depends/buildtools-native/include  conftest.c >&5
conftest.c:66:20: error: expected expression
if (sizeof ((off_t)))
                   ^
1 error generated.
configure:17017: $? = 1
configure: failed program was:
| /* confdefs.h */
| #define PACKAGE_NAME "LibTIFF Software"
| #define PACKAGE_TARNAME "tiff"
| #define PACKAGE_VERSION "3.9.7"
| #define PACKAGE_STRING "LibTIFF Software 3.9.7"
| #define PACKAGE_BUGREPORT "tiff@lists.maptools.org"
| #define PACKAGE_URL ""
| #define PACKAGE "tiff"
| #define VERSION "3.9.7"
| #define STDC_HEADERS 1
| #define HAVE_SYS_TYPES_H 1
| #define HAVE_SYS_STAT_H 1
| #define HAVE_STDLIB_H 1
| #define HAVE_STRING_H 1
| #define HAVE_MEMORY_H 1
| #define HAVE_STRINGS_H 1
| #define HAVE_INTTYPES_H 1
| #define HAVE_STDINT_H 1
| #define HAVE_UNISTD_H 1
| #define HAVE_DLFCN_H 1
| #define LT_OBJDIR ".libs/"
| #define HAVE_LIBC 1
| #define HAVE_ASSERT_H 1
| #define HAVE_FCNTL_H 1
| #define HAVE_LIMITS_H 1
| #define HAVE_SEARCH_H 1
| #define HAVE_SYS_TIME_H 1
| #define HAVE_UNISTD_H 1
| /* end confdefs.h.  */
| #include <stdio.h>
| #ifdef HAVE_SYS_TYPES_H
| # include <sys/types.h>
| #endif
| #ifdef HAVE_SYS_STAT_H
| # include <sys/stat.h>
| #endif
| #ifdef STDC_HEADERS
| # include <stdlib.h>
| # include <stddef.h>
| #else
| # ifdef HAVE_STDLIB_H
| #  include <stdlib.h>
| # endif
| #endif
| #ifdef HAVE_STRING_H
| # if !defined STDC_HEADERS && defined HAVE_MEMORY_H
| #  include <memory.h>
| # endif
| # include <string.h>
| #endif
| #ifdef HAVE_STRINGS_H
| # include <strings.h>
| #endif
| #ifdef HAVE_INTTYPES_H
| # include <inttypes.h>
| #endif
| #ifdef HAVE_STDINT_H
| # include <stdint.h>
| #endif
| #ifdef HAVE_UNISTD_H
| # include <unistd.h>
| #endif
| int
| main ()
| {
| if (sizeof ((off_t)))
| 	    return 0;
|   ;
|   return 0;
| }
configure:17017: result: yes
configure:17028: checking for size_t
configure:17028: /Applications/Xcode.app/Contents/Developer/usr/bin/gcc -c -I/Users/Shared/xbmc-depends/buildtools-native/include  -Wall -W -I/Users/Shared/xbmc-depends/buildtools-native/include  conftest.c >&5
configure:17028: $? = 0
configure:17028: /Applications/Xcode.app/Contents/Developer/usr/bin/gcc -c -I/Users/Shared/xbmc-depends/buildtools-native/include  -Wall -W -I/Users/Shared/xbmc-depends/buildtools-native/include  conftest.c >&5
conftest.c:66:21: error: expected expression
if (sizeof ((size_t)))
                    ^
1 error generated.
configure:17028: $? = 1
configure: failed program was:
| /* confdefs.h */
| #define PACKAGE_NAME "LibTIFF Software"
| #define PACKAGE_TARNAME "tiff"
| #define PACKAGE_VERSION "3.9.7"
| #define PACKAGE_STRING "LibTIFF Software 3.9.7"
| #define PACKAGE_BUGREPORT "tiff@lists.maptools.org"
| #define PACKAGE_URL ""
| #define PACKAGE "tiff"
| #define VERSION "3.9.7"
| #define STDC_HEADERS 1
| #define HAVE_SYS_TYPES_H 1
| #define HAVE_SYS_STAT_H 1
| #define HAVE_STDLIB_H 1
| #define HAVE_STRING_H 1
| #define HAVE_MEMORY_H 1
| #define HAVE_STRINGS_H 1
| #define HAVE_INTTYPES_H 1
| #define HAVE_STDINT_H 1
| #define HAVE_UNISTD_H 1
| #define HAVE_DLFCN_H 1
| #define LT_OBJDIR ".libs/"
| #define HAVE_LIBC 1
| #define HAVE_ASSERT_H 1
| #define HAVE_FCNTL_H 1
| #define HAVE_LIMITS_H 1
| #define HAVE_SEARCH_H 1
| #define HAVE_SYS_TIME_H 1
| #define HAVE_UNISTD_H 1
| /* end confdefs.h.  */
| #include <stdio.h>
| #ifdef HAVE_SYS_TYPES_H
| # include <sys/types.h>
| #endif
| #ifdef HAVE_SYS_STAT_H
| # include <sys/stat.h>
| #endif
| #ifdef STDC_HEADERS
| # include <stdlib.h>
| # include <stddef.h>
| #else
| # ifdef HAVE_STDLIB_H
| #  include <stdlib.h>
| # endif
| #endif
| #ifdef HAVE_STRING_H
| # if !defined STDC_HEADERS && defined HAVE_MEMORY_H
| #  include <memory.h>
| # endif
| # include <string.h>
| #endif
| #ifdef HAVE_STRINGS_H
| # include <strings.h>
| #endif
| #ifdef HAVE_INTTYPES_H
| # include <inttypes.h>
| #endif
| #ifdef HAVE_STDINT_H
| # include <stdint.h>
| #endif
| #ifdef HAVE_UNISTD_H
| # include <unistd.h>
| #endif
| int
| main ()
| {
| if (sizeof ((size_t)))
| 	    return 0;
|   ;
|   return 0;
| }
configure:17028: result: yes
configure:17043: checking size of int
configure:17048: /Applications/Xcode.app/Contents/Developer/usr/bin/gcc -o conftest -I/Users/Shared/xbmc-depends/buildtools-native/include  -Wall -W -I/Users/Shared/xbmc-depends/buildtools-native/include  -L/Users/Shared/xbmc-depends/buildtools-native/lib  conftest.c -lc  >&5
configure:17048: $? = 0
configure:17048: ./conftest
configure:17048: $? = 0
configure:17062: result: 4
configure:17076: checking size of long
configure:17081: /Applications/Xcode.app/Contents/Developer/usr/bin/gcc -o conftest -I/Users/Shared/xbmc-depends/buildtools-native/include  -Wall -W -I/Users/Shared/xbmc-depends/buildtools-native/include  -L/Users/Shared/xbmc-depends/buildtools-native/lib  conftest.c -lc  >&5
configure:17081: $? = 0
configure:17081: ./conftest
configure:17081: $? = 0
configure:17095: result: 8
configure:17105: checking whether time.h and sys/time.h may both be included
configure:17125: /Applications/Xcode.app/Contents/Developer/usr/bin/gcc -c -I/Users/Shared/xbmc-depends/buildtools-native/include  -Wall -W -I/Users/Shared/xbmc-depends/buildtools-native/include  conftest.c >&5
configure:17125: $? = 0
configure:17132: result: yes
configure:17140: checking whether struct tm is in sys/time.h or time.h
configure:17160: /Applications/Xcode.app/Contents/Developer/usr/bin/gcc -c -I/Users/Shared/xbmc-depends/buildtools-native/include  -Wall -W -I/Users/Shared/xbmc-depends/buildtools-native/include  conftest.c >&5
configure:17160: $? = 0
configure:17167: result: time.h
configure:17175: checking for int8
configure:17175: /Applications/Xcode.app/Contents/Developer/usr/bin/gcc -c -I/Users/Shared/xbmc-depends/buildtools-native/include  -Wall -W -I/Users/Shared/xbmc-depends/buildtools-native/include  conftest.c >&5
conftest.c:42:13: error: use of undeclared identifier 'int8'; did you mean 'int'?
if (sizeof (int8))
            ^~~~
            int
conftest.c:42:13: error: expected expression
2 errors generated.
configure:17175: $? = 1
configure: failed program was:
| /* confdefs.h */
| #define PACKAGE_NAME "LibTIFF Software"
| #define PACKAGE_TARNAME "tiff"
| #define PACKAGE_VERSION "3.9.7"
| #define PACKAGE_STRING "LibTIFF Software 3.9.7"
| #define PACKAGE_BUGREPORT "tiff@lists.maptools.org"
| #define PACKAGE_URL ""
| #define PACKAGE "tiff"
| #define VERSION "3.9.7"
| #define STDC_HEADERS 1
| #define HAVE_SYS_TYPES_H 1
| #define HAVE_SYS_STAT_H 1
| #define HAVE_STDLIB_H 1
| #define HAVE_STRING_H 1
| #define HAVE_MEMORY_H 1
| #define HAVE_STRINGS_H 1
| #define HAVE_INTTYPES_H 1
| #define HAVE_STDINT_H 1
| #define HAVE_UNISTD_H 1
| #define HAVE_DLFCN_H 1
| #define LT_OBJDIR ".libs/"
| #define HAVE_LIBC 1
| #define HAVE_ASSERT_H 1
| #define HAVE_FCNTL_H 1
| #define HAVE_LIMITS_H 1
| #define HAVE_SEARCH_H 1
| #define HAVE_SYS_TIME_H 1
| #define HAVE_UNISTD_H 1
| #define SIZEOF_INT 4
| #define SIZEOF_LONG 8
| #define TIME_WITH_SYS_TIME 1
| /* end confdefs.h.  */
| 
| #if HAVE_INTTYPES_H
| # include <inttypes.h>
| #endif
| 
| 
| int
| main ()
| {
| if (sizeof (int8))
| 	 return 0;
|   ;
|   return 0;
| }
configure:17175: result: no
configure:17189: checking for int16
configure:17189: /Applications/Xcode.app/Contents/Developer/usr/bin/gcc -c -I/Users/Shared/xbmc-depends/buildtools-native/include  -Wall -W -I/Users/Shared/xbmc-depends/buildtools-native/include  conftest.c >&5
conftest.c:42:13: error: use of undeclared identifier 'int16'
if (sizeof (int16))
            ^
1 error generated.
configure:17189: $? = 1
configure: failed program was:
| /* confdefs.h */
| #define PACKAGE_NAME "LibTIFF Software"
| #define PACKAGE_TARNAME "tiff"
| #define PACKAGE_VERSION "3.9.7"
| #define PACKAGE_STRING "LibTIFF Software 3.9.7"
| #define PACKAGE_BUGREPORT "tiff@lists.maptools.org"
| #define PACKAGE_URL ""
| #define PACKAGE "tiff"
| #define VERSION "3.9.7"
| #define STDC_HEADERS 1
| #define HAVE_SYS_TYPES_H 1
| #define HAVE_SYS_STAT_H 1
| #define HAVE_STDLIB_H 1
| #define HAVE_STRING_H 1
| #define HAVE_MEMORY_H 1
| #define HAVE_STRINGS_H 1
| #define HAVE_INTTYPES_H 1
| #define HAVE_STDINT_H 1
| #define HAVE_UNISTD_H 1
| #define HAVE_DLFCN_H 1
| #define LT_OBJDIR ".libs/"
| #define HAVE_LIBC 1
| #define HAVE_ASSERT_H 1
| #define HAVE_FCNTL_H 1
| #define HAVE_LIMITS_H 1
| #define HAVE_SEARCH_H 1
| #define HAVE_SYS_TIME_H 1
| #define HAVE_UNISTD_H 1
| #define SIZEOF_INT 4
| #define SIZEOF_LONG 8
| #define TIME_WITH_SYS_TIME 1
| /* end confdefs.h.  */
| 
| #if HAVE_INTTYPES_H
| # include <inttypes.h>
| #endif
| 
| 
| int
| main ()
| {
| if (sizeof (int16))
| 	 return 0;
|   ;
|   return 0;
| }
configure:17189: result: no
configure:17203: checking for int32
configure:17203: /Applications/Xcode.app/Contents/Developer/usr/bin/gcc -c -I/Users/Shared/xbmc-depends/buildtools-native/include  -Wall -W -I/Users/Shared/xbmc-depends/buildtools-native/include  conftest.c >&5
conftest.c:42:13: error: use of undeclared identifier 'int32'
if (sizeof (int32))
            ^
1 error generated.
configure:17203: $? = 1
configure: failed program was:
| /* confdefs.h */
| #define PACKAGE_NAME "LibTIFF Software"
| #define PACKAGE_TARNAME "tiff"
| #define PACKAGE_VERSION "3.9.7"
| #define PACKAGE_STRING "LibTIFF Software 3.9.7"
| #define PACKAGE_BUGREPORT "tiff@lists.maptools.org"
| #define PACKAGE_URL ""
| #define PACKAGE "tiff"
| #define VERSION "3.9.7"
| #define STDC_HEADERS 1
| #define HAVE_SYS_TYPES_H 1
| #define HAVE_SYS_STAT_H 1
| #define HAVE_STDLIB_H 1
| #define HAVE_STRING_H 1
| #define HAVE_MEMORY_H 1
| #define HAVE_STRINGS_H 1
| #define HAVE_INTTYPES_H 1
| #define HAVE_STDINT_H 1
| #define HAVE_UNISTD_H 1
| #define HAVE_DLFCN_H 1
| #define LT_OBJDIR ".libs/"
| #define HAVE_LIBC 1
| #define HAVE_ASSERT_H 1
| #define HAVE_FCNTL_H 1
| #define HAVE_LIMITS_H 1
| #define HAVE_SEARCH_H 1
| #define HAVE_SYS_TIME_H 1
| #define HAVE_UNISTD_H 1
| #define SIZEOF_INT 4
| #define SIZEOF_LONG 8
| #define TIME_WITH_SYS_TIME 1
| /* end confdefs.h.  */
| 
| #if HAVE_INTTYPES_H
| # include <inttypes.h>
| #endif
| 
| 
| int
| main ()
| {
| if (sizeof (int32))
| 	 return 0;
|   ;
|   return 0;
| }
configure:17203: result: no
configure:17224: checking size of signed long
configure:17229: /Applications/Xcode.app/Contents/Developer/usr/bin/gcc -o conftest -I/Users/Shared/xbmc-depends/buildtools-native/include  -Wall -W -I/Users/Shared/xbmc-depends/buildtools-native/include  -L/Users/Shared/xbmc-depends/buildtools-native/lib  conftest.c -lc  >&5
configure:17229: $? = 0
configure:17229: ./conftest
configure:17229: $? = 0
configure:17243: result: 8
configure:17259: checking size of unsigned long
configure:17264: /Applications/Xcode.app/Contents/Developer/usr/bin/gcc -o conftest -I/Users/Shared/xbmc-depends/buildtools-native/include  -Wall -W -I/Users/Shared/xbmc-depends/buildtools-native/include  -L/Users/Shared/xbmc-depends/buildtools-native/lib  conftest.c -lc  >&5
configure:17264: $? = 0
configure:17264: ./conftest
configure:17264: $? = 0
configure:17278: result: 8
configure:17295: checking size of signed long long
configure:17300: /Applications/Xcode.app/Contents/Developer/usr/bin/gcc -o conftest -I/Users/Shared/xbmc-depends/buildtools-native/include  -Wall -W -I/Users/Shared/xbmc-depends/buildtools-native/include  -L/Users/Shared/xbmc-depends/buildtools-native/lib  conftest.c -lc  >&5
configure:17300: $? = 0
configure:17300: ./conftest
configure:17300: $? = 0
configure:17314: result: 8
configure:17332: checking size of unsigned long long
configure:17337: /Applications/Xcode.app/Contents/Developer/usr/bin/gcc -o conftest -I/Users/Shared/xbmc-depends/buildtools-native/include  -Wall -W -I/Users/Shared/xbmc-depends/buildtools-native/include  -L/Users/Shared/xbmc-depends/buildtools-native/lib  conftest.c -lc  >&5
configure:17337: $? = 0
configure:17337: ./conftest
configure:17337: $? = 0
configure:17351: result: 8
configure:17362: checking for signed 64-bit type
configure:17375: result: signed long
configure:17388: checking for unsigned 64-bit type
configure:17401: result: unsigned long
configure:17417: checking for floor
configure:17417: /Applications/Xcode.app/Contents/Developer/usr/bin/gcc -o conftest -I/Users/Shared/xbmc-depends/buildtools-native/include  -Wall -W -I/Users/Shared/xbmc-depends/buildtools-native/include  -L/Users/Shared/xbmc-depends/buildtools-native/lib  conftest.c -lc  >&5
conftest.c:64:6: warning: incompatible redeclaration of library function 'floor' [-Wincompatible-library-redeclaration]
char floor ();
     ^
conftest.c:64:6: note: 'floor' is a builtin with type 'double (double)'
1 warning generated.
configure:17417: $? = 0
configure:17417: result: yes
configure:17417: checking for isascii
configure:17417: /Applications/Xcode.app/Contents/Developer/usr/bin/gcc -o conftest -I/Users/Shared/xbmc-depends/buildtools-native/include  -Wall -W -I/Users/Shared/xbmc-depends/buildtools-native/include  -L/Users/Shared/xbmc-depends/buildtools-native/lib  conftest.c -lc  >&5
configure:17417: $? = 0
configure:17417: result: yes
configure:17417: checking for memmove
configure:17417: /Applications/Xcode.app/Contents/Developer/usr/bin/gcc -o conftest -I/Users/Shared/xbmc-depends/buildtools-native/include  -Wall -W -I/Users/Shared/xbmc-depends/buildtools-native/include  -L/Users/Shared/xbmc-depends/buildtools-native/lib  conftest.c -lc  >&5
conftest.c:66:6: warning: incompatible redeclaration of library function 'memmove' [-Wincompatible-library-redeclaration]
char memmove ();
     ^
conftest.c:66:6: note: 'memmove' is a builtin with type 'void *(void *, const void *, unsigned long)'
1 warning generated.
configure:17417: $? = 0
configure:17417: result: yes
configure:17417: checking for memset
configure:17417: /Applications/Xcode.app/Contents/Developer/usr/bin/gcc -o conftest -I/Users/Shared/xbmc-depends/buildtools-native/include  -Wall -W -I/Users/Shared/xbmc-depends/buildtools-native/include  -L/Users/Shared/xbmc-depends/buildtools-native/lib  conftest.c -lc  >&5
conftest.c:67:6: warning: incompatible redeclaration of library function 'memset' [-Wincompatible-library-redeclaration]
char memset ();
     ^
conftest.c:67:6: note: 'memset' is a builtin with type 'void *(void *, int, unsigned long)'
1 warning generated.
configure:17417: $? = 0
configure:17417: result: yes
configure:17417: checking for mmap
configure:17417: /Applications/Xcode.app/Contents/Developer/usr/bin/gcc -o conftest -I/Users/Shared/xbmc-depends/buildtools-native/include  -Wall -W -I/Users/Shared/xbmc-depends/buildtools-native/include  -L/Users/Shared/xbmc-depends/buildtools-native/lib  conftest.c -lc  >&5
configure:17417: $? = 0
configure:17417: result: yes
configure:17417: checking for pow
configure:17417: /Applications/Xcode.app/Contents/Developer/usr/bin/gcc -o conftest -I/Users/Shared/xbmc-depends/buildtools-native/include  -Wall -W -I/Users/Shared/xbmc-depends/buildtools-native/include  -L/Users/Shared/xbmc-depends/buildtools-native/lib  conftest.c -lc  >&5
conftest.c:69:6: warning: incompatible redeclaration of library function 'pow' [-Wincompatible-library-redeclaration]
char pow ();
     ^
conftest.c:69:6: note: 'pow' is a builtin with type 'double (double, double)'
1 warning generated.
configure:17417: $? = 0
configure:17417: result: yes
configure:17417: checking for setmode
configure:17417: /Applications/Xcode.app/Contents/Developer/usr/bin/gcc -o conftest -I/Users/Shared/xbmc-depends/buildtools-native/include  -Wall -W -I/Users/Shared/xbmc-depends/buildtools-native/include  -L/Users/Shared/xbmc-depends/buildtools-native/lib  conftest.c -lc  >&5
configure:17417: $? = 0
configure:17417: result: yes
configure:17417: checking for sqrt
configure:17417: /Applications/Xcode.app/Contents/Developer/usr/bin/gcc -o conftest -I/Users/Shared/xbmc-depends/buildtools-native/include  -Wall -W -I/Users/Shared/xbmc-depends/buildtools-native/include  -L/Users/Shared/xbmc-depends/buildtools-native/lib  conftest.c -lc  >&5
conftest.c:71:6: warning: incompatible redeclaration of library function 'sqrt' [-Wincompatible-library-redeclaration]
char sqrt ();
     ^
conftest.c:71:6: note: 'sqrt' is a builtin with type 'double (double)'
1 warning generated.
configure:17417: $? = 0
configure:17417: result: yes
configure:17417: checking for strchr
configure:17417: /Applications/Xcode.app/Contents/Developer/usr/bin/gcc -o conftest -I/Users/Shared/xbmc-depends/buildtools-native/include  -Wall -W -I/Users/Shared/xbmc-depends/buildtools-native/include  -L/Users/Shared/xbmc-depends/buildtools-native/lib  conftest.c -lc  >&5
conftest.c:72:6: warning: incompatible redeclaration of library function 'strchr' [-Wincompatible-library-redeclaration]
char strchr ();
     ^
conftest.c:72:6: note: 'strchr' is a builtin with type 'char *(const char *, int)'
1 warning generated.
configure:17417: $? = 0
configure:17417: result: yes
configure:17417: checking for strrchr
configure:17417: /Applications/Xcode.app/Contents/Developer/usr/bin/gcc -o conftest -I/Users/Shared/xbmc-depends/buildtools-native/include  -Wall -W -I/Users/Shared/xbmc-depends/buildtools-native/include  -L/Users/Shared/xbmc-depends/buildtools-native/lib  conftest.c -lc  >&5
conftest.c:73:6: warning: incompatible redeclaration of library function 'strrchr' [-Wincompatible-library-redeclaration]
char strrchr ();
     ^
conftest.c:73:6: note: 'strrchr' is a builtin with type 'char *(const char *, int)'
1 warning generated.
configure:17417: $? = 0
configure:17417: result: yes
configure:17417: checking for strstr
configure:17417: /Applications/Xcode.app/Contents/Developer/usr/bin/gcc -o conftest -I/Users/Shared/xbmc-depends/buildtools-native/include  -Wall -W -I/Users/Shared/xbmc-depends/buildtools-native/include  -L/Users/Shared/xbmc-depends/buildtools-native/lib  conftest.c -lc  >&5
conftest.c:74:6: warning: incompatible redeclaration of library function 'strstr' [-Wincompatible-library-redeclaration]
char strstr ();
     ^
conftest.c:74:6: note: 'strstr' is a builtin with type 'char *(const char *, const char *)'
1 warning generated.
configure:17417: $? = 0
configure:17417: result: yes
configure:17417: checking for strtol
configure:17417: /Applications/Xcode.app/Contents/Developer/usr/bin/gcc -o conftest -I/Users/Shared/xbmc-depends/buildtools-native/include  -Wall -W -I/Users/Shared/xbmc-depends/buildtools-native/include  -L/Users/Shared/xbmc-depends/buildtools-native/lib  conftest.c -lc  >&5
configure:17417: $? = 0
configure:17417: result: yes
configure:17427: checking for getopt
configure:17427: /Applications/Xcode.app/Contents/Developer/usr/bin/gcc -o conftest -I/Users/Shared/xbmc-depends/buildtools-native/include  -Wall -W -I/Users/Shared/xbmc-depends/buildtools-native/include  -L/Users/Shared/xbmc-depends/buildtools-native/lib  conftest.c -lc  >&5
configure:17427: $? = 0
configure:17427: result: yes
configure:17441: checking for strcasecmp
configure:17441: /Applications/Xcode.app/Contents/Developer/usr/bin/gcc -o conftest -I/Users/Shared/xbmc-depends/buildtools-native/include  -Wall -W -I/Users/Shared/xbmc-depends/buildtools-native/include  -L/Users/Shared/xbmc-depends/buildtools-native/lib  conftest.c -lc  >&5
conftest.c:77:6: warning: incompatible redeclaration of library function 'strcasecmp' [-Wincompatible-library-redeclaration]
char strcasecmp ();
     ^
conftest.c:77:6: note: 'strcasecmp' is a builtin with type 'int (const char *, const char *)'
1 warning generated.
configure:17441: $? = 0
configure:17441: result: yes
configure:17455: checking for strtoul
configure:17455: /Applications/Xcode.app/Contents/Developer/usr/bin/gcc -o conftest -I/Users/Shared/xbmc-depends/buildtools-native/include  -Wall -W -I/Users/Shared/xbmc-depends/buildtools-native/include  -L/Users/Shared/xbmc-depends/buildtools-native/lib  conftest.c -lc  >&5
configure:17455: $? = 0
configure:17455: result: yes
configure:17469: checking for lfind
configure:17469: /Applications/Xcode.app/Contents/Developer/usr/bin/gcc -o conftest -I/Users/Shared/xbmc-depends/buildtools-native/include  -Wall -W -I/Users/Shared/xbmc-depends/buildtools-native/include  -L/Users/Shared/xbmc-depends/buildtools-native/lib  conftest.c -lc  >&5
configure:17469: $? = 0
configure:17469: result: yes
configure:17484: checking native cpu bit order
configure:17489: result: lsb2msb
configure:17550: checking for special C compiler options needed for large files
configure:17595: result: no
configure:17601: checking for _FILE_OFFSET_BITS value needed for large files
configure:17626: /Applications/Xcode.app/Contents/Developer/usr/bin/gcc -c -I/Users/Shared/xbmc-depends/buildtools-native/include  -Wall -W -I/Users/Shared/xbmc-depends/buildtools-native/include  conftest.c >&5
configure:17626: $? = 0
configure:17658: result: no
configure:17888: checking for inflateEnd in -lz
configure:17913: /Applications/Xcode.app/Contents/Developer/usr/bin/gcc -o conftest -I/Users/Shared/xbmc-depends/buildtools-native/include  -Wall -W -I/Users/Shared/xbmc-depends/buildtools-native/include  -L/Users/Shared/xbmc-depends/buildtools-native/lib  conftest.c -lz  -lc  >&5
configure:17913: $? = 0
configure:17922: result: yes
configure:17937: checking zlib.h usability
configure:17937: /Applications/Xcode.app/Contents/Developer/usr/bin/gcc -c -I/Users/Shared/xbmc-depends/buildtools-native/include  -Wall -W -I/Users/Shared/xbmc-depends/buildtools-native/include  conftest.c >&5
configure:17937: $? = 0
configure:17937: result: yes
configure:17937: checking zlib.h presence
configure:17937: /Applications/Xcode.app/Contents/Developer/usr/bin/gcc -E -I/Users/Shared/xbmc-depends/buildtools-native/include  conftest.c
configure:17937: $? = 0
configure:17937: result: yes
configure:17937: checking for zlib.h
configure:17937: result: yes
configure:18012: checking for jpeg_read_scanlines in -ljpeg
configure:18037: /Applications/Xcode.app/Contents/Developer/usr/bin/gcc -o conftest -I/Users/Shared/xbmc-depends/buildtools-native/include  -Wall -W -I/Users/Shared/xbmc-depends/buildtools-native/include  -L/Users/Shared/xbmc-depends/buildtools-native/lib  conftest.c -ljpeg  -lz -lc  >&5
configure:18037: $? = 0
configure:18046: result: yes
configure:18061: checking jpeglib.h usability
configure:18061: /Applications/Xcode.app/Contents/Developer/usr/bin/gcc -c -I/Users/Shared/xbmc-depends/buildtools-native/include  -Wall -W -I/Users/Shared/xbmc-depends/buildtools-native/include  conftest.c >&5
configure:18061: $? = 0
configure:18061: result: yes
configure:18061: checking jpeglib.h presence
configure:18061: /Applications/Xcode.app/Contents/Developer/usr/bin/gcc -E -I/Users/Shared/xbmc-depends/buildtools-native/include  conftest.c
configure:18061: $? = 0
configure:18061: result: yes
configure:18061: checking for jpeglib.h
configure:18061: result: yes
configure:18136: checking for jbg_dec_init in -ljbig
configure:18161: /Applications/Xcode.app/Contents/Developer/usr/bin/gcc -o conftest -I/Users/Shared/xbmc-depends/buildtools-native/include  -Wall -W -I/Users/Shared/xbmc-depends/buildtools-native/include  -L/Users/Shared/xbmc-depends/buildtools-native/lib  conftest.c -ljbig  -ljpeg -lz -lc  >&5
ld: library not found for -ljbig
clang: error: linker command failed with exit code 1 (use -v to see invocation)
configure:18161: $? = 1
configure: failed program was:
| /* confdefs.h */
| #define PACKAGE_NAME "LibTIFF Software"
| #define PACKAGE_TARNAME "tiff"
| #define PACKAGE_VERSION "3.9.7"
| #define PACKAGE_STRING "LibTIFF Software 3.9.7"
| #define PACKAGE_BUGREPORT "tiff@lists.maptools.org"
| #define PACKAGE_URL ""
| #define PACKAGE "tiff"
| #define VERSION "3.9.7"
| #define STDC_HEADERS 1
| #define HAVE_SYS_TYPES_H 1
| #define HAVE_SYS_STAT_H 1
| #define HAVE_STDLIB_H 1
| #define HAVE_STRING_H 1
| #define HAVE_MEMORY_H 1
| #define HAVE_STRINGS_H 1
| #define HAVE_INTTYPES_H 1
| #define HAVE_STDINT_H 1
| #define HAVE_UNISTD_H 1
| #define HAVE_DLFCN_H 1
| #define LT_OBJDIR ".libs/"
| #define HAVE_LIBC 1
| #define HAVE_ASSERT_H 1
| #define HAVE_FCNTL_H 1
| #define HAVE_LIMITS_H 1
| #define HAVE_SEARCH_H 1
| #define HAVE_SYS_TIME_H 1
| #define HAVE_UNISTD_H 1
| #define SIZEOF_INT 4
| #define SIZEOF_LONG 8
| #define TIME_WITH_SYS_TIME 1
| #define SIZEOF_SIGNED_LONG 8
| #define SIZEOF_UNSIGNED_LONG 8
| #define SIZEOF_SIGNED_LONG_LONG 8
| #define SIZEOF_UNSIGNED_LONG_LONG 8
| #define TIFF_INT64_T signed long
| #define TIFF_INT64_FORMAT "%ld"
| #define TIFF_UINT64_T unsigned long
| #define TIFF_UINT64_FORMAT "%lu"
| #define HAVE_FLOOR 1
| #define HAVE_ISASCII 1
| #define HAVE_MEMMOVE 1
| #define HAVE_MEMSET 1
| #define HAVE_MMAP 1
| #define HAVE_POW 1
| #define HAVE_SETMODE 1
| #define HAVE_SQRT 1
| #define HAVE_STRCHR 1
| #define HAVE_STRRCHR 1
| #define HAVE_STRSTR 1
| #define HAVE_STRTOL 1
| #define HAVE_GETOPT 1
| #define HAVE_STRCASECMP 1
| #define HAVE_STRTOUL 1
| #define HAVE_LFIND 1
| #define HOST_FILLORDER FILLORDER_LSB2MSB
| #define HOST_BIGENDIAN 0
| #define HAVE_IEEEFP 1
| #define CCITT_SUPPORT 1
| #define PACKBITS_SUPPORT 1
| #define LZW_SUPPORT 1
| #define THUNDER_SUPPORT 1
| #define NEXT_SUPPORT 1
| #define LOGLUV_SUPPORT 1
| #define MDI_SUPPORT 1
| #define ZIP_SUPPORT 1
| #define PIXARLOG_SUPPORT 1
| #define JPEG_SUPPORT 1
| #define OJPEG_SUPPORT 1
| /* end confdefs.h.  */
| 
| /* Override any GCC internal prototype to avoid an error.
|    Use char because int might match the return type of a GCC
|    builtin and then its argument prototype would still apply.  */
| #ifdef __cplusplus
| extern "C"
| #endif
| char jbg_dec_init ();
| int
| main ()
| {
| return jbg_dec_init ();
|   ;
|   return 0;
| }
configure:18170: result: no
configure:18185: checking jbig.h usability
configure:18185: /Applications/Xcode.app/Contents/Developer/usr/bin/gcc -c -I/Users/Shared/xbmc-depends/buildtools-native/include  -Wall -W -I/Users/Shared/xbmc-depends/buildtools-native/include  conftest.c >&5
conftest.c:104:10: fatal error: 'jbig.h' file not found
#include <jbig.h>
         ^
1 error generated.
configure:18185: $? = 1
configure: failed program was:
| /* confdefs.h */
| #define PACKAGE_NAME "LibTIFF Software"
| #define PACKAGE_TARNAME "tiff"
| #define PACKAGE_VERSION "3.9.7"
| #define PACKAGE_STRING "LibTIFF Software 3.9.7"
| #define PACKAGE_BUGREPORT "tiff@lists.maptools.org"
| #define PACKAGE_URL ""
| #define PACKAGE "tiff"
| #define VERSION "3.9.7"
| #define STDC_HEADERS 1
| #define HAVE_SYS_TYPES_H 1
| #define HAVE_SYS_STAT_H 1
| #define HAVE_STDLIB_H 1
| #define HAVE_STRING_H 1
| #define HAVE_MEMORY_H 1
| #define HAVE_STRINGS_H 1
| #define HAVE_INTTYPES_H 1
| #define HAVE_STDINT_H 1
| #define HAVE_UNISTD_H 1
| #define HAVE_DLFCN_H 1
| #define LT_OBJDIR ".libs/"
| #define HAVE_LIBC 1
| #define HAVE_ASSERT_H 1
| #define HAVE_FCNTL_H 1
| #define HAVE_LIMITS_H 1
| #define HAVE_SEARCH_H 1
| #define HAVE_SYS_TIME_H 1
| #define HAVE_UNISTD_H 1
| #define SIZEOF_INT 4
| #define SIZEOF_LONG 8
| #define TIME_WITH_SYS_TIME 1
| #define SIZEOF_SIGNED_LONG 8
| #define SIZEOF_UNSIGNED_LONG 8
| #define SIZEOF_SIGNED_LONG_LONG 8
| #define SIZEOF_UNSIGNED_LONG_LONG 8
| #define TIFF_INT64_T signed long
| #define TIFF_INT64_FORMAT "%ld"
| #define TIFF_UINT64_T unsigned long
| #define TIFF_UINT64_FORMAT "%lu"
| #define HAVE_FLOOR 1
| #define HAVE_ISASCII 1
| #define HAVE_MEMMOVE 1
| #define HAVE_MEMSET 1
| #define HAVE_MMAP 1
| #define HAVE_POW 1
| #define HAVE_SETMODE 1
| #define HAVE_SQRT 1
| #define HAVE_STRCHR 1
| #define HAVE_STRRCHR 1
| #define HAVE_STRSTR 1
| #define HAVE_STRTOL 1
| #define HAVE_GETOPT 1
| #define HAVE_STRCASECMP 1
| #define HAVE_STRTOUL 1
| #define HAVE_LFIND 1
| #define HOST_FILLORDER FILLORDER_LSB2MSB
| #define HOST_BIGENDIAN 0
| #define HAVE_IEEEFP 1
| #define CCITT_SUPPORT 1
| #define PACKBITS_SUPPORT 1
| #define LZW_SUPPORT 1
| #define THUNDER_SUPPORT 1
| #define NEXT_SUPPORT 1
| #define LOGLUV_SUPPORT 1
| #define MDI_SUPPORT 1
| #define ZIP_SUPPORT 1
| #define PIXARLOG_SUPPORT 1
| #define JPEG_SUPPORT 1
| #define OJPEG_SUPPORT 1
| /* end confdefs.h.  */
| #include <stdio.h>
| #ifdef HAVE_SYS_TYPES_H
| # include <sys/types.h>
| #endif
| #ifdef HAVE_SYS_STAT_H
| # include <sys/stat.h>
| #endif
| #ifdef STDC_HEADERS
| # include <stdlib.h>
| # include <stddef.h>
| #else
| # ifdef HAVE_STDLIB_H
| #  include <stdlib.h>
| # endif
| #endif
| #ifdef HAVE_STRING_H
| # if !defined STDC_HEADERS && defined HAVE_MEMORY_H
| #  include <memory.h>
| # endif
| # include <string.h>
| #endif
| #ifdef HAVE_STRINGS_H
| # include <strings.h>
| #endif
| #ifdef HAVE_INTTYPES_H
| # include <inttypes.h>
| #endif
| #ifdef HAVE_STDINT_H
| # include <stdint.h>
| #endif
| #ifdef HAVE_UNISTD_H
| # include <unistd.h>
| #endif
| #include <jbig.h>
configure:18185: result: no
configure:18185: checking jbig.h presence
configure:18185: /Applications/Xcode.app/Contents/Developer/usr/bin/gcc -E -I/Users/Shared/xbmc-depends/buildtools-native/include  conftest.c
conftest.c:71:10: fatal error: 'jbig.h' file not found
#include <jbig.h>
         ^
1 error generated.
configure:18185: $? = 1
configure: failed program was:
| /* confdefs.h */
| #define PACKAGE_NAME "LibTIFF Software"
| #define PACKAGE_TARNAME "tiff"
| #define PACKAGE_VERSION "3.9.7"
| #define PACKAGE_STRING "LibTIFF Software 3.9.7"
| #define PACKAGE_BUGREPORT "tiff@lists.maptools.org"
| #define PACKAGE_URL ""
| #define PACKAGE "tiff"
| #define VERSION "3.9.7"
| #define STDC_HEADERS 1
| #define HAVE_SYS_TYPES_H 1
| #define HAVE_SYS_STAT_H 1
| #define HAVE_STDLIB_H 1
| #define HAVE_STRING_H 1
| #define HAVE_MEMORY_H 1
| #define HAVE_STRINGS_H 1
| #define HAVE_INTTYPES_H 1
| #define HAVE_STDINT_H 1
| #define HAVE_UNISTD_H 1
| #define HAVE_DLFCN_H 1
| #define LT_OBJDIR ".libs/"
| #define HAVE_LIBC 1
| #define HAVE_ASSERT_H 1
| #define HAVE_FCNTL_H 1
| #define HAVE_LIMITS_H 1
| #define HAVE_SEARCH_H 1
| #define HAVE_SYS_TIME_H 1
| #define HAVE_UNISTD_H 1
| #define SIZEOF_INT 4
| #define SIZEOF_LONG 8
| #define TIME_WITH_SYS_TIME 1
| #define SIZEOF_SIGNED_LONG 8
| #define SIZEOF_UNSIGNED_LONG 8
| #define SIZEOF_SIGNED_LONG_LONG 8
| #define SIZEOF_UNSIGNED_LONG_LONG 8
| #define TIFF_INT64_T signed long
| #define TIFF_INT64_FORMAT "%ld"
| #define TIFF_UINT64_T unsigned long
| #define TIFF_UINT64_FORMAT "%lu"
| #define HAVE_FLOOR 1
| #define HAVE_ISASCII 1
| #define HAVE_MEMMOVE 1
| #define HAVE_MEMSET 1
| #define HAVE_MMAP 1
| #define HAVE_POW 1
| #define HAVE_SETMODE 1
| #define HAVE_SQRT 1
| #define HAVE_STRCHR 1
| #define HAVE_STRRCHR 1
| #define HAVE_STRSTR 1
| #define HAVE_STRTOL 1
| #define HAVE_GETOPT 1
| #define HAVE_STRCASECMP 1
| #define HAVE_STRTOUL 1
| #define HAVE_LFIND 1
| #define HOST_FILLORDER FILLORDER_LSB2MSB
| #define HOST_BIGENDIAN 0
| #define HAVE_IEEEFP 1
| #define CCITT_SUPPORT 1
| #define PACKBITS_SUPPORT 1
| #define LZW_SUPPORT 1
| #define THUNDER_SUPPORT 1
| #define NEXT_SUPPORT 1
| #define LOGLUV_SUPPORT 1
| #define MDI_SUPPORT 1
| #define ZIP_SUPPORT 1
| #define PIXARLOG_SUPPORT 1
| #define JPEG_SUPPORT 1
| #define OJPEG_SUPPORT 1
| /* end confdefs.h.  */
| #include <jbig.h>
configure:18185: result: no
configure:18185: checking for jbig.h
configure:18185: result: no
configure:18257: checking for X
configure:18365: /Applications/Xcode.app/Contents/Developer/usr/bin/gcc -E -I/Users/Shared/xbmc-depends/buildtools-native/include  conftest.c
conftest.c:72:10: fatal error: 'X11/Xlib.h' file not found
#include <X11/Xlib.h>
         ^
1 error generated.
configure:18365: $? = 1
configure: failed program was:
| /* confdefs.h */
| #define PACKAGE_NAME "LibTIFF Software"
| #define PACKAGE_TARNAME "tiff"
| #define PACKAGE_VERSION "3.9.7"
| #define PACKAGE_STRING "LibTIFF Software 3.9.7"
| #define PACKAGE_BUGREPORT "tiff@lists.maptools.org"
| #define PACKAGE_URL ""
| #define PACKAGE "tiff"
| #define VERSION "3.9.7"
| #define STDC_HEADERS 1
| #define HAVE_SYS_TYPES_H 1
| #define HAVE_SYS_STAT_H 1
| #define HAVE_STDLIB_H 1
| #define HAVE_STRING_H 1
| #define HAVE_MEMORY_H 1
| #define HAVE_STRINGS_H 1
| #define HAVE_INTTYPES_H 1
| #define HAVE_STDINT_H 1
| #define HAVE_UNISTD_H 1
| #define HAVE_DLFCN_H 1
| #define LT_OBJDIR ".libs/"
| #define HAVE_LIBC 1
| #define HAVE_ASSERT_H 1
| #define HAVE_FCNTL_H 1
| #define HAVE_LIMITS_H 1
| #define HAVE_SEARCH_H 1
| #define HAVE_SYS_TIME_H 1
| #define HAVE_UNISTD_H 1
| #define SIZEOF_INT 4
| #define SIZEOF_LONG 8
| #define TIME_WITH_SYS_TIME 1
| #define SIZEOF_SIGNED_LONG 8
| #define SIZEOF_UNSIGNED_LONG 8
| #define SIZEOF_SIGNED_LONG_LONG 8
| #define SIZEOF_UNSIGNED_LONG_LONG 8
| #define TIFF_INT64_T signed long
| #define TIFF_INT64_FORMAT "%ld"
| #define TIFF_UINT64_T unsigned long
| #define TIFF_UINT64_FORMAT "%lu"
| #define HAVE_FLOOR 1
| #define HAVE_ISASCII 1
| #define HAVE_MEMMOVE 1
| #define HAVE_MEMSET 1
| #define HAVE_MMAP 1
| #define HAVE_POW 1
| #define HAVE_SETMODE 1
| #define HAVE_SQRT 1
| #define HAVE_STRCHR 1
| #define HAVE_STRRCHR 1
| #define HAVE_STRSTR 1
| #define HAVE_STRTOL 1
| #define HAVE_GETOPT 1
| #define HAVE_STRCASECMP 1
| #define HAVE_STRTOUL 1
| #define HAVE_LFIND 1
| #define HOST_FILLORDER FILLORDER_LSB2MSB
| #define HOST_BIGENDIAN 0
| #define HAVE_IEEEFP 1
| #define CCITT_SUPPORT 1
| #define PACKBITS_SUPPORT 1
| #define LZW_SUPPORT 1
| #define THUNDER_SUPPORT 1
| #define NEXT_SUPPORT 1
| #define LOGLUV_SUPPORT 1
| #define MDI_SUPPORT 1
| #define ZIP_SUPPORT 1
| #define PIXARLOG_SUPPORT 1
| #define JPEG_SUPPORT 1
| #define OJPEG_SUPPORT 1
| #define CXX_SUPPORT 1
| /* end confdefs.h.  */
| #include <X11/Xlib.h>
configure:18396: /Applications/Xcode.app/Contents/Developer/usr/bin/gcc -o conftest -I/Users/Shared/xbmc-depends/buildtools-native/include  -Wall -W -I/Users/Shared/xbmc-depends/buildtools-native/include  -L/Users/Shared/xbmc-depends/buildtools-native/lib  conftest.c -lX11 -ljpeg -lz -lc  >&5
conftest.c:72:10: fatal error: 'X11/Xlib.h' file not found
#include <X11/Xlib.h>
         ^
1 error generated.
configure:18396: $? = 1
configure: failed program was:
| /* confdefs.h */
| #define PACKAGE_NAME "LibTIFF Software"
| #define PACKAGE_TARNAME "tiff"
| #define PACKAGE_VERSION "3.9.7"
| #define PACKAGE_STRING "LibTIFF Software 3.9.7"
| #define PACKAGE_BUGREPORT "tiff@lists.maptools.org"
| #define PACKAGE_URL ""
| #define PACKAGE "tiff"
| #define VERSION "3.9.7"
| #define STDC_HEADERS 1
| #define HAVE_SYS_TYPES_H 1
| #define HAVE_SYS_STAT_H 1
| #define HAVE_STDLIB_H 1
| #define HAVE_STRING_H 1
| #define HAVE_MEMORY_H 1
| #define HAVE_STRINGS_H 1
| #define HAVE_INTTYPES_H 1
| #define HAVE_STDINT_H 1
| #define HAVE_UNISTD_H 1
| #define HAVE_DLFCN_H 1
| #define LT_OBJDIR ".libs/"
| #define HAVE_LIBC 1
| #define HAVE_ASSERT_H 1
| #define HAVE_FCNTL_H 1
| #define HAVE_LIMITS_H 1
| #define HAVE_SEARCH_H 1
| #define HAVE_SYS_TIME_H 1
| #define HAVE_UNISTD_H 1
| #define SIZEOF_INT 4
| #define SIZEOF_LONG 8
| #define TIME_WITH_SYS_TIME 1
| #define SIZEOF_SIGNED_LONG 8
| #define SIZEOF_UNSIGNED_LONG 8
| #define SIZEOF_SIGNED_LONG_LONG 8
| #define SIZEOF_UNSIGNED_LONG_LONG 8
| #define TIFF_INT64_T signed long
| #define TIFF_INT64_FORMAT "%ld"
| #define TIFF_UINT64_T unsigned long
| #define TIFF_UINT64_FORMAT "%lu"
| #define HAVE_FLOOR 1
| #define HAVE_ISASCII 1
| #define HAVE_MEMMOVE 1
| #define HAVE_MEMSET 1
| #define HAVE_MMAP 1
| #define HAVE_POW 1
| #define HAVE_SETMODE 1
| #define HAVE_SQRT 1
| #define HAVE_STRCHR 1
| #define HAVE_STRRCHR 1
| #define HAVE_STRSTR 1
| #define HAVE_STRTOL 1
| #define HAVE_GETOPT 1
| #define HAVE_STRCASECMP 1
| #define HAVE_STRTOUL 1
| #define HAVE_LFIND 1
| #define HOST_FILLORDER FILLORDER_LSB2MSB
| #define HOST_BIGENDIAN 0
| #define HAVE_IEEEFP 1
| #define CCITT_SUPPORT 1
| #define PACKBITS_SUPPORT 1
| #define LZW_SUPPORT 1
| #define THUNDER_SUPPORT 1
| #define NEXT_SUPPORT 1
| #define LOGLUV_SUPPORT 1
| #define MDI_SUPPORT 1
| #define ZIP_SUPPORT 1
| #define PIXARLOG_SUPPORT 1
| #define JPEG_SUPPORT 1
| #define OJPEG_SUPPORT 1
| #define CXX_SUPPORT 1
| /* end confdefs.h.  */
| #include <X11/Xlib.h>
| int
| main ()
| {
| XrmInitialize ()
|   ;
|   return 0;
| }
configure:18446: result: libraries /usr/X11/lib, headers /usr/X11/include
configure:18466: checking whether -R must be followed by a space
configure:18482: /Applications/Xcode.app/Contents/Developer/usr/bin/gcc -o conftest -I/Users/Shared/xbmc-depends/buildtools-native/include  -Wall -W -I/Users/Shared/xbmc-depends/buildtools-native/include  -L/Users/Shared/xbmc-depends/buildtools-native/lib  conftest.c -ljpeg -lz -lc  -R/usr/X11/lib >&5
warning: unknown remark option '-R/usr/X11/lib' [-Wunknown-warning-option]
1 warning generated.
configure:18482: $? = 0
configure: failed program was:
| /* confdefs.h */
| #define PACKAGE_NAME "LibTIFF Software"
| #define PACKAGE_TARNAME "tiff"
| #define PACKAGE_VERSION "3.9.7"
| #define PACKAGE_STRING "LibTIFF Software 3.9.7"
| #define PACKAGE_BUGREPORT "tiff@lists.maptools.org"
| #define PACKAGE_URL ""
| #define PACKAGE "tiff"
| #define VERSION "3.9.7"
| #define STDC_HEADERS 1
| #define HAVE_SYS_TYPES_H 1
| #define HAVE_SYS_STAT_H 1
| #define HAVE_STDLIB_H 1
| #define HAVE_STRING_H 1
| #define HAVE_MEMORY_H 1
| #define HAVE_STRINGS_H 1
| #define HAVE_INTTYPES_H 1
| #define HAVE_STDINT_H 1
| #define HAVE_UNISTD_H 1
| #define HAVE_DLFCN_H 1
| #define LT_OBJDIR ".libs/"
| #define HAVE_LIBC 1
| #define HAVE_ASSERT_H 1
| #define HAVE_FCNTL_H 1
| #define HAVE_LIMITS_H 1
| #define HAVE_SEARCH_H 1
| #define HAVE_SYS_TIME_H 1
| #define HAVE_UNISTD_H 1
| #define SIZEOF_INT 4
| #define SIZEOF_LONG 8
| #define TIME_WITH_SYS_TIME 1
| #define SIZEOF_SIGNED_LONG 8
| #define SIZEOF_UNSIGNED_LONG 8
| #define SIZEOF_SIGNED_LONG_LONG 8
| #define SIZEOF_UNSIGNED_LONG_LONG 8
| #define TIFF_INT64_T signed long
| #define TIFF_INT64_FORMAT "%ld"
| #define TIFF_UINT64_T unsigned long
| #define TIFF_UINT64_FORMAT "%lu"
| #define HAVE_FLOOR 1
| #define HAVE_ISASCII 1
| #define HAVE_MEMMOVE 1
| #define HAVE_MEMSET 1
| #define HAVE_MMAP 1
| #define HAVE_POW 1
| #define HAVE_SETMODE 1
| #define HAVE_SQRT 1
| #define HAVE_STRCHR 1
| #define HAVE_STRRCHR 1
| #define HAVE_STRSTR 1
| #define HAVE_STRTOL 1
| #define HAVE_GETOPT 1
| #define HAVE_STRCASECMP 1
| #define HAVE_STRTOUL 1
| #define HAVE_LFIND 1
| #define HOST_FILLORDER FILLORDER_LSB2MSB
| #define HOST_BIGENDIAN 0
| #define HAVE_IEEEFP 1
| #define CCITT_SUPPORT 1
| #define PACKBITS_SUPPORT 1
| #define LZW_SUPPORT 1
| #define THUNDER_SUPPORT 1
| #define NEXT_SUPPORT 1
| #define LOGLUV_SUPPORT 1
| #define MDI_SUPPORT 1
| #define ZIP_SUPPORT 1
| #define PIXARLOG_SUPPORT 1
| #define JPEG_SUPPORT 1
| #define OJPEG_SUPPORT 1
| #define CXX_SUPPORT 1
| /* end confdefs.h.  */
| 
| int
| main ()
| {
| 
|   ;
|   return 0;
| }
configure:18499: /Applications/Xcode.app/Contents/Developer/usr/bin/gcc -o conftest -I/Users/Shared/xbmc-depends/buildtools-native/include  -Wall -W -I/Users/Shared/xbmc-depends/buildtools-native/include  -L/Users/Shared/xbmc-depends/buildtools-native/lib  conftest.c -ljpeg -lz -lc  -R /usr/X11/lib >&5
warning: unknown remark option '-R' [-Wunknown-warning-option]
1 warning generated.
ld: can't map file, errno=22 file '/usr/X11/lib' for architecture x86_64
clang: error: linker command failed with exit code 1 (use -v to see invocation)
configure:18499: $? = 1
configure: failed program was:
| /* confdefs.h */
| #define PACKAGE_NAME "LibTIFF Software"
| #define PACKAGE_TARNAME "tiff"
| #define PACKAGE_VERSION "3.9.7"
| #define PACKAGE_STRING "LibTIFF Software 3.9.7"
| #define PACKAGE_BUGREPORT "tiff@lists.maptools.org"
| #define PACKAGE_URL ""
| #define PACKAGE "tiff"
| #define VERSION "3.9.7"
| #define STDC_HEADERS 1
| #define HAVE_SYS_TYPES_H 1
| #define HAVE_SYS_STAT_H 1
| #define HAVE_STDLIB_H 1
| #define HAVE_STRING_H 1
| #define HAVE_MEMORY_H 1
| #define HAVE_STRINGS_H 1
| #define HAVE_INTTYPES_H 1
| #define HAVE_STDINT_H 1
| #define HAVE_UNISTD_H 1
| #define HAVE_DLFCN_H 1
| #define LT_OBJDIR ".libs/"
| #define HAVE_LIBC 1
| #define HAVE_ASSERT_H 1
| #define HAVE_FCNTL_H 1
| #define HAVE_LIMITS_H 1
| #define HAVE_SEARCH_H 1
| #define HAVE_SYS_TIME_H 1
| #define HAVE_UNISTD_H 1
| #define SIZEOF_INT 4
| #define SIZEOF_LONG 8
| #define TIME_WITH_SYS_TIME 1
| #define SIZEOF_SIGNED_LONG 8
| #define SIZEOF_UNSIGNED_LONG 8
| #define SIZEOF_SIGNED_LONG_LONG 8
| #define SIZEOF_UNSIGNED_LONG_LONG 8
| #define TIFF_INT64_T signed long
| #define TIFF_INT64_FORMAT "%ld"
| #define TIFF_UINT64_T unsigned long
| #define TIFF_UINT64_FORMAT "%lu"
| #define HAVE_FLOOR 1
| #define HAVE_ISASCII 1
| #define HAVE_MEMMOVE 1
| #define HAVE_MEMSET 1
| #define HAVE_MMAP 1
| #define HAVE_POW 1
| #define HAVE_SETMODE 1
| #define HAVE_SQRT 1
| #define HAVE_STRCHR 1
| #define HAVE_STRRCHR 1
| #define HAVE_STRSTR 1
| #define HAVE_STRTOL 1
| #define HAVE_GETOPT 1
| #define HAVE_STRCASECMP 1
| #define HAVE_STRTOUL 1
| #define HAVE_LFIND 1
| #define HOST_FILLORDER FILLORDER_LSB2MSB
| #define HOST_BIGENDIAN 0
| #define HAVE_IEEEFP 1
| #define CCITT_SUPPORT 1
| #define PACKBITS_SUPPORT 1
| #define LZW_SUPPORT 1
| #define THUNDER_SUPPORT 1
| #define NEXT_SUPPORT 1
| #define LOGLUV_SUPPORT 1
| #define MDI_SUPPORT 1
| #define ZIP_SUPPORT 1
| #define PIXARLOG_SUPPORT 1
| #define JPEG_SUPPORT 1
| #define OJPEG_SUPPORT 1
| #define CXX_SUPPORT 1
| /* end confdefs.h.  */
| 
| int
| main ()
| {
| 
|   ;
|   return 0;
| }
configure:18504: result: neither works
configure:18545: /Applications/Xcode.app/Contents/Developer/usr/bin/gcc -o conftest -I/Users/Shared/xbmc-depends/buildtools-native/include  -Wall -W -I/Users/Shared/xbmc-depends/buildtools-native/include  -L/Users/Shared/xbmc-depends/buildtools-native/lib  conftest.c -ljpeg -lz -lc   -L/usr/X11/lib -lX11 >&5
configure:18545: $? = 0
configure:18643: checking for gethostbyname
configure:18643: /Applications/Xcode.app/Contents/Developer/usr/bin/gcc -o conftest -I/Users/Shared/xbmc-depends/buildtools-native/include  -Wall -W -I/Users/Shared/xbmc-depends/buildtools-native/include  -L/Users/Shared/xbmc-depends/buildtools-native/lib  conftest.c -ljpeg -lz -lc  >&5
configure:18643: $? = 0
configure:18643: result: yes
configure:18740: checking for connect
configure:18740: /Applications/Xcode.app/Contents/Developer/usr/bin/gcc -o conftest -I/Users/Shared/xbmc-depends/buildtools-native/include  -Wall -W -I/Users/Shared/xbmc-depends/buildtools-native/include  -L/Users/Shared/xbmc-depends/buildtools-native/lib  conftest.c -ljpeg -lz -lc  >&5
configure:18740: $? = 0
configure:18740: result: yes
configure:18789: checking for remove
configure:18789: /Applications/Xcode.app/Contents/Developer/usr/bin/gcc -o conftest -I/Users/Shared/xbmc-depends/buildtools-native/include  -Wall -W -I/Users/Shared/xbmc-depends/buildtools-native/include  -L/Users/Shared/xbmc-depends/buildtools-native/lib  conftest.c -ljpeg -lz -lc  >&5
configure:18789: $? = 0
configure:18789: result: yes
configure:18838: checking for shmat
configure:18838: /Applications/Xcode.app/Contents/Developer/usr/bin/gcc -o conftest -I/Users/Shared/xbmc-depends/buildtools-native/include  -Wall -W -I/Users/Shared/xbmc-depends/buildtools-native/include  -L/Users/Shared/xbmc-depends/buildtools-native/lib  conftest.c -ljpeg -lz -lc  >&5
configure:18838: $? = 0
configure:18838: result: yes
configure:18896: checking for IceConnectionNumber in -lICE
configure:18921: /Applications/Xcode.app/Contents/Developer/usr/bin/gcc -o conftest -I/Users/Shared/xbmc-depends/buildtools-native/include  -Wall -W -I/Users/Shared/xbmc-depends/buildtools-native/include  -L/Users/Shared/xbmc-depends/buildtools-native/lib  -L/usr/X11/lib conftest.c -lICE  -ljpeg -lz -lc  >&5
configure:18921: $? = 0
configure:18930: result: yes
configure:19105: checking for the pthreads library -lpthreads
configure:19138: /Applications/Xcode.app/Contents/Developer/usr/bin/gcc -o conftest -I/Users/Shared/xbmc-depends/buildtools-native/include  -Wall -W  -I/Users/Shared/xbmc-depends/buildtools-native/include  -L/Users/Shared/xbmc-depends/buildtools-native/lib  conftest.c -lpthreads -ljpeg -lz -lc  >&5
conftest.c:76:28: warning: variable 'th' is uninitialized when used here [-Wuninitialized]
pthread_t th; pthread_join(th, 0);
                           ^~
conftest.c:76:13: note: initialize the variable 'th' to silence this warning
pthread_t th; pthread_join(th, 0);
            ^
             = NULL
1 warning generated.
ld: library not found for -lpthreads
clang: error: linker command failed with exit code 1 (use -v to see invocation)
configure:19138: $? = 1
configure: failed program was:
| /* confdefs.h */
| #define PACKAGE_NAME "LibTIFF Software"
| #define PACKAGE_TARNAME "tiff"
| #define PACKAGE_VERSION "3.9.7"
| #define PACKAGE_STRING "LibTIFF Software 3.9.7"
| #define PACKAGE_BUGREPORT "tiff@lists.maptools.org"
| #define PACKAGE_URL ""
| #define PACKAGE "tiff"
| #define VERSION "3.9.7"
| #define STDC_HEADERS 1
| #define HAVE_SYS_TYPES_H 1
| #define HAVE_SYS_STAT_H 1
| #define HAVE_STDLIB_H 1
| #define HAVE_STRING_H 1
| #define HAVE_MEMORY_H 1
| #define HAVE_STRINGS_H 1
| #define HAVE_INTTYPES_H 1
| #define HAVE_STDINT_H 1
| #define HAVE_UNISTD_H 1
| #define HAVE_DLFCN_H 1
| #define LT_OBJDIR ".libs/"
| #define HAVE_LIBC 1
| #define HAVE_ASSERT_H 1
| #define HAVE_FCNTL_H 1
| #define HAVE_LIMITS_H 1
| #define HAVE_SEARCH_H 1
| #define HAVE_SYS_TIME_H 1
| #define HAVE_UNISTD_H 1
| #define SIZEOF_INT 4
| #define SIZEOF_LONG 8
| #define TIME_WITH_SYS_TIME 1
| #define SIZEOF_SIGNED_LONG 8
| #define SIZEOF_UNSIGNED_LONG 8
| #define SIZEOF_SIGNED_LONG_LONG 8
| #define SIZEOF_UNSIGNED_LONG_LONG 8
| #define TIFF_INT64_T signed long
| #define TIFF_INT64_FORMAT "%ld"
| #define TIFF_UINT64_T unsigned long
| #define TIFF_UINT64_FORMAT "%lu"
| #define HAVE_FLOOR 1
| #define HAVE_ISASCII 1
| #define HAVE_MEMMOVE 1
| #define HAVE_MEMSET 1
| #define HAVE_MMAP 1
| #define HAVE_POW 1
| #define HAVE_SETMODE 1
| #define HAVE_SQRT 1
| #define HAVE_STRCHR 1
| #define HAVE_STRRCHR 1
| #define HAVE_STRSTR 1
| #define HAVE_STRTOL 1
| #define HAVE_GETOPT 1
| #define HAVE_STRCASECMP 1
| #define HAVE_STRTOUL 1
| #define HAVE_LFIND 1
| #define HOST_FILLORDER FILLORDER_LSB2MSB
| #define HOST_BIGENDIAN 0
| #define HAVE_IEEEFP 1
| #define CCITT_SUPPORT 1
| #define PACKBITS_SUPPORT 1
| #define LZW_SUPPORT 1
| #define THUNDER_SUPPORT 1
| #define NEXT_SUPPORT 1
| #define LOGLUV_SUPPORT 1
| #define MDI_SUPPORT 1
| #define ZIP_SUPPORT 1
| #define PIXARLOG_SUPPORT 1
| #define JPEG_SUPPORT 1
| #define OJPEG_SUPPORT 1
| #define CXX_SUPPORT 1
| /* end confdefs.h.  */
| #include <pthread.h>
| int
| main ()
| {
| pthread_t th; pthread_join(th, 0);
|                      pthread_attr_init(0); pthread_cleanup_push(0, 0);
|                      pthread_create(0,0,0,0); pthread_cleanup_pop(0);
|   ;
|   return 0;
| }
configure:19147: result: no
configure:19050: checking whether pthreads work without any flags
configure:19138: /Applications/Xcode.app/Contents/Developer/usr/bin/gcc -o conftest -I/Users/Shared/xbmc-depends/buildtools-native/include  -Wall -W  -I/Users/Shared/xbmc-depends/buildtools-native/include  -L/Users/Shared/xbmc-depends/buildtools-native/lib  conftest.c  -ljpeg -lz -lc  >&5
conftest.c:76:28: warning: variable 'th' is uninitialized when used here [-Wuninitialized]
pthread_t th; pthread_join(th, 0);
                           ^~
conftest.c:76:13: note: initialize the variable 'th' to silence this warning
pthread_t th; pthread_join(th, 0);
            ^
             = NULL
1 warning generated.
configure:19138: $? = 0
configure:19147: result: yes
configure:19166: checking for joinable pthread attribute
configure:19181: /Applications/Xcode.app/Contents/Developer/usr/bin/gcc -o conftest -I/Users/Shared/xbmc-depends/buildtools-native/include  -Wall -W  -I/Users/Shared/xbmc-depends/buildtools-native/include  -L/Users/Shared/xbmc-depends/buildtools-native/lib  conftest.c  -ljpeg -lz -lc  >&5
conftest.c:76:5: warning: unused variable 'attr' [-Wunused-variable]
int attr=PTHREAD_CREATE_JOINABLE;
    ^
1 warning generated.
configure:19181: $? = 0
configure:19187: result: PTHREAD_CREATE_JOINABLE
configure:19197: checking if more special flags are required for pthreads
configure:19204: result: -D_THREAD_SAFE
configure:19216: checking for cc_r
configure:19244: result: /Applications/Xcode.app/Contents/Developer/usr/bin/gcc
configure:19302: checking whether we are using the Microsoft C compiler
configure:19321: /Applications/Xcode.app/Contents/Developer/usr/bin/gcc -c -I/Users/Shared/xbmc-depends/buildtools-native/include  -Wall -W -I/Users/Shared/xbmc-depends/buildtools-native/include  conftest.c >&5
conftest.c:78:8: error: use of undeclared identifier 'choke'
       choke me
       ^
1 error generated.
configure:19321: $? = 1
configure: failed program was:
| /* confdefs.h */
| #define PACKAGE_NAME "LibTIFF Software"
| #define PACKAGE_TARNAME "tiff"
| #define PACKAGE_VERSION "3.9.7"
| #define PACKAGE_STRING "LibTIFF Software 3.9.7"
| #define PACKAGE_BUGREPORT "tiff@lists.maptools.org"
| #define PACKAGE_URL ""
| #define PACKAGE "tiff"
| #define VERSION "3.9.7"
| #define STDC_HEADERS 1
| #define HAVE_SYS_TYPES_H 1
| #define HAVE_SYS_STAT_H 1
| #define HAVE_STDLIB_H 1
| #define HAVE_STRING_H 1
| #define HAVE_MEMORY_H 1
| #define HAVE_STRINGS_H 1
| #define HAVE_INTTYPES_H 1
| #define HAVE_STDINT_H 1
| #define HAVE_UNISTD_H 1
| #define HAVE_DLFCN_H 1
| #define LT_OBJDIR ".libs/"
| #define HAVE_LIBC 1
| #define HAVE_ASSERT_H 1
| #define HAVE_FCNTL_H 1
| #define HAVE_LIMITS_H 1
| #define HAVE_SEARCH_H 1
| #define HAVE_SYS_TIME_H 1
| #define HAVE_UNISTD_H 1
| #define SIZEOF_INT 4
| #define SIZEOF_LONG 8
| #define TIME_WITH_SYS_TIME 1
| #define SIZEOF_SIGNED_LONG 8
| #define SIZEOF_UNSIGNED_LONG 8
| #define SIZEOF_SIGNED_LONG_LONG 8
| #define SIZEOF_UNSIGNED_LONG_LONG 8
| #define TIFF_INT64_T signed long
| #define TIFF_INT64_FORMAT "%ld"
| #define TIFF_UINT64_T unsigned long
| #define TIFF_UINT64_FORMAT "%lu"
| #define HAVE_FLOOR 1
| #define HAVE_ISASCII 1
| #define HAVE_MEMMOVE 1
| #define HAVE_MEMSET 1
| #define HAVE_MMAP 1
| #define HAVE_POW 1
| #define HAVE_SETMODE 1
| #define HAVE_SQRT 1
| #define HAVE_STRCHR 1
| #define HAVE_STRRCHR 1
| #define HAVE_STRSTR 1
| #define HAVE_STRTOL 1
| #define HAVE_GETOPT 1
| #define HAVE_STRCASECMP 1
| #define HAVE_STRTOUL 1
| #define HAVE_LFIND 1
| #define HOST_FILLORDER FILLORDER_LSB2MSB
| #define HOST_BIGENDIAN 0
| #define HAVE_IEEEFP 1
| #define CCITT_SUPPORT 1
| #define PACKBITS_SUPPORT 1
| #define LZW_SUPPORT 1
| #define THUNDER_SUPPORT 1
| #define NEXT_SUPPORT 1
| #define LOGLUV_SUPPORT 1
| #define MDI_SUPPORT 1
| #define ZIP_SUPPORT 1
| #define PIXARLOG_SUPPORT 1
| #define JPEG_SUPPORT 1
| #define OJPEG_SUPPORT 1
| #define CXX_SUPPORT 1
| #define HAVE_PTHREAD 1
| /* end confdefs.h.  */
| 
| int
| main ()
| {
| #ifndef _MSC_VER
|        choke me
| #endif
| 
|   ;
|   return 0;
| }
configure:19330: result: no
configure:19352: checking windows.h usability
configure:19352: /Applications/Xcode.app/Contents/Developer/usr/bin/gcc -c -I/Users/Shared/xbmc-depends/buildtools-native/include  -Wall -W -I/Users/Shared/xbmc-depends/buildtools-native/include  conftest.c >&5
conftest.c:106:10: fatal error: 'windows.h' file not found
#include <windows.h>
         ^
1 error generated.
configure:19352: $? = 1
configure: failed program was:
| /* confdefs.h */
| #define PACKAGE_NAME "LibTIFF Software"
| #define PACKAGE_TARNAME "tiff"
| #define PACKAGE_VERSION "3.9.7"
| #define PACKAGE_STRING "LibTIFF Software 3.9.7"
| #define PACKAGE_BUGREPORT "tiff@lists.maptools.org"
| #define PACKAGE_URL ""
| #define PACKAGE "tiff"
| #define VERSION "3.9.7"
| #define STDC_HEADERS 1
| #define HAVE_SYS_TYPES_H 1
| #define HAVE_SYS_STAT_H 1
| #define HAVE_STDLIB_H 1
| #define HAVE_STRING_H 1
| #define HAVE_MEMORY_H 1
| #define HAVE_STRINGS_H 1
| #define HAVE_INTTYPES_H 1
| #define HAVE_STDINT_H 1
| #define HAVE_UNISTD_H 1
| #define HAVE_DLFCN_H 1
| #define LT_OBJDIR ".libs/"
| #define HAVE_LIBC 1
| #define HAVE_ASSERT_H 1
| #define HAVE_FCNTL_H 1
| #define HAVE_LIMITS_H 1
| #define HAVE_SEARCH_H 1
| #define HAVE_SYS_TIME_H 1
| #define HAVE_UNISTD_H 1
| #define SIZEOF_INT 4
| #define SIZEOF_LONG 8
| #define TIME_WITH_SYS_TIME 1
| #define SIZEOF_SIGNED_LONG 8
| #define SIZEOF_UNSIGNED_LONG 8
| #define SIZEOF_SIGNED_LONG_LONG 8
| #define SIZEOF_UNSIGNED_LONG_LONG 8
| #define TIFF_INT64_T signed long
| #define TIFF_INT64_FORMAT "%ld"
| #define TIFF_UINT64_T unsigned long
| #define TIFF_UINT64_FORMAT "%lu"
| #define HAVE_FLOOR 1
| #define HAVE_ISASCII 1
| #define HAVE_MEMMOVE 1
| #define HAVE_MEMSET 1
| #define HAVE_MMAP 1
| #define HAVE_POW 1
| #define HAVE_SETMODE 1
| #define HAVE_SQRT 1
| #define HAVE_STRCHR 1
| #define HAVE_STRRCHR 1
| #define HAVE_STRSTR 1
| #define HAVE_STRTOL 1
| #define HAVE_GETOPT 1
| #define HAVE_STRCASECMP 1
| #define HAVE_STRTOUL 1
| #define HAVE_LFIND 1
| #define HOST_FILLORDER FILLORDER_LSB2MSB
| #define HOST_BIGENDIAN 0
| #define HAVE_IEEEFP 1
| #define CCITT_SUPPORT 1
| #define PACKBITS_SUPPORT 1
| #define LZW_SUPPORT 1
| #define THUNDER_SUPPORT 1
| #define NEXT_SUPPORT 1
| #define LOGLUV_SUPPORT 1
| #define MDI_SUPPORT 1
| #define ZIP_SUPPORT 1
| #define PIXARLOG_SUPPORT 1
| #define JPEG_SUPPORT 1
| #define OJPEG_SUPPORT 1
| #define CXX_SUPPORT 1
| #define HAVE_PTHREAD 1
| /* end confdefs.h.  */
| #include <stdio.h>
| #ifdef HAVE_SYS_TYPES_H
| # include <sys/types.h>
| #endif
| #ifdef HAVE_SYS_STAT_H
| # include <sys/stat.h>
| #endif
| #ifdef STDC_HEADERS
| # include <stdlib.h>
| # include <stddef.h>
| #else
| # ifdef HAVE_STDLIB_H
| #  include <stdlib.h>
| # endif
| #endif
| #ifdef HAVE_STRING_H
| # if !defined STDC_HEADERS && defined HAVE_MEMORY_H
| #  include <memory.h>
| # endif
| # include <string.h>
| #endif
| #ifdef HAVE_STRINGS_H
| # include <strings.h>
| #endif
| #ifdef HAVE_INTTYPES_H
| # include <inttypes.h>
| #endif
| #ifdef HAVE_STDINT_H
| # include <stdint.h>
| #endif
| #ifdef HAVE_UNISTD_H
| # include <unistd.h>
| #endif
| #include <windows.h>
configure:19352: result: no
configure:19352: checking windows.h presence
configure:19352: /Applications/Xcode.app/Contents/Developer/usr/bin/gcc -E -I/Users/Shared/xbmc-depends/buildtools-native/include  conftest.c
conftest.c:73:10: fatal error: 'windows.h' file not found
#include <windows.h>
         ^
1 error generated.
configure:19352: $? = 1
configure: failed program was:
| /* confdefs.h */
| #define PACKAGE_NAME "LibTIFF Software"
| #define PACKAGE_TARNAME "tiff"
| #define PACKAGE_VERSION "3.9.7"
| #define PACKAGE_STRING "LibTIFF Software 3.9.7"
| #define PACKAGE_BUGREPORT "tiff@lists.maptools.org"
| #define PACKAGE_URL ""
| #define PACKAGE "tiff"
| #define VERSION "3.9.7"
| #define STDC_HEADERS 1
| #define HAVE_SYS_TYPES_H 1
| #define HAVE_SYS_STAT_H 1
| #define HAVE_STDLIB_H 1
| #define HAVE_STRING_H 1
| #define HAVE_MEMORY_H 1
| #define HAVE_STRINGS_H 1
| #define HAVE_INTTYPES_H 1
| #define HAVE_STDINT_H 1
| #define HAVE_UNISTD_H 1
| #define HAVE_DLFCN_H 1
| #define LT_OBJDIR ".libs/"
| #define HAVE_LIBC 1
| #define HAVE_ASSERT_H 1
| #define HAVE_FCNTL_H 1
| #define HAVE_LIMITS_H 1
| #define HAVE_SEARCH_H 1
| #define HAVE_SYS_TIME_H 1
| #define HAVE_UNISTD_H 1
| #define SIZEOF_INT 4
| #define SIZEOF_LONG 8
| #define TIME_WITH_SYS_TIME 1
| #define SIZEOF_SIGNED_LONG 8
| #define SIZEOF_UNSIGNED_LONG 8
| #define SIZEOF_SIGNED_LONG_LONG 8
| #define SIZEOF_UNSIGNED_LONG_LONG 8
| #define TIFF_INT64_T signed long
| #define TIFF_INT64_FORMAT "%ld"
| #define TIFF_UINT64_T unsigned long
| #define TIFF_UINT64_FORMAT "%lu"
| #define HAVE_FLOOR 1
| #define HAVE_ISASCII 1
| #define HAVE_MEMMOVE 1
| #define HAVE_MEMSET 1
| #define HAVE_MMAP 1
| #define HAVE_POW 1
| #define HAVE_SETMODE 1
| #define HAVE_SQRT 1
| #define HAVE_STRCHR 1
| #define HAVE_STRRCHR 1
| #define HAVE_STRSTR 1
| #define HAVE_STRTOL 1
| #define HAVE_GETOPT 1
| #define HAVE_STRCASECMP 1
| #define HAVE_STRTOUL 1
| #define HAVE_LFIND 1
| #define HOST_FILLORDER FILLORDER_LSB2MSB
| #define HOST_BIGENDIAN 0
| #define HAVE_IEEEFP 1
| #define CCITT_SUPPORT 1
| #define PACKBITS_SUPPORT 1
| #define LZW_SUPPORT 1
| #define THUNDER_SUPPORT 1
| #define NEXT_SUPPORT 1
| #define LOGLUV_SUPPORT 1
| #define MDI_SUPPORT 1
| #define ZIP_SUPPORT 1
| #define PIXARLOG_SUPPORT 1
| #define JPEG_SUPPORT 1
| #define OJPEG_SUPPORT 1
| #define CXX_SUPPORT 1
| #define HAVE_PTHREAD 1
| /* end confdefs.h.  */
| #include <windows.h>
configure:19352: result: no
configure:19352: checking for windows.h
configure:19352: result: no
configure:19363: checking for OpenGL library
configure:19396: /Applications/Xcode.app/Contents/Developer/usr/bin/gcc -o conftest -I/Users/Shared/xbmc-depends/buildtools-native/include  -Wall -W -I/usr/X11/include -D_THREAD_SAFE  -I/Users/Shared/xbmc-depends/buildtools-native/include  -L/Users/Shared/xbmc-depends/buildtools-native/lib  conftest.c -lopengl32 -L/usr/X11/lib -lX11  -lm -ljpeg -lz -lc  >&5
ld: library not found for -lopengl32
clang: error: linker command failed with exit code 1 (use -v to see invocation)
configure:19396: $? = 1
configure: failed program was:
| /* confdefs.h */
| #define PACKAGE_NAME "LibTIFF Software"
| #define PACKAGE_TARNAME "tiff"
| #define PACKAGE_VERSION "3.9.7"
| #define PACKAGE_STRING "LibTIFF Software 3.9.7"
| #define PACKAGE_BUGREPORT "tiff@lists.maptools.org"
| #define PACKAGE_URL ""
| #define PACKAGE "tiff"
| #define VERSION "3.9.7"
| #define STDC_HEADERS 1
| #define HAVE_SYS_TYPES_H 1
| #define HAVE_SYS_STAT_H 1
| #define HAVE_STDLIB_H 1
| #define HAVE_STRING_H 1
| #define HAVE_MEMORY_H 1
| #define HAVE_STRINGS_H 1
| #define HAVE_INTTYPES_H 1
| #define HAVE_STDINT_H 1
| #define HAVE_UNISTD_H 1
| #define HAVE_DLFCN_H 1
| #define LT_OBJDIR ".libs/"
| #define HAVE_LIBC 1
| #define HAVE_ASSERT_H 1
| #define HAVE_FCNTL_H 1
| #define HAVE_LIMITS_H 1
| #define HAVE_SEARCH_H 1
| #define HAVE_SYS_TIME_H 1
| #define HAVE_UNISTD_H 1
| #define SIZEOF_INT 4
| #define SIZEOF_LONG 8
| #define TIME_WITH_SYS_TIME 1
| #define SIZEOF_SIGNED_LONG 8
| #define SIZEOF_UNSIGNED_LONG 8
| #define SIZEOF_SIGNED_LONG_LONG 8
| #define SIZEOF_UNSIGNED_LONG_LONG 8
| #define TIFF_INT64_T signed long
| #define TIFF_INT64_FORMAT "%ld"
| #define TIFF_UINT64_T unsigned long
| #define TIFF_UINT64_FORMAT "%lu"
| #define HAVE_FLOOR 1
| #define HAVE_ISASCII 1
| #define HAVE_MEMMOVE 1
| #define HAVE_MEMSET 1
| #define HAVE_MMAP 1
| #define HAVE_POW 1
| #define HAVE_SETMODE 1
| #define HAVE_SQRT 1
| #define HAVE_STRCHR 1
| #define HAVE_STRRCHR 1
| #define HAVE_STRSTR 1
| #define HAVE_STRTOL 1
| #define HAVE_GETOPT 1
| #define HAVE_STRCASECMP 1
| #define HAVE_STRTOUL 1
| #define HAVE_LFIND 1
| #define HOST_FILLORDER FILLORDER_LSB2MSB
| #define HOST_BIGENDIAN 0
| #define HAVE_IEEEFP 1
| #define CCITT_SUPPORT 1
| #define PACKBITS_SUPPORT 1
| #define LZW_SUPPORT 1
| #define THUNDER_SUPPORT 1
| #define NEXT_SUPPORT 1
| #define LOGLUV_SUPPORT 1
| #define MDI_SUPPORT 1
| #define ZIP_SUPPORT 1
| #define PIXARLOG_SUPPORT 1
| #define JPEG_SUPPORT 1
| #define OJPEG_SUPPORT 1
| #define CXX_SUPPORT 1
| #define HAVE_PTHREAD 1
| /* end confdefs.h.  */
| 
| # if HAVE_WINDOWS_H && defined(_WIN32)
| #   include <windows.h>
| # endif
| # include <GL/gl.h>
| int
| main ()
| {
| glBegin(0)
|   ;
|   return 0;
| }
configure:19396: /Applications/Xcode.app/Contents/Developer/usr/bin/gcc -o conftest -I/Users/Shared/xbmc-depends/buildtools-native/include  -Wall -W -I/usr/X11/include -D_THREAD_SAFE  -I/Users/Shared/xbmc-depends/buildtools-native/include  -L/Users/Shared/xbmc-depends/buildtools-native/lib  conftest.c -lGL -L/usr/X11/lib -lX11  -lm -ljpeg -lz -lc  >&5
configure:19396: $? = 0
configure:19405: result: -lGL
configure:19428: checking for OpenGL Utility library
configure:19481: /Applications/Xcode.app/Contents/Developer/usr/bin/g++ -o conftest -I/Users/Shared/xbmc-depends/buildtools-native/include  -I/usr/X11/include -D_THREAD_SAFE  -I/Users/Shared/xbmc-depends/buildtools-native/include  -L/Users/Shared/xbmc-depends/buildtools-native/lib  conftest.cpp -lglu32 -lGL -L/usr/X11/lib -lX11  -lm -ljpeg -lz -lc  >&5
ld: library not found for -lglu32
clang: error: linker command failed with exit code 1 (use -v to see invocation)
configure:19481: $? = 1
configure: failed program was:
| /* confdefs.h */
| #define PACKAGE_NAME "LibTIFF Software"
| #define PACKAGE_TARNAME "tiff"
| #define PACKAGE_VERSION "3.9.7"
| #define PACKAGE_STRING "LibTIFF Software 3.9.7"
| #define PACKAGE_BUGREPORT "tiff@lists.maptools.org"
| #define PACKAGE_URL ""
| #define PACKAGE "tiff"
| #define VERSION "3.9.7"
| #define STDC_HEADERS 1
| #define HAVE_SYS_TYPES_H 1
| #define HAVE_SYS_STAT_H 1
| #define HAVE_STDLIB_H 1
| #define HAVE_STRING_H 1
| #define HAVE_MEMORY_H 1
| #define HAVE_STRINGS_H 1
| #define HAVE_INTTYPES_H 1
| #define HAVE_STDINT_H 1
| #define HAVE_UNISTD_H 1
| #define HAVE_DLFCN_H 1
| #define LT_OBJDIR ".libs/"
| #define HAVE_LIBC 1
| #define HAVE_ASSERT_H 1
| #define HAVE_FCNTL_H 1
| #define HAVE_LIMITS_H 1
| #define HAVE_SEARCH_H 1
| #define HAVE_SYS_TIME_H 1
| #define HAVE_UNISTD_H 1
| #define SIZEOF_INT 4
| #define SIZEOF_LONG 8
| #define TIME_WITH_SYS_TIME 1
| #define SIZEOF_SIGNED_LONG 8
| #define SIZEOF_UNSIGNED_LONG 8
| #define SIZEOF_SIGNED_LONG_LONG 8
| #define SIZEOF_UNSIGNED_LONG_LONG 8
| #define TIFF_INT64_T signed long
| #define TIFF_INT64_FORMAT "%ld"
| #define TIFF_UINT64_T unsigned long
| #define TIFF_UINT64_FORMAT "%lu"
| #define HAVE_FLOOR 1
| #define HAVE_ISASCII 1
| #define HAVE_MEMMOVE 1
| #define HAVE_MEMSET 1
| #define HAVE_MMAP 1
| #define HAVE_POW 1
| #define HAVE_SETMODE 1
| #define HAVE_SQRT 1
| #define HAVE_STRCHR 1
| #define HAVE_STRRCHR 1
| #define HAVE_STRSTR 1
| #define HAVE_STRTOL 1
| #define HAVE_GETOPT 1
| #define HAVE_STRCASECMP 1
| #define HAVE_STRTOUL 1
| #define HAVE_LFIND 1
| #define HOST_FILLORDER FILLORDER_LSB2MSB
| #define HOST_BIGENDIAN 0
| #define HAVE_IEEEFP 1
| #define CCITT_SUPPORT 1
| #define PACKBITS_SUPPORT 1
| #define LZW_SUPPORT 1
| #define THUNDER_SUPPORT 1
| #define NEXT_SUPPORT 1
| #define LOGLUV_SUPPORT 1
| #define MDI_SUPPORT 1
| #define ZIP_SUPPORT 1
| #define PIXARLOG_SUPPORT 1
| #define JPEG_SUPPORT 1
| #define OJPEG_SUPPORT 1
| #define CXX_SUPPORT 1
| #define HAVE_PTHREAD 1
| /* end confdefs.h.  */
| 
| # if HAVE_WINDOWS_H && defined(_WIN32)
| #   include <windows.h>
| # endif
| # include <GL/glu.h>
| int
| main ()
| {
| gluBeginCurve(0)
|   ;
|   return 0;
| }
configure:19481: /Applications/Xcode.app/Contents/Developer/usr/bin/g++ -o conftest -I/Users/Shared/xbmc-depends/buildtools-native/include  -I/usr/X11/include -D_THREAD_SAFE  -I/Users/Shared/xbmc-depends/buildtools-native/include  -L/Users/Shared/xbmc-depends/buildtools-native/lib  conftest.cpp -lGLU -lGL -L/usr/X11/lib -lX11  -lm -ljpeg -lz -lc  >&5
configure:19481: $? = 0
configure:19504: result: -lGLU
configure:19542: checking for GLUT library
configure:19573: /Applications/Xcode.app/Contents/Developer/usr/bin/gcc -o conftest -I/Users/Shared/xbmc-depends/buildtools-native/include  -Wall -W -I/usr/X11/include -D_THREAD_SAFE  -I/Users/Shared/xbmc-depends/buildtools-native/include  -L/Users/Shared/xbmc-depends/buildtools-native/lib  conftest.c -lglut32  -lSM -lICE -lXmu -lXi  -lGLU -lGL -L/usr/X11/lib -lX11  -lm -ljpeg -lz -lc  >&5
ld: library not found for -lglut32
clang: error: linker command failed with exit code 1 (use -v to see invocation)
configure:19573: $? = 1
configure: failed program was:
| /* confdefs.h */
| #define PACKAGE_NAME "LibTIFF Software"
| #define PACKAGE_TARNAME "tiff"
| #define PACKAGE_VERSION "3.9.7"
| #define PACKAGE_STRING "LibTIFF Software 3.9.7"
| #define PACKAGE_BUGREPORT "tiff@lists.maptools.org"
| #define PACKAGE_URL ""
| #define PACKAGE "tiff"
| #define VERSION "3.9.7"
| #define STDC_HEADERS 1
| #define HAVE_SYS_TYPES_H 1
| #define HAVE_SYS_STAT_H 1
| #define HAVE_STDLIB_H 1
| #define HAVE_STRING_H 1
| #define HAVE_MEMORY_H 1
| #define HAVE_STRINGS_H 1
| #define HAVE_INTTYPES_H 1
| #define HAVE_STDINT_H 1
| #define HAVE_UNISTD_H 1
| #define HAVE_DLFCN_H 1
| #define LT_OBJDIR ".libs/"
| #define HAVE_LIBC 1
| #define HAVE_ASSERT_H 1
| #define HAVE_FCNTL_H 1
| #define HAVE_LIMITS_H 1
| #define HAVE_SEARCH_H 1
| #define HAVE_SYS_TIME_H 1
| #define HAVE_UNISTD_H 1
| #define SIZEOF_INT 4
| #define SIZEOF_LONG 8
| #define TIME_WITH_SYS_TIME 1
| #define SIZEOF_SIGNED_LONG 8
| #define SIZEOF_UNSIGNED_LONG 8
| #define SIZEOF_SIGNED_LONG_LONG 8
| #define SIZEOF_UNSIGNED_LONG_LONG 8
| #define TIFF_INT64_T signed long
| #define TIFF_INT64_FORMAT "%ld"
| #define TIFF_UINT64_T unsigned long
| #define TIFF_UINT64_FORMAT "%lu"
| #define HAVE_FLOOR 1
| #define HAVE_ISASCII 1
| #define HAVE_MEMMOVE 1
| #define HAVE_MEMSET 1
| #define HAVE_MMAP 1
| #define HAVE_POW 1
| #define HAVE_SETMODE 1
| #define HAVE_SQRT 1
| #define HAVE_STRCHR 1
| #define HAVE_STRRCHR 1
| #define HAVE_STRSTR 1
| #define HAVE_STRTOL 1
| #define HAVE_GETOPT 1
| #define HAVE_STRCASECMP 1
| #define HAVE_STRTOUL 1
| #define HAVE_LFIND 1
| #define HOST_FILLORDER FILLORDER_LSB2MSB
| #define HOST_BIGENDIAN 0
| #define HAVE_IEEEFP 1
| #define CCITT_SUPPORT 1
| #define PACKBITS_SUPPORT 1
| #define LZW_SUPPORT 1
| #define THUNDER_SUPPORT 1
| #define NEXT_SUPPORT 1
| #define LOGLUV_SUPPORT 1
| #define MDI_SUPPORT 1
| #define ZIP_SUPPORT 1
| #define PIXARLOG_SUPPORT 1
| #define JPEG_SUPPORT 1
| #define OJPEG_SUPPORT 1
| #define CXX_SUPPORT 1
| #define HAVE_PTHREAD 1
| /* end confdefs.h.  */
| 
| # if HAVE_WINDOWS_H && defined(_WIN32)
| #   include <windows.h>
| # endif
| # include <GL/glut.h>
| int
| main ()
| {
| glutMainLoop()
|   ;
|   return 0;
| }
configure:19573: /Applications/Xcode.app/Contents/Developer/usr/bin/gcc -o conftest -I/Users/Shared/xbmc-depends/buildtools-native/include  -Wall -W -I/usr/X11/include -D_THREAD_SAFE  -I/Users/Shared/xbmc-depends/buildtools-native/include  -L/Users/Shared/xbmc-depends/buildtools-native/lib  conftest.c -lglut  -lSM -lICE -lXmu -lXi  -lGLU -lGL -L/usr/X11/lib -lX11  -lm -ljpeg -lz -lc  >&5
configure:19573: $? = 0
configure:19583: result: -lglut
configure:19811: checking that generated files are newer than configure
configure:19817: result: done
configure:19831: checking that generated files are newer than configure
configure:19837: result: done
configure:19873: creating ./config.status

## ---------------------- ##
## Running config.status. ##
## ---------------------- ##

This file was extended by LibTIFF Software config.status 3.9.7, which was
generated by GNU Autoconf 2.69.  Invocation command line was

  CONFIG_FILES    = 
  CONFIG_HEADERS  = 
  CONFIG_LINKS    = 
  CONFIG_COMMANDS = 
  $ ./config.status 

on Aruns-Mac.local

config.status:1256: creating Makefile
config.status:1256: creating build/Makefile
config.status:1256: creating contrib/Makefile
config.status:1256: creating contrib/acorn/Makefile
config.status:1256: creating contrib/addtiffo/Makefile
config.status:1256: creating contrib/dbs/Makefile
config.status:1256: creating contrib/dbs/xtiff/Makefile
config.status:1256: creating contrib/iptcutil/Makefile
config.status:1256: creating contrib/mac-cw/Makefile
config.status:1256: creating contrib/mac-mpw/Makefile
config.status:1256: creating contrib/mfs/Makefile
config.status:1256: creating contrib/pds/Makefile
config.status:1256: creating contrib/ras/Makefile
config.status:1256: creating contrib/stream/Makefile
config.status:1256: creating contrib/tags/Makefile
config.status:1256: creating contrib/win_dib/Makefile
config.status:1256: creating html/Makefile
config.status:1256: creating html/images/Makefile
config.status:1256: creating html/man/Makefile
config.status:1256: creating libtiff/Makefile
config.status:1256: creating man/Makefile
config.status:1256: creating port/Makefile
config.status:1256: creating test/Makefile
config.status:1256: creating tools/Makefile
config.status:1256: creating libtiff/tif_config.h
config.status:1256: creating libtiff/tiffconf.h
config.status:1485: executing depfiles commands
config.status:1485: executing libtool commands

## ---------------- ##
## Cache variables. ##
## ---------------- ##

ac_cv_build=x86_64-apple-darwin14.5.0
ac_cv_c_bigendian=no
ac_cv_c_compiler_gnu=yes
ac_cv_c_const=yes
ac_cv_c_inline=inline
ac_cv_cxx_compiler_gnu=yes
ac_cv_env_CCC_set=
ac_cv_env_CCC_value=
ac_cv_env_CC_set=
ac_cv_env_CC_value=
ac_cv_env_CFLAGS_set=
ac_cv_env_CFLAGS_value=
ac_cv_env_CPPFLAGS_set=
ac_cv_env_CPPFLAGS_value=
ac_cv_env_CPP_set=
ac_cv_env_CPP_value=
ac_cv_env_CXXCPP_set=
ac_cv_env_CXXCPP_value=
ac_cv_env_CXXFLAGS_set=
ac_cv_env_CXXFLAGS_value=
ac_cv_env_CXX_set=
ac_cv_env_CXX_value=
ac_cv_env_LDFLAGS_set=
ac_cv_env_LDFLAGS_value=
ac_cv_env_LIBS_set=
ac_cv_env_LIBS_value=
ac_cv_env_XMKMF_set=
ac_cv_env_XMKMF_value=
ac_cv_env_build_alias_set=
ac_cv_env_build_alias_value=
ac_cv_env_host_alias_set=
ac_cv_env_host_alias_value=
ac_cv_env_target_alias_set=
ac_cv_env_target_alias_value=
ac_cv_func_connect=yes
ac_cv_func_floor=yes
ac_cv_func_gethostbyname=yes
ac_cv_func_getopt=yes
ac_cv_func_isascii=yes
ac_cv_func_lfind=yes
ac_cv_func_memmove=yes
ac_cv_func_memset=yes
ac_cv_func_mmap=yes
ac_cv_func_pow=yes
ac_cv_func_remove=yes
ac_cv_func_setmode=yes
ac_cv_func_shmat=yes
ac_cv_func_sqrt=yes
ac_cv_func_strcasecmp=yes
ac_cv_func_strchr=yes
ac_cv_func_strrchr=yes
ac_cv_func_strstr=yes
ac_cv_func_strtol=yes
ac_cv_func_strtoul=yes
ac_cv_have_x='have_x=yes	ac_x_includes='\''/usr/X11/include'\''	ac_x_libraries='\''/usr/X11/lib'\'''
ac_cv_header_assert_h=yes
ac_cv_header_dlfcn_h=yes
ac_cv_header_fcntl_h=yes
ac_cv_header_inttypes_h=yes
ac_cv_header_io_h=no
ac_cv_header_jbig_h=no
ac_cv_header_jpeglib_h=yes
ac_cv_header_limits_h=yes
ac_cv_header_malloc_h=no
ac_cv_header_memory_h=yes
ac_cv_header_search_h=yes
ac_cv_header_stdc=yes
ac_cv_header_stdint_h=yes
ac_cv_header_stdlib_h=yes
ac_cv_header_string_h=yes
ac_cv_header_strings_h=yes
ac_cv_header_sys_stat_h=yes
ac_cv_header_sys_time_h=yes
ac_cv_header_sys_types_h=yes
ac_cv_header_time=yes
ac_cv_header_unistd_h=yes
ac_cv_header_windows_h=no
ac_cv_header_zlib_h=yes
ac_cv_host=x86_64-apple-darwin14.5.0
ac_cv_lib_ICE_IceConnectionNumber=yes
ac_cv_lib_c_main=yes
ac_cv_lib_jbig_jbg_dec_init=no
ac_cv_lib_jpeg_jpeg_read_scanlines=yes
ac_cv_lib_z_inflateEnd=yes
ac_cv_objext=o
ac_cv_path_EGREP='/usr/bin/grep -E'
ac_cv_path_FGREP='/usr/bin/grep -F'
ac_cv_path_GREP=/usr/bin/grep
ac_cv_path_SED=/usr/bin/sed
ac_cv_path_install='/usr/bin/install -c'
ac_cv_prog_AWK=awk
ac_cv_prog_CPP='/Applications/Xcode.app/Contents/Developer/usr/bin/gcc -E'
ac_cv_prog_CXXCPP='/Applications/Xcode.app/Contents/Developer/usr/bin/g++ -E'
ac_cv_prog_PTHREAD_CC=/Applications/Xcode.app/Contents/Developer/usr/bin/gcc
ac_cv_prog_ac_ct_CC=/Applications/Xcode.app/Contents/Developer/usr/bin/gcc
ac_cv_prog_ac_ct_DSYMUTIL=dsymutil
ac_cv_prog_ac_ct_LIPO=lipo
ac_cv_prog_ac_ct_NMEDIT=nmedit
ac_cv_prog_ac_ct_OBJDUMP=objdump
ac_cv_prog_ac_ct_OTOOL=otool
ac_cv_prog_ac_ct_RANLIB=/usr/bin/ranlib
ac_cv_prog_ac_ct_STRIP=/usr/bin/strip
ac_cv_prog_cc__Applications_Xcode_app_Contents_Developer_usr_bin_gcc_c_o=yes
ac_cv_prog_cc_c89=
ac_cv_prog_cc_c99=
ac_cv_prog_cc_g=yes
ac_cv_prog_cc_stdc=
ac_cv_prog_cxx_g=yes
ac_cv_prog_make_make_set=yes
ac_cv_sizeof_int=4
ac_cv_sizeof_long=8
ac_cv_sizeof_signed_long=8
ac_cv_sizeof_signed_long_long=8
ac_cv_sizeof_unsigned_long=8
ac_cv_sizeof_unsigned_long_long=8
ac_cv_struct_tm=time.h
ac_cv_sys_file_offset_bits=no
ac_cv_sys_largefile_CC=no
ac_cv_type_int16=no
ac_cv_type_int32=no
ac_cv_type_int8=no
ac_cv_type_off_t=yes
ac_cv_type_size_t=yes
am_cv_CC_dependencies_compiler_type=gcc3
am_cv_CXX_dependencies_compiler_type=gcc3
am_cv_make_support_nested_variables=yes
ax_cv_c_compiler_ms=no
ax_cv_check_gl_libgl=-lGL
ax_cv_check_glu_libglu=-lGLU
ax_cv_check_glut_libglut=-lglut
lt_cv_apple_cc_single_mod=yes
lt_cv_ar_at_file=no
lt_cv_deplibs_check_method=pass_all
lt_cv_file_magic_cmd='$MAGIC_CMD'
lt_cv_file_magic_test_file=
lt_cv_ld_exported_symbols_list=yes
lt_cv_ld_force_load=yes
lt_cv_ld_reload_flag=-r
lt_cv_nm_interface='BSD nm'
lt_cv_objdir=.libs
lt_cv_path_LD=/Applications/Xcode.app/Contents/Developer/usr/bin/ld
lt_cv_path_LDCXX=/Applications/Xcode.app/Contents/Developer/usr/bin/ld
lt_cv_path_NM=/usr/bin/nm
lt_cv_path_mainfest_tool=no
lt_cv_prog_compiler_c_o=yes
lt_cv_prog_compiler_c_o_CXX=yes
lt_cv_prog_compiler_pic='-fno-common -DPIC'
lt_cv_prog_compiler_pic_CXX='-fno-common -DPIC'
lt_cv_prog_compiler_pic_works=yes
lt_cv_prog_compiler_pic_works_CXX=yes
lt_cv_prog_compiler_rtti_exceptions=yes
lt_cv_prog_compiler_static_works=no
lt_cv_prog_compiler_static_works_CXX=no
lt_cv_prog_gnu_ld=no
lt_cv_prog_gnu_ldcxx=no
lt_cv_sharedlib_from_linklib_cmd='printf %s\n'
lt_cv_sys_global_symbol_pipe='sed -n -e '\''s/^.*[	 ]\([BCDEGRST][BCDEGRST]*\)[	 ][	 ]*_\([_A-Za-z][_A-Za-z0-9]*\)$/\1 _\2 \2/p'\'' | sed '\''/ __gnu_lto/d'\'''
lt_cv_sys_global_symbol_to_c_name_address='sed -n -e '\''s/^: \([^ ]*\)[ ]*$/  {\"\1\", (void *) 0},/p'\'' -e '\''s/^[BCDEGRST]* \([^ ]*\) \([^ ]*\)$/  {"\2", (void *) \&\2},/p'\'''
lt_cv_sys_global_symbol_to_c_name_address_lib_prefix='sed -n -e '\''s/^: \([^ ]*\)[ ]*$/  {\"\1\", (void *) 0},/p'\'' -e '\''s/^[BCDEGRST]* \([^ ]*\) \(lib[^ ]*\)$/  {"\2", (void *) \&\2},/p'\'' -e '\''s/^[BCDEGRST]* \([^ ]*\) \([^ ]*\)$/  {"lib\2", (void *) \&\2},/p'\'''
lt_cv_sys_global_symbol_to_cdecl='sed -n -e '\''s/^T .* \(.*\)$/extern int \1();/p'\'' -e '\''s/^[BCDEGRST]* .* \(.*\)$/extern char \1;/p'\'''
lt_cv_sys_max_cmd_len=196608
lt_cv_to_host_file_cmd=func_convert_file_noop
lt_cv_to_tool_file_cmd=func_convert_file_noop
vl_cv_prog_cc_warnings='-Wall -W'

## ----------------- ##
## Output variables. ##
## ----------------- ##

ACLOCAL='/Users/Shared/xbmc-depends/buildtools-native/bin/aclocal'
AMDEPBACKSLASH='\'
AMDEP_FALSE='#'
AMDEP_TRUE=''
AMTAR='$${TAR-tar}'
AM_BACKSLASH='\'
AM_DEFAULT_V='$(AM_DEFAULT_VERBOSITY)'
AM_DEFAULT_VERBOSITY='1'
AM_V='$(V)'
AR='/usr/bin/ar'
AS='/usr/bin/as'
AUTOCONF='/Users/Shared/xbmc-depends/buildtools-native/bin/autoconf'
AUTOHEADER='/Users/Shared/xbmc-depends/buildtools-native/bin/autoheader'
AUTOMAKE='/Users/Shared/xbmc-depends/buildtools-native/bin/automake'
AWK='awk'
CC='/Applications/Xcode.app/Contents/Developer/usr/bin/gcc'
CCDEPMODE='depmode=gcc3'
CFLAGS='-I/Users/Shared/xbmc-depends/buildtools-native/include  -Wall -W'
CPP='/Applications/Xcode.app/Contents/Developer/usr/bin/gcc -E'
CPPFLAGS='-I/Users/Shared/xbmc-depends/buildtools-native/include '
CXX='/Applications/Xcode.app/Contents/Developer/usr/bin/g++'
CXXCPP='/Applications/Xcode.app/Contents/Developer/usr/bin/g++ -E'
CXXDEPMODE='depmode=gcc3'
CXXFLAGS='-I/Users/Shared/xbmc-depends/buildtools-native/include '
CYGPATH_W='echo'
DEFS='-DHAVE_CONFIG_H'
DEPDIR='.deps'
DLLTOOL='false'
DSYMUTIL='dsymutil'
DUMPBIN=''
ECHO_C='\c'
ECHO_N=''
ECHO_T=''
EGREP='/usr/bin/grep -E'
EXEEXT=''
FGREP='/usr/bin/grep -F'
GLUT_CFLAGS='-I/usr/X11/include -D_THREAD_SAFE '
GLUT_LIBS='-lglut  -lSM -lICE -lXmu -lXi  -lGLU -lGL -L/usr/X11/lib -lX11  -lm'
GLU_CFLAGS='-I/usr/X11/include -D_THREAD_SAFE '
GLU_LIBS='-lGLU -lGL -L/usr/X11/lib -lX11  -lm'
GL_CFLAGS='-I/usr/X11/include -D_THREAD_SAFE '
GL_LIBS='-lGL -L/usr/X11/lib -lX11  -lm'
GREP='/usr/bin/grep'
HAVE_CXX_FALSE='#'
HAVE_CXX_TRUE=''
HAVE_LD_VERSION_SCRIPT_FALSE=''
HAVE_LD_VERSION_SCRIPT_TRUE='#'
HAVE_OPENGL_FALSE='#'
HAVE_OPENGL_TRUE=''
HAVE_RPATH_FALSE=''
HAVE_RPATH_TRUE='#'
INSTALL_DATA='${INSTALL} -m 644'
INSTALL_PROGRAM='${INSTALL}'
INSTALL_SCRIPT='${INSTALL}'
INSTALL_STRIP_PROGRAM='$(install_sh) -c -s'
LD='/Applications/Xcode.app/Contents/Developer/usr/bin/ld'
LDFLAGS='-L/Users/Shared/xbmc-depends/buildtools-native/lib '
LIBDIR=''
LIBOBJS=''
LIBS='-ljpeg -lz -lc '
LIBTIFF_ALPHA_VERSION=''
LIBTIFF_DOCDIR='${prefix}/share/doc/tiff-3.9.7'
LIBTIFF_MAJOR_VERSION='3'
LIBTIFF_MICRO_VERSION='7'
LIBTIFF_MINOR_VERSION='9'
LIBTIFF_RELEASE_DATE='20170131'
LIBTIFF_VERSION='3.9.7'
LIBTIFF_VERSION_INFO='3:9:7'
LIBTOOL='$(SHELL) $(top_builddir)/libtool'
LIPO='lipo'
LN_S='ln -s'
LTLIBOBJS=''
MAINT='#'
MAINTAINER_MODE_FALSE=''
MAINTAINER_MODE_TRUE='#'
MAKEINFO='${SHELL} /Users/osx/Desktop/kodi/xbmc/tools/depends/native/tiff-native/x86_64-osx-native/config/missing --run makeinfo'
MANIFEST_TOOL=':'
MKDIR_P='config/install-sh -c -d'
NM='/usr/bin/nm'
NMEDIT='nmedit'
OBJDUMP='objdump'
OBJEXT='o'
OTOOL64=':'
OTOOL='otool'
PACKAGE='tiff'
PACKAGE_BUGREPORT='tiff@lists.maptools.org'
PACKAGE_NAME='LibTIFF Software'
PACKAGE_STRING='LibTIFF Software 3.9.7'
PACKAGE_TARNAME='tiff'
PACKAGE_URL=''
PACKAGE_VERSION='3.9.7'
PATH_SEPARATOR=':'
PTHREAD_CC='/Applications/Xcode.app/Contents/Developer/usr/bin/gcc'
PTHREAD_CFLAGS='-D_THREAD_SAFE '
PTHREAD_LIBS=''
RANLIB='/usr/bin/ranlib'
SED='/usr/bin/sed'
SET_MAKE=''
SHELL='/bin/sh'
STRIP='/usr/bin/strip'
VERSION='3.9.7'
XMKMF=''
X_CFLAGS=' -I/usr/X11/include'
X_EXTRA_LIBS=''
X_LIBS=' -L/usr/X11/lib'
X_PRE_LIBS=' -lSM -lICE'
ac_ct_AR=''
ac_ct_CC='/Applications/Xcode.app/Contents/Developer/usr/bin/gcc'
ac_ct_CXX=''
ac_ct_DUMPBIN=''
acx_pthread_config=''
am__EXEEXT_FALSE=''
am__EXEEXT_TRUE='#'
am__fastdepCC_FALSE='#'
am__fastdepCC_TRUE=''
am__fastdepCXX_FALSE='#'
am__fastdepCXX_TRUE=''
am__include='include'
am__isrc=''
am__leading_dot='.'
am__nodep='_no'
am__quote=''
am__tar='$${TAR-tar} chof - "$$tardir"'
am__untar='$${TAR-tar} xf -'
bindir='${exec_prefix}/bin'
build='x86_64-apple-darwin14.5.0'
build_alias=''
build_cpu='x86_64'
build_os='darwin14.5.0'
build_vendor='apple'
datadir='${datarootdir}'
datarootdir='${prefix}/share'
docdir='${datarootdir}/doc/${PACKAGE_TARNAME}'
dvidir='${docdir}'
exec_prefix='${prefix}'
host='x86_64-apple-darwin14.5.0'
host_alias=''
host_cpu='x86_64'
host_os='darwin14.5.0'
host_vendor='apple'
htmldir='${docdir}'
includedir='${prefix}/include'
infodir='${datarootdir}/info'
install_sh='${SHELL} /Users/osx/Desktop/kodi/xbmc/tools/depends/native/tiff-native/x86_64-osx-native/config/install-sh'
libdir='${exec_prefix}/lib'
libexecdir='${exec_prefix}/libexec'
localedir='${datarootdir}/locale'
localstatedir='${prefix}/var'
mandir='${datarootdir}/man'
mkdir_p='$(MKDIR_P)'
oldincludedir='/usr/include'
pdfdir='${docdir}'
prefix='/Users/Shared/xbmc-depends/buildtools-native'
program_transform_name='s,x,x,'
psdir='${docdir}'
sbindir='${exec_prefix}/sbin'
sharedstatedir='${prefix}/com'
sysconfdir='${prefix}/etc'
target_alias=''

## ----------- ##
## confdefs.h. ##
## ----------- ##

/* confdefs.h */
#define PACKAGE_NAME "LibTIFF Software"
#define PACKAGE_TARNAME "tiff"
#define PACKAGE_VERSION "3.9.7"
#define PACKAGE_STRING "LibTIFF Software 3.9.7"
#define PACKAGE_BUGREPORT "tiff@lists.maptools.org"
#define PACKAGE_URL ""
#define PACKAGE "tiff"
#define VERSION "3.9.7"
#define STDC_HEADERS 1
#define HAVE_SYS_TYPES_H 1
#define HAVE_SYS_STAT_H 1
#define HAVE_STDLIB_H 1
#define HAVE_STRING_H 1
#define HAVE_MEMORY_H 1
#define HAVE_STRINGS_H 1
#define HAVE_INTTYPES_H 1
#define HAVE_STDINT_H 1
#define HAVE_UNISTD_H 1
#define HAVE_DLFCN_H 1
#define LT_OBJDIR ".libs/"
#define HAVE_LIBC 1
#define HAVE_ASSERT_H 1
#define HAVE_FCNTL_H 1
#define HAVE_LIMITS_H 1
#define HAVE_SEARCH_H 1
#define HAVE_SYS_TIME_H 1
#define HAVE_UNISTD_H 1
#define SIZEOF_INT 4
#define SIZEOF_LONG 8
#define TIME_WITH_SYS_TIME 1
#define SIZEOF_SIGNED_LONG 8
#define SIZEOF_UNSIGNED_LONG 8
#define SIZEOF_SIGNED_LONG_LONG 8
#define SIZEOF_UNSIGNED_LONG_LONG 8
#define TIFF_INT64_T signed long
#define TIFF_INT64_FORMAT "%ld"
#define TIFF_UINT64_T unsigned long
#define TIFF_UINT64_FORMAT "%lu"
#define HAVE_FLOOR 1
#define HAVE_ISASCII 1
#define HAVE_MEMMOVE 1
#define HAVE_MEMSET 1
#define HAVE_MMAP 1
#define HAVE_POW 1
#define HAVE_SETMODE 1
#define HAVE_SQRT 1
#define HAVE_STRCHR 1
#define HAVE_STRRCHR 1
#define HAVE_STRSTR 1
#define HAVE_STRTOL 1
#define HAVE_GETOPT 1
#define HAVE_STRCASECMP 1
#define HAVE_STRTOUL 1
#define HAVE_LFIND 1
#define HOST_FILLORDER FILLORDER_LSB2MSB
#define HOST_BIGENDIAN 0
#define HAVE_IEEEFP 1
#define CCITT_SUPPORT 1
#define PACKBITS_SUPPORT 1
#define LZW_SUPPORT 1
#define THUNDER_SUPPORT 1
#define NEXT_SUPPORT 1
#define LOGLUV_SUPPORT 1
#define MDI_SUPPORT 1
#define ZIP_SUPPORT 1
#define PIXARLOG_SUPPORT 1
#define JPEG_SUPPORT 1
#define OJPEG_SUPPORT 1
#define CXX_SUPPORT 1
#define HAVE_PTHREAD 1
#define STRIPCHOP_DEFAULT TIFF_STRIPCHOP
#define STRIP_SIZE_DEFAULT 8192
#define SUBIFD_SUPPORT 1
#define DEFAULT_EXTRASAMPLE_AS_ALPHA 1
#define CHECK_JPEG_YCBCR_SUBSAMPLING 1

configure: exit 0
