This file contains any messages produced by compilers while
running configure, to aid debugging if configure makes a mistake.

It was created by xbmc-depends configure 2.00, which was
generated by GNU Autoconf 2.69.  Invocation command line was

  $ ./configure --host=arm-apple-darwin

## --------- ##
## Platform. ##
## --------- ##

hostname = Aruns-Mac.local
uname -m = x86_64
uname -r = 14.5.0
uname -s = Darwin
uname -v = Darwin Kernel Version 14.5.0: Wed Jul 29 02:26:53 PDT 2015; root:xnu-2782.40.9~1/RELEASE_X86_64

/usr/bin/uname -p = i386
/bin/uname -X     = unknown

/bin/arch              = unknown
/usr/bin/arch -k       = unknown
/usr/convex/getsysinfo = unknown
/usr/bin/hostinfo      = Mach kernel version:
	 Darwin Kernel Version 14.5.0: Wed Jul 29 02:26:53 PDT 2015; root:xnu-2782.40.9~1/RELEASE_X86_64
Kernel configured for up to 4 processors.
4 processors are physically available.
4 processors are logically available.
Processor type: x86_64h (Intel x86-64h Haswell)
Processors active: 0 1 2 3
Primary memory available: 8.00 gigabytes
Default processor set: 202 tasks, 905 threads, 4 processors
Load average: 1.44, Mach factor: 2.54
/bin/machine           = unknown
/usr/bin/oslevel       = unknown
/bin/universe          = unknown

PATH: /Users/osx/.rvm/gems/ruby-2.3.0/bin
PATH: /Users/osx/.rvm/gems/ruby-2.3.0@global/bin
PATH: /Users/osx/.rvm/rubies/ruby-2.3.0/bin
PATH: /usr/local/bin
PATH: /usr/bin
PATH: /bin
PATH: /usr/sbin
PATH: /sbin
PATH: /opt/X11/bin
PATH: /usr/local/MacGPG2/bin
PATH: /Library/Frameworks/Mono.framework/Versions/Current/Commands
PATH: /Users/osx/Library/Android/sdk/tools
PATH: /Users/osx/Library/Android/sdk/platform-tools
PATH: /Users/osx/Android/android-ndk-r10e
PATH: /Users/osx/Library/Android/sdk/build-tools
PATH: /Users/osx/.rvm/bin


## ----------- ##
## Core tests. ##
## ----------- ##

configure:1993: checking build system type
configure:2007: result: x86_64-apple-darwin14.5.0
configure:2027: checking host system type
configure:2040: result: arm-apple-darwin
configure:2118: checking for arm-apple-darwin-g++
configure:2148: result: no
configure:2118: checking for arm-apple-darwin-c++
configure:2148: result: no
configure:2118: checking for arm-apple-darwin-gpp
configure:2148: result: no
configure:2118: checking for arm-apple-darwin-aCC
configure:2148: result: no
configure:2118: checking for arm-apple-darwin-CC
configure:2148: result: no
configure:2118: checking for arm-apple-darwin-cxx
configure:2148: result: no
configure:2118: checking for arm-apple-darwin-cc++
configure:2148: result: no
configure:2118: checking for arm-apple-darwin-cl.exe
configure:2148: result: no
configure:2118: checking for arm-apple-darwin-FCC
configure:2148: result: no
configure:2118: checking for arm-apple-darwin-KCC
configure:2148: result: no
configure:2118: checking for arm-apple-darwin-RCC
configure:2148: result: no
configure:2118: checking for arm-apple-darwin-xlC_r
configure:2148: result: no
configure:2118: checking for arm-apple-darwin-xlC
configure:2148: result: no
configure:2162: checking for g++
configure:2178: found /usr/bin/g++
configure:2189: result: g++
configure:2216: checking for C++ compiler version
configure:2225: g++ --version >&5
Apple LLVM version 7.0.2 (clang-700.1.81)
Target: x86_64-apple-darwin14.5.0
Thread model: posix
Configured with: --prefix=/Applications/Xcode.app/Contents/Developer/usr --with-gxx-include-dir=/Applications/Xcode.app/Contents/Developer/Platforms/MacOSX.platform/Developer/SDKs/MacOSX10.11.sdk/usr/include/c++/4.2.1
configure:2236: $? = 0
configure:2225: g++ -v >&5
Configured with: --prefix=/Applications/Xcode.app/Contents/Developer/usr --with-gxx-include-dir=/Applications/Xcode.app/Contents/Developer/Platforms/MacOSX.platform/Developer/SDKs/MacOSX10.11.sdk/usr/include/c++/4.2.1
Apple LLVM version 7.0.2 (clang-700.1.81)
Target: x86_64-apple-darwin14.5.0
Thread model: posix
configure:2236: $? = 0
configure:2225: g++ -V >&5
clang: error: argument to '-V' is missing (expected 1 value)
clang: error: no input files
configure:2236: $? = 1
configure:2225: g++ -qversion >&5
clang: error: unknown argument: '-qversion'
clang: error: no input files
configure:2236: $? = 1
configure:2256: checking whether the C++ compiler works
configure:2278: g++    conftest.cpp  >&5
configure:2282: $? = 0
configure:2330: result: yes
configure:2333: checking for C++ compiler default output file name
configure:2335: result: a.out
configure:2341: checking for suffix of executables
configure:2348: g++ -o conftest    conftest.cpp  >&5
configure:2352: $? = 0
configure:2374: result: 
configure:2396: checking whether we are cross compiling
configure:2404: g++ -o conftest    conftest.cpp  >&5
configure:2408: $? = 0
configure:2415: ./conftest
configure:2419: $? = 0
configure:2434: result: no
configure:2439: checking for suffix of object files
configure:2461: g++ -c   conftest.cpp >&5
configure:2465: $? = 0
configure:2486: result: o
configure:2490: checking whether we are using the GNU C++ compiler
configure:2509: g++ -c   conftest.cpp >&5
configure:2509: $? = 0
configure:2518: result: yes
configure:2527: checking whether g++ accepts -g
configure:2547: g++ -c -g  conftest.cpp >&5
configure:2547: $? = 0
configure:2588: result: yes
configure:2619: checking whether g++ supports C++11 features by default
configure:2653: g++ -c -g -O2  conftest.cpp >&5
conftest.cpp:13:21: error: expected parameter declarator
      static_assert(sizeof(int) <= sizeof(T), "not big enough");
                    ^
conftest.cpp:13:21: error: expected ')'
conftest.cpp:13:20: note: to match this '('
      static_assert(sizeof(int) <= sizeof(T), "not big enough");
                   ^
conftest.cpp:13:7: error: C++ requires a type specifier for all declarations
      static_assert(sizeof(int) <= sizeof(T), "not big enough");
      ^
conftest.cpp:23:29: error: a space is required between consecutive right angle brackets (use '> >')
    typedef check<check<bool>> right_angle_brackets;
                            ^~
                            > >
conftest.cpp:26:5: error: unknown type name 'decltype'
    decltype(a) b;
    ^
conftest.cpp:26:16: error: expected ';' after top level declarator
    decltype(a) b;
               ^
               ;
conftest.cpp:30:15: warning: rvalue references are a C++11 extension [-Wc++11-extensions]
    check_type&& cr = static_cast<check_type&&>(c);
              ^
conftest.cpp:30:45: warning: rvalue references are a C++11 extension [-Wc++11-extensions]
    check_type&& cr = static_cast<check_type&&>(c);
                                            ^
conftest.cpp:32:5: warning: 'auto' type specifier is a C++11 extension [-Wc++11-extensions]
    auto d = a;
    ^
conftest.cpp:33:5: warning: 'auto' type specifier is a C++11 extension [-Wc++11-extensions]
    auto l = [](){};
    ^
conftest.cpp:33:14: error: expected expression
    auto l = [](){};
             ^
4 warnings and 7 errors generated.
configure:2653: $? = 1
configure: failed program was:
| /* confdefs.h */
| #define PACKAGE_NAME "xbmc-depends"
| #define PACKAGE_TARNAME "xbmc-depends"
| #define PACKAGE_VERSION "2.00"
| #define PACKAGE_STRING "xbmc-depends 2.00"
| #define PACKAGE_BUGREPORT "http://trac.xbmc.org"
| #define PACKAGE_URL ""
| /* end confdefs.h.  */
| 
|   template <typename T>
|     struct check
|     {
|       static_assert(sizeof(int) <= sizeof(T), "not big enough");
|     };
| 
|     struct Base {
|     virtual void f() {}
|     };
|     struct Child : public Base {
|     virtual void f() {}
|     };
| 
|     typedef check<check<bool>> right_angle_brackets;
| 
|     int a;
|     decltype(a) b;
| 
|     typedef check<int> check_type;
|     check_type c;
|     check_type&& cr = static_cast<check_type&&>(c);
| 
|     auto d = a;
|     auto l = [](){};
| 
configure:2660: result: no
configure:2669: checking whether g++ supports C++11 features with -std=gnu++11
configure:2705: g++ -c -g -O2 -std=gnu++11  conftest.cpp >&5
configure:2705: $? = 0
configure:2714: result: yes
configure:2880: checking for unzip
configure:2896: found /usr/bin/unzip
configure:2908: result: yes
configure:2922: checking for zip
configure:2938: found /usr/bin/zip
configure:2950: result: yes
configure:2964: checking for curl
configure:2982: found /usr/bin/curl
configure:2995: result: /usr/bin/curl
configure:3009: checking for tar
configure:3027: found /usr/bin/tar
configure:3040: result: /usr/bin/tar
configure:3154: result: found xcodebuild at /Applications/Xcode.app/Contents/Developer/usr/bin/xcodebuild
configure:3436: checking for arm-apple-darwin-ranlib
configure:3469: result: no
configure:3479: checking for ranlib
configure:3497: found /Applications/Xcode.app/Contents/Developer/Toolchains/XcodeDefault.xctoolchain/usr/bin/ranlib
configure:3509: result: /Applications/Xcode.app/Contents/Developer/Toolchains/XcodeDefault.xctoolchain/usr/bin/ranlib
configure:3521: WARNING: using cross tools not prefixed with host triplet
configure:3534: checking for arm-apple-darwin-ld
configure:3567: result: no
configure:3577: checking for ld
configure:3595: found /Applications/Xcode.app/Contents/Developer/Toolchains/XcodeDefault.xctoolchain/usr/bin/ld
configure:3607: result: /Applications/Xcode.app/Contents/Developer/Toolchains/XcodeDefault.xctoolchain/usr/bin/ld
configure:3632: checking for arm-apple-darwin-ar
configure:3665: result: no
configure:3675: checking for ar
configure:3693: found /Applications/Xcode.app/Contents/Developer/Toolchains/XcodeDefault.xctoolchain/usr/bin/ar
configure:3705: result: /Applications/Xcode.app/Contents/Developer/Toolchains/XcodeDefault.xctoolchain/usr/bin/ar
configure:3730: checking for arm-apple-darwin-readelf
configure:3763: result: no
configure:3773: checking for readelf
configure:3806: result: no
configure:3828: checking for arm-apple-darwin-strip
configure:3861: result: no
configure:3871: checking for strip
configure:3889: found /Applications/Xcode.app/Contents/Developer/Toolchains/XcodeDefault.xctoolchain/usr/bin/strip
configure:3901: result: /Applications/Xcode.app/Contents/Developer/Toolchains/XcodeDefault.xctoolchain/usr/bin/strip
configure:3926: checking for arm-apple-darwin-as
configure:3959: result: no
configure:3969: checking for as
configure:3987: found /Applications/Xcode.app/Contents/Developer/Toolchains/XcodeDefault.xctoolchain/usr/bin/as
configure:3999: result: /Applications/Xcode.app/Contents/Developer/Toolchains/XcodeDefault.xctoolchain/usr/bin/as
configure:4024: checking for arm-apple-darwin-nm
configure:4057: result: no
configure:4067: checking for nm
configure:4085: found /Applications/Xcode.app/Contents/Developer/Toolchains/XcodeDefault.xctoolchain/usr/bin/nm
configure:4097: result: /Applications/Xcode.app/Contents/Developer/Toolchains/XcodeDefault.xctoolchain/usr/bin/nm
configure:4122: checking for arm-apple-darwin-objdump
configure:4155: result: no
configure:4165: checking for objdump
configure:4198: result: no
configure:4220: checking for arm-apple-darwin-clang
configure:4253: result: no
configure:4263: checking for clang
configure:4281: found /Applications/Xcode.app/Contents/Developer/Toolchains/XcodeDefault.xctoolchain/usr/bin/clang
configure:4293: result: /Applications/Xcode.app/Contents/Developer/Toolchains/XcodeDefault.xctoolchain/usr/bin/clang
configure:4318: checking for arm-apple-darwin-clang++
configure:4351: result: no
configure:4361: checking for clang++
configure:4379: found /Applications/Xcode.app/Contents/Developer/Toolchains/XcodeDefault.xctoolchain/usr/bin/clang++
configure:4391: result: /Applications/Xcode.app/Contents/Developer/Toolchains/XcodeDefault.xctoolchain/usr/bin/clang++
configure:4421: checking for arm-apple-darwin-gcc
configure:4448: result: /Applications/Xcode.app/Contents/Developer/Toolchains/XcodeDefault.xctoolchain/usr/bin/clang
configure:4717: checking for C compiler version
configure:4726: /Applications/Xcode.app/Contents/Developer/Toolchains/XcodeDefault.xctoolchain/usr/bin/clang --version >&5
Apple LLVM version 7.0.2 (clang-700.1.81)
Target: x86_64-apple-darwin14.5.0
Thread model: posix
configure:4737: $? = 0
configure:4726: /Applications/Xcode.app/Contents/Developer/Toolchains/XcodeDefault.xctoolchain/usr/bin/clang -v >&5
Apple LLVM version 7.0.2 (clang-700.1.81)
Target: x86_64-apple-darwin14.5.0
Thread model: posix
configure:4737: $? = 0
configure:4726: /Applications/Xcode.app/Contents/Developer/Toolchains/XcodeDefault.xctoolchain/usr/bin/clang -V >&5
clang: error: argument to '-V' is missing (expected 1 value)
clang: error: no input files
configure:4737: $? = 1
configure:4726: /Applications/Xcode.app/Contents/Developer/Toolchains/XcodeDefault.xctoolchain/usr/bin/clang -qversion >&5
clang: error: unknown argument: '-qversion'
clang: error: no input files
configure:4737: $? = 1
configure:4741: checking whether we are using the GNU C compiler
configure:4760: /Applications/Xcode.app/Contents/Developer/Toolchains/XcodeDefault.xctoolchain/usr/bin/clang -c   conftest.c >&5
configure:4760: $? = 0
configure:4769: result: yes
configure:4778: checking whether /Applications/Xcode.app/Contents/Developer/Toolchains/XcodeDefault.xctoolchain/usr/bin/clang accepts -g
configure:4798: /Applications/Xcode.app/Contents/Developer/Toolchains/XcodeDefault.xctoolchain/usr/bin/clang -c -g  conftest.c >&5
configure:4798: $? = 0
configure:4839: result: yes
configure:4856: checking for /Applications/Xcode.app/Contents/Developer/Toolchains/XcodeDefault.xctoolchain/usr/bin/clang option to accept ISO C89
configure:4919: /Applications/Xcode.app/Contents/Developer/Toolchains/XcodeDefault.xctoolchain/usr/bin/clang  -c   conftest.c >&5
conftest.c:11:10: fatal error: 'stdio.h' file not found
#include <stdio.h>
         ^
1 error generated.
configure:4919: $? = 1
configure: failed program was:
| /* confdefs.h */
| #define PACKAGE_NAME "xbmc-depends"
| #define PACKAGE_TARNAME "xbmc-depends"
| #define PACKAGE_VERSION "2.00"
| #define PACKAGE_STRING "xbmc-depends 2.00"
| #define PACKAGE_BUGREPORT "http://trac.xbmc.org"
| #define PACKAGE_URL ""
| #define HAVE_CXX11 1
| /* end confdefs.h.  */
| #include <stdarg.h>
| #include <stdio.h>
| struct stat;
| /* Most of the following tests are stolen from RCS 5.7's src/conf.sh.  */
| struct buf { int x; };
| FILE * (*rcsopen) (struct buf *, struct stat *, int);
| static char *e (p, i)
|      char **p;
|      int i;
| {
|   return p[i];
| }
| static char *f (char * (*g) (char **, int), char **p, ...)
| {
|   char *s;
|   va_list v;
|   va_start (v,p);
|   s = g (p, va_arg (v,int));
|   va_end (v);
|   return s;
| }
| 
| /* OSF 4.0 Compaq cc is some sort of almost-ANSI by default.  It has
|    function prototypes and stuff, but not '\xHH' hex character constants.
|    These don't provoke an error unfortunately, instead are silently treated
|    as 'x'.  The following induces an error, until -std is added to get
|    proper ANSI mode.  Curiously '\x00'!='x' always comes out true, for an
|    array size at least.  It's necessary to write '\x00'==0 to get something
|    that's true only with -std.  */
| int osf4_cc_array ['\x00' == 0 ? 1 : -1];
| 
| /* IBM C 6 for AIX is almost-ANSI by default, but it replaces macro parameters
|    inside strings and character constants.  */
| #define FOO(x) 'x'
| int xlc6_cc_array[FOO(a) == 'x' ? 1 : -1];
| 
| int test (int i, double x);
| struct s1 {int (*f) (int a);};
| struct s2 {int (*f) (double a);};
| int pairnames (int, char **, FILE *(*)(struct buf *, struct stat *, int), int, int);
| int argc;
| char **argv;
| int
| main ()
| {
| return f (e, argv, 0) != argv[0]  ||  f (e, argv, 1) != argv[1];
|   ;
|   return 0;
| }
configure:4919: /Applications/Xcode.app/Contents/Developer/Toolchains/XcodeDefault.xctoolchain/usr/bin/clang -qlanglvl=extc89 -c   conftest.c >&5
clang: error: unknown argument: '-qlanglvl=extc89'
configure:4919: $? = 1
configure: failed program was:
| /* confdefs.h */
| #define PACKAGE_NAME "xbmc-depends"
| #define PACKAGE_TARNAME "xbmc-depends"
| #define PACKAGE_VERSION "2.00"
| #define PACKAGE_STRING "xbmc-depends 2.00"
| #define PACKAGE_BUGREPORT "http://trac.xbmc.org"
| #define PACKAGE_URL ""
| #define HAVE_CXX11 1
| /* end confdefs.h.  */
| #include <stdarg.h>
| #include <stdio.h>
| struct stat;
| /* Most of the following tests are stolen from RCS 5.7's src/conf.sh.  */
| struct buf { int x; };
| FILE * (*rcsopen) (struct buf *, struct stat *, int);
| static char *e (p, i)
|      char **p;
|      int i;
| {
|   return p[i];
| }
| static char *f (char * (*g) (char **, int), char **p, ...)
| {
|   char *s;
|   va_list v;
|   va_start (v,p);
|   s = g (p, va_arg (v,int));
|   va_end (v);
|   return s;
| }
| 
| /* OSF 4.0 Compaq cc is some sort of almost-ANSI by default.  It has
|    function prototypes and stuff, but not '\xHH' hex character constants.
|    These don't provoke an error unfortunately, instead are silently treated
|    as 'x'.  The following induces an error, until -std is added to get
|    proper ANSI mode.  Curiously '\x00'!='x' always comes out true, for an
|    array size at least.  It's necessary to write '\x00'==0 to get something
|    that's true only with -std.  */
| int osf4_cc_array ['\x00' == 0 ? 1 : -1];
| 
| /* IBM C 6 for AIX is almost-ANSI by default, but it replaces macro parameters
|    inside strings and character constants.  */
| #define FOO(x) 'x'
| int xlc6_cc_array[FOO(a) == 'x' ? 1 : -1];
| 
| int test (int i, double x);
| struct s1 {int (*f) (int a);};
| struct s2 {int (*f) (double a);};
| int pairnames (int, char **, FILE *(*)(struct buf *, struct stat *, int), int, int);
| int argc;
| char **argv;
| int
| main ()
| {
| return f (e, argv, 0) != argv[0]  ||  f (e, argv, 1) != argv[1];
|   ;
|   return 0;
| }
configure:4919: /Applications/Xcode.app/Contents/Developer/Toolchains/XcodeDefault.xctoolchain/usr/bin/clang -qlanglvl=ansi -c   conftest.c >&5
clang: error: unknown argument: '-qlanglvl=ansi'
configure:4919: $? = 1
configure: failed program was:
| /* confdefs.h */
| #define PACKAGE_NAME "xbmc-depends"
| #define PACKAGE_TARNAME "xbmc-depends"
| #define PACKAGE_VERSION "2.00"
| #define PACKAGE_STRING "xbmc-depends 2.00"
| #define PACKAGE_BUGREPORT "http://trac.xbmc.org"
| #define PACKAGE_URL ""
| #define HAVE_CXX11 1
| /* end confdefs.h.  */
| #include <stdarg.h>
| #include <stdio.h>
| struct stat;
| /* Most of the following tests are stolen from RCS 5.7's src/conf.sh.  */
| struct buf { int x; };
| FILE * (*rcsopen) (struct buf *, struct stat *, int);
| static char *e (p, i)
|      char **p;
|      int i;
| {
|   return p[i];
| }
| static char *f (char * (*g) (char **, int), char **p, ...)
| {
|   char *s;
|   va_list v;
|   va_start (v,p);
|   s = g (p, va_arg (v,int));
|   va_end (v);
|   return s;
| }
| 
| /* OSF 4.0 Compaq cc is some sort of almost-ANSI by default.  It has
|    function prototypes and stuff, but not '\xHH' hex character constants.
|    These don't provoke an error unfortunately, instead are silently treated
|    as 'x'.  The following induces an error, until -std is added to get
|    proper ANSI mode.  Curiously '\x00'!='x' always comes out true, for an
|    array size at least.  It's necessary to write '\x00'==0 to get something
|    that's true only with -std.  */
| int osf4_cc_array ['\x00' == 0 ? 1 : -1];
| 
| /* IBM C 6 for AIX is almost-ANSI by default, but it replaces macro parameters
|    inside strings and character constants.  */
| #define FOO(x) 'x'
| int xlc6_cc_array[FOO(a) == 'x' ? 1 : -1];
| 
| int test (int i, double x);
| struct s1 {int (*f) (int a);};
| struct s2 {int (*f) (double a);};
| int pairnames (int, char **, FILE *(*)(struct buf *, struct stat *, int), int, int);
| int argc;
| char **argv;
| int
| main ()
| {
| return f (e, argv, 0) != argv[0]  ||  f (e, argv, 1) != argv[1];
|   ;
|   return 0;
| }
configure:4919: /Applications/Xcode.app/Contents/Developer/Toolchains/XcodeDefault.xctoolchain/usr/bin/clang -std -c   conftest.c >&5
clang: error: unknown argument: '-std'
configure:4919: $? = 1
configure: failed program was:
| /* confdefs.h */
| #define PACKAGE_NAME "xbmc-depends"
| #define PACKAGE_TARNAME "xbmc-depends"
| #define PACKAGE_VERSION "2.00"
| #define PACKAGE_STRING "xbmc-depends 2.00"
| #define PACKAGE_BUGREPORT "http://trac.xbmc.org"
| #define PACKAGE_URL ""
| #define HAVE_CXX11 1
| /* end confdefs.h.  */
| #include <stdarg.h>
| #include <stdio.h>
| struct stat;
| /* Most of the following tests are stolen from RCS 5.7's src/conf.sh.  */
| struct buf { int x; };
| FILE * (*rcsopen) (struct buf *, struct stat *, int);
| static char *e (p, i)
|      char **p;
|      int i;
| {
|   return p[i];
| }
| static char *f (char * (*g) (char **, int), char **p, ...)
| {
|   char *s;
|   va_list v;
|   va_start (v,p);
|   s = g (p, va_arg (v,int));
|   va_end (v);
|   return s;
| }
| 
| /* OSF 4.0 Compaq cc is some sort of almost-ANSI by default.  It has
|    function prototypes and stuff, but not '\xHH' hex character constants.
|    These don't provoke an error unfortunately, instead are silently treated
|    as 'x'.  The following induces an error, until -std is added to get
|    proper ANSI mode.  Curiously '\x00'!='x' always comes out true, for an
|    array size at least.  It's necessary to write '\x00'==0 to get something
|    that's true only with -std.  */
| int osf4_cc_array ['\x00' == 0 ? 1 : -1];
| 
| /* IBM C 6 for AIX is almost-ANSI by default, but it replaces macro parameters
|    inside strings and character constants.  */
| #define FOO(x) 'x'
| int xlc6_cc_array[FOO(a) == 'x' ? 1 : -1];
| 
| int test (int i, double x);
| struct s1 {int (*f) (int a);};
| struct s2 {int (*f) (double a);};
| int pairnames (int, char **, FILE *(*)(struct buf *, struct stat *, int), int, int);
| int argc;
| char **argv;
| int
| main ()
| {
| return f (e, argv, 0) != argv[0]  ||  f (e, argv, 1) != argv[1];
|   ;
|   return 0;
| }
configure:4919: /Applications/Xcode.app/Contents/Developer/Toolchains/XcodeDefault.xctoolchain/usr/bin/clang -Ae -c   conftest.c >&5
clang: warning: argument unused during compilation: '-Ae'
conftest.c:11:10: fatal error: 'stdio.h' file not found
#include <stdio.h>
         ^
1 error generated.
configure:4919: $? = 1
configure: failed program was:
| /* confdefs.h */
| #define PACKAGE_NAME "xbmc-depends"
| #define PACKAGE_TARNAME "xbmc-depends"
| #define PACKAGE_VERSION "2.00"
| #define PACKAGE_STRING "xbmc-depends 2.00"
| #define PACKAGE_BUGREPORT "http://trac.xbmc.org"
| #define PACKAGE_URL ""
| #define HAVE_CXX11 1
| /* end confdefs.h.  */
| #include <stdarg.h>
| #include <stdio.h>
| struct stat;
| /* Most of the following tests are stolen from RCS 5.7's src/conf.sh.  */
| struct buf { int x; };
| FILE * (*rcsopen) (struct buf *, struct stat *, int);
| static char *e (p, i)
|      char **p;
|      int i;
| {
|   return p[i];
| }
| static char *f (char * (*g) (char **, int), char **p, ...)
| {
|   char *s;
|   va_list v;
|   va_start (v,p);
|   s = g (p, va_arg (v,int));
|   va_end (v);
|   return s;
| }
| 
| /* OSF 4.0 Compaq cc is some sort of almost-ANSI by default.  It has
|    function prototypes and stuff, but not '\xHH' hex character constants.
|    These don't provoke an error unfortunately, instead are silently treated
|    as 'x'.  The following induces an error, until -std is added to get
|    proper ANSI mode.  Curiously '\x00'!='x' always comes out true, for an
|    array size at least.  It's necessary to write '\x00'==0 to get something
|    that's true only with -std.  */
| int osf4_cc_array ['\x00' == 0 ? 1 : -1];
| 
| /* IBM C 6 for AIX is almost-ANSI by default, but it replaces macro parameters
|    inside strings and character constants.  */
| #define FOO(x) 'x'
| int xlc6_cc_array[FOO(a) == 'x' ? 1 : -1];
| 
| int test (int i, double x);
| struct s1 {int (*f) (int a);};
| struct s2 {int (*f) (double a);};
| int pairnames (int, char **, FILE *(*)(struct buf *, struct stat *, int), int, int);
| int argc;
| char **argv;
| int
| main ()
| {
| return f (e, argv, 0) != argv[0]  ||  f (e, argv, 1) != argv[1];
|   ;
|   return 0;
| }
configure:4919: /Applications/Xcode.app/Contents/Developer/Toolchains/XcodeDefault.xctoolchain/usr/bin/clang -Aa -D_HPUX_SOURCE -c   conftest.c >&5
clang: warning: argument unused during compilation: '-Aa'
conftest.c:11:10: fatal error: 'stdio.h' file not found
#include <stdio.h>
         ^
1 error generated.
configure:4919: $? = 1
configure: failed program was:
| /* confdefs.h */
| #define PACKAGE_NAME "xbmc-depends"
| #define PACKAGE_TARNAME "xbmc-depends"
| #define PACKAGE_VERSION "2.00"
| #define PACKAGE_STRING "xbmc-depends 2.00"
| #define PACKAGE_BUGREPORT "http://trac.xbmc.org"
| #define PACKAGE_URL ""
| #define HAVE_CXX11 1
| /* end confdefs.h.  */
| #include <stdarg.h>
| #include <stdio.h>
| struct stat;
| /* Most of the following tests are stolen from RCS 5.7's src/conf.sh.  */
| struct buf { int x; };
| FILE * (*rcsopen) (struct buf *, struct stat *, int);
| static char *e (p, i)
|      char **p;
|      int i;
| {
|   return p[i];
| }
| static char *f (char * (*g) (char **, int), char **p, ...)
| {
|   char *s;
|   va_list v;
|   va_start (v,p);
|   s = g (p, va_arg (v,int));
|   va_end (v);
|   return s;
| }
| 
| /* OSF 4.0 Compaq cc is some sort of almost-ANSI by default.  It has
|    function prototypes and stuff, but not '\xHH' hex character constants.
|    These don't provoke an error unfortunately, instead are silently treated
|    as 'x'.  The following induces an error, until -std is added to get
|    proper ANSI mode.  Curiously '\x00'!='x' always comes out true, for an
|    array size at least.  It's necessary to write '\x00'==0 to get something
|    that's true only with -std.  */
| int osf4_cc_array ['\x00' == 0 ? 1 : -1];
| 
| /* IBM C 6 for AIX is almost-ANSI by default, but it replaces macro parameters
|    inside strings and character constants.  */
| #define FOO(x) 'x'
| int xlc6_cc_array[FOO(a) == 'x' ? 1 : -1];
| 
| int test (int i, double x);
| struct s1 {int (*f) (int a);};
| struct s2 {int (*f) (double a);};
| int pairnames (int, char **, FILE *(*)(struct buf *, struct stat *, int), int, int);
| int argc;
| char **argv;
| int
| main ()
| {
| return f (e, argv, 0) != argv[0]  ||  f (e, argv, 1) != argv[1];
|   ;
|   return 0;
| }
configure:4919: /Applications/Xcode.app/Contents/Developer/Toolchains/XcodeDefault.xctoolchain/usr/bin/clang -Xc -D__EXTENSIONS__ -c   conftest.c >&5
clang: warning: argument unused during compilation: '-Xc'
conftest.c:11:10: fatal error: 'stdio.h' file not found
#include <stdio.h>
         ^
1 error generated.
configure:4919: $? = 1
configure: failed program was:
| /* confdefs.h */
| #define PACKAGE_NAME "xbmc-depends"
| #define PACKAGE_TARNAME "xbmc-depends"
| #define PACKAGE_VERSION "2.00"
| #define PACKAGE_STRING "xbmc-depends 2.00"
| #define PACKAGE_BUGREPORT "http://trac.xbmc.org"
| #define PACKAGE_URL ""
| #define HAVE_CXX11 1
| /* end confdefs.h.  */
| #include <stdarg.h>
| #include <stdio.h>
| struct stat;
| /* Most of the following tests are stolen from RCS 5.7's src/conf.sh.  */
| struct buf { int x; };
| FILE * (*rcsopen) (struct buf *, struct stat *, int);
| static char *e (p, i)
|      char **p;
|      int i;
| {
|   return p[i];
| }
| static char *f (char * (*g) (char **, int), char **p, ...)
| {
|   char *s;
|   va_list v;
|   va_start (v,p);
|   s = g (p, va_arg (v,int));
|   va_end (v);
|   return s;
| }
| 
| /* OSF 4.0 Compaq cc is some sort of almost-ANSI by default.  It has
|    function prototypes and stuff, but not '\xHH' hex character constants.
|    These don't provoke an error unfortunately, instead are silently treated
|    as 'x'.  The following induces an error, until -std is added to get
|    proper ANSI mode.  Curiously '\x00'!='x' always comes out true, for an
|    array size at least.  It's necessary to write '\x00'==0 to get something
|    that's true only with -std.  */
| int osf4_cc_array ['\x00' == 0 ? 1 : -1];
| 
| /* IBM C 6 for AIX is almost-ANSI by default, but it replaces macro parameters
|    inside strings and character constants.  */
| #define FOO(x) 'x'
| int xlc6_cc_array[FOO(a) == 'x' ? 1 : -1];
| 
| int test (int i, double x);
| struct s1 {int (*f) (int a);};
| struct s2 {int (*f) (double a);};
| int pairnames (int, char **, FILE *(*)(struct buf *, struct stat *, int), int, int);
| int argc;
| char **argv;
| int
| main ()
| {
| return f (e, argv, 0) != argv[0]  ||  f (e, argv, 1) != argv[1];
|   ;
|   return 0;
| }
configure:4935: result: unsupported
configure:4957: checking how to run the C preprocessor
configure:4988: /Applications/Xcode.app/Contents/Developer/Toolchains/XcodeDefault.xctoolchain/usr/bin/clang -E  conftest.c
configure:4988: $? = 0
configure:5002: /Applications/Xcode.app/Contents/Developer/Toolchains/XcodeDefault.xctoolchain/usr/bin/clang -E  conftest.c
conftest.c:10:10: fatal error: 'ac_nonexistent.h' file not found
#include <ac_nonexistent.h>
         ^
1 error generated.
configure:5002: $? = 1
configure: failed program was:
| /* confdefs.h */
| #define PACKAGE_NAME "xbmc-depends"
| #define PACKAGE_TARNAME "xbmc-depends"
| #define PACKAGE_VERSION "2.00"
| #define PACKAGE_STRING "xbmc-depends 2.00"
| #define PACKAGE_BUGREPORT "http://trac.xbmc.org"
| #define PACKAGE_URL ""
| #define HAVE_CXX11 1
| /* end confdefs.h.  */
| #include <ac_nonexistent.h>
configure:5027: result: /Applications/Xcode.app/Contents/Developer/Toolchains/XcodeDefault.xctoolchain/usr/bin/clang -E
configure:5047: /Applications/Xcode.app/Contents/Developer/Toolchains/XcodeDefault.xctoolchain/usr/bin/clang -E  conftest.c
configure:5047: $? = 0
configure:5061: /Applications/Xcode.app/Contents/Developer/Toolchains/XcodeDefault.xctoolchain/usr/bin/clang -E  conftest.c
conftest.c:10:10: fatal error: 'ac_nonexistent.h' file not found
#include <ac_nonexistent.h>
         ^
1 error generated.
configure:5061: $? = 1
configure: failed program was:
| /* confdefs.h */
| #define PACKAGE_NAME "xbmc-depends"
| #define PACKAGE_TARNAME "xbmc-depends"
| #define PACKAGE_VERSION "2.00"
| #define PACKAGE_STRING "xbmc-depends 2.00"
| #define PACKAGE_BUGREPORT "http://trac.xbmc.org"
| #define PACKAGE_URL ""
| #define HAVE_CXX11 1
| /* end confdefs.h.  */
| #include <ac_nonexistent.h>
configure:5092: checking for ranlib
configure:5110: found /usr/bin/ranlib
configure:5123: result: /usr/bin/ranlib
configure:5133: checking for ld
configure:5151: found /Applications/Xcode.app/Contents/Developer/usr/bin/ld
configure:5164: result: /Applications/Xcode.app/Contents/Developer/usr/bin/ld
configure:5174: checking for ar
configure:5192: found /usr/bin/ar
configure:5205: result: /usr/bin/ar
configure:5215: checking for readelf
configure:5246: result: readelf
configure:5256: checking for strip
configure:5274: found /usr/bin/strip
configure:5287: result: /usr/bin/strip
configure:5297: checking for as
configure:5315: found /usr/bin/as
configure:5328: result: /usr/bin/as
configure:5338: checking for nm
configure:5356: found /usr/bin/nm
configure:5369: result: /usr/bin/nm
configure:5379: checking for objdump
configure:5410: result: objdump
configure:5420: checking for gcc
configure:5438: found /Applications/Xcode.app/Contents/Developer/usr/bin/gcc
configure:5451: result: /Applications/Xcode.app/Contents/Developer/usr/bin/gcc
configure:5461: checking for g++
configure:5479: found /Applications/Xcode.app/Contents/Developer/usr/bin/g++
configure:5492: result: /Applications/Xcode.app/Contents/Developer/usr/bin/g++
configure:5502: checking for main in -lz
configure:5521: /Applications/Xcode.app/Contents/Developer/Toolchains/XcodeDefault.xctoolchain/usr/bin/clang -o conftest    conftest.c -lz   >&5
configure:5521: $? = 0
configure:5530: result: yes
configure:5539: checking for library containing iconv_open
configure:5570: /Applications/Xcode.app/Contents/Developer/Toolchains/XcodeDefault.xctoolchain/usr/bin/clang -o conftest    conftest.c  >&5
Undefined symbols for architecture x86_64:
  "_iconv_open", referenced from:
      _main in conftest-ef8a0c.o
ld: symbol(s) not found for architecture x86_64
clang: error: linker command failed with exit code 1 (use -v to see invocation)
configure:5570: $? = 1
configure: failed program was:
| /* confdefs.h */
| #define PACKAGE_NAME "xbmc-depends"
| #define PACKAGE_TARNAME "xbmc-depends"
| #define PACKAGE_VERSION "2.00"
| #define PACKAGE_STRING "xbmc-depends 2.00"
| #define PACKAGE_BUGREPORT "http://trac.xbmc.org"
| #define PACKAGE_URL ""
| #define HAVE_CXX11 1
| /* end confdefs.h.  */
| 
| /* Override any GCC internal prototype to avoid an error.
|    Use char because int might match the return type of a GCC
|    builtin and then its argument prototype would still apply.  */
| #ifdef __cplusplus
| extern "C"
| #endif
| char iconv_open ();
| int
| main ()
| {
| return iconv_open ();
|   ;
|   return 0;
| }
configure:5570: /Applications/Xcode.app/Contents/Developer/Toolchains/XcodeDefault.xctoolchain/usr/bin/clang -o conftest    conftest.c -liconv   >&5
configure:5570: $? = 0
configure:5587: result: -liconv
configure:5609: /Applications/Xcode.app/Contents/Developer/Toolchains/XcodeDefault.xctoolchain/usr/bin/clang -o conftest    conftest.c -liconv  >&5
conftest.c:10:10: fatal error: 'locale.h' file not found
#include <locale.h>
         ^
1 error generated.
configure:5609: $? = 1
configure: failed program was:
| /* confdefs.h */
| #define PACKAGE_NAME "xbmc-depends"
| #define PACKAGE_TARNAME "xbmc-depends"
| #define PACKAGE_VERSION "2.00"
| #define PACKAGE_STRING "xbmc-depends 2.00"
| #define PACKAGE_BUGREPORT "http://trac.xbmc.org"
| #define PACKAGE_URL ""
| #define HAVE_CXX11 1
| /* end confdefs.h.  */
| #include <locale.h>
| int
| main ()
| {
| struct lconv* test=localeconv();
|   ;
|   return 0;
| }
configure:5612: WARNING: "No localeconv support in toolchain. Using replacement."
configure:5617: checking for main in -lcrystax
configure:5636: /Applications/Xcode.app/Contents/Developer/Toolchains/XcodeDefault.xctoolchain/usr/bin/clang -o conftest    conftest.c -lcrystax  -liconv  >&5
ld: library not found for -lcrystax
clang: error: linker command failed with exit code 1 (use -v to see invocation)
configure:5636: $? = 1
configure: failed program was:
| /* confdefs.h */
| #define PACKAGE_NAME "xbmc-depends"
| #define PACKAGE_TARNAME "xbmc-depends"
| #define PACKAGE_VERSION "2.00"
| #define PACKAGE_STRING "xbmc-depends 2.00"
| #define PACKAGE_BUGREPORT "http://trac.xbmc.org"
| #define PACKAGE_URL ""
| #define HAVE_CXX11 1
| /* end confdefs.h.  */
| 
| 
| int
| main ()
| {
| return main ();
|   ;
|   return 0;
| }
configure:5645: result: no
configure:6053: creating ./config.status

## ---------------------- ##
## Running config.status. ##
## ---------------------- ##

This file was extended by xbmc-depends config.status 2.00, which was
generated by GNU Autoconf 2.69.  Invocation command line was

  CONFIG_FILES    = 
  CONFIG_HEADERS  = 
  CONFIG_LINKS    = 
  CONFIG_COMMANDS = 
  $ ./config.status 

on Aruns-Mac.local

config.status:793: creating target/config.site
config.status:793: creating native/config.site.native
config.status:793: creating Makefile.include
config.status:793: creating target/Toolchain.cmake
config.status:793: creating target/config-binaddons.site
config.status:793: creating target/Toolchain_binaddons.cmake

## ---------------- ##
## Cache variables. ##
## ---------------- ##

ac_cv_build=x86_64-apple-darwin14.5.0
ac_cv_c_compiler_gnu=yes
ac_cv_cxx_compiler_gnu=yes
ac_cv_env_CCC_set=
ac_cv_env_CCC_value=
ac_cv_env_CC_set=
ac_cv_env_CC_value=
ac_cv_env_CFLAGS_set=
ac_cv_env_CFLAGS_value=
ac_cv_env_CPPFLAGS_set=
ac_cv_env_CPPFLAGS_value=
ac_cv_env_CPP_set=
ac_cv_env_CPP_value=
ac_cv_env_CXXFLAGS_set=
ac_cv_env_CXXFLAGS_value=
ac_cv_env_CXX_set=
ac_cv_env_CXX_value=
ac_cv_env_LDFLAGS_set=
ac_cv_env_LDFLAGS_value=
ac_cv_env_LIBS_set=
ac_cv_env_LIBS_value=
ac_cv_env_build_alias_set=
ac_cv_env_build_alias_value=
ac_cv_env_host_alias_set=set
ac_cv_env_host_alias_value=arm-apple-darwin
ac_cv_env_target_alias_set=
ac_cv_env_target_alias_value=
ac_cv_host=arm-apple-darwin
ac_cv_lib_crystax_main=no
ac_cv_lib_z_main=yes
ac_cv_objext=o
ac_cv_path_AR_FOR_BUILD=/usr/bin/ar
ac_cv_path_AS_FOR_BUILD=/usr/bin/as
ac_cv_path_CC_FOR_BUILD=/Applications/Xcode.app/Contents/Developer/usr/bin/gcc
ac_cv_path_CURL=/usr/bin/curl
ac_cv_path_CXX_FOR_BUILD=/Applications/Xcode.app/Contents/Developer/usr/bin/g++
ac_cv_path_LD_FOR_BUILD=/Applications/Xcode.app/Contents/Developer/usr/bin/ld
ac_cv_path_NM_FOR_BUILD=/usr/bin/nm
ac_cv_path_OBJDUMP_FOR_BUILD=objdump
ac_cv_path_RANLIB_FOR_BUILD=/usr/bin/ranlib
ac_cv_path_READELF_FOR_BUILD=readelf
ac_cv_path_STRIP_FOR_BUILD=/usr/bin/strip
ac_cv_path_TAR=/usr/bin/tar
ac_cv_path_ac_pt_AR=/Applications/Xcode.app/Contents/Developer/Toolchains/XcodeDefault.xctoolchain/usr/bin/ar
ac_cv_path_ac_pt_AS=/Applications/Xcode.app/Contents/Developer/Toolchains/XcodeDefault.xctoolchain/usr/bin/as
ac_cv_path_ac_pt_CC=/Applications/Xcode.app/Contents/Developer/Toolchains/XcodeDefault.xctoolchain/usr/bin/clang
ac_cv_path_ac_pt_CXX=/Applications/Xcode.app/Contents/Developer/Toolchains/XcodeDefault.xctoolchain/usr/bin/clang++
ac_cv_path_ac_pt_LD=/Applications/Xcode.app/Contents/Developer/Toolchains/XcodeDefault.xctoolchain/usr/bin/ld
ac_cv_path_ac_pt_NM=/Applications/Xcode.app/Contents/Developer/Toolchains/XcodeDefault.xctoolchain/usr/bin/nm
ac_cv_path_ac_pt_RANLIB=/Applications/Xcode.app/Contents/Developer/Toolchains/XcodeDefault.xctoolchain/usr/bin/ranlib
ac_cv_path_ac_pt_STRIP=/Applications/Xcode.app/Contents/Developer/Toolchains/XcodeDefault.xctoolchain/usr/bin/strip
ac_cv_prog_CC=/Applications/Xcode.app/Contents/Developer/Toolchains/XcodeDefault.xctoolchain/usr/bin/clang
ac_cv_prog_CPP='/Applications/Xcode.app/Contents/Developer/Toolchains/XcodeDefault.xctoolchain/usr/bin/clang -E'
ac_cv_prog_HAVE_UNZIP=yes
ac_cv_prog_HAVE_ZIP=yes
ac_cv_prog_ac_ct_CXX=g++
ac_cv_prog_cc_c89=no
ac_cv_prog_cc_g=yes
ac_cv_prog_cxx_g=yes
ac_cv_search_iconv_open=-liconv
ax_cv_cxx_compile_cxx11=no
ax_cv_cxx_compile_cxx11__std_gnupp11=yes

## ----------------- ##
## Output variables. ##
## ----------------- ##

AAPT=''
AR='/Applications/Xcode.app/Contents/Developer/Toolchains/XcodeDefault.xctoolchain/usr/bin/ar'
ARCH_DEFINES='-DTARGET_POSIX -DTARGET_DARWIN -DTARGET_DARWIN_IOS -D_LINUX'
AR_FOR_BUILD='/usr/bin/ar'
AS='/Applications/Xcode.app/Contents/Developer/Toolchains/XcodeDefault.xctoolchain/usr/bin/as'
AS_FOR_BUILD='/usr/bin/as'
CC='/Applications/Xcode.app/Contents/Developer/Toolchains/XcodeDefault.xctoolchain/usr/bin/clang'
CC_FOR_BUILD='/Applications/Xcode.app/Contents/Developer/usr/bin/gcc'
CFLAGS=''
CPP='/Applications/Xcode.app/Contents/Developer/Toolchains/XcodeDefault.xctoolchain/usr/bin/clang -E'
CPPFLAGS=''
CURL='/usr/bin/curl'
CXX11_SWITCH='-std=gnu++11'
CXX='/Applications/Xcode.app/Contents/Developer/Toolchains/XcodeDefault.xctoolchain/usr/bin/clang++'
CXXFLAGS='-g -O2 -std=gnu++11'
CXX_FOR_BUILD='/Applications/Xcode.app/Contents/Developer/usr/bin/g++'
DEFS='-DPACKAGE_NAME=\"xbmc-depends\" -DPACKAGE_TARNAME=\"xbmc-depends\" -DPACKAGE_VERSION=\"2.00\" -DPACKAGE_STRING=\"xbmc-depends\ 2.00\" -DPACKAGE_BUGREPORT=\"http://trac.xbmc.org\" -DPACKAGE_URL=\"\" -DHAVE_CXX11=1'
DX=''
ECHO_C='\c'
ECHO_N=''
ECHO_T=''
EXEEXT=''
HAVE_CXX11='1'
HAVE_UNZIP='yes'
HAVE_ZIP='yes'
LD='/Applications/Xcode.app/Contents/Developer/Toolchains/XcodeDefault.xctoolchain/usr/bin/ld'
LDFLAGS=''
LD_FOR_BUILD='/Applications/Xcode.app/Contents/Developer/usr/bin/ld'
LIBOBJS=''
LIBS='-liconv '
LTLIBOBJS=''
NATIVE_ARCH_DEFINES='-DTARGET_POSIX -DTARGET_DARWIN -DTARGET_DARWIN_OSX -D_LINUX'
NM='/Applications/Xcode.app/Contents/Developer/Toolchains/XcodeDefault.xctoolchain/usr/bin/nm'
NM_FOR_BUILD='/usr/bin/nm'
OBJDUMP=''
OBJDUMP_FOR_BUILD='objdump'
OBJEXT='o'
PACKAGE_BUGREPORT='http://trac.xbmc.org'
PACKAGE_NAME='xbmc-depends'
PACKAGE_STRING='xbmc-depends 2.00'
PACKAGE_TARNAME='xbmc-depends'
PACKAGE_URL=''
PACKAGE_VERSION='2.00'
PATH_SEPARATOR=':'
RANLIB='/Applications/Xcode.app/Contents/Developer/Toolchains/XcodeDefault.xctoolchain/usr/bin/ranlib'
RANLIB_FOR_BUILD='/usr/bin/ranlib'
READELF=''
READELF_FOR_BUILD='readelf'
SHELL='/bin/sh'
STRIP='/Applications/Xcode.app/Contents/Developer/Toolchains/XcodeDefault.xctoolchain/usr/bin/strip'
STRIP_FOR_BUILD='/usr/bin/strip'
TAR='/usr/bin/tar'
ZIPALIGN=''
ac_ct_CC=''
ac_ct_CXX='g++'
bindir='${exec_prefix}/bin'
build='x86_64-apple-darwin14.5.0'
build_alias=''
build_cpu='x86_64'
build_os='osx'
build_vendor='apple'
cross_compiling='yes'
datadir='${datarootdir}'
datarootdir='${prefix}/share'
deps_dir='iphoneos9.2_armv7-target'
docdir='${datarootdir}/doc/${PACKAGE_TARNAME}'
dvidir='${docdir}'
exec_prefix='${prefix}'
has_libcrystax='0'
has_zlib='1'
host='arm-apple-darwin'
host_alias='arm-apple-darwin'
host_cpu='arm'
host_os='darwin'
host_vendor='apple'
htmldir='${docdir}'
includedir='${prefix}/include'
infodir='${datarootdir}/info'
libdir='${exec_prefix}/lib'
libexecdir='${exec_prefix}/libexec'
link_iconv='-liconv'
localedir='${datarootdir}/locale'
localstatedir='${prefix}/var'
mandir='${datarootdir}/man'
need_libiconv=''
oldincludedir='/usr/include'
pdfdir='${docdir}'
platform_cflags='-fheinous-gnu-extensions -no-cpp-precomp -mcpu=cortex-a8 -mfpu=neon -ftree-vectorize -mfloat-abi=softfp -pipe -Wno-trigraphs -fpascal-strings -O3 -Wreturn-type -Wunused-variable -fmessage-length=0 -gdwarf-2 -arch armv7 -miphoneos-version-min=5.1 '
platform_cxxflags='-no-cpp-precomp -mcpu=cortex-a8 -mfpu=neon -ftree-vectorize -mfloat-abi=softfp -pipe -Wno-trigraphs -fpascal-strings -O3 -Wreturn-type -Wunused-variable -fmessage-length=0 -gdwarf-2 -arch armv7 -miphoneos-version-min=5.1 -std=c++11 -stdlib=libc++ -g -O2 -std=gnu++11'
platform_includes='-isysroot /Applications/Xcode.app/Contents/Developer/Platforms/iPhoneOS.platform/Developer/SDKs/iPhoneOS9.2.sdk'
platform_ldflags='-Wl,-search_paths_first -L/Applications/Xcode.app/Contents/Developer/Platforms/iPhoneOS.platform/Developer/SDKs/iPhoneOS9.2.sdk/usr/lib/system -Wl,-segalign,4000 -arch armv7 -miphoneos-version-min=5.1 -isysroot /Applications/Xcode.app/Contents/Developer/Platforms/iPhoneOS.platform/Developer/SDKs/iPhoneOS9.2.sdk  '
platform_os='ios'
prefix='/Users/Shared/xbmc-depends'
program_transform_name='s,x,x,'
psdir='${docdir}'
sbindir='${exec_prefix}/sbin'
sharedstatedir='${prefix}/com'
sysconfdir='${prefix}/etc'
target_alias=''
tool_dir='buildtools-native'
use_build_toolchain='/Applications/Xcode.app/Contents/Developer'
use_cpu='armv7'
use_firmware=''
use_gplv3='yes'
use_host='arm-apple-darwin'
use_ndk=''
use_platform=''
use_sdk='9.2'
use_sdk_path='/Applications/Xcode.app/Contents/Developer/Platforms/iPhoneOS.platform/Developer/SDKs/iPhoneOS9.2.sdk'
use_tarballs='/Users/Shared/xbmc-depends/tarballs'
use_toolchain='/Applications/Xcode.app/Contents/Developer/Toolchains/XcodeDefault.xctoolchain'
use_xcode='7.2.1'

## ----------- ##
## confdefs.h. ##
## ----------- ##

/* confdefs.h */
#define PACKAGE_NAME "xbmc-depends"
#define PACKAGE_TARNAME "xbmc-depends"
#define PACKAGE_VERSION "2.00"
#define PACKAGE_STRING "xbmc-depends 2.00"
#define PACKAGE_BUGREPORT "http://trac.xbmc.org"
#define PACKAGE_URL ""
#define HAVE_CXX11 1

configure: exit 0
