This file contains any messages produced by compilers while
running configure, to aid debugging if configure makes a mistake.

It was created by lzo configure 2.03, which was
generated by GNU Autoconf 2.59.  Invocation command line was

  $ ./configure --prefix=/Users/Shared/xbmc-depends/buildtools-native --enable-shared

## --------- ##
## Platform. ##
## --------- ##

hostname = Aruns-Mac.local
uname -m = x86_64
uname -r = 14.5.0
uname -s = Darwin
uname -v = Darwin Kernel Version 14.5.0: Wed Jul 29 02:26:53 PDT 2015; root:xnu-2782.40.9~1/RELEASE_X86_64

/usr/bin/uname -p = i386
/bin/uname -X     = unknown

/bin/arch              = unknown
/usr/bin/arch -k       = unknown
/usr/convex/getsysinfo = unknown
hostinfo               = Mach kernel version:
	 Darwin Kernel Version 14.5.0: Wed Jul 29 02:26:53 PDT 2015; root:xnu-2782.40.9~1/RELEASE_X86_64
Kernel configured for up to 4 processors.
4 processors are physically available.
4 processors are logically available.
Processor type: x86_64h (Intel x86-64h Haswell)
Processors active: 0 1 2 3
Primary memory available: 8.00 gigabytes
Default processor set: 211 tasks, 959 threads, 4 processors
Load average: 1.62, Mach factor: 2.38
/bin/machine           = unknown
/usr/bin/oslevel       = unknown
/bin/universe          = unknown

PATH: /Applications/Xcode.app/Contents/Developer/bin
PATH: /Applications/Xcode.app/Contents/Developer/usr/bin
PATH: /Users/Shared/xbmc-depends/buildtools-native/bin
PATH: /Applications/Xcode.app/Contents/Developer/bin
PATH: /Applications/Xcode.app/Contents/Developer/usr/bin
PATH: /Users/Shared/xbmc-depends/buildtools-native/bin
PATH: /Applications/Xcode.app/Contents/Developer/bin
PATH: /Applications/Xcode.app/Contents/Developer/usr/bin
PATH: /Users/Shared/xbmc-depends/buildtools-native/bin
PATH: /Users/osx/.rvm/gems/ruby-2.3.0/bin
PATH: /Users/osx/.rvm/gems/ruby-2.3.0@global/bin
PATH: /Users/osx/.rvm/rubies/ruby-2.3.0/bin
PATH: /usr/local/bin
PATH: /usr/bin
PATH: /bin
PATH: /usr/sbin
PATH: /sbin
PATH: /opt/X11/bin
PATH: /usr/local/MacGPG2/bin
PATH: /Library/Frameworks/Mono.framework/Versions/Current/Commands
PATH: /Users/osx/Library/Android/sdk/tools
PATH: /Users/osx/Library/Android/sdk/platform-tools
PATH: /Users/osx/Android/android-ndk-r10e
PATH: /Users/osx/Library/Android/sdk/build-tools
PATH: /Users/osx/.rvm/bin


## ----------- ##
## Core tests. ##
## ----------- ##

configure:1421: loading site script /Users/Shared/xbmc-depends/buildtools-native/share/config.site
| LD="${LD:-/Applications/Xcode.app/Contents/Developer/usr/bin/ld}"
| CC="${CC:-/Applications/Xcode.app/Contents/Developer/usr/bin/gcc}"
| CXX="${CXX:-/Applications/Xcode.app/Contents/Developer/usr/bin/g++}"
| AR="${AR:-/usr/bin/ar}"
| RANLIB="${RANLIB:-/usr/bin/ranlib}"
| AS="${AS:-/usr/bin/as}"
| NM="${NM:-/usr/bin/nm}"
| STRIP="${STRIP:-/usr/bin/strip}"
| READELF="${READELF:-readelf}"
| OBJDUMP="${OBJDUMP:-objdump}"
| 
| CFLAGS="-I/Users/Shared/xbmc-depends/buildtools-native/include $CFLAGS"
| LDFLAGS="-L/Users/Shared/xbmc-depends/buildtools-native/lib $LDFLAGS"
| CPPFLAGS="-I/Users/Shared/xbmc-depends/buildtools-native/include $CPPFLAGS"
| CXXFLAGS="-I/Users/Shared/xbmc-depends/buildtools-native/include $CXXFLAGS"
| 
| PKG_CONFIG=/Users/Shared/xbmc-depends/buildtools-native/bin/pkg-config
| export PKG_CONFIG_LIBDIR=/Users/Shared/xbmc-depends/buildtools-native/lib/pkgconfig
| 
| PATH=/Users/Shared/xbmc-depends/buildtools-native/bin:$PATH
| if test -n "/Applications/Xcode.app/Contents/Developer"; then
|   PATH=/Applications/Xcode.app/Contents/Developer/usr/bin:/Applications/Xcode.app/Contents/Developer/bin:$PATH
| fi
| 
| LD_LIBRARY_PATH=/Users/Shared/xbmc-depends/buildtools-native/lib:$LD_LIBRARY_PATH
| NASM=/Users/Shared/xbmc-depends/buildtools-native/bin/yasm
configure:1528: Configuring LZO 2.03
configure:1563: checking build system type
configure:1581: result: x86_64-apple-darwin14.5.0
configure:1589: checking host system type
configure:1603: result: x86_64-apple-darwin14.5.0
configure:1611: checking target system type
configure:1625: result: x86_64-apple-darwin14.5.0
configure:1639: checking whether to enable maintainer-specific portions of Makefiles
configure:1648: result: no
configure:1781: checking for gcc
configure:1807: result: /Applications/Xcode.app/Contents/Developer/usr/bin/gcc
configure:2051: checking for C compiler version
configure:2054: /Applications/Xcode.app/Contents/Developer/usr/bin/gcc --version </dev/null >&5
Configured with: --prefix=/Applications/Xcode.app/Contents/Developer/usr --with-gxx-include-dir=/usr/include/c++/4.2.1
Apple LLVM version 7.0.2 (clang-700.1.81)
Target: x86_64-apple-darwin14.5.0
Thread model: posix
configure:2057: $? = 0
configure:2059: /Applications/Xcode.app/Contents/Developer/usr/bin/gcc -v </dev/null >&5
Configured with: --prefix=/Applications/Xcode.app/Contents/Developer/usr --with-gxx-include-dir=/usr/include/c++/4.2.1
Apple LLVM version 7.0.2 (clang-700.1.81)
Target: x86_64-apple-darwin14.5.0
Thread model: posix
configure:2062: $? = 0
configure:2064: /Applications/Xcode.app/Contents/Developer/usr/bin/gcc -V </dev/null >&5
clang: error: argument to '-V' is missing (expected 1 value)
clang: error: no input files
configure:2067: $? = 1
configure:2090: checking for C compiler default output file name
configure:2093: /Applications/Xcode.app/Contents/Developer/usr/bin/gcc -I/Users/Shared/xbmc-depends/buildtools-native/include  -I/Users/Shared/xbmc-depends/buildtools-native/include  -L/Users/Shared/xbmc-depends/buildtools-native/lib  conftest.c  >&5
configure:2096: $? = 0
configure:2142: result: a.out
configure:2147: checking whether the C compiler works
configure:2153: ./a.out
configure:2156: $? = 0
configure:2173: result: yes
configure:2180: checking whether we are cross compiling
configure:2182: result: no
configure:2185: checking for suffix of executables
configure:2187: /Applications/Xcode.app/Contents/Developer/usr/bin/gcc -o conftest -I/Users/Shared/xbmc-depends/buildtools-native/include  -I/Users/Shared/xbmc-depends/buildtools-native/include  -L/Users/Shared/xbmc-depends/buildtools-native/lib  conftest.c  >&5
configure:2190: $? = 0
configure:2215: result: 
configure:2221: checking for suffix of object files
configure:2242: /Applications/Xcode.app/Contents/Developer/usr/bin/gcc -c -I/Users/Shared/xbmc-depends/buildtools-native/include  -I/Users/Shared/xbmc-depends/buildtools-native/include  conftest.c >&5
configure:2245: $? = 0
configure:2267: result: o
configure:2271: checking whether we are using the GNU C compiler
configure:2295: /Applications/Xcode.app/Contents/Developer/usr/bin/gcc -c -I/Users/Shared/xbmc-depends/buildtools-native/include  -I/Users/Shared/xbmc-depends/buildtools-native/include  conftest.c >&5
configure:2301: $? = 0
configure:2304: test -z 			 || test ! -s conftest.err
configure:2307: $? = 0
configure:2310: test -s conftest.o
configure:2313: $? = 0
configure:2326: result: yes
configure:2332: checking whether /Applications/Xcode.app/Contents/Developer/usr/bin/gcc accepts -g
configure:2353: /Applications/Xcode.app/Contents/Developer/usr/bin/gcc -c -g -I/Users/Shared/xbmc-depends/buildtools-native/include  conftest.c >&5
configure:2359: $? = 0
configure:2362: test -z 			 || test ! -s conftest.err
configure:2365: $? = 0
configure:2368: test -s conftest.o
configure:2371: $? = 0
configure:2382: result: yes
configure:2399: checking for /Applications/Xcode.app/Contents/Developer/usr/bin/gcc option to accept ANSI C
configure:2469: /Applications/Xcode.app/Contents/Developer/usr/bin/gcc  -c -I/Users/Shared/xbmc-depends/buildtools-native/include  -I/Users/Shared/xbmc-depends/buildtools-native/include  conftest.c >&5
configure:2475: $? = 0
configure:2478: test -z 			 || test ! -s conftest.err
configure:2481: $? = 0
configure:2484: test -s conftest.o
configure:2487: $? = 0
configure:2505: result: none needed
configure:2523: /Applications/Xcode.app/Contents/Developer/usr/bin/gcc -c -I/Users/Shared/xbmc-depends/buildtools-native/include  -I/Users/Shared/xbmc-depends/buildtools-native/include  conftest.c >&5
conftest.c:2:3: error: unknown type name 'choke'
  choke me
  ^
conftest.c:2:11: error: expected ';' after top level declarator
  choke me
          ^
          ;
2 errors generated.
configure:2529: $? = 1
configure: failed program was:
| #ifndef __cplusplus
|   choke me
| #endif
configure:2664: checking how to run the C preprocessor
configure:2699: /Applications/Xcode.app/Contents/Developer/usr/bin/gcc -E -I/Users/Shared/xbmc-depends/buildtools-native/include  conftest.c
configure:2705: $? = 0
configure:2737: /Applications/Xcode.app/Contents/Developer/usr/bin/gcc -E -I/Users/Shared/xbmc-depends/buildtools-native/include  conftest.c
conftest.c:9:10: fatal error: 'ac_nonexistent.h' file not found
#include <ac_nonexistent.h>
         ^
1 error generated.
configure:2743: $? = 1
configure: failed program was:
| /* confdefs.h.  */
| 
| #define PACKAGE_NAME "lzo"
| #define PACKAGE_TARNAME "lzo"
| #define PACKAGE_VERSION "2.03"
| #define PACKAGE_STRING "lzo 2.03"
| #define PACKAGE_BUGREPORT "markus@oberhumer.com"
| /* end confdefs.h.  */
| #include <ac_nonexistent.h>
configure:2782: result: /Applications/Xcode.app/Contents/Developer/usr/bin/gcc -E
configure:2806: /Applications/Xcode.app/Contents/Developer/usr/bin/gcc -E -I/Users/Shared/xbmc-depends/buildtools-native/include  conftest.c
configure:2812: $? = 0
configure:2844: /Applications/Xcode.app/Contents/Developer/usr/bin/gcc -E -I/Users/Shared/xbmc-depends/buildtools-native/include  conftest.c
conftest.c:9:10: fatal error: 'ac_nonexistent.h' file not found
#include <ac_nonexistent.h>
         ^
1 error generated.
configure:2850: $? = 1
configure: failed program was:
| /* confdefs.h.  */
| 
| #define PACKAGE_NAME "lzo"
| #define PACKAGE_TARNAME "lzo"
| #define PACKAGE_VERSION "2.03"
| #define PACKAGE_STRING "lzo 2.03"
| #define PACKAGE_BUGREPORT "markus@oberhumer.com"
| /* end confdefs.h.  */
| #include <ac_nonexistent.h>
configure:2894: checking whether the C preprocessor needs special flags
configure:2928: /Applications/Xcode.app/Contents/Developer/usr/bin/gcc -c -I/Users/Shared/xbmc-depends/buildtools-native/include   -I/Users/Shared/xbmc-depends/buildtools-native/include  conftest.c >&5
configure:2934: $? = 0
configure:2937: test -z 			 || test ! -s conftest.err
configure:2940: $? = 0
configure:2943: test -s conftest.o
configure:2946: $? = 0
configure:2961: result: none needed
configure:2978: checking for an ANSI C-conforming const
configure:3045: /Applications/Xcode.app/Contents/Developer/usr/bin/gcc -c -I/Users/Shared/xbmc-depends/buildtools-native/include  -I/Users/Shared/xbmc-depends/buildtools-native/include  conftest.c >&5
configure:3051: $? = 0
configure:3054: test -z 			 || test ! -s conftest.err
configure:3057: $? = 0
configure:3060: test -s conftest.o
configure:3063: $? = 0
configure:3074: result: yes
configure:3085: checking whether byte ordering is bigendian
configure:3112: /Applications/Xcode.app/Contents/Developer/usr/bin/gcc -c -I/Users/Shared/xbmc-depends/buildtools-native/include  -I/Users/Shared/xbmc-depends/buildtools-native/include  conftest.c >&5
configure:3118: $? = 0
configure:3121: test -z 			 || test ! -s conftest.err
configure:3124: $? = 0
configure:3127: test -s conftest.o
configure:3130: $? = 0
configure:3154: /Applications/Xcode.app/Contents/Developer/usr/bin/gcc -c -I/Users/Shared/xbmc-depends/buildtools-native/include  -I/Users/Shared/xbmc-depends/buildtools-native/include  conftest.c >&5
conftest.c:16:2: error: use of undeclared identifier 'not'
 not big endian
 ^
1 error generated.
configure:3160: $? = 1
configure: failed program was:
| /* confdefs.h.  */
| 
| #define PACKAGE_NAME "lzo"
| #define PACKAGE_TARNAME "lzo"
| #define PACKAGE_VERSION "2.03"
| #define PACKAGE_STRING "lzo 2.03"
| #define PACKAGE_BUGREPORT "markus@oberhumer.com"
| /* end confdefs.h.  */
| #include <sys/types.h>
| #include <sys/param.h>
| 
| int
| main ()
| {
| #if BYTE_ORDER != BIG_ENDIAN
|  not big endian
| #endif
| 
|   ;
|   return 0;
| }
configure:3293: result: no
configure:3324: checking for special C compiler options needed for large files
configure:3421: result: no
configure:3427: checking for _FILE_OFFSET_BITS value needed for large files
configure:3458: /Applications/Xcode.app/Contents/Developer/usr/bin/gcc -c -I/Users/Shared/xbmc-depends/buildtools-native/include  -I/Users/Shared/xbmc-depends/buildtools-native/include  conftest.c >&5
configure:3464: $? = 0
configure:3467: test -z 			 || test ! -s conftest.err
configure:3470: $? = 0
configure:3473: test -s conftest.o
configure:3476: $? = 0
configure:3540: result: no
configure:3550: checking for _LARGE_FILES value needed for large files
configure:3581: /Applications/Xcode.app/Contents/Developer/usr/bin/gcc -c -I/Users/Shared/xbmc-depends/buildtools-native/include  -I/Users/Shared/xbmc-depends/buildtools-native/include  conftest.c >&5
configure:3587: $? = 0
configure:3590: test -z 			 || test ! -s conftest.err
configure:3593: $? = 0
configure:3596: test -s conftest.o
configure:3599: $? = 0
configure:3663: result: no
configure:3690: checking for a BSD-compatible install
configure:3745: result: /usr/bin/install -c
configure:3756: checking whether build environment is sane
configure:3799: result: yes
configure:3864: checking for gawk
configure:3893: result: no
configure:3864: checking for mawk
configure:3893: result: no
configure:3864: checking for nawk
configure:3893: result: no
configure:3864: checking for awk
configure:3880: found /usr/bin/awk
configure:3890: result: awk
configure:3900: checking whether make sets $(MAKE)
configure:3920: result: yes
configure:3950: checking for style of include used by make
configure:3978: result: GNU
configure:4154: checking dependency style of /Applications/Xcode.app/Contents/Developer/usr/bin/gcc
configure:4244: result: gcc3
configure:4338: checking for a sed that does not truncate output
configure:4392: result: /usr/bin/sed
configure:4395: checking for egrep
configure:4405: result: grep -E
configure:4421: checking for ld used by /Applications/Xcode.app/Contents/Developer/usr/bin/gcc
configure:4488: result: /Applications/Xcode.app/Contents/Developer/usr/bin/ld
configure:4497: checking if the linker (/Applications/Xcode.app/Contents/Developer/usr/bin/ld) is GNU ld
configure:4512: result: no
configure:4517: checking for /Applications/Xcode.app/Contents/Developer/usr/bin/ld option to reload object files
configure:4524: result: -r
configure:4542: checking for BSD-compatible nm
configure:4591: result: /usr/bin/nm
configure:4595: checking whether ln -s works
configure:4599: result: yes
configure:4606: checking how to recognise dependent libraries
configure:4782: result: pass_all
configure:5013: checking for ANSI C header files
configure:5038: /Applications/Xcode.app/Contents/Developer/usr/bin/gcc -c -I/Users/Shared/xbmc-depends/buildtools-native/include  -I/Users/Shared/xbmc-depends/buildtools-native/include  conftest.c >&5
configure:5044: $? = 0
configure:5047: test -z 			 || test ! -s conftest.err
configure:5050: $? = 0
configure:5053: test -s conftest.o
configure:5056: $? = 0
configure:5145: /Applications/Xcode.app/Contents/Developer/usr/bin/gcc -o conftest -I/Users/Shared/xbmc-depends/buildtools-native/include  -I/Users/Shared/xbmc-depends/buildtools-native/include  -L/Users/Shared/xbmc-depends/buildtools-native/lib  conftest.c  >&5
conftest.c:29:7: warning: implicitly declaring library function 'exit' with type 'void (int) __attribute__((noreturn))'
      exit(2);
      ^
conftest.c:29:7: note: include the header <stdlib.h> or explicitly provide a declaration for 'exit'
1 warning generated.
configure:5148: $? = 0
configure:5150: ./conftest
configure:5153: $? = 0
configure:5168: result: yes
configure:5192: checking for sys/types.h
configure:5208: /Applications/Xcode.app/Contents/Developer/usr/bin/gcc -c -I/Users/Shared/xbmc-depends/buildtools-native/include  -I/Users/Shared/xbmc-depends/buildtools-native/include  conftest.c >&5
configure:5214: $? = 0
configure:5217: test -z 			 || test ! -s conftest.err
configure:5220: $? = 0
configure:5223: test -s conftest.o
configure:5226: $? = 0
configure:5237: result: yes
configure:5192: checking for sys/stat.h
configure:5208: /Applications/Xcode.app/Contents/Developer/usr/bin/gcc -c -I/Users/Shared/xbmc-depends/buildtools-native/include  -I/Users/Shared/xbmc-depends/buildtools-native/include  conftest.c >&5
configure:5214: $? = 0
configure:5217: test -z 			 || test ! -s conftest.err
configure:5220: $? = 0
configure:5223: test -s conftest.o
configure:5226: $? = 0
configure:5237: result: yes
configure:5192: checking for stdlib.h
configure:5208: /Applications/Xcode.app/Contents/Developer/usr/bin/gcc -c -I/Users/Shared/xbmc-depends/buildtools-native/include  -I/Users/Shared/xbmc-depends/buildtools-native/include  conftest.c >&5
configure:5214: $? = 0
configure:5217: test -z 			 || test ! -s conftest.err
configure:5220: $? = 0
configure:5223: test -s conftest.o
configure:5226: $? = 0
configure:5237: result: yes
configure:5192: checking for string.h
configure:5208: /Applications/Xcode.app/Contents/Developer/usr/bin/gcc -c -I/Users/Shared/xbmc-depends/buildtools-native/include  -I/Users/Shared/xbmc-depends/buildtools-native/include  conftest.c >&5
configure:5214: $? = 0
configure:5217: test -z 			 || test ! -s conftest.err
configure:5220: $? = 0
configure:5223: test -s conftest.o
configure:5226: $? = 0
configure:5237: result: yes
configure:5192: checking for memory.h
configure:5208: /Applications/Xcode.app/Contents/Developer/usr/bin/gcc -c -I/Users/Shared/xbmc-depends/buildtools-native/include  -I/Users/Shared/xbmc-depends/buildtools-native/include  conftest.c >&5
configure:5214: $? = 0
configure:5217: test -z 			 || test ! -s conftest.err
configure:5220: $? = 0
configure:5223: test -s conftest.o
configure:5226: $? = 0
configure:5237: result: yes
configure:5192: checking for strings.h
configure:5208: /Applications/Xcode.app/Contents/Developer/usr/bin/gcc -c -I/Users/Shared/xbmc-depends/buildtools-native/include  -I/Users/Shared/xbmc-depends/buildtools-native/include  conftest.c >&5
configure:5214: $? = 0
configure:5217: test -z 			 || test ! -s conftest.err
configure:5220: $? = 0
configure:5223: test -s conftest.o
configure:5226: $? = 0
configure:5237: result: yes
configure:5192: checking for inttypes.h
configure:5208: /Applications/Xcode.app/Contents/Developer/usr/bin/gcc -c -I/Users/Shared/xbmc-depends/buildtools-native/include  -I/Users/Shared/xbmc-depends/buildtools-native/include  conftest.c >&5
configure:5214: $? = 0
configure:5217: test -z 			 || test ! -s conftest.err
configure:5220: $? = 0
configure:5223: test -s conftest.o
configure:5226: $? = 0
configure:5237: result: yes
configure:5192: checking for stdint.h
configure:5208: /Applications/Xcode.app/Contents/Developer/usr/bin/gcc -c -I/Users/Shared/xbmc-depends/buildtools-native/include  -I/Users/Shared/xbmc-depends/buildtools-native/include  conftest.c >&5
configure:5214: $? = 0
configure:5217: test -z 			 || test ! -s conftest.err
configure:5220: $? = 0
configure:5223: test -s conftest.o
configure:5226: $? = 0
configure:5237: result: yes
configure:5192: checking for unistd.h
configure:5208: /Applications/Xcode.app/Contents/Developer/usr/bin/gcc -c -I/Users/Shared/xbmc-depends/buildtools-native/include  -I/Users/Shared/xbmc-depends/buildtools-native/include  conftest.c >&5
configure:5214: $? = 0
configure:5217: test -z 			 || test ! -s conftest.err
configure:5220: $? = 0
configure:5223: test -s conftest.o
configure:5226: $? = 0
configure:5237: result: yes
configure:5263: checking dlfcn.h usability
configure:5275: /Applications/Xcode.app/Contents/Developer/usr/bin/gcc -c -I/Users/Shared/xbmc-depends/buildtools-native/include  -I/Users/Shared/xbmc-depends/buildtools-native/include  conftest.c >&5
configure:5281: $? = 0
configure:5284: test -z 			 || test ! -s conftest.err
configure:5287: $? = 0
configure:5290: test -s conftest.o
configure:5293: $? = 0
configure:5303: result: yes
configure:5307: checking dlfcn.h presence
configure:5317: /Applications/Xcode.app/Contents/Developer/usr/bin/gcc -E -I/Users/Shared/xbmc-depends/buildtools-native/include  conftest.c
configure:5323: $? = 0
configure:5343: result: yes
configure:5378: checking for dlfcn.h
configure:5385: result: yes
configure:5492: checking for C++ compiler version
configure:5495: /Applications/Xcode.app/Contents/Developer/usr/bin/g++ --version </dev/null >&5
Configured with: --prefix=/Applications/Xcode.app/Contents/Developer/usr --with-gxx-include-dir=/usr/include/c++/4.2.1
Apple LLVM version 7.0.2 (clang-700.1.81)
Target: x86_64-apple-darwin14.5.0
Thread model: posix
configure:5498: $? = 0
configure:5500: /Applications/Xcode.app/Contents/Developer/usr/bin/g++ -v </dev/null >&5
Configured with: --prefix=/Applications/Xcode.app/Contents/Developer/usr --with-gxx-include-dir=/usr/include/c++/4.2.1
Apple LLVM version 7.0.2 (clang-700.1.81)
Target: x86_64-apple-darwin14.5.0
Thread model: posix
configure:5503: $? = 0
configure:5505: /Applications/Xcode.app/Contents/Developer/usr/bin/g++ -V </dev/null >&5
clang: error: argument to '-V' is missing (expected 1 value)
clang: error: no input files
configure:5508: $? = 1
configure:5511: checking whether we are using the GNU C++ compiler
configure:5535: /Applications/Xcode.app/Contents/Developer/usr/bin/g++ -c -I/Users/Shared/xbmc-depends/buildtools-native/include  -I/Users/Shared/xbmc-depends/buildtools-native/include  conftest.cc >&5
configure:5541: $? = 0
configure:5544: test -z 			 || test ! -s conftest.err
configure:5547: $? = 0
configure:5550: test -s conftest.o
configure:5553: $? = 0
configure:5566: result: yes
configure:5572: checking whether /Applications/Xcode.app/Contents/Developer/usr/bin/g++ accepts -g
configure:5593: /Applications/Xcode.app/Contents/Developer/usr/bin/g++ -c -g -I/Users/Shared/xbmc-depends/buildtools-native/include  conftest.cc >&5
configure:5599: $? = 0
configure:5602: test -z 			 || test ! -s conftest.err
configure:5605: $? = 0
configure:5608: test -s conftest.o
configure:5611: $? = 0
configure:5622: result: yes
configure:5664: /Applications/Xcode.app/Contents/Developer/usr/bin/g++ -c -I/Users/Shared/xbmc-depends/buildtools-native/include  -I/Users/Shared/xbmc-depends/buildtools-native/include  conftest.cc >&5
configure:5670: $? = 0
configure:5673: test -z 			 || test ! -s conftest.err
configure:5676: $? = 0
configure:5679: test -s conftest.o
configure:5682: $? = 0
configure:5708: /Applications/Xcode.app/Contents/Developer/usr/bin/g++ -c -I/Users/Shared/xbmc-depends/buildtools-native/include  -I/Users/Shared/xbmc-depends/buildtools-native/include  conftest.cc >&5
conftest.cc:27:1: error: use of undeclared identifier 'exit'
exit (42);
^
1 error generated.
configure:5714: $? = 1
configure: failed program was:
| /* confdefs.h.  */
| 
| #define PACKAGE_NAME "lzo"
| #define PACKAGE_TARNAME "lzo"
| #define PACKAGE_VERSION "2.03"
| #define PACKAGE_STRING "lzo 2.03"
| #define PACKAGE_BUGREPORT "markus@oberhumer.com"
| #define LZO_ABI_LITTLE_ENDIAN 1
| #define PACKAGE "lzo"
| #define VERSION "2.03"
| #define STDC_HEADERS 1
| #define HAVE_SYS_TYPES_H 1
| #define HAVE_SYS_STAT_H 1
| #define HAVE_STDLIB_H 1
| #define HAVE_STRING_H 1
| #define HAVE_MEMORY_H 1
| #define HAVE_STRINGS_H 1
| #define HAVE_INTTYPES_H 1
| #define HAVE_STDINT_H 1
| #define HAVE_UNISTD_H 1
| #define HAVE_DLFCN_H 1
| /* end confdefs.h.  */
| 
| int
| main ()
| {
| exit (42);
|   ;
|   return 0;
| }
configure:5664: /Applications/Xcode.app/Contents/Developer/usr/bin/g++ -c -I/Users/Shared/xbmc-depends/buildtools-native/include  -I/Users/Shared/xbmc-depends/buildtools-native/include  conftest.cc >&5
conftest.cc:23:17: error: use of undeclared identifier 'std'
extern "C" void std::exit (int) throw (); using std::exit;
                ^
conftest.cc:23:49: error: use of undeclared identifier 'std'
extern "C" void std::exit (int) throw (); using std::exit;
                                                ^
2 errors generated.
configure:5670: $? = 1
configure: failed program was:
| /* confdefs.h.  */
| 
| #define PACKAGE_NAME "lzo"
| #define PACKAGE_TARNAME "lzo"
| #define PACKAGE_VERSION "2.03"
| #define PACKAGE_STRING "lzo 2.03"
| #define PACKAGE_BUGREPORT "markus@oberhumer.com"
| #define LZO_ABI_LITTLE_ENDIAN 1
| #define PACKAGE "lzo"
| #define VERSION "2.03"
| #define STDC_HEADERS 1
| #define HAVE_SYS_TYPES_H 1
| #define HAVE_SYS_STAT_H 1
| #define HAVE_STDLIB_H 1
| #define HAVE_STRING_H 1
| #define HAVE_MEMORY_H 1
| #define HAVE_STRINGS_H 1
| #define HAVE_INTTYPES_H 1
| #define HAVE_STDINT_H 1
| #define HAVE_UNISTD_H 1
| #define HAVE_DLFCN_H 1
| /* end confdefs.h.  */
| extern "C" void std::exit (int) throw (); using std::exit;
| #include <stdlib.h>
| int
| main ()
| {
| exit (42);
|   ;
|   return 0;
| }
configure:5664: /Applications/Xcode.app/Contents/Developer/usr/bin/g++ -c -I/Users/Shared/xbmc-depends/buildtools-native/include  -I/Users/Shared/xbmc-depends/buildtools-native/include  conftest.cc >&5
conftest.cc:23:17: error: use of undeclared identifier 'std'
extern "C" void std::exit (int); using std::exit;
                ^
conftest.cc:23:40: error: use of undeclared identifier 'std'
extern "C" void std::exit (int); using std::exit;
                                       ^
2 errors generated.
configure:5670: $? = 1
configure: failed program was:
| /* confdefs.h.  */
| 
| #define PACKAGE_NAME "lzo"
| #define PACKAGE_TARNAME "lzo"
| #define PACKAGE_VERSION "2.03"
| #define PACKAGE_STRING "lzo 2.03"
| #define PACKAGE_BUGREPORT "markus@oberhumer.com"
| #define LZO_ABI_LITTLE_ENDIAN 1
| #define PACKAGE "lzo"
| #define VERSION "2.03"
| #define STDC_HEADERS 1
| #define HAVE_SYS_TYPES_H 1
| #define HAVE_SYS_STAT_H 1
| #define HAVE_STDLIB_H 1
| #define HAVE_STRING_H 1
| #define HAVE_MEMORY_H 1
| #define HAVE_STRINGS_H 1
| #define HAVE_INTTYPES_H 1
| #define HAVE_STDINT_H 1
| #define HAVE_UNISTD_H 1
| #define HAVE_DLFCN_H 1
| /* end confdefs.h.  */
| extern "C" void std::exit (int); using std::exit;
| #include <stdlib.h>
| int
| main ()
| {
| exit (42);
|   ;
|   return 0;
| }
configure:5664: /Applications/Xcode.app/Contents/Developer/usr/bin/g++ -c -I/Users/Shared/xbmc-depends/buildtools-native/include  -I/Users/Shared/xbmc-depends/buildtools-native/include  conftest.cc >&5
configure:5670: $? = 0
configure:5673: test -z 			 || test ! -s conftest.err
configure:5676: $? = 0
configure:5679: test -s conftest.o
configure:5682: $? = 0
configure:5708: /Applications/Xcode.app/Contents/Developer/usr/bin/g++ -c -I/Users/Shared/xbmc-depends/buildtools-native/include  -I/Users/Shared/xbmc-depends/buildtools-native/include  conftest.cc >&5
configure:5714: $? = 0
configure:5717: test -z 			 || test ! -s conftest.err
configure:5720: $? = 0
configure:5723: test -s conftest.o
configure:5726: $? = 0
configure:5751: checking dependency style of /Applications/Xcode.app/Contents/Developer/usr/bin/g++
configure:5841: result: gcc3
configure:5868: checking how to run the C++ preprocessor
configure:5899: /Applications/Xcode.app/Contents/Developer/usr/bin/g++ -E -I/Users/Shared/xbmc-depends/buildtools-native/include  conftest.cc
configure:5905: $? = 0
configure:5937: /Applications/Xcode.app/Contents/Developer/usr/bin/g++ -E -I/Users/Shared/xbmc-depends/buildtools-native/include  conftest.cc
conftest.cc:26:10: fatal error: 'ac_nonexistent.h' file not found
#include <ac_nonexistent.h>
         ^
1 error generated.
configure:5943: $? = 1
configure: failed program was:
| /* confdefs.h.  */
| 
| #define PACKAGE_NAME "lzo"
| #define PACKAGE_TARNAME "lzo"
| #define PACKAGE_VERSION "2.03"
| #define PACKAGE_STRING "lzo 2.03"
| #define PACKAGE_BUGREPORT "markus@oberhumer.com"
| #define LZO_ABI_LITTLE_ENDIAN 1
| #define PACKAGE "lzo"
| #define VERSION "2.03"
| #define STDC_HEADERS 1
| #define HAVE_SYS_TYPES_H 1
| #define HAVE_SYS_STAT_H 1
| #define HAVE_STDLIB_H 1
| #define HAVE_STRING_H 1
| #define HAVE_MEMORY_H 1
| #define HAVE_STRINGS_H 1
| #define HAVE_INTTYPES_H 1
| #define HAVE_STDINT_H 1
| #define HAVE_UNISTD_H 1
| #define HAVE_DLFCN_H 1
| #ifdef __cplusplus
| extern "C" void exit (int) throw ();
| #endif
| /* end confdefs.h.  */
| #include <ac_nonexistent.h>
configure:5982: result: /Applications/Xcode.app/Contents/Developer/usr/bin/g++ -E
configure:6006: /Applications/Xcode.app/Contents/Developer/usr/bin/g++ -E -I/Users/Shared/xbmc-depends/buildtools-native/include  conftest.cc
configure:6012: $? = 0
configure:6044: /Applications/Xcode.app/Contents/Developer/usr/bin/g++ -E -I/Users/Shared/xbmc-depends/buildtools-native/include  conftest.cc
conftest.cc:26:10: fatal error: 'ac_nonexistent.h' file not found
#include <ac_nonexistent.h>
         ^
1 error generated.
configure:6050: $? = 1
configure: failed program was:
| /* confdefs.h.  */
| 
| #define PACKAGE_NAME "lzo"
| #define PACKAGE_TARNAME "lzo"
| #define PACKAGE_VERSION "2.03"
| #define PACKAGE_STRING "lzo 2.03"
| #define PACKAGE_BUGREPORT "markus@oberhumer.com"
| #define LZO_ABI_LITTLE_ENDIAN 1
| #define PACKAGE "lzo"
| #define VERSION "2.03"
| #define STDC_HEADERS 1
| #define HAVE_SYS_TYPES_H 1
| #define HAVE_SYS_STAT_H 1
| #define HAVE_STDLIB_H 1
| #define HAVE_STRING_H 1
| #define HAVE_MEMORY_H 1
| #define HAVE_STRINGS_H 1
| #define HAVE_INTTYPES_H 1
| #define HAVE_STDINT_H 1
| #define HAVE_UNISTD_H 1
| #define HAVE_DLFCN_H 1
| #ifdef __cplusplus
| extern "C" void exit (int) throw ();
| #endif
| /* end confdefs.h.  */
| #include <ac_nonexistent.h>
configure:6147: checking for g77
configure:6176: result: no
configure:6147: checking for f77
configure:6176: result: no
configure:6147: checking for xlf
configure:6176: result: no
configure:6147: checking for frt
configure:6176: result: no
configure:6147: checking for pgf77
configure:6176: result: no
configure:6147: checking for fort77
configure:6176: result: no
configure:6147: checking for fl32
configure:6176: result: no
configure:6147: checking for af77
configure:6176: result: no
configure:6147: checking for f90
configure:6176: result: no
configure:6147: checking for xlf90
configure:6176: result: no
configure:6147: checking for pgf90
configure:6176: result: no
configure:6147: checking for epcf90
configure:6176: result: no
configure:6147: checking for f95
configure:6176: result: no
configure:6147: checking for fort
configure:6176: result: no
configure:6147: checking for xlf95
configure:6176: result: no
configure:6147: checking for ifc
configure:6176: result: no
configure:6147: checking for efc
configure:6176: result: no
configure:6147: checking for pgf95
configure:6176: result: no
configure:6147: checking for lf95
configure:6176: result: no
configure:6147: checking for gfortran
configure:6176: result: no
configure:6188: checking for Fortran 77 compiler version
configure:6191:  --version </dev/null >&5
./configure: line 6192: --version: command not found
configure:6194: $? = 127
configure:6196:  -v </dev/null >&5
./configure: line 6197: -v: command not found
configure:6199: $? = 127
configure:6201:  -V </dev/null >&5
./configure: line 6202: -V: command not found
configure:6204: $? = 127
configure:6212: checking whether we are using the GNU Fortran 77 compiler
configure:6226:  -c  conftest.F >&5
./configure: line 6227: -c: command not found
configure:6232: $? = 127
configure: failed program was:
|       program main
| #ifndef __GNUC__
|        choke me
| #endif
| 
|       end
configure:6257: result: no
configure:6263: checking whether  accepts -g
configure:6275:  -c -g conftest.f >&5
./configure: line 6276: -c: command not found
configure:6281: $? = 127
configure: failed program was:
|       program main
| 
|       end
configure:6305: result: no
configure:6335: checking the maximum length of command line arguments
configure:6444: result: 196608
configure:6455: checking command to parse /usr/bin/nm output from /Applications/Xcode.app/Contents/Developer/usr/bin/gcc object
configure:6560: /Applications/Xcode.app/Contents/Developer/usr/bin/gcc -c -I/Users/Shared/xbmc-depends/buildtools-native/include  -I/Users/Shared/xbmc-depends/buildtools-native/include  conftest.c >&5
configure:6563: $? = 0
configure:6567: /usr/bin/nm conftest.o \| sed -n -e 's/^.*[ 	]\([BCDEGRST][BCDEGRST]*\)[ 	][ 	]*\([_A-Za-z][_A-Za-z0-9]*\)$/\1 \2 \2/p' \> conftest.nm
configure:6570: $? = 0
cannot find nm_test_var in conftest.nm
configure:6560: /Applications/Xcode.app/Contents/Developer/usr/bin/gcc -c -I/Users/Shared/xbmc-depends/buildtools-native/include  -I/Users/Shared/xbmc-depends/buildtools-native/include  conftest.c >&5
configure:6563: $? = 0
configure:6567: /usr/bin/nm conftest.o \| sed -n -e 's/^.*[ 	]\([BCDEGRST][BCDEGRST]*\)[ 	][ 	]*_\([_A-Za-z][_A-Za-z0-9]*\)$/\1 _\2 \2/p' \> conftest.nm
configure:6570: $? = 0
configure:6622: /Applications/Xcode.app/Contents/Developer/usr/bin/gcc -o conftest -I/Users/Shared/xbmc-depends/buildtools-native/include  -I/Users/Shared/xbmc-depends/buildtools-native/include  -L/Users/Shared/xbmc-depends/buildtools-native/lib  conftest.c conftstm.o >&5
configure:6625: $? = 0
configure:6663: result: ok
configure:6667: checking for objdir
configure:6682: result: .libs
configure:6772: checking for ar
configure:6799: result: /usr/bin/ar
configure:6852: checking for ranlib
configure:6879: result: /usr/bin/ranlib
configure:6932: checking for strip
configure:6959: result: /usr/bin/strip
configure:7231: checking if /Applications/Xcode.app/Contents/Developer/usr/bin/gcc supports -fno-rtti -fno-exceptions
configure:7249: /Applications/Xcode.app/Contents/Developer/usr/bin/gcc -c -I/Users/Shared/xbmc-depends/buildtools-native/include  -I/Users/Shared/xbmc-depends/buildtools-native/include  -fno-rtti -fno-exceptions conftest.c >&5
configure:7253: $? = 0
configure:7266: result: yes
configure:7281: checking for /Applications/Xcode.app/Contents/Developer/usr/bin/gcc option to produce PIC
configure:7491: result: -fno-common
configure:7499: checking if /Applications/Xcode.app/Contents/Developer/usr/bin/gcc PIC flag -fno-common works
configure:7517: /Applications/Xcode.app/Contents/Developer/usr/bin/gcc -c -I/Users/Shared/xbmc-depends/buildtools-native/include  -I/Users/Shared/xbmc-depends/buildtools-native/include  -fno-common -DPIC conftest.c >&5
configure:7521: $? = 0
configure:7534: result: yes
configure:7562: checking if /Applications/Xcode.app/Contents/Developer/usr/bin/gcc static flag -static works
configure:7590: result: no
configure:7600: checking if /Applications/Xcode.app/Contents/Developer/usr/bin/gcc supports -c -o file.o
configure:7621: /Applications/Xcode.app/Contents/Developer/usr/bin/gcc -c -I/Users/Shared/xbmc-depends/buildtools-native/include  -I/Users/Shared/xbmc-depends/buildtools-native/include  -o out/conftest2.o conftest.c >&5
configure:7625: $? = 0
configure:7647: result: yes
configure:7673: checking whether the /Applications/Xcode.app/Contents/Developer/usr/bin/gcc linker (/Applications/Xcode.app/Contents/Developer/usr/bin/ld) supports shared libraries
configure:8629: result: yes
configure:8696: checking dynamic linker characteristics
configure:9305: result: darwin14.5.0 dyld
configure:9314: checking how to hardcode library paths into programs
configure:9339: result: immediate
configure:9353: checking whether stripping libraries is possible
configure:9366: result: yes
configure:10185: checking if libtool supports shared libraries
configure:10187: result: yes
configure:10190: checking whether to build shared libraries
configure:10211: result: yes
configure:10214: checking whether to build static libraries
configure:10218: result: yes
configure:10310: creating libtool
configure:10898: checking for ld used by /Applications/Xcode.app/Contents/Developer/usr/bin/g++
configure:10965: result: /Applications/Xcode.app/Contents/Developer/usr/bin/ld
configure:10974: checking if the linker (/Applications/Xcode.app/Contents/Developer/usr/bin/ld) is GNU ld
configure:10989: result: no
configure:11040: checking whether the /Applications/Xcode.app/Contents/Developer/usr/bin/g++ linker (/Applications/Xcode.app/Contents/Developer/usr/bin/ld) supports shared libraries
configure:11976: result: yes
configure:11994: /Applications/Xcode.app/Contents/Developer/usr/bin/g++ -c -I/Users/Shared/xbmc-depends/buildtools-native/include  -I/Users/Shared/xbmc-depends/buildtools-native/include  conftest.cpp >&5
configure:11997: $? = 0
configure:12116: checking for /Applications/Xcode.app/Contents/Developer/usr/bin/g++ option to produce PIC
configure:12390: result: -fno-common
configure:12398: checking if /Applications/Xcode.app/Contents/Developer/usr/bin/g++ PIC flag -fno-common works
configure:12416: /Applications/Xcode.app/Contents/Developer/usr/bin/g++ -c -I/Users/Shared/xbmc-depends/buildtools-native/include  -I/Users/Shared/xbmc-depends/buildtools-native/include  -fno-common -DPIC conftest.cpp >&5
configure:12420: $? = 0
configure:12433: result: yes
configure:12461: checking if /Applications/Xcode.app/Contents/Developer/usr/bin/g++ static flag -static works
configure:12489: result: no
configure:12499: checking if /Applications/Xcode.app/Contents/Developer/usr/bin/g++ supports -c -o file.o
configure:12520: /Applications/Xcode.app/Contents/Developer/usr/bin/g++ -c -I/Users/Shared/xbmc-depends/buildtools-native/include  -I/Users/Shared/xbmc-depends/buildtools-native/include  -o out/conftest2.o conftest.cpp >&5
configure:12524: $? = 0
configure:12546: result: yes
configure:12572: checking whether the /Applications/Xcode.app/Contents/Developer/usr/bin/g++ linker (/Applications/Xcode.app/Contents/Developer/usr/bin/ld) supports shared libraries
configure:12597: result: yes
configure:12664: checking dynamic linker characteristics
configure:13273: result: darwin14.5.0 dyld
configure:13282: checking how to hardcode library paths into programs
configure:13307: result: immediate
configure:19519: checking whether to build assembly versions
configure:19527: /Applications/Xcode.app/Contents/Developer/usr/bin/gcc -c conftest.S 1>&5
conftest.S:1:10: fatal error: '/Users/osx/Desktop/kodi/xbmc/tools/depends/native/liblzo2-native/x86_64-osx-native/asm/amd64/src_gas/elf64/lzo1x_f1.S' file not found
#include "/Users/osx/Desktop/kodi/xbmc/tools/depends/native/liblzo2-native/x86_64-osx-native/asm/amd64/src_gas/elf64/lzo1x_f1.S"
         ^
1 error generated.
configure:19530: $? = 1
configure: failed program was:
#include "/Users/osx/Desktop/kodi/xbmc/tools/depends/native/liblzo2-native/x86_64-osx-native/asm/amd64/src_gas/elf64/lzo1x_f1.S"
configure:19549: result: no
configure:19570: checking whether time.h and sys/time.h may both be included
configure:19595: /Applications/Xcode.app/Contents/Developer/usr/bin/gcc -c -I/Users/Shared/xbmc-depends/buildtools-native/include  -I/Users/Shared/xbmc-depends/buildtools-native/include  conftest.c >&5
configure:19601: $? = 0
configure:19604: test -z 			 || test ! -s conftest.err
configure:19607: $? = 0
configure:19610: test -s conftest.o
configure:19613: $? = 0
configure:19624: result: yes
configure:19674: checking assert.h usability
configure:19686: /Applications/Xcode.app/Contents/Developer/usr/bin/gcc -c -I/Users/Shared/xbmc-depends/buildtools-native/include  -I/Users/Shared/xbmc-depends/buildtools-native/include  conftest.c >&5
configure:19692: $? = 0
configure:19695: test -z 			 || test ! -s conftest.err
configure:19698: $? = 0
configure:19701: test -s conftest.o
configure:19704: $? = 0
configure:19714: result: yes
configure:19718: checking assert.h presence
configure:19728: /Applications/Xcode.app/Contents/Developer/usr/bin/gcc -E -I/Users/Shared/xbmc-depends/buildtools-native/include  conftest.c
configure:19734: $? = 0
configure:19754: result: yes
configure:19789: checking for assert.h
configure:19796: result: yes
configure:19674: checking ctype.h usability
configure:19686: /Applications/Xcode.app/Contents/Developer/usr/bin/gcc -c -I/Users/Shared/xbmc-depends/buildtools-native/include  -I/Users/Shared/xbmc-depends/buildtools-native/include  conftest.c >&5
configure:19692: $? = 0
configure:19695: test -z 			 || test ! -s conftest.err
configure:19698: $? = 0
configure:19701: test -s conftest.o
configure:19704: $? = 0
configure:19714: result: yes
configure:19718: checking ctype.h presence
configure:19728: /Applications/Xcode.app/Contents/Developer/usr/bin/gcc -E -I/Users/Shared/xbmc-depends/buildtools-native/include  conftest.c
configure:19734: $? = 0
configure:19754: result: yes
configure:19789: checking for ctype.h
configure:19796: result: yes
configure:19674: checking dirent.h usability
configure:19686: /Applications/Xcode.app/Contents/Developer/usr/bin/gcc -c -I/Users/Shared/xbmc-depends/buildtools-native/include  -I/Users/Shared/xbmc-depends/buildtools-native/include  conftest.c >&5
configure:19692: $? = 0
configure:19695: test -z 			 || test ! -s conftest.err
configure:19698: $? = 0
configure:19701: test -s conftest.o
configure:19704: $? = 0
configure:19714: result: yes
configure:19718: checking dirent.h presence
configure:19728: /Applications/Xcode.app/Contents/Developer/usr/bin/gcc -E -I/Users/Shared/xbmc-depends/buildtools-native/include  conftest.c
configure:19734: $? = 0
configure:19754: result: yes
configure:19789: checking for dirent.h
configure:19796: result: yes
configure:19674: checking errno.h usability
configure:19686: /Applications/Xcode.app/Contents/Developer/usr/bin/gcc -c -I/Users/Shared/xbmc-depends/buildtools-native/include  -I/Users/Shared/xbmc-depends/buildtools-native/include  conftest.c >&5
configure:19692: $? = 0
configure:19695: test -z 			 || test ! -s conftest.err
configure:19698: $? = 0
configure:19701: test -s conftest.o
configure:19704: $? = 0
configure:19714: result: yes
configure:19718: checking errno.h presence
configure:19728: /Applications/Xcode.app/Contents/Developer/usr/bin/gcc -E -I/Users/Shared/xbmc-depends/buildtools-native/include  conftest.c
configure:19734: $? = 0
configure:19754: result: yes
configure:19789: checking for errno.h
configure:19796: result: yes
configure:19674: checking fcntl.h usability
configure:19686: /Applications/Xcode.app/Contents/Developer/usr/bin/gcc -c -I/Users/Shared/xbmc-depends/buildtools-native/include  -I/Users/Shared/xbmc-depends/buildtools-native/include  conftest.c >&5
configure:19692: $? = 0
configure:19695: test -z 			 || test ! -s conftest.err
configure:19698: $? = 0
configure:19701: test -s conftest.o
configure:19704: $? = 0
configure:19714: result: yes
configure:19718: checking fcntl.h presence
configure:19728: /Applications/Xcode.app/Contents/Developer/usr/bin/gcc -E -I/Users/Shared/xbmc-depends/buildtools-native/include  conftest.c
configure:19734: $? = 0
configure:19754: result: yes
configure:19789: checking for fcntl.h
configure:19796: result: yes
configure:19674: checking float.h usability
configure:19686: /Applications/Xcode.app/Contents/Developer/usr/bin/gcc -c -I/Users/Shared/xbmc-depends/buildtools-native/include  -I/Users/Shared/xbmc-depends/buildtools-native/include  conftest.c >&5
configure:19692: $? = 0
configure:19695: test -z 			 || test ! -s conftest.err
configure:19698: $? = 0
configure:19701: test -s conftest.o
configure:19704: $? = 0
configure:19714: result: yes
configure:19718: checking float.h presence
configure:19728: /Applications/Xcode.app/Contents/Developer/usr/bin/gcc -E -I/Users/Shared/xbmc-depends/buildtools-native/include  conftest.c
configure:19734: $? = 0
configure:19754: result: yes
configure:19789: checking for float.h
configure:19796: result: yes
configure:19674: checking limits.h usability
configure:19686: /Applications/Xcode.app/Contents/Developer/usr/bin/gcc -c -I/Users/Shared/xbmc-depends/buildtools-native/include  -I/Users/Shared/xbmc-depends/buildtools-native/include  conftest.c >&5
configure:19692: $? = 0
configure:19695: test -z 			 || test ! -s conftest.err
configure:19698: $? = 0
configure:19701: test -s conftest.o
configure:19704: $? = 0
configure:19714: result: yes
configure:19718: checking limits.h presence
configure:19728: /Applications/Xcode.app/Contents/Developer/usr/bin/gcc -E -I/Users/Shared/xbmc-depends/buildtools-native/include  conftest.c
configure:19734: $? = 0
configure:19754: result: yes
configure:19789: checking for limits.h
configure:19796: result: yes
configure:19674: checking malloc.h usability
configure:19686: /Applications/Xcode.app/Contents/Developer/usr/bin/gcc -c -I/Users/Shared/xbmc-depends/buildtools-native/include  -I/Users/Shared/xbmc-depends/buildtools-native/include  conftest.c >&5
conftest.c:68:10: fatal error: 'malloc.h' file not found
#include <malloc.h>
         ^
1 error generated.
configure:19692: $? = 1
configure: failed program was:
| /* confdefs.h.  */
| 
| #define PACKAGE_NAME "lzo"
| #define PACKAGE_TARNAME "lzo"
| #define PACKAGE_VERSION "2.03"
| #define PACKAGE_STRING "lzo 2.03"
| #define PACKAGE_BUGREPORT "markus@oberhumer.com"
| #define LZO_ABI_LITTLE_ENDIAN 1
| #define PACKAGE "lzo"
| #define VERSION "2.03"
| #define STDC_HEADERS 1
| #define HAVE_SYS_TYPES_H 1
| #define HAVE_SYS_STAT_H 1
| #define HAVE_STDLIB_H 1
| #define HAVE_STRING_H 1
| #define HAVE_MEMORY_H 1
| #define HAVE_STRINGS_H 1
| #define HAVE_INTTYPES_H 1
| #define HAVE_STDINT_H 1
| #define HAVE_UNISTD_H 1
| #define HAVE_DLFCN_H 1
| #ifdef __cplusplus
| extern "C" void exit (int) throw ();
| #endif
| #define TIME_WITH_SYS_TIME 1
| #define HAVE_ASSERT_H 1
| #define HAVE_CTYPE_H 1
| #define HAVE_DIRENT_H 1
| #define HAVE_ERRNO_H 1
| #define HAVE_FCNTL_H 1
| #define HAVE_FLOAT_H 1
| #define HAVE_LIMITS_H 1
| /* end confdefs.h.  */
| #include <stdio.h>
| #if HAVE_SYS_TYPES_H
| # include <sys/types.h>
| #endif
| #if HAVE_SYS_STAT_H
| # include <sys/stat.h>
| #endif
| #if STDC_HEADERS
| # include <stdlib.h>
| # include <stddef.h>
| #else
| # if HAVE_STDLIB_H
| #  include <stdlib.h>
| # endif
| #endif
| #if HAVE_STRING_H
| # if !STDC_HEADERS && HAVE_MEMORY_H
| #  include <memory.h>
| # endif
| # include <string.h>
| #endif
| #if HAVE_STRINGS_H
| # include <strings.h>
| #endif
| #if HAVE_INTTYPES_H
| # include <inttypes.h>
| #else
| # if HAVE_STDINT_H
| #  include <stdint.h>
| # endif
| #endif
| #if HAVE_UNISTD_H
| # include <unistd.h>
| #endif
| #include <malloc.h>
configure:19714: result: no
configure:19718: checking malloc.h presence
configure:19728: /Applications/Xcode.app/Contents/Developer/usr/bin/gcc -E -I/Users/Shared/xbmc-depends/buildtools-native/include  conftest.c
conftest.c:34:10: fatal error: 'malloc.h' file not found
#include <malloc.h>
         ^
1 error generated.
configure:19734: $? = 1
configure: failed program was:
| /* confdefs.h.  */
| 
| #define PACKAGE_NAME "lzo"
| #define PACKAGE_TARNAME "lzo"
| #define PACKAGE_VERSION "2.03"
| #define PACKAGE_STRING "lzo 2.03"
| #define PACKAGE_BUGREPORT "markus@oberhumer.com"
| #define LZO_ABI_LITTLE_ENDIAN 1
| #define PACKAGE "lzo"
| #define VERSION "2.03"
| #define STDC_HEADERS 1
| #define HAVE_SYS_TYPES_H 1
| #define HAVE_SYS_STAT_H 1
| #define HAVE_STDLIB_H 1
| #define HAVE_STRING_H 1
| #define HAVE_MEMORY_H 1
| #define HAVE_STRINGS_H 1
| #define HAVE_INTTYPES_H 1
| #define HAVE_STDINT_H 1
| #define HAVE_UNISTD_H 1
| #define HAVE_DLFCN_H 1
| #ifdef __cplusplus
| extern "C" void exit (int) throw ();
| #endif
| #define TIME_WITH_SYS_TIME 1
| #define HAVE_ASSERT_H 1
| #define HAVE_CTYPE_H 1
| #define HAVE_DIRENT_H 1
| #define HAVE_ERRNO_H 1
| #define HAVE_FCNTL_H 1
| #define HAVE_FLOAT_H 1
| #define HAVE_LIMITS_H 1
| /* end confdefs.h.  */
| #include <malloc.h>
configure:19754: result: no
configure:19789: checking for malloc.h
configure:19796: result: no
configure:19665: checking for memory.h
configure:19670: result: yes
configure:19674: checking setjmp.h usability
configure:19686: /Applications/Xcode.app/Contents/Developer/usr/bin/gcc -c -I/Users/Shared/xbmc-depends/buildtools-native/include  -I/Users/Shared/xbmc-depends/buildtools-native/include  conftest.c >&5
configure:19692: $? = 0
configure:19695: test -z 			 || test ! -s conftest.err
configure:19698: $? = 0
configure:19701: test -s conftest.o
configure:19704: $? = 0
configure:19714: result: yes
configure:19718: checking setjmp.h presence
configure:19728: /Applications/Xcode.app/Contents/Developer/usr/bin/gcc -E -I/Users/Shared/xbmc-depends/buildtools-native/include  conftest.c
configure:19734: $? = 0
configure:19754: result: yes
configure:19789: checking for setjmp.h
configure:19796: result: yes
configure:19674: checking signal.h usability
configure:19686: /Applications/Xcode.app/Contents/Developer/usr/bin/gcc -c -I/Users/Shared/xbmc-depends/buildtools-native/include  -I/Users/Shared/xbmc-depends/buildtools-native/include  conftest.c >&5
configure:19692: $? = 0
configure:19695: test -z 			 || test ! -s conftest.err
configure:19698: $? = 0
configure:19701: test -s conftest.o
configure:19704: $? = 0
configure:19714: result: yes
configure:19718: checking signal.h presence
configure:19728: /Applications/Xcode.app/Contents/Developer/usr/bin/gcc -E -I/Users/Shared/xbmc-depends/buildtools-native/include  conftest.c
configure:19734: $? = 0
configure:19754: result: yes
configure:19789: checking for signal.h
configure:19796: result: yes
configure:19674: checking stdarg.h usability
configure:19686: /Applications/Xcode.app/Contents/Developer/usr/bin/gcc -c -I/Users/Shared/xbmc-depends/buildtools-native/include  -I/Users/Shared/xbmc-depends/buildtools-native/include  conftest.c >&5
configure:19692: $? = 0
configure:19695: test -z 			 || test ! -s conftest.err
configure:19698: $? = 0
configure:19701: test -s conftest.o
configure:19704: $? = 0
configure:19714: result: yes
configure:19718: checking stdarg.h presence
configure:19728: /Applications/Xcode.app/Contents/Developer/usr/bin/gcc -E -I/Users/Shared/xbmc-depends/buildtools-native/include  conftest.c
configure:19734: $? = 0
configure:19754: result: yes
configure:19789: checking for stdarg.h
configure:19796: result: yes
configure:19674: checking stddef.h usability
configure:19686: /Applications/Xcode.app/Contents/Developer/usr/bin/gcc -c -I/Users/Shared/xbmc-depends/buildtools-native/include  -I/Users/Shared/xbmc-depends/buildtools-native/include  conftest.c >&5
configure:19692: $? = 0
configure:19695: test -z 			 || test ! -s conftest.err
configure:19698: $? = 0
configure:19701: test -s conftest.o
configure:19704: $? = 0
configure:19714: result: yes
configure:19718: checking stddef.h presence
configure:19728: /Applications/Xcode.app/Contents/Developer/usr/bin/gcc -E -I/Users/Shared/xbmc-depends/buildtools-native/include  conftest.c
configure:19734: $? = 0
configure:19754: result: yes
configure:19789: checking for stddef.h
configure:19796: result: yes
configure:19665: checking for stdint.h
configure:19670: result: yes
configure:19674: checking stdio.h usability
configure:19686: /Applications/Xcode.app/Contents/Developer/usr/bin/gcc -c -I/Users/Shared/xbmc-depends/buildtools-native/include  -I/Users/Shared/xbmc-depends/buildtools-native/include  conftest.c >&5
configure:19692: $? = 0
configure:19695: test -z 			 || test ! -s conftest.err
configure:19698: $? = 0
configure:19701: test -s conftest.o
configure:19704: $? = 0
configure:19714: result: yes
configure:19718: checking stdio.h presence
configure:19728: /Applications/Xcode.app/Contents/Developer/usr/bin/gcc -E -I/Users/Shared/xbmc-depends/buildtools-native/include  conftest.c
configure:19734: $? = 0
configure:19754: result: yes
configure:19789: checking for stdio.h
configure:19796: result: yes
configure:19665: checking for stdlib.h
configure:19670: result: yes
configure:19665: checking for string.h
configure:19670: result: yes
configure:19665: checking for strings.h
configure:19670: result: yes
configure:19674: checking time.h usability
configure:19686: /Applications/Xcode.app/Contents/Developer/usr/bin/gcc -c -I/Users/Shared/xbmc-depends/buildtools-native/include  -I/Users/Shared/xbmc-depends/buildtools-native/include  conftest.c >&5
configure:19692: $? = 0
configure:19695: test -z 			 || test ! -s conftest.err
configure:19698: $? = 0
configure:19701: test -s conftest.o
configure:19704: $? = 0
configure:19714: result: yes
configure:19718: checking time.h presence
configure:19728: /Applications/Xcode.app/Contents/Developer/usr/bin/gcc -E -I/Users/Shared/xbmc-depends/buildtools-native/include  conftest.c
configure:19734: $? = 0
configure:19754: result: yes
configure:19789: checking for time.h
configure:19796: result: yes
configure:19665: checking for unistd.h
configure:19670: result: yes
configure:19674: checking utime.h usability
configure:19686: /Applications/Xcode.app/Contents/Developer/usr/bin/gcc -c -I/Users/Shared/xbmc-depends/buildtools-native/include  -I/Users/Shared/xbmc-depends/buildtools-native/include  conftest.c >&5
configure:19692: $? = 0
configure:19695: test -z 			 || test ! -s conftest.err
configure:19698: $? = 0
configure:19701: test -s conftest.o
configure:19704: $? = 0
configure:19714: result: yes
configure:19718: checking utime.h presence
configure:19728: /Applications/Xcode.app/Contents/Developer/usr/bin/gcc -E -I/Users/Shared/xbmc-depends/buildtools-native/include  conftest.c
configure:19734: $? = 0
configure:19754: result: yes
configure:19789: checking for utime.h
configure:19796: result: yes
configure:19674: checking sys/mman.h usability
configure:19686: /Applications/Xcode.app/Contents/Developer/usr/bin/gcc -c -I/Users/Shared/xbmc-depends/buildtools-native/include  -I/Users/Shared/xbmc-depends/buildtools-native/include  conftest.c >&5
configure:19692: $? = 0
configure:19695: test -z 			 || test ! -s conftest.err
configure:19698: $? = 0
configure:19701: test -s conftest.o
configure:19704: $? = 0
configure:19714: result: yes
configure:19718: checking sys/mman.h presence
configure:19728: /Applications/Xcode.app/Contents/Developer/usr/bin/gcc -E -I/Users/Shared/xbmc-depends/buildtools-native/include  conftest.c
configure:19734: $? = 0
configure:19754: result: yes
configure:19789: checking for sys/mman.h
configure:19796: result: yes
configure:19674: checking sys/resource.h usability
configure:19686: /Applications/Xcode.app/Contents/Developer/usr/bin/gcc -c -I/Users/Shared/xbmc-depends/buildtools-native/include  -I/Users/Shared/xbmc-depends/buildtools-native/include  conftest.c >&5
configure:19692: $? = 0
configure:19695: test -z 			 || test ! -s conftest.err
configure:19698: $? = 0
configure:19701: test -s conftest.o
configure:19704: $? = 0
configure:19714: result: yes
configure:19718: checking sys/resource.h presence
configure:19728: /Applications/Xcode.app/Contents/Developer/usr/bin/gcc -E -I/Users/Shared/xbmc-depends/buildtools-native/include  conftest.c
configure:19734: $? = 0
configure:19754: result: yes
configure:19789: checking for sys/resource.h
configure:19796: result: yes
configure:19665: checking for sys/stat.h
configure:19670: result: yes
configure:19674: checking sys/time.h usability
configure:19686: /Applications/Xcode.app/Contents/Developer/usr/bin/gcc -c -I/Users/Shared/xbmc-depends/buildtools-native/include  -I/Users/Shared/xbmc-depends/buildtools-native/include  conftest.c >&5
configure:19692: $? = 0
configure:19695: test -z 			 || test ! -s conftest.err
configure:19698: $? = 0
configure:19701: test -s conftest.o
configure:19704: $? = 0
configure:19714: result: yes
configure:19718: checking sys/time.h presence
configure:19728: /Applications/Xcode.app/Contents/Developer/usr/bin/gcc -E -I/Users/Shared/xbmc-depends/buildtools-native/include  conftest.c
configure:19734: $? = 0
configure:19754: result: yes
configure:19789: checking for sys/time.h
configure:19796: result: yes
configure:19665: checking for sys/types.h
configure:19670: result: yes
configure:19674: checking sys/wait.h usability
configure:19686: /Applications/Xcode.app/Contents/Developer/usr/bin/gcc -c -I/Users/Shared/xbmc-depends/buildtools-native/include  -I/Users/Shared/xbmc-depends/buildtools-native/include  conftest.c >&5
configure:19692: $? = 0
configure:19695: test -z 			 || test ! -s conftest.err
configure:19698: $? = 0
configure:19701: test -s conftest.o
configure:19704: $? = 0
configure:19714: result: yes
configure:19718: checking sys/wait.h presence
configure:19728: /Applications/Xcode.app/Contents/Developer/usr/bin/gcc -E -I/Users/Shared/xbmc-depends/buildtools-native/include  conftest.c
configure:19734: $? = 0
configure:19754: result: yes
configure:19789: checking for sys/wait.h
configure:19796: result: yes
configure:19816: checking whether limits.h is sane
configure:19934: /Applications/Xcode.app/Contents/Developer/usr/bin/gcc -c -I/Users/Shared/xbmc-depends/buildtools-native/include  -I/Users/Shared/xbmc-depends/buildtools-native/include  conftest.c >&5
configure:19940: $? = 0
configure:19943: test -z 			 || test ! -s conftest.err
configure:19946: $? = 0
configure:19949: test -s conftest.o
configure:19952: $? = 0
configure:19963: result: yes
configure:19977: checking for off_t
configure:20001: /Applications/Xcode.app/Contents/Developer/usr/bin/gcc -c -I/Users/Shared/xbmc-depends/buildtools-native/include  -I/Users/Shared/xbmc-depends/buildtools-native/include  conftest.c >&5
configure:20007: $? = 0
configure:20010: test -z 			 || test ! -s conftest.err
configure:20013: $? = 0
configure:20016: test -s conftest.o
configure:20019: $? = 0
configure:20030: result: yes
configure:20042: checking for ptrdiff_t
configure:20066: /Applications/Xcode.app/Contents/Developer/usr/bin/gcc -c -I/Users/Shared/xbmc-depends/buildtools-native/include  -I/Users/Shared/xbmc-depends/buildtools-native/include  conftest.c >&5
configure:20072: $? = 0
configure:20075: test -z 			 || test ! -s conftest.err
configure:20078: $? = 0
configure:20081: test -s conftest.o
configure:20084: $? = 0
configure:20095: result: yes
configure:20107: checking for size_t
configure:20131: /Applications/Xcode.app/Contents/Developer/usr/bin/gcc -c -I/Users/Shared/xbmc-depends/buildtools-native/include  -I/Users/Shared/xbmc-depends/buildtools-native/include  conftest.c >&5
configure:20137: $? = 0
configure:20140: test -z 			 || test ! -s conftest.err
configure:20143: $? = 0
configure:20146: test -s conftest.o
configure:20149: $? = 0
configure:20160: result: yes
configure:20172: checking return type of signal handlers
configure:20203: /Applications/Xcode.app/Contents/Developer/usr/bin/gcc -c -I/Users/Shared/xbmc-depends/buildtools-native/include  -I/Users/Shared/xbmc-depends/buildtools-native/include  conftest.c >&5
configure:20209: $? = 0
configure:20212: test -z 			 || test ! -s conftest.err
configure:20215: $? = 0
configure:20218: test -s conftest.o
configure:20221: $? = 0
configure:20232: result: void
configure:20242: checking for short
configure:20266: /Applications/Xcode.app/Contents/Developer/usr/bin/gcc -c -I/Users/Shared/xbmc-depends/buildtools-native/include  -I/Users/Shared/xbmc-depends/buildtools-native/include  conftest.c >&5
configure:20272: $? = 0
configure:20275: test -z 			 || test ! -s conftest.err
configure:20278: $? = 0
configure:20281: test -s conftest.o
configure:20284: $? = 0
configure:20295: result: yes
configure:20298: checking size of short
configure:20610: /Applications/Xcode.app/Contents/Developer/usr/bin/gcc -o conftest -I/Users/Shared/xbmc-depends/buildtools-native/include  -I/Users/Shared/xbmc-depends/buildtools-native/include  -L/Users/Shared/xbmc-depends/buildtools-native/lib  conftest.c  >&5
configure:20613: $? = 0
configure:20615: ./conftest
configure:20618: $? = 0
configure:20641: result: 2
configure:20648: checking for int
configure:20672: /Applications/Xcode.app/Contents/Developer/usr/bin/gcc -c -I/Users/Shared/xbmc-depends/buildtools-native/include  -I/Users/Shared/xbmc-depends/buildtools-native/include  conftest.c >&5
configure:20678: $? = 0
configure:20681: test -z 			 || test ! -s conftest.err
configure:20684: $? = 0
configure:20687: test -s conftest.o
configure:20690: $? = 0
configure:20701: result: yes
configure:20704: checking size of int
configure:21016: /Applications/Xcode.app/Contents/Developer/usr/bin/gcc -o conftest -I/Users/Shared/xbmc-depends/buildtools-native/include  -I/Users/Shared/xbmc-depends/buildtools-native/include  -L/Users/Shared/xbmc-depends/buildtools-native/lib  conftest.c  >&5
configure:21019: $? = 0
configure:21021: ./conftest
configure:21024: $? = 0
configure:21047: result: 4
configure:21054: checking for long
configure:21078: /Applications/Xcode.app/Contents/Developer/usr/bin/gcc -c -I/Users/Shared/xbmc-depends/buildtools-native/include  -I/Users/Shared/xbmc-depends/buildtools-native/include  conftest.c >&5
configure:21084: $? = 0
configure:21087: test -z 			 || test ! -s conftest.err
configure:21090: $? = 0
configure:21093: test -s conftest.o
configure:21096: $? = 0
configure:21107: result: yes
configure:21110: checking size of long
configure:21422: /Applications/Xcode.app/Contents/Developer/usr/bin/gcc -o conftest -I/Users/Shared/xbmc-depends/buildtools-native/include  -I/Users/Shared/xbmc-depends/buildtools-native/include  -L/Users/Shared/xbmc-depends/buildtools-native/lib  conftest.c  >&5
configure:21425: $? = 0
configure:21427: ./conftest
configure:21430: $? = 0
configure:21453: result: 8
configure:21461: checking for long long
configure:21485: /Applications/Xcode.app/Contents/Developer/usr/bin/gcc -c -I/Users/Shared/xbmc-depends/buildtools-native/include  -I/Users/Shared/xbmc-depends/buildtools-native/include  conftest.c >&5
configure:21491: $? = 0
configure:21494: test -z 			 || test ! -s conftest.err
configure:21497: $? = 0
configure:21500: test -s conftest.o
configure:21503: $? = 0
configure:21514: result: yes
configure:21517: checking size of long long
configure:21829: /Applications/Xcode.app/Contents/Developer/usr/bin/gcc -o conftest -I/Users/Shared/xbmc-depends/buildtools-native/include  -I/Users/Shared/xbmc-depends/buildtools-native/include  -L/Users/Shared/xbmc-depends/buildtools-native/lib  conftest.c  >&5
configure:21832: $? = 0
configure:21834: ./conftest
configure:21837: $? = 0
configure:21860: result: 8
configure:21867: checking for __int16
configure:21891: /Applications/Xcode.app/Contents/Developer/usr/bin/gcc -c -I/Users/Shared/xbmc-depends/buildtools-native/include  -I/Users/Shared/xbmc-depends/buildtools-native/include  conftest.c >&5
conftest.c:95:15: error: expected expression
if ((__int16 *) 0)
              ^
conftest.c:95:6: error: use of undeclared identifier '__int16'
if ((__int16 *) 0)
     ^
conftest.c:97:13: error: use of undeclared identifier '__int16'
if (sizeof (__int16))
            ^
3 errors generated.
configure:21897: $? = 1
configure: failed program was:
| /* confdefs.h.  */
| 
| #define PACKAGE_NAME "lzo"
| #define PACKAGE_TARNAME "lzo"
| #define PACKAGE_VERSION "2.03"
| #define PACKAGE_STRING "lzo 2.03"
| #define PACKAGE_BUGREPORT "markus@oberhumer.com"
| #define LZO_ABI_LITTLE_ENDIAN 1
| #define PACKAGE "lzo"
| #define VERSION "2.03"
| #define STDC_HEADERS 1
| #define HAVE_SYS_TYPES_H 1
| #define HAVE_SYS_STAT_H 1
| #define HAVE_STDLIB_H 1
| #define HAVE_STRING_H 1
| #define HAVE_MEMORY_H 1
| #define HAVE_STRINGS_H 1
| #define HAVE_INTTYPES_H 1
| #define HAVE_STDINT_H 1
| #define HAVE_UNISTD_H 1
| #define HAVE_DLFCN_H 1
| #ifdef __cplusplus
| extern "C" void exit (int) throw ();
| #endif
| #define TIME_WITH_SYS_TIME 1
| #define HAVE_ASSERT_H 1
| #define HAVE_CTYPE_H 1
| #define HAVE_DIRENT_H 1
| #define HAVE_ERRNO_H 1
| #define HAVE_FCNTL_H 1
| #define HAVE_FLOAT_H 1
| #define HAVE_LIMITS_H 1
| #define HAVE_MEMORY_H 1
| #define HAVE_SETJMP_H 1
| #define HAVE_SIGNAL_H 1
| #define HAVE_STDARG_H 1
| #define HAVE_STDDEF_H 1
| #define HAVE_STDINT_H 1
| #define HAVE_STDIO_H 1
| #define HAVE_STDLIB_H 1
| #define HAVE_STRING_H 1
| #define HAVE_STRINGS_H 1
| #define HAVE_TIME_H 1
| #define HAVE_UNISTD_H 1
| #define HAVE_UTIME_H 1
| #define HAVE_SYS_MMAN_H 1
| #define HAVE_SYS_RESOURCE_H 1
| #define HAVE_SYS_STAT_H 1
| #define HAVE_SYS_TIME_H 1
| #define HAVE_SYS_TYPES_H 1
| #define HAVE_SYS_WAIT_H 1
| #define RETSIGTYPE void
| #define SIZEOF_SHORT 2
| #define SIZEOF_INT 4
| #define SIZEOF_LONG 8
| #define SIZEOF_LONG_LONG 8
| /* end confdefs.h.  */
| #include <stdio.h>
| #if HAVE_SYS_TYPES_H
| # include <sys/types.h>
| #endif
| #if HAVE_SYS_STAT_H
| # include <sys/stat.h>
| #endif
| #if STDC_HEADERS
| # include <stdlib.h>
| # include <stddef.h>
| #else
| # if HAVE_STDLIB_H
| #  include <stdlib.h>
| # endif
| #endif
| #if HAVE_STRING_H
| # if !STDC_HEADERS && HAVE_MEMORY_H
| #  include <memory.h>
| # endif
| # include <string.h>
| #endif
| #if HAVE_STRINGS_H
| # include <strings.h>
| #endif
| #if HAVE_INTTYPES_H
| # include <inttypes.h>
| #else
| # if HAVE_STDINT_H
| #  include <stdint.h>
| # endif
| #endif
| #if HAVE_UNISTD_H
| # include <unistd.h>
| #endif
| int
| main ()
| {
| if ((__int16 *) 0)
|   return 0;
| if (sizeof (__int16))
|   return 0;
|   ;
|   return 0;
| }
configure:21920: result: no
configure:21923: checking size of __int16
configure:22266: result: 0
configure:22273: checking for __int32
configure:22297: /Applications/Xcode.app/Contents/Developer/usr/bin/gcc -c -I/Users/Shared/xbmc-depends/buildtools-native/include  -I/Users/Shared/xbmc-depends/buildtools-native/include  conftest.c >&5
conftest.c:96:15: error: expected expression
if ((__int32 *) 0)
              ^
conftest.c:96:6: error: use of undeclared identifier '__int32'
if ((__int32 *) 0)
     ^
conftest.c:98:13: error: use of undeclared identifier '__int32'
if (sizeof (__int32))
            ^
3 errors generated.
configure:22303: $? = 1
configure: failed program was:
| /* confdefs.h.  */
| 
| #define PACKAGE_NAME "lzo"
| #define PACKAGE_TARNAME "lzo"
| #define PACKAGE_VERSION "2.03"
| #define PACKAGE_STRING "lzo 2.03"
| #define PACKAGE_BUGREPORT "markus@oberhumer.com"
| #define LZO_ABI_LITTLE_ENDIAN 1
| #define PACKAGE "lzo"
| #define VERSION "2.03"
| #define STDC_HEADERS 1
| #define HAVE_SYS_TYPES_H 1
| #define HAVE_SYS_STAT_H 1
| #define HAVE_STDLIB_H 1
| #define HAVE_STRING_H 1
| #define HAVE_MEMORY_H 1
| #define HAVE_STRINGS_H 1
| #define HAVE_INTTYPES_H 1
| #define HAVE_STDINT_H 1
| #define HAVE_UNISTD_H 1
| #define HAVE_DLFCN_H 1
| #ifdef __cplusplus
| extern "C" void exit (int) throw ();
| #endif
| #define TIME_WITH_SYS_TIME 1
| #define HAVE_ASSERT_H 1
| #define HAVE_CTYPE_H 1
| #define HAVE_DIRENT_H 1
| #define HAVE_ERRNO_H 1
| #define HAVE_FCNTL_H 1
| #define HAVE_FLOAT_H 1
| #define HAVE_LIMITS_H 1
| #define HAVE_MEMORY_H 1
| #define HAVE_SETJMP_H 1
| #define HAVE_SIGNAL_H 1
| #define HAVE_STDARG_H 1
| #define HAVE_STDDEF_H 1
| #define HAVE_STDINT_H 1
| #define HAVE_STDIO_H 1
| #define HAVE_STDLIB_H 1
| #define HAVE_STRING_H 1
| #define HAVE_STRINGS_H 1
| #define HAVE_TIME_H 1
| #define HAVE_UNISTD_H 1
| #define HAVE_UTIME_H 1
| #define HAVE_SYS_MMAN_H 1
| #define HAVE_SYS_RESOURCE_H 1
| #define HAVE_SYS_STAT_H 1
| #define HAVE_SYS_TIME_H 1
| #define HAVE_SYS_TYPES_H 1
| #define HAVE_SYS_WAIT_H 1
| #define RETSIGTYPE void
| #define SIZEOF_SHORT 2
| #define SIZEOF_INT 4
| #define SIZEOF_LONG 8
| #define SIZEOF_LONG_LONG 8
| #define SIZEOF___INT16 0
| /* end confdefs.h.  */
| #include <stdio.h>
| #if HAVE_SYS_TYPES_H
| # include <sys/types.h>
| #endif
| #if HAVE_SYS_STAT_H
| # include <sys/stat.h>
| #endif
| #if STDC_HEADERS
| # include <stdlib.h>
| # include <stddef.h>
| #else
| # if HAVE_STDLIB_H
| #  include <stdlib.h>
| # endif
| #endif
| #if HAVE_STRING_H
| # if !STDC_HEADERS && HAVE_MEMORY_H
| #  include <memory.h>
| # endif
| # include <string.h>
| #endif
| #if HAVE_STRINGS_H
| # include <strings.h>
| #endif
| #if HAVE_INTTYPES_H
| # include <inttypes.h>
| #else
| # if HAVE_STDINT_H
| #  include <stdint.h>
| # endif
| #endif
| #if HAVE_UNISTD_H
| # include <unistd.h>
| #endif
| int
| main ()
| {
| if ((__int32 *) 0)
|   return 0;
| if (sizeof (__int32))
|   return 0;
|   ;
|   return 0;
| }
configure:22326: result: no
configure:22329: checking size of __int32
configure:22672: result: 0
configure:22679: checking for __int64
configure:22703: /Applications/Xcode.app/Contents/Developer/usr/bin/gcc -c -I/Users/Shared/xbmc-depends/buildtools-native/include  -I/Users/Shared/xbmc-depends/buildtools-native/include  conftest.c >&5
conftest.c:97:15: error: expected expression
if ((__int64 *) 0)
              ^
conftest.c:97:6: error: use of undeclared identifier '__int64'
if ((__int64 *) 0)
     ^
conftest.c:99:13: error: use of undeclared identifier '__int64'
if (sizeof (__int64))
            ^
3 errors generated.
configure:22709: $? = 1
configure: failed program was:
| /* confdefs.h.  */
| 
| #define PACKAGE_NAME "lzo"
| #define PACKAGE_TARNAME "lzo"
| #define PACKAGE_VERSION "2.03"
| #define PACKAGE_STRING "lzo 2.03"
| #define PACKAGE_BUGREPORT "markus@oberhumer.com"
| #define LZO_ABI_LITTLE_ENDIAN 1
| #define PACKAGE "lzo"
| #define VERSION "2.03"
| #define STDC_HEADERS 1
| #define HAVE_SYS_TYPES_H 1
| #define HAVE_SYS_STAT_H 1
| #define HAVE_STDLIB_H 1
| #define HAVE_STRING_H 1
| #define HAVE_MEMORY_H 1
| #define HAVE_STRINGS_H 1
| #define HAVE_INTTYPES_H 1
| #define HAVE_STDINT_H 1
| #define HAVE_UNISTD_H 1
| #define HAVE_DLFCN_H 1
| #ifdef __cplusplus
| extern "C" void exit (int) throw ();
| #endif
| #define TIME_WITH_SYS_TIME 1
| #define HAVE_ASSERT_H 1
| #define HAVE_CTYPE_H 1
| #define HAVE_DIRENT_H 1
| #define HAVE_ERRNO_H 1
| #define HAVE_FCNTL_H 1
| #define HAVE_FLOAT_H 1
| #define HAVE_LIMITS_H 1
| #define HAVE_MEMORY_H 1
| #define HAVE_SETJMP_H 1
| #define HAVE_SIGNAL_H 1
| #define HAVE_STDARG_H 1
| #define HAVE_STDDEF_H 1
| #define HAVE_STDINT_H 1
| #define HAVE_STDIO_H 1
| #define HAVE_STDLIB_H 1
| #define HAVE_STRING_H 1
| #define HAVE_STRINGS_H 1
| #define HAVE_TIME_H 1
| #define HAVE_UNISTD_H 1
| #define HAVE_UTIME_H 1
| #define HAVE_SYS_MMAN_H 1
| #define HAVE_SYS_RESOURCE_H 1
| #define HAVE_SYS_STAT_H 1
| #define HAVE_SYS_TIME_H 1
| #define HAVE_SYS_TYPES_H 1
| #define HAVE_SYS_WAIT_H 1
| #define RETSIGTYPE void
| #define SIZEOF_SHORT 2
| #define SIZEOF_INT 4
| #define SIZEOF_LONG 8
| #define SIZEOF_LONG_LONG 8
| #define SIZEOF___INT16 0
| #define SIZEOF___INT32 0
| /* end confdefs.h.  */
| #include <stdio.h>
| #if HAVE_SYS_TYPES_H
| # include <sys/types.h>
| #endif
| #if HAVE_SYS_STAT_H
| # include <sys/stat.h>
| #endif
| #if STDC_HEADERS
| # include <stdlib.h>
| # include <stddef.h>
| #else
| # if HAVE_STDLIB_H
| #  include <stdlib.h>
| # endif
| #endif
| #if HAVE_STRING_H
| # if !STDC_HEADERS && HAVE_MEMORY_H
| #  include <memory.h>
| # endif
| # include <string.h>
| #endif
| #if HAVE_STRINGS_H
| # include <strings.h>
| #endif
| #if HAVE_INTTYPES_H
| # include <inttypes.h>
| #else
| # if HAVE_STDINT_H
| #  include <stdint.h>
| # endif
| #endif
| #if HAVE_UNISTD_H
| # include <unistd.h>
| #endif
| int
| main ()
| {
| if ((__int64 *) 0)
|   return 0;
| if (sizeof (__int64))
|   return 0;
|   ;
|   return 0;
| }
configure:22732: result: no
configure:22735: checking size of __int64
configure:23078: result: 0
configure:23086: checking for void *
configure:23110: /Applications/Xcode.app/Contents/Developer/usr/bin/gcc -c -I/Users/Shared/xbmc-depends/buildtools-native/include  -I/Users/Shared/xbmc-depends/buildtools-native/include  conftest.c >&5
configure:23116: $? = 0
configure:23119: test -z 			 || test ! -s conftest.err
configure:23122: $? = 0
configure:23125: test -s conftest.o
configure:23128: $? = 0
configure:23139: result: yes
configure:23142: checking size of void *
configure:23454: /Applications/Xcode.app/Contents/Developer/usr/bin/gcc -o conftest -I/Users/Shared/xbmc-depends/buildtools-native/include  -I/Users/Shared/xbmc-depends/buildtools-native/include  -L/Users/Shared/xbmc-depends/buildtools-native/lib  conftest.c  >&5
configure:23457: $? = 0
configure:23459: ./conftest
configure:23462: $? = 0
configure:23485: result: 8
configure:23492: checking for size_t
configure:23545: result: yes
configure:23548: checking size of size_t
configure:23860: /Applications/Xcode.app/Contents/Developer/usr/bin/gcc -o conftest -I/Users/Shared/xbmc-depends/buildtools-native/include  -I/Users/Shared/xbmc-depends/buildtools-native/include  -L/Users/Shared/xbmc-depends/buildtools-native/lib  conftest.c  >&5
configure:23863: $? = 0
configure:23865: ./conftest
configure:23868: $? = 0
configure:23891: result: 8
configure:23898: checking for ptrdiff_t
configure:23951: result: yes
configure:23954: checking size of ptrdiff_t
configure:24266: /Applications/Xcode.app/Contents/Developer/usr/bin/gcc -o conftest -I/Users/Shared/xbmc-depends/buildtools-native/include  -I/Users/Shared/xbmc-depends/buildtools-native/include  -L/Users/Shared/xbmc-depends/buildtools-native/lib  conftest.c  >&5
configure:24269: $? = 0
configure:24271: ./conftest
configure:24274: $? = 0
configure:24297: result: 8
configure:24306: checking for __int32
configure:24359: result: no
configure:24362: checking size of __int32
configure:24705: result: 0
configure:24712: checking for intmax_t
configure:24736: /Applications/Xcode.app/Contents/Developer/usr/bin/gcc -c -I/Users/Shared/xbmc-depends/buildtools-native/include  -I/Users/Shared/xbmc-depends/buildtools-native/include  conftest.c >&5
configure:24742: $? = 0
configure:24745: test -z 			 || test ! -s conftest.err
configure:24748: $? = 0
configure:24751: test -s conftest.o
configure:24754: $? = 0
configure:24765: result: yes
configure:24768: checking size of intmax_t
configure:25080: /Applications/Xcode.app/Contents/Developer/usr/bin/gcc -o conftest -I/Users/Shared/xbmc-depends/buildtools-native/include  -I/Users/Shared/xbmc-depends/buildtools-native/include  -L/Users/Shared/xbmc-depends/buildtools-native/lib  conftest.c  >&5
configure:25083: $? = 0
configure:25085: ./conftest
configure:25088: $? = 0
configure:25111: result: 8
configure:25118: checking for uintmax_t
configure:25142: /Applications/Xcode.app/Contents/Developer/usr/bin/gcc -c -I/Users/Shared/xbmc-depends/buildtools-native/include  -I/Users/Shared/xbmc-depends/buildtools-native/include  conftest.c >&5
configure:25148: $? = 0
configure:25151: test -z 			 || test ! -s conftest.err
configure:25154: $? = 0
configure:25157: test -s conftest.o
configure:25160: $? = 0
configure:25171: result: yes
configure:25174: checking size of uintmax_t
configure:25486: /Applications/Xcode.app/Contents/Developer/usr/bin/gcc -o conftest -I/Users/Shared/xbmc-depends/buildtools-native/include  -I/Users/Shared/xbmc-depends/buildtools-native/include  -L/Users/Shared/xbmc-depends/buildtools-native/lib  conftest.c  >&5
configure:25489: $? = 0
configure:25491: ./conftest
configure:25494: $? = 0
configure:25517: result: 8
configure:25524: checking for intptr_t
configure:25548: /Applications/Xcode.app/Contents/Developer/usr/bin/gcc -c -I/Users/Shared/xbmc-depends/buildtools-native/include  -I/Users/Shared/xbmc-depends/buildtools-native/include  conftest.c >&5
configure:25554: $? = 0
configure:25557: test -z 			 || test ! -s conftest.err
configure:25560: $? = 0
configure:25563: test -s conftest.o
configure:25566: $? = 0
configure:25577: result: yes
configure:25580: checking size of intptr_t
configure:25892: /Applications/Xcode.app/Contents/Developer/usr/bin/gcc -o conftest -I/Users/Shared/xbmc-depends/buildtools-native/include  -I/Users/Shared/xbmc-depends/buildtools-native/include  -L/Users/Shared/xbmc-depends/buildtools-native/lib  conftest.c  >&5
configure:25895: $? = 0
configure:25897: ./conftest
configure:25900: $? = 0
configure:25923: result: 8
configure:25930: checking for uintptr_t
configure:25954: /Applications/Xcode.app/Contents/Developer/usr/bin/gcc -c -I/Users/Shared/xbmc-depends/buildtools-native/include  -I/Users/Shared/xbmc-depends/buildtools-native/include  conftest.c >&5
configure:25960: $? = 0
configure:25963: test -z 			 || test ! -s conftest.err
configure:25966: $? = 0
configure:25969: test -s conftest.o
configure:25972: $? = 0
configure:25983: result: yes
configure:25986: checking size of uintptr_t
configure:26298: /Applications/Xcode.app/Contents/Developer/usr/bin/gcc -o conftest -I/Users/Shared/xbmc-depends/buildtools-native/include  -I/Users/Shared/xbmc-depends/buildtools-native/include  -L/Users/Shared/xbmc-depends/buildtools-native/lib  conftest.c  >&5
configure:26301: $? = 0
configure:26303: ./conftest
configure:26306: $? = 0
configure:26329: result: 8
configure:26337: checking for float
configure:26361: /Applications/Xcode.app/Contents/Developer/usr/bin/gcc -c -I/Users/Shared/xbmc-depends/buildtools-native/include  -I/Users/Shared/xbmc-depends/buildtools-native/include  conftest.c >&5
configure:26367: $? = 0
configure:26370: test -z 			 || test ! -s conftest.err
configure:26373: $? = 0
configure:26376: test -s conftest.o
configure:26379: $? = 0
configure:26390: result: yes
configure:26393: checking size of float
configure:26705: /Applications/Xcode.app/Contents/Developer/usr/bin/gcc -o conftest -I/Users/Shared/xbmc-depends/buildtools-native/include  -I/Users/Shared/xbmc-depends/buildtools-native/include  -L/Users/Shared/xbmc-depends/buildtools-native/lib  conftest.c  >&5
configure:26708: $? = 0
configure:26710: ./conftest
configure:26713: $? = 0
configure:26736: result: 4
configure:26743: checking for double
configure:26767: /Applications/Xcode.app/Contents/Developer/usr/bin/gcc -c -I/Users/Shared/xbmc-depends/buildtools-native/include  -I/Users/Shared/xbmc-depends/buildtools-native/include  conftest.c >&5
configure:26773: $? = 0
configure:26776: test -z 			 || test ! -s conftest.err
configure:26779: $? = 0
configure:26782: test -s conftest.o
configure:26785: $? = 0
configure:26796: result: yes
configure:26799: checking size of double
configure:27111: /Applications/Xcode.app/Contents/Developer/usr/bin/gcc -o conftest -I/Users/Shared/xbmc-depends/buildtools-native/include  -I/Users/Shared/xbmc-depends/buildtools-native/include  -L/Users/Shared/xbmc-depends/buildtools-native/lib  conftest.c  >&5
configure:27114: $? = 0
configure:27116: ./conftest
configure:27119: $? = 0
configure:27142: result: 8
configure:27149: checking for long double
configure:27173: /Applications/Xcode.app/Contents/Developer/usr/bin/gcc -c -I/Users/Shared/xbmc-depends/buildtools-native/include  -I/Users/Shared/xbmc-depends/buildtools-native/include  conftest.c >&5
configure:27179: $? = 0
configure:27182: test -z 			 || test ! -s conftest.err
configure:27185: $? = 0
configure:27188: test -s conftest.o
configure:27191: $? = 0
configure:27202: result: yes
configure:27205: checking size of long double
configure:27517: /Applications/Xcode.app/Contents/Developer/usr/bin/gcc -o conftest -I/Users/Shared/xbmc-depends/buildtools-native/include  -I/Users/Shared/xbmc-depends/buildtools-native/include  -L/Users/Shared/xbmc-depends/buildtools-native/lib  conftest.c  >&5
configure:27520: $? = 0
configure:27522: ./conftest
configure:27525: $? = 0
configure:27548: result: 16
configure:27556: checking for dev_t
configure:27580: /Applications/Xcode.app/Contents/Developer/usr/bin/gcc -c -I/Users/Shared/xbmc-depends/buildtools-native/include  -I/Users/Shared/xbmc-depends/buildtools-native/include  conftest.c >&5
configure:27586: $? = 0
configure:27589: test -z 			 || test ! -s conftest.err
configure:27592: $? = 0
configure:27595: test -s conftest.o
configure:27598: $? = 0
configure:27609: result: yes
configure:27612: checking size of dev_t
configure:27924: /Applications/Xcode.app/Contents/Developer/usr/bin/gcc -o conftest -I/Users/Shared/xbmc-depends/buildtools-native/include  -I/Users/Shared/xbmc-depends/buildtools-native/include  -L/Users/Shared/xbmc-depends/buildtools-native/lib  conftest.c  >&5
configure:27927: $? = 0
configure:27929: ./conftest
configure:27932: $? = 0
configure:27955: result: 4
configure:27962: checking for fpos_t
configure:27986: /Applications/Xcode.app/Contents/Developer/usr/bin/gcc -c -I/Users/Shared/xbmc-depends/buildtools-native/include  -I/Users/Shared/xbmc-depends/buildtools-native/include  conftest.c >&5
configure:27992: $? = 0
configure:27995: test -z 			 || test ! -s conftest.err
configure:27998: $? = 0
configure:28001: test -s conftest.o
configure:28004: $? = 0
configure:28015: result: yes
configure:28018: checking size of fpos_t
configure:28330: /Applications/Xcode.app/Contents/Developer/usr/bin/gcc -o conftest -I/Users/Shared/xbmc-depends/buildtools-native/include  -I/Users/Shared/xbmc-depends/buildtools-native/include  -L/Users/Shared/xbmc-depends/buildtools-native/lib  conftest.c  >&5
configure:28333: $? = 0
configure:28335: ./conftest
configure:28338: $? = 0
configure:28361: result: 8
configure:28368: checking for mode_t
configure:28392: /Applications/Xcode.app/Contents/Developer/usr/bin/gcc -c -I/Users/Shared/xbmc-depends/buildtools-native/include  -I/Users/Shared/xbmc-depends/buildtools-native/include  conftest.c >&5
configure:28398: $? = 0
configure:28401: test -z 			 || test ! -s conftest.err
configure:28404: $? = 0
configure:28407: test -s conftest.o
configure:28410: $? = 0
configure:28421: result: yes
configure:28424: checking size of mode_t
configure:28736: /Applications/Xcode.app/Contents/Developer/usr/bin/gcc -o conftest -I/Users/Shared/xbmc-depends/buildtools-native/include  -I/Users/Shared/xbmc-depends/buildtools-native/include  -L/Users/Shared/xbmc-depends/buildtools-native/lib  conftest.c  >&5
configure:28739: $? = 0
configure:28741: ./conftest
configure:28744: $? = 0
configure:28767: result: 2
configure:28774: checking for off_t
configure:28827: result: yes
configure:28830: checking size of off_t
configure:29142: /Applications/Xcode.app/Contents/Developer/usr/bin/gcc -o conftest -I/Users/Shared/xbmc-depends/buildtools-native/include  -I/Users/Shared/xbmc-depends/buildtools-native/include  -L/Users/Shared/xbmc-depends/buildtools-native/lib  conftest.c  >&5
configure:29145: $? = 0
configure:29147: ./conftest
configure:29150: $? = 0
configure:29173: result: 8
configure:29180: checking for ssize_t
configure:29204: /Applications/Xcode.app/Contents/Developer/usr/bin/gcc -c -I/Users/Shared/xbmc-depends/buildtools-native/include  -I/Users/Shared/xbmc-depends/buildtools-native/include  conftest.c >&5
configure:29210: $? = 0
configure:29213: test -z 			 || test ! -s conftest.err
configure:29216: $? = 0
configure:29219: test -s conftest.o
configure:29222: $? = 0
configure:29233: result: yes
configure:29236: checking size of ssize_t
configure:29548: /Applications/Xcode.app/Contents/Developer/usr/bin/gcc -o conftest -I/Users/Shared/xbmc-depends/buildtools-native/include  -I/Users/Shared/xbmc-depends/buildtools-native/include  -L/Users/Shared/xbmc-depends/buildtools-native/lib  conftest.c  >&5
configure:29551: $? = 0
configure:29553: ./conftest
configure:29556: $? = 0
configure:29579: result: 8
configure:29586: checking for time_t
configure:29610: /Applications/Xcode.app/Contents/Developer/usr/bin/gcc -c -I/Users/Shared/xbmc-depends/buildtools-native/include  -I/Users/Shared/xbmc-depends/buildtools-native/include  conftest.c >&5
configure:29616: $? = 0
configure:29619: test -z 			 || test ! -s conftest.err
configure:29622: $? = 0
configure:29625: test -s conftest.o
configure:29628: $? = 0
configure:29639: result: yes
configure:29642: checking size of time_t
configure:29954: /Applications/Xcode.app/Contents/Developer/usr/bin/gcc -o conftest -I/Users/Shared/xbmc-depends/buildtools-native/include  -I/Users/Shared/xbmc-depends/buildtools-native/include  -L/Users/Shared/xbmc-depends/buildtools-native/lib  conftest.c  >&5
configure:29957: $? = 0
configure:29959: ./conftest
configure:29962: $? = 0
configure:29985: result: 8
configure:30054: checking for access
configure:30111: /Applications/Xcode.app/Contents/Developer/usr/bin/gcc -o conftest -I/Users/Shared/xbmc-depends/buildtools-native/include  -I/Users/Shared/xbmc-depends/buildtools-native/include  -L/Users/Shared/xbmc-depends/buildtools-native/lib  conftest.c  >&5
configure:30117: $? = 0
configure:30120: test -z 			 || test ! -s conftest.err
configure:30123: $? = 0
configure:30126: test -s conftest
configure:30129: $? = 0
configure:30141: result: yes
configure:30054: checking for alloca
configure:30111: /Applications/Xcode.app/Contents/Developer/usr/bin/gcc -o conftest -I/Users/Shared/xbmc-depends/buildtools-native/include  -I/Users/Shared/xbmc-depends/buildtools-native/include  -L/Users/Shared/xbmc-depends/buildtools-native/lib  conftest.c  >&5
conftest.c:103:6: warning: incompatible redeclaration of library function 'alloca' [-Wincompatible-library-redeclaration]
char alloca ();
     ^
conftest.c:103:6: note: 'alloca' is a builtin with type 'void *(unsigned long)'
1 warning generated.
Undefined symbols for architecture x86_64:
  "_alloca", referenced from:
      _main in conftest-a13444.o
      _f in conftest-a13444.o
ld: symbol(s) not found for architecture x86_64
clang: error: linker command failed with exit code 1 (use -v to see invocation)
configure:30117: $? = 1
configure: failed program was:
| /* confdefs.h.  */
| 
| #define PACKAGE_NAME "lzo"
| #define PACKAGE_TARNAME "lzo"
| #define PACKAGE_VERSION "2.03"
| #define PACKAGE_STRING "lzo 2.03"
| #define PACKAGE_BUGREPORT "markus@oberhumer.com"
| #define LZO_ABI_LITTLE_ENDIAN 1
| #define PACKAGE "lzo"
| #define VERSION "2.03"
| #define STDC_HEADERS 1
| #define HAVE_SYS_TYPES_H 1
| #define HAVE_SYS_STAT_H 1
| #define HAVE_STDLIB_H 1
| #define HAVE_STRING_H 1
| #define HAVE_MEMORY_H 1
| #define HAVE_STRINGS_H 1
| #define HAVE_INTTYPES_H 1
| #define HAVE_STDINT_H 1
| #define HAVE_UNISTD_H 1
| #define HAVE_DLFCN_H 1
| #ifdef __cplusplus
| extern "C" void exit (int) throw ();
| #endif
| #define TIME_WITH_SYS_TIME 1
| #define HAVE_ASSERT_H 1
| #define HAVE_CTYPE_H 1
| #define HAVE_DIRENT_H 1
| #define HAVE_ERRNO_H 1
| #define HAVE_FCNTL_H 1
| #define HAVE_FLOAT_H 1
| #define HAVE_LIMITS_H 1
| #define HAVE_MEMORY_H 1
| #define HAVE_SETJMP_H 1
| #define HAVE_SIGNAL_H 1
| #define HAVE_STDARG_H 1
| #define HAVE_STDDEF_H 1
| #define HAVE_STDINT_H 1
| #define HAVE_STDIO_H 1
| #define HAVE_STDLIB_H 1
| #define HAVE_STRING_H 1
| #define HAVE_STRINGS_H 1
| #define HAVE_TIME_H 1
| #define HAVE_UNISTD_H 1
| #define HAVE_UTIME_H 1
| #define HAVE_SYS_MMAN_H 1
| #define HAVE_SYS_RESOURCE_H 1
| #define HAVE_SYS_STAT_H 1
| #define HAVE_SYS_TIME_H 1
| #define HAVE_SYS_TYPES_H 1
| #define HAVE_SYS_WAIT_H 1
| #define RETSIGTYPE void
| #define SIZEOF_SHORT 2
| #define SIZEOF_INT 4
| #define SIZEOF_LONG 8
| #define SIZEOF_LONG_LONG 8
| #define SIZEOF___INT16 0
| #define SIZEOF___INT32 0
| #define SIZEOF___INT64 0
| #define SIZEOF_VOID_P 8
| #define SIZEOF_SIZE_T 8
| #define SIZEOF_PTRDIFF_T 8
| #define SIZEOF___INT32 0
| #define SIZEOF_INTMAX_T 8
| #define SIZEOF_UINTMAX_T 8
| #define SIZEOF_INTPTR_T 8
| #define SIZEOF_UINTPTR_T 8
| #define SIZEOF_FLOAT 4
| #define SIZEOF_DOUBLE 8
| #define SIZEOF_LONG_DOUBLE 16
| #define SIZEOF_DEV_T 4
| #define SIZEOF_FPOS_T 8
| #define SIZEOF_MODE_T 2
| #define SIZEOF_OFF_T 8
| #define SIZEOF_SSIZE_T 8
| #define SIZEOF_TIME_T 8
| #define HAVE_ACCESS 1
| /* end confdefs.h.  */
| /* Define alloca to an innocuous variant, in case <limits.h> declares alloca.
|    For example, HP-UX 11i <limits.h> declares gettimeofday.  */
| #define alloca innocuous_alloca
| 
| /* System header to define __stub macros and hopefully few prototypes,
|     which can conflict with char alloca (); below.
|     Prefer <limits.h> to <assert.h> if __STDC__ is defined, since
|     <limits.h> exists even on freestanding compilers.  */
| 
| #ifdef __STDC__
| # include <limits.h>
| #else
| # include <assert.h>
| #endif
| 
| #undef alloca
| 
| /* Override any gcc2 internal prototype to avoid an error.  */
| #ifdef __cplusplus
| extern "C"
| {
| #endif
| /* We use char because int might match the return type of a gcc2
|    builtin and then its argument prototype would still apply.  */
| char alloca ();
| /* The GNU C library defines this for functions which it implements
|     to always fail with ENOSYS.  Some functions are actually named
|     something starting with __ and the normal name is an alias.  */
| #if defined (__stub_alloca) || defined (__stub___alloca)
| choke me
| #else
| char (*f) () = alloca;
| #endif
| #ifdef __cplusplus
| }
| #endif
| 
| int
| main ()
| {
| return f != alloca;
|   ;
|   return 0;
| }
configure:30141: result: no
configure:30054: checking for atexit
configure:30111: /Applications/Xcode.app/Contents/Developer/usr/bin/gcc -o conftest -I/Users/Shared/xbmc-depends/buildtools-native/include  -I/Users/Shared/xbmc-depends/buildtools-native/include  -L/Users/Shared/xbmc-depends/buildtools-native/lib  conftest.c  >&5
configure:30117: $? = 0
configure:30120: test -z 			 || test ! -s conftest.err
configure:30123: $? = 0
configure:30126: test -s conftest
configure:30129: $? = 0
configure:30141: result: yes
configure:30054: checking for atoi
configure:30111: /Applications/Xcode.app/Contents/Developer/usr/bin/gcc -o conftest -I/Users/Shared/xbmc-depends/buildtools-native/include  -I/Users/Shared/xbmc-depends/buildtools-native/include  -L/Users/Shared/xbmc-depends/buildtools-native/lib  conftest.c  >&5
configure:30117: $? = 0
configure:30120: test -z 			 || test ! -s conftest.err
configure:30123: $? = 0
configure:30126: test -s conftest
configure:30129: $? = 0
configure:30141: result: yes
configure:30054: checking for atol
configure:30111: /Applications/Xcode.app/Contents/Developer/usr/bin/gcc -o conftest -I/Users/Shared/xbmc-depends/buildtools-native/include  -I/Users/Shared/xbmc-depends/buildtools-native/include  -L/Users/Shared/xbmc-depends/buildtools-native/lib  conftest.c  >&5
configure:30117: $? = 0
configure:30120: test -z 			 || test ! -s conftest.err
configure:30123: $? = 0
configure:30126: test -s conftest
configure:30129: $? = 0
configure:30141: result: yes
configure:30054: checking for chmod
configure:30111: /Applications/Xcode.app/Contents/Developer/usr/bin/gcc -o conftest -I/Users/Shared/xbmc-depends/buildtools-native/include  -I/Users/Shared/xbmc-depends/buildtools-native/include  -L/Users/Shared/xbmc-depends/buildtools-native/lib  conftest.c  >&5
configure:30117: $? = 0
configure:30120: test -z 			 || test ! -s conftest.err
configure:30123: $? = 0
configure:30126: test -s conftest
configure:30129: $? = 0
configure:30141: result: yes
configure:30054: checking for chown
configure:30111: /Applications/Xcode.app/Contents/Developer/usr/bin/gcc -o conftest -I/Users/Shared/xbmc-depends/buildtools-native/include  -I/Users/Shared/xbmc-depends/buildtools-native/include  -L/Users/Shared/xbmc-depends/buildtools-native/lib  conftest.c  >&5
configure:30117: $? = 0
configure:30120: test -z 			 || test ! -s conftest.err
configure:30123: $? = 0
configure:30126: test -s conftest
configure:30129: $? = 0
configure:30141: result: yes
configure:30054: checking for clock_getcpuclockid
configure:30111: /Applications/Xcode.app/Contents/Developer/usr/bin/gcc -o conftest -I/Users/Shared/xbmc-depends/buildtools-native/include  -I/Users/Shared/xbmc-depends/buildtools-native/include  -L/Users/Shared/xbmc-depends/buildtools-native/lib  conftest.c  >&5
Undefined symbols for architecture x86_64:
  "_clock_getcpuclockid", referenced from:
      _main in conftest-da3e83.o
      _f in conftest-da3e83.o
ld: symbol(s) not found for architecture x86_64
clang: error: linker command failed with exit code 1 (use -v to see invocation)
configure:30117: $? = 1
configure: failed program was:
| /* confdefs.h.  */
| 
| #define PACKAGE_NAME "lzo"
| #define PACKAGE_TARNAME "lzo"
| #define PACKAGE_VERSION "2.03"
| #define PACKAGE_STRING "lzo 2.03"
| #define PACKAGE_BUGREPORT "markus@oberhumer.com"
| #define LZO_ABI_LITTLE_ENDIAN 1
| #define PACKAGE "lzo"
| #define VERSION "2.03"
| #define STDC_HEADERS 1
| #define HAVE_SYS_TYPES_H 1
| #define HAVE_SYS_STAT_H 1
| #define HAVE_STDLIB_H 1
| #define HAVE_STRING_H 1
| #define HAVE_MEMORY_H 1
| #define HAVE_STRINGS_H 1
| #define HAVE_INTTYPES_H 1
| #define HAVE_STDINT_H 1
| #define HAVE_UNISTD_H 1
| #define HAVE_DLFCN_H 1
| #ifdef __cplusplus
| extern "C" void exit (int) throw ();
| #endif
| #define TIME_WITH_SYS_TIME 1
| #define HAVE_ASSERT_H 1
| #define HAVE_CTYPE_H 1
| #define HAVE_DIRENT_H 1
| #define HAVE_ERRNO_H 1
| #define HAVE_FCNTL_H 1
| #define HAVE_FLOAT_H 1
| #define HAVE_LIMITS_H 1
| #define HAVE_MEMORY_H 1
| #define HAVE_SETJMP_H 1
| #define HAVE_SIGNAL_H 1
| #define HAVE_STDARG_H 1
| #define HAVE_STDDEF_H 1
| #define HAVE_STDINT_H 1
| #define HAVE_STDIO_H 1
| #define HAVE_STDLIB_H 1
| #define HAVE_STRING_H 1
| #define HAVE_STRINGS_H 1
| #define HAVE_TIME_H 1
| #define HAVE_UNISTD_H 1
| #define HAVE_UTIME_H 1
| #define HAVE_SYS_MMAN_H 1
| #define HAVE_SYS_RESOURCE_H 1
| #define HAVE_SYS_STAT_H 1
| #define HAVE_SYS_TIME_H 1
| #define HAVE_SYS_TYPES_H 1
| #define HAVE_SYS_WAIT_H 1
| #define RETSIGTYPE void
| #define SIZEOF_SHORT 2
| #define SIZEOF_INT 4
| #define SIZEOF_LONG 8
| #define SIZEOF_LONG_LONG 8
| #define SIZEOF___INT16 0
| #define SIZEOF___INT32 0
| #define SIZEOF___INT64 0
| #define SIZEOF_VOID_P 8
| #define SIZEOF_SIZE_T 8
| #define SIZEOF_PTRDIFF_T 8
| #define SIZEOF___INT32 0
| #define SIZEOF_INTMAX_T 8
| #define SIZEOF_UINTMAX_T 8
| #define SIZEOF_INTPTR_T 8
| #define SIZEOF_UINTPTR_T 8
| #define SIZEOF_FLOAT 4
| #define SIZEOF_DOUBLE 8
| #define SIZEOF_LONG_DOUBLE 16
| #define SIZEOF_DEV_T 4
| #define SIZEOF_FPOS_T 8
| #define SIZEOF_MODE_T 2
| #define SIZEOF_OFF_T 8
| #define SIZEOF_SSIZE_T 8
| #define SIZEOF_TIME_T 8
| #define HAVE_ACCESS 1
| #define HAVE_ATEXIT 1
| #define HAVE_ATOI 1
| #define HAVE_ATOL 1
| #define HAVE_CHMOD 1
| #define HAVE_CHOWN 1
| /* end confdefs.h.  */
| /* Define clock_getcpuclockid to an innocuous variant, in case <limits.h> declares clock_getcpuclockid.
|    For example, HP-UX 11i <limits.h> declares gettimeofday.  */
| #define clock_getcpuclockid innocuous_clock_getcpuclockid
| 
| /* System header to define __stub macros and hopefully few prototypes,
|     which can conflict with char clock_getcpuclockid (); below.
|     Prefer <limits.h> to <assert.h> if __STDC__ is defined, since
|     <limits.h> exists even on freestanding compilers.  */
| 
| #ifdef __STDC__
| # include <limits.h>
| #else
| # include <assert.h>
| #endif
| 
| #undef clock_getcpuclockid
| 
| /* Override any gcc2 internal prototype to avoid an error.  */
| #ifdef __cplusplus
| extern "C"
| {
| #endif
| /* We use char because int might match the return type of a gcc2
|    builtin and then its argument prototype would still apply.  */
| char clock_getcpuclockid ();
| /* The GNU C library defines this for functions which it implements
|     to always fail with ENOSYS.  Some functions are actually named
|     something starting with __ and the normal name is an alias.  */
| #if defined (__stub_clock_getcpuclockid) || defined (__stub___clock_getcpuclockid)
| choke me
| #else
| char (*f) () = clock_getcpuclockid;
| #endif
| #ifdef __cplusplus
| }
| #endif
| 
| int
| main ()
| {
| return f != clock_getcpuclockid;
|   ;
|   return 0;
| }
configure:30141: result: no
configure:30054: checking for clock_getres
configure:30111: /Applications/Xcode.app/Contents/Developer/usr/bin/gcc -o conftest -I/Users/Shared/xbmc-depends/buildtools-native/include  -I/Users/Shared/xbmc-depends/buildtools-native/include  -L/Users/Shared/xbmc-depends/buildtools-native/lib  conftest.c  >&5
Undefined symbols for architecture x86_64:
  "_clock_getres", referenced from:
      _main in conftest-53a84a.o
      _f in conftest-53a84a.o
ld: symbol(s) not found for architecture x86_64
clang: error: linker command failed with exit code 1 (use -v to see invocation)
configure:30117: $? = 1
configure: failed program was:
| /* confdefs.h.  */
| 
| #define PACKAGE_NAME "lzo"
| #define PACKAGE_TARNAME "lzo"
| #define PACKAGE_VERSION "2.03"
| #define PACKAGE_STRING "lzo 2.03"
| #define PACKAGE_BUGREPORT "markus@oberhumer.com"
| #define LZO_ABI_LITTLE_ENDIAN 1
| #define PACKAGE "lzo"
| #define VERSION "2.03"
| #define STDC_HEADERS 1
| #define HAVE_SYS_TYPES_H 1
| #define HAVE_SYS_STAT_H 1
| #define HAVE_STDLIB_H 1
| #define HAVE_STRING_H 1
| #define HAVE_MEMORY_H 1
| #define HAVE_STRINGS_H 1
| #define HAVE_INTTYPES_H 1
| #define HAVE_STDINT_H 1
| #define HAVE_UNISTD_H 1
| #define HAVE_DLFCN_H 1
| #ifdef __cplusplus
| extern "C" void exit (int) throw ();
| #endif
| #define TIME_WITH_SYS_TIME 1
| #define HAVE_ASSERT_H 1
| #define HAVE_CTYPE_H 1
| #define HAVE_DIRENT_H 1
| #define HAVE_ERRNO_H 1
| #define HAVE_FCNTL_H 1
| #define HAVE_FLOAT_H 1
| #define HAVE_LIMITS_H 1
| #define HAVE_MEMORY_H 1
| #define HAVE_SETJMP_H 1
| #define HAVE_SIGNAL_H 1
| #define HAVE_STDARG_H 1
| #define HAVE_STDDEF_H 1
| #define HAVE_STDINT_H 1
| #define HAVE_STDIO_H 1
| #define HAVE_STDLIB_H 1
| #define HAVE_STRING_H 1
| #define HAVE_STRINGS_H 1
| #define HAVE_TIME_H 1
| #define HAVE_UNISTD_H 1
| #define HAVE_UTIME_H 1
| #define HAVE_SYS_MMAN_H 1
| #define HAVE_SYS_RESOURCE_H 1
| #define HAVE_SYS_STAT_H 1
| #define HAVE_SYS_TIME_H 1
| #define HAVE_SYS_TYPES_H 1
| #define HAVE_SYS_WAIT_H 1
| #define RETSIGTYPE void
| #define SIZEOF_SHORT 2
| #define SIZEOF_INT 4
| #define SIZEOF_LONG 8
| #define SIZEOF_LONG_LONG 8
| #define SIZEOF___INT16 0
| #define SIZEOF___INT32 0
| #define SIZEOF___INT64 0
| #define SIZEOF_VOID_P 8
| #define SIZEOF_SIZE_T 8
| #define SIZEOF_PTRDIFF_T 8
| #define SIZEOF___INT32 0
| #define SIZEOF_INTMAX_T 8
| #define SIZEOF_UINTMAX_T 8
| #define SIZEOF_INTPTR_T 8
| #define SIZEOF_UINTPTR_T 8
| #define SIZEOF_FLOAT 4
| #define SIZEOF_DOUBLE 8
| #define SIZEOF_LONG_DOUBLE 16
| #define SIZEOF_DEV_T 4
| #define SIZEOF_FPOS_T 8
| #define SIZEOF_MODE_T 2
| #define SIZEOF_OFF_T 8
| #define SIZEOF_SSIZE_T 8
| #define SIZEOF_TIME_T 8
| #define HAVE_ACCESS 1
| #define HAVE_ATEXIT 1
| #define HAVE_ATOI 1
| #define HAVE_ATOL 1
| #define HAVE_CHMOD 1
| #define HAVE_CHOWN 1
| /* end confdefs.h.  */
| /* Define clock_getres to an innocuous variant, in case <limits.h> declares clock_getres.
|    For example, HP-UX 11i <limits.h> declares gettimeofday.  */
| #define clock_getres innocuous_clock_getres
| 
| /* System header to define __stub macros and hopefully few prototypes,
|     which can conflict with char clock_getres (); below.
|     Prefer <limits.h> to <assert.h> if __STDC__ is defined, since
|     <limits.h> exists even on freestanding compilers.  */
| 
| #ifdef __STDC__
| # include <limits.h>
| #else
| # include <assert.h>
| #endif
| 
| #undef clock_getres
| 
| /* Override any gcc2 internal prototype to avoid an error.  */
| #ifdef __cplusplus
| extern "C"
| {
| #endif
| /* We use char because int might match the return type of a gcc2
|    builtin and then its argument prototype would still apply.  */
| char clock_getres ();
| /* The GNU C library defines this for functions which it implements
|     to always fail with ENOSYS.  Some functions are actually named
|     something starting with __ and the normal name is an alias.  */
| #if defined (__stub_clock_getres) || defined (__stub___clock_getres)
| choke me
| #else
| char (*f) () = clock_getres;
| #endif
| #ifdef __cplusplus
| }
| #endif
| 
| int
| main ()
| {
| return f != clock_getres;
|   ;
|   return 0;
| }
configure:30141: result: no
configure:30054: checking for clock_gettime
configure:30111: /Applications/Xcode.app/Contents/Developer/usr/bin/gcc -o conftest -I/Users/Shared/xbmc-depends/buildtools-native/include  -I/Users/Shared/xbmc-depends/buildtools-native/include  -L/Users/Shared/xbmc-depends/buildtools-native/lib  conftest.c  >&5
Undefined symbols for architecture x86_64:
  "_clock_gettime", referenced from:
      _main in conftest-bc195f.o
      _f in conftest-bc195f.o
ld: symbol(s) not found for architecture x86_64
clang: error: linker command failed with exit code 1 (use -v to see invocation)
configure:30117: $? = 1
configure: failed program was:
| /* confdefs.h.  */
| 
| #define PACKAGE_NAME "lzo"
| #define PACKAGE_TARNAME "lzo"
| #define PACKAGE_VERSION "2.03"
| #define PACKAGE_STRING "lzo 2.03"
| #define PACKAGE_BUGREPORT "markus@oberhumer.com"
| #define LZO_ABI_LITTLE_ENDIAN 1
| #define PACKAGE "lzo"
| #define VERSION "2.03"
| #define STDC_HEADERS 1
| #define HAVE_SYS_TYPES_H 1
| #define HAVE_SYS_STAT_H 1
| #define HAVE_STDLIB_H 1
| #define HAVE_STRING_H 1
| #define HAVE_MEMORY_H 1
| #define HAVE_STRINGS_H 1
| #define HAVE_INTTYPES_H 1
| #define HAVE_STDINT_H 1
| #define HAVE_UNISTD_H 1
| #define HAVE_DLFCN_H 1
| #ifdef __cplusplus
| extern "C" void exit (int) throw ();
| #endif
| #define TIME_WITH_SYS_TIME 1
| #define HAVE_ASSERT_H 1
| #define HAVE_CTYPE_H 1
| #define HAVE_DIRENT_H 1
| #define HAVE_ERRNO_H 1
| #define HAVE_FCNTL_H 1
| #define HAVE_FLOAT_H 1
| #define HAVE_LIMITS_H 1
| #define HAVE_MEMORY_H 1
| #define HAVE_SETJMP_H 1
| #define HAVE_SIGNAL_H 1
| #define HAVE_STDARG_H 1
| #define HAVE_STDDEF_H 1
| #define HAVE_STDINT_H 1
| #define HAVE_STDIO_H 1
| #define HAVE_STDLIB_H 1
| #define HAVE_STRING_H 1
| #define HAVE_STRINGS_H 1
| #define HAVE_TIME_H 1
| #define HAVE_UNISTD_H 1
| #define HAVE_UTIME_H 1
| #define HAVE_SYS_MMAN_H 1
| #define HAVE_SYS_RESOURCE_H 1
| #define HAVE_SYS_STAT_H 1
| #define HAVE_SYS_TIME_H 1
| #define HAVE_SYS_TYPES_H 1
| #define HAVE_SYS_WAIT_H 1
| #define RETSIGTYPE void
| #define SIZEOF_SHORT 2
| #define SIZEOF_INT 4
| #define SIZEOF_LONG 8
| #define SIZEOF_LONG_LONG 8
| #define SIZEOF___INT16 0
| #define SIZEOF___INT32 0
| #define SIZEOF___INT64 0
| #define SIZEOF_VOID_P 8
| #define SIZEOF_SIZE_T 8
| #define SIZEOF_PTRDIFF_T 8
| #define SIZEOF___INT32 0
| #define SIZEOF_INTMAX_T 8
| #define SIZEOF_UINTMAX_T 8
| #define SIZEOF_INTPTR_T 8
| #define SIZEOF_UINTPTR_T 8
| #define SIZEOF_FLOAT 4
| #define SIZEOF_DOUBLE 8
| #define SIZEOF_LONG_DOUBLE 16
| #define SIZEOF_DEV_T 4
| #define SIZEOF_FPOS_T 8
| #define SIZEOF_MODE_T 2
| #define SIZEOF_OFF_T 8
| #define SIZEOF_SSIZE_T 8
| #define SIZEOF_TIME_T 8
| #define HAVE_ACCESS 1
| #define HAVE_ATEXIT 1
| #define HAVE_ATOI 1
| #define HAVE_ATOL 1
| #define HAVE_CHMOD 1
| #define HAVE_CHOWN 1
| /* end confdefs.h.  */
| /* Define clock_gettime to an innocuous variant, in case <limits.h> declares clock_gettime.
|    For example, HP-UX 11i <limits.h> declares gettimeofday.  */
| #define clock_gettime innocuous_clock_gettime
| 
| /* System header to define __stub macros and hopefully few prototypes,
|     which can conflict with char clock_gettime (); below.
|     Prefer <limits.h> to <assert.h> if __STDC__ is defined, since
|     <limits.h> exists even on freestanding compilers.  */
| 
| #ifdef __STDC__
| # include <limits.h>
| #else
| # include <assert.h>
| #endif
| 
| #undef clock_gettime
| 
| /* Override any gcc2 internal prototype to avoid an error.  */
| #ifdef __cplusplus
| extern "C"
| {
| #endif
| /* We use char because int might match the return type of a gcc2
|    builtin and then its argument prototype would still apply.  */
| char clock_gettime ();
| /* The GNU C library defines this for functions which it implements
|     to always fail with ENOSYS.  Some functions are actually named
|     something starting with __ and the normal name is an alias.  */
| #if defined (__stub_clock_gettime) || defined (__stub___clock_gettime)
| choke me
| #else
| char (*f) () = clock_gettime;
| #endif
| #ifdef __cplusplus
| }
| #endif
| 
| int
| main ()
| {
| return f != clock_gettime;
|   ;
|   return 0;
| }
configure:30141: result: no
configure:30054: checking for ctime
configure:30111: /Applications/Xcode.app/Contents/Developer/usr/bin/gcc -o conftest -I/Users/Shared/xbmc-depends/buildtools-native/include  -I/Users/Shared/xbmc-depends/buildtools-native/include  -L/Users/Shared/xbmc-depends/buildtools-native/lib  conftest.c  >&5
configure:30117: $? = 0
configure:30120: test -z 			 || test ! -s conftest.err
configure:30123: $? = 0
configure:30126: test -s conftest
configure:30129: $? = 0
configure:30141: result: yes
configure:30054: checking for difftime
configure:30111: /Applications/Xcode.app/Contents/Developer/usr/bin/gcc -o conftest -I/Users/Shared/xbmc-depends/buildtools-native/include  -I/Users/Shared/xbmc-depends/buildtools-native/include  -L/Users/Shared/xbmc-depends/buildtools-native/lib  conftest.c  >&5
configure:30117: $? = 0
configure:30120: test -z 			 || test ! -s conftest.err
configure:30123: $? = 0
configure:30126: test -s conftest
configure:30129: $? = 0
configure:30141: result: yes
configure:30054: checking for fstat
configure:30111: /Applications/Xcode.app/Contents/Developer/usr/bin/gcc -o conftest -I/Users/Shared/xbmc-depends/buildtools-native/include  -I/Users/Shared/xbmc-depends/buildtools-native/include  -L/Users/Shared/xbmc-depends/buildtools-native/lib  conftest.c  >&5
configure:30117: $? = 0
configure:30120: test -z 			 || test ! -s conftest.err
configure:30123: $? = 0
configure:30126: test -s conftest
configure:30129: $? = 0
configure:30141: result: yes
configure:30054: checking for getenv
configure:30111: /Applications/Xcode.app/Contents/Developer/usr/bin/gcc -o conftest -I/Users/Shared/xbmc-depends/buildtools-native/include  -I/Users/Shared/xbmc-depends/buildtools-native/include  -L/Users/Shared/xbmc-depends/buildtools-native/lib  conftest.c  >&5
configure:30117: $? = 0
configure:30120: test -z 			 || test ! -s conftest.err
configure:30123: $? = 0
configure:30126: test -s conftest
configure:30129: $? = 0
configure:30141: result: yes
configure:30054: checking for getpagesize
configure:30111: /Applications/Xcode.app/Contents/Developer/usr/bin/gcc -o conftest -I/Users/Shared/xbmc-depends/buildtools-native/include  -I/Users/Shared/xbmc-depends/buildtools-native/include  -L/Users/Shared/xbmc-depends/buildtools-native/lib  conftest.c  >&5
configure:30117: $? = 0
configure:30120: test -z 			 || test ! -s conftest.err
configure:30123: $? = 0
configure:30126: test -s conftest
configure:30129: $? = 0
configure:30141: result: yes
configure:30054: checking for getrusage
configure:30111: /Applications/Xcode.app/Contents/Developer/usr/bin/gcc -o conftest -I/Users/Shared/xbmc-depends/buildtools-native/include  -I/Users/Shared/xbmc-depends/buildtools-native/include  -L/Users/Shared/xbmc-depends/buildtools-native/lib  conftest.c  >&5
configure:30117: $? = 0
configure:30120: test -z 			 || test ! -s conftest.err
configure:30123: $? = 0
configure:30126: test -s conftest
configure:30129: $? = 0
configure:30141: result: yes
configure:30054: checking for gettimeofday
configure:30111: /Applications/Xcode.app/Contents/Developer/usr/bin/gcc -o conftest -I/Users/Shared/xbmc-depends/buildtools-native/include  -I/Users/Shared/xbmc-depends/buildtools-native/include  -L/Users/Shared/xbmc-depends/buildtools-native/lib  conftest.c  >&5
configure:30117: $? = 0
configure:30120: test -z 			 || test ! -s conftest.err
configure:30123: $? = 0
configure:30126: test -s conftest
configure:30129: $? = 0
configure:30141: result: yes
configure:30054: checking for gmtime
configure:30111: /Applications/Xcode.app/Contents/Developer/usr/bin/gcc -o conftest -I/Users/Shared/xbmc-depends/buildtools-native/include  -I/Users/Shared/xbmc-depends/buildtools-native/include  -L/Users/Shared/xbmc-depends/buildtools-native/lib  conftest.c  >&5
configure:30117: $? = 0
configure:30120: test -z 			 || test ! -s conftest.err
configure:30123: $? = 0
configure:30126: test -s conftest
configure:30129: $? = 0
configure:30141: result: yes
configure:30054: checking for isatty
configure:30111: /Applications/Xcode.app/Contents/Developer/usr/bin/gcc -o conftest -I/Users/Shared/xbmc-depends/buildtools-native/include  -I/Users/Shared/xbmc-depends/buildtools-native/include  -L/Users/Shared/xbmc-depends/buildtools-native/lib  conftest.c  >&5
configure:30117: $? = 0
configure:30120: test -z 			 || test ! -s conftest.err
configure:30123: $? = 0
configure:30126: test -s conftest
configure:30129: $? = 0
configure:30141: result: yes
configure:30054: checking for localtime
configure:30111: /Applications/Xcode.app/Contents/Developer/usr/bin/gcc -o conftest -I/Users/Shared/xbmc-depends/buildtools-native/include  -I/Users/Shared/xbmc-depends/buildtools-native/include  -L/Users/Shared/xbmc-depends/buildtools-native/lib  conftest.c  >&5
configure:30117: $? = 0
configure:30120: test -z 			 || test ! -s conftest.err
configure:30123: $? = 0
configure:30126: test -s conftest
configure:30129: $? = 0
configure:30141: result: yes
configure:30054: checking for longjmp
configure:30111: /Applications/Xcode.app/Contents/Developer/usr/bin/gcc -o conftest -I/Users/Shared/xbmc-depends/buildtools-native/include  -I/Users/Shared/xbmc-depends/buildtools-native/include  -L/Users/Shared/xbmc-depends/buildtools-native/lib  conftest.c  >&5
conftest.c:118:6: warning: declaration of built-in function 'longjmp' requires inclusion of the header <setjmp.h> [-Wbuiltin-requires-header]
char longjmp ();
     ^
1 warning generated.
configure:30117: $? = 0
configure:30120: test -z 			 || test ! -s conftest.err
configure:30123: $? = 0
configure:30126: test -s conftest
configure:30129: $? = 0
configure:30141: result: yes
configure:30054: checking for lstat
configure:30111: /Applications/Xcode.app/Contents/Developer/usr/bin/gcc -o conftest -I/Users/Shared/xbmc-depends/buildtools-native/include  -I/Users/Shared/xbmc-depends/buildtools-native/include  -L/Users/Shared/xbmc-depends/buildtools-native/lib  conftest.c  >&5
configure:30117: $? = 0
configure:30120: test -z 			 || test ! -s conftest.err
configure:30123: $? = 0
configure:30126: test -s conftest
configure:30129: $? = 0
configure:30141: result: yes
configure:30054: checking for memcmp
configure:30111: /Applications/Xcode.app/Contents/Developer/usr/bin/gcc -o conftest -I/Users/Shared/xbmc-depends/buildtools-native/include  -I/Users/Shared/xbmc-depends/buildtools-native/include  -L/Users/Shared/xbmc-depends/buildtools-native/lib  conftest.c  >&5
conftest.c:120:6: warning: incompatible redeclaration of library function 'memcmp' [-Wincompatible-library-redeclaration]
char memcmp ();
     ^
conftest.c:120:6: note: 'memcmp' is a builtin with type 'int (const void *, const void *, unsigned long)'
1 warning generated.
configure:30117: $? = 0
configure:30120: test -z 			 || test ! -s conftest.err
configure:30123: $? = 0
configure:30126: test -s conftest
configure:30129: $? = 0
configure:30141: result: yes
configure:30054: checking for memcpy
configure:30111: /Applications/Xcode.app/Contents/Developer/usr/bin/gcc -o conftest -I/Users/Shared/xbmc-depends/buildtools-native/include  -I/Users/Shared/xbmc-depends/buildtools-native/include  -L/Users/Shared/xbmc-depends/buildtools-native/lib  conftest.c  >&5
conftest.c:121:6: warning: incompatible redeclaration of library function 'memcpy' [-Wincompatible-library-redeclaration]
char memcpy ();
     ^
conftest.c:121:6: note: 'memcpy' is a builtin with type 'void *(void *, const void *, unsigned long)'
1 warning generated.
configure:30117: $? = 0
configure:30120: test -z 			 || test ! -s conftest.err
configure:30123: $? = 0
configure:30126: test -s conftest
configure:30129: $? = 0
configure:30141: result: yes
configure:30054: checking for memmove
configure:30111: /Applications/Xcode.app/Contents/Developer/usr/bin/gcc -o conftest -I/Users/Shared/xbmc-depends/buildtools-native/include  -I/Users/Shared/xbmc-depends/buildtools-native/include  -L/Users/Shared/xbmc-depends/buildtools-native/lib  conftest.c  >&5
conftest.c:122:6: warning: incompatible redeclaration of library function 'memmove' [-Wincompatible-library-redeclaration]
char memmove ();
     ^
conftest.c:122:6: note: 'memmove' is a builtin with type 'void *(void *, const void *, unsigned long)'
1 warning generated.
configure:30117: $? = 0
configure:30120: test -z 			 || test ! -s conftest.err
configure:30123: $? = 0
configure:30126: test -s conftest
configure:30129: $? = 0
configure:30141: result: yes
configure:30054: checking for memset
configure:30111: /Applications/Xcode.app/Contents/Developer/usr/bin/gcc -o conftest -I/Users/Shared/xbmc-depends/buildtools-native/include  -I/Users/Shared/xbmc-depends/buildtools-native/include  -L/Users/Shared/xbmc-depends/buildtools-native/lib  conftest.c  >&5
conftest.c:123:6: warning: incompatible redeclaration of library function 'memset' [-Wincompatible-library-redeclaration]
char memset ();
     ^
conftest.c:123:6: note: 'memset' is a builtin with type 'void *(void *, int, unsigned long)'
1 warning generated.
configure:30117: $? = 0
configure:30120: test -z 			 || test ! -s conftest.err
configure:30123: $? = 0
configure:30126: test -s conftest
configure:30129: $? = 0
configure:30141: result: yes
configure:30054: checking for mkdir
configure:30111: /Applications/Xcode.app/Contents/Developer/usr/bin/gcc -o conftest -I/Users/Shared/xbmc-depends/buildtools-native/include  -I/Users/Shared/xbmc-depends/buildtools-native/include  -L/Users/Shared/xbmc-depends/buildtools-native/lib  conftest.c  >&5
configure:30117: $? = 0
configure:30120: test -z 			 || test ! -s conftest.err
configure:30123: $? = 0
configure:30126: test -s conftest
configure:30129: $? = 0
configure:30141: result: yes
configure:30054: checking for mktime
configure:30111: /Applications/Xcode.app/Contents/Developer/usr/bin/gcc -o conftest -I/Users/Shared/xbmc-depends/buildtools-native/include  -I/Users/Shared/xbmc-depends/buildtools-native/include  -L/Users/Shared/xbmc-depends/buildtools-native/lib  conftest.c  >&5
configure:30117: $? = 0
configure:30120: test -z 			 || test ! -s conftest.err
configure:30123: $? = 0
configure:30126: test -s conftest
configure:30129: $? = 0
configure:30141: result: yes
configure:30054: checking for mmap
configure:30111: /Applications/Xcode.app/Contents/Developer/usr/bin/gcc -o conftest -I/Users/Shared/xbmc-depends/buildtools-native/include  -I/Users/Shared/xbmc-depends/buildtools-native/include  -L/Users/Shared/xbmc-depends/buildtools-native/lib  conftest.c  >&5
configure:30117: $? = 0
configure:30120: test -z 			 || test ! -s conftest.err
configure:30123: $? = 0
configure:30126: test -s conftest
configure:30129: $? = 0
configure:30141: result: yes
configure:30054: checking for mprotect
configure:30111: /Applications/Xcode.app/Contents/Developer/usr/bin/gcc -o conftest -I/Users/Shared/xbmc-depends/buildtools-native/include  -I/Users/Shared/xbmc-depends/buildtools-native/include  -L/Users/Shared/xbmc-depends/buildtools-native/lib  conftest.c  >&5
configure:30117: $? = 0
configure:30120: test -z 			 || test ! -s conftest.err
configure:30123: $? = 0
configure:30126: test -s conftest
configure:30129: $? = 0
configure:30141: result: yes
configure:30054: checking for munmap
configure:30111: /Applications/Xcode.app/Contents/Developer/usr/bin/gcc -o conftest -I/Users/Shared/xbmc-depends/buildtools-native/include  -I/Users/Shared/xbmc-depends/buildtools-native/include  -L/Users/Shared/xbmc-depends/buildtools-native/lib  conftest.c  >&5
configure:30117: $? = 0
configure:30120: test -z 			 || test ! -s conftest.err
configure:30123: $? = 0
configure:30126: test -s conftest
configure:30129: $? = 0
configure:30141: result: yes
configure:30054: checking for qsort
configure:30111: /Applications/Xcode.app/Contents/Developer/usr/bin/gcc -o conftest -I/Users/Shared/xbmc-depends/buildtools-native/include  -I/Users/Shared/xbmc-depends/buildtools-native/include  -L/Users/Shared/xbmc-depends/buildtools-native/lib  conftest.c  >&5
configure:30117: $? = 0
configure:30120: test -z 			 || test ! -s conftest.err
configure:30123: $? = 0
configure:30126: test -s conftest
configure:30129: $? = 0
configure:30141: result: yes
configure:30054: checking for raise
configure:30111: /Applications/Xcode.app/Contents/Developer/usr/bin/gcc -o conftest -I/Users/Shared/xbmc-depends/buildtools-native/include  -I/Users/Shared/xbmc-depends/buildtools-native/include  -L/Users/Shared/xbmc-depends/buildtools-native/lib  conftest.c  >&5
configure:30117: $? = 0
configure:30120: test -z 			 || test ! -s conftest.err
configure:30123: $? = 0
configure:30126: test -s conftest
configure:30129: $? = 0
configure:30141: result: yes
configure:30054: checking for rmdir
configure:30111: /Applications/Xcode.app/Contents/Developer/usr/bin/gcc -o conftest -I/Users/Shared/xbmc-depends/buildtools-native/include  -I/Users/Shared/xbmc-depends/buildtools-native/include  -L/Users/Shared/xbmc-depends/buildtools-native/lib  conftest.c  >&5
configure:30117: $? = 0
configure:30120: test -z 			 || test ! -s conftest.err
configure:30123: $? = 0
configure:30126: test -s conftest
configure:30129: $? = 0
configure:30141: result: yes
configure:30054: checking for setjmp
configure:30111: /Applications/Xcode.app/Contents/Developer/usr/bin/gcc -o conftest -I/Users/Shared/xbmc-depends/buildtools-native/include  -I/Users/Shared/xbmc-depends/buildtools-native/include  -L/Users/Shared/xbmc-depends/buildtools-native/lib  conftest.c  >&5
conftest.c:132:6: warning: declaration of built-in function 'setjmp' requires inclusion of the header <setjmp.h> [-Wbuiltin-requires-header]
char setjmp ();
     ^
1 warning generated.
configure:30117: $? = 0
configure:30120: test -z 			 || test ! -s conftest.err
configure:30123: $? = 0
configure:30126: test -s conftest
configure:30129: $? = 0
configure:30141: result: yes
configure:30054: checking for signal
configure:30111: /Applications/Xcode.app/Contents/Developer/usr/bin/gcc -o conftest -I/Users/Shared/xbmc-depends/buildtools-native/include  -I/Users/Shared/xbmc-depends/buildtools-native/include  -L/Users/Shared/xbmc-depends/buildtools-native/lib  conftest.c  >&5
configure:30117: $? = 0
configure:30120: test -z 			 || test ! -s conftest.err
configure:30123: $? = 0
configure:30126: test -s conftest
configure:30129: $? = 0
configure:30141: result: yes
configure:30054: checking for snprintf
configure:30111: /Applications/Xcode.app/Contents/Developer/usr/bin/gcc -o conftest -I/Users/Shared/xbmc-depends/buildtools-native/include  -I/Users/Shared/xbmc-depends/buildtools-native/include  -L/Users/Shared/xbmc-depends/buildtools-native/lib  conftest.c  >&5
conftest.c:134:6: warning: incompatible redeclaration of library function 'snprintf' [-Wincompatible-library-redeclaration]
char snprintf ();
     ^
conftest.c:134:6: note: 'snprintf' is a builtin with type 'int (char *, unsigned long, const char *, ...)'
1 warning generated.
configure:30117: $? = 0
configure:30120: test -z 			 || test ! -s conftest.err
configure:30123: $? = 0
configure:30126: test -s conftest
configure:30129: $? = 0
configure:30141: result: yes
configure:30054: checking for strcasecmp
configure:30111: /Applications/Xcode.app/Contents/Developer/usr/bin/gcc -o conftest -I/Users/Shared/xbmc-depends/buildtools-native/include  -I/Users/Shared/xbmc-depends/buildtools-native/include  -L/Users/Shared/xbmc-depends/buildtools-native/lib  conftest.c  >&5
conftest.c:135:6: warning: incompatible redeclaration of library function 'strcasecmp' [-Wincompatible-library-redeclaration]
char strcasecmp ();
     ^
conftest.c:135:6: note: 'strcasecmp' is a builtin with type 'int (const char *, const char *)'
1 warning generated.
configure:30117: $? = 0
configure:30120: test -z 			 || test ! -s conftest.err
configure:30123: $? = 0
configure:30126: test -s conftest
configure:30129: $? = 0
configure:30141: result: yes
configure:30054: checking for strchr
configure:30111: /Applications/Xcode.app/Contents/Developer/usr/bin/gcc -o conftest -I/Users/Shared/xbmc-depends/buildtools-native/include  -I/Users/Shared/xbmc-depends/buildtools-native/include  -L/Users/Shared/xbmc-depends/buildtools-native/lib  conftest.c  >&5
conftest.c:136:6: warning: incompatible redeclaration of library function 'strchr' [-Wincompatible-library-redeclaration]
char strchr ();
     ^
conftest.c:136:6: note: 'strchr' is a builtin with type 'char *(const char *, int)'
1 warning generated.
configure:30117: $? = 0
configure:30120: test -z 			 || test ! -s conftest.err
configure:30123: $? = 0
configure:30126: test -s conftest
configure:30129: $? = 0
configure:30141: result: yes
configure:30054: checking for strdup
configure:30111: /Applications/Xcode.app/Contents/Developer/usr/bin/gcc -o conftest -I/Users/Shared/xbmc-depends/buildtools-native/include  -I/Users/Shared/xbmc-depends/buildtools-native/include  -L/Users/Shared/xbmc-depends/buildtools-native/lib  conftest.c  >&5
conftest.c:137:6: warning: incompatible redeclaration of library function 'strdup' [-Wincompatible-library-redeclaration]
char strdup ();
     ^
conftest.c:137:6: note: 'strdup' is a builtin with type 'char *(const char *)'
1 warning generated.
configure:30117: $? = 0
configure:30120: test -z 			 || test ! -s conftest.err
configure:30123: $? = 0
configure:30126: test -s conftest
configure:30129: $? = 0
configure:30141: result: yes
configure:30054: checking for strerror
configure:30111: /Applications/Xcode.app/Contents/Developer/usr/bin/gcc -o conftest -I/Users/Shared/xbmc-depends/buildtools-native/include  -I/Users/Shared/xbmc-depends/buildtools-native/include  -L/Users/Shared/xbmc-depends/buildtools-native/lib  conftest.c  >&5
conftest.c:138:6: warning: incompatible redeclaration of library function 'strerror' [-Wincompatible-library-redeclaration]
char strerror ();
     ^
conftest.c:138:6: note: 'strerror' is a builtin with type 'char *(int)'
1 warning generated.
configure:30117: $? = 0
configure:30120: test -z 			 || test ! -s conftest.err
configure:30123: $? = 0
configure:30126: test -s conftest
configure:30129: $? = 0
configure:30141: result: yes
configure:30054: checking for strftime
configure:30111: /Applications/Xcode.app/Contents/Developer/usr/bin/gcc -o conftest -I/Users/Shared/xbmc-depends/buildtools-native/include  -I/Users/Shared/xbmc-depends/buildtools-native/include  -L/Users/Shared/xbmc-depends/buildtools-native/lib  conftest.c  >&5
configure:30117: $? = 0
configure:30120: test -z 			 || test ! -s conftest.err
configure:30123: $? = 0
configure:30126: test -s conftest
configure:30129: $? = 0
configure:30141: result: yes
configure:30054: checking for stricmp
configure:30111: /Applications/Xcode.app/Contents/Developer/usr/bin/gcc -o conftest -I/Users/Shared/xbmc-depends/buildtools-native/include  -I/Users/Shared/xbmc-depends/buildtools-native/include  -L/Users/Shared/xbmc-depends/buildtools-native/lib  conftest.c  >&5
Undefined symbols for architecture x86_64:
  "_stricmp", referenced from:
      _main in conftest-618218.o
      _f in conftest-618218.o
ld: symbol(s) not found for architecture x86_64
clang: error: linker command failed with exit code 1 (use -v to see invocation)
configure:30117: $? = 1
configure: failed program was:
| /* confdefs.h.  */
| 
| #define PACKAGE_NAME "lzo"
| #define PACKAGE_TARNAME "lzo"
| #define PACKAGE_VERSION "2.03"
| #define PACKAGE_STRING "lzo 2.03"
| #define PACKAGE_BUGREPORT "markus@oberhumer.com"
| #define LZO_ABI_LITTLE_ENDIAN 1
| #define PACKAGE "lzo"
| #define VERSION "2.03"
| #define STDC_HEADERS 1
| #define HAVE_SYS_TYPES_H 1
| #define HAVE_SYS_STAT_H 1
| #define HAVE_STDLIB_H 1
| #define HAVE_STRING_H 1
| #define HAVE_MEMORY_H 1
| #define HAVE_STRINGS_H 1
| #define HAVE_INTTYPES_H 1
| #define HAVE_STDINT_H 1
| #define HAVE_UNISTD_H 1
| #define HAVE_DLFCN_H 1
| #ifdef __cplusplus
| extern "C" void exit (int) throw ();
| #endif
| #define TIME_WITH_SYS_TIME 1
| #define HAVE_ASSERT_H 1
| #define HAVE_CTYPE_H 1
| #define HAVE_DIRENT_H 1
| #define HAVE_ERRNO_H 1
| #define HAVE_FCNTL_H 1
| #define HAVE_FLOAT_H 1
| #define HAVE_LIMITS_H 1
| #define HAVE_MEMORY_H 1
| #define HAVE_SETJMP_H 1
| #define HAVE_SIGNAL_H 1
| #define HAVE_STDARG_H 1
| #define HAVE_STDDEF_H 1
| #define HAVE_STDINT_H 1
| #define HAVE_STDIO_H 1
| #define HAVE_STDLIB_H 1
| #define HAVE_STRING_H 1
| #define HAVE_STRINGS_H 1
| #define HAVE_TIME_H 1
| #define HAVE_UNISTD_H 1
| #define HAVE_UTIME_H 1
| #define HAVE_SYS_MMAN_H 1
| #define HAVE_SYS_RESOURCE_H 1
| #define HAVE_SYS_STAT_H 1
| #define HAVE_SYS_TIME_H 1
| #define HAVE_SYS_TYPES_H 1
| #define HAVE_SYS_WAIT_H 1
| #define RETSIGTYPE void
| #define SIZEOF_SHORT 2
| #define SIZEOF_INT 4
| #define SIZEOF_LONG 8
| #define SIZEOF_LONG_LONG 8
| #define SIZEOF___INT16 0
| #define SIZEOF___INT32 0
| #define SIZEOF___INT64 0
| #define SIZEOF_VOID_P 8
| #define SIZEOF_SIZE_T 8
| #define SIZEOF_PTRDIFF_T 8
| #define SIZEOF___INT32 0
| #define SIZEOF_INTMAX_T 8
| #define SIZEOF_UINTMAX_T 8
| #define SIZEOF_INTPTR_T 8
| #define SIZEOF_UINTPTR_T 8
| #define SIZEOF_FLOAT 4
| #define SIZEOF_DOUBLE 8
| #define SIZEOF_LONG_DOUBLE 16
| #define SIZEOF_DEV_T 4
| #define SIZEOF_FPOS_T 8
| #define SIZEOF_MODE_T 2
| #define SIZEOF_OFF_T 8
| #define SIZEOF_SSIZE_T 8
| #define SIZEOF_TIME_T 8
| #define HAVE_ACCESS 1
| #define HAVE_ATEXIT 1
| #define HAVE_ATOI 1
| #define HAVE_ATOL 1
| #define HAVE_CHMOD 1
| #define HAVE_CHOWN 1
| #define HAVE_CTIME 1
| #define HAVE_DIFFTIME 1
| #define HAVE_FSTAT 1
| #define HAVE_GETENV 1
| #define HAVE_GETPAGESIZE 1
| #define HAVE_GETRUSAGE 1
| #define HAVE_GETTIMEOFDAY 1
| #define HAVE_GMTIME 1
| #define HAVE_ISATTY 1
| #define HAVE_LOCALTIME 1
| #define HAVE_LONGJMP 1
| #define HAVE_LSTAT 1
| #define HAVE_MEMCMP 1
| #define HAVE_MEMCPY 1
| #define HAVE_MEMMOVE 1
| #define HAVE_MEMSET 1
| #define HAVE_MKDIR 1
| #define HAVE_MKTIME 1
| #define HAVE_MMAP 1
| #define HAVE_MPROTECT 1
| #define HAVE_MUNMAP 1
| #define HAVE_QSORT 1
| #define HAVE_RAISE 1
| #define HAVE_RMDIR 1
| #define HAVE_SETJMP 1
| #define HAVE_SIGNAL 1
| #define HAVE_SNPRINTF 1
| #define HAVE_STRCASECMP 1
| #define HAVE_STRCHR 1
| #define HAVE_STRDUP 1
| #define HAVE_STRERROR 1
| #define HAVE_STRFTIME 1
| /* end confdefs.h.  */
| /* Define stricmp to an innocuous variant, in case <limits.h> declares stricmp.
|    For example, HP-UX 11i <limits.h> declares gettimeofday.  */
| #define stricmp innocuous_stricmp
| 
| /* System header to define __stub macros and hopefully few prototypes,
|     which can conflict with char stricmp (); below.
|     Prefer <limits.h> to <assert.h> if __STDC__ is defined, since
|     <limits.h> exists even on freestanding compilers.  */
| 
| #ifdef __STDC__
| # include <limits.h>
| #else
| # include <assert.h>
| #endif
| 
| #undef stricmp
| 
| /* Override any gcc2 internal prototype to avoid an error.  */
| #ifdef __cplusplus
| extern "C"
| {
| #endif
| /* We use char because int might match the return type of a gcc2
|    builtin and then its argument prototype would still apply.  */
| char stricmp ();
| /* The GNU C library defines this for functions which it implements
|     to always fail with ENOSYS.  Some functions are actually named
|     something starting with __ and the normal name is an alias.  */
| #if defined (__stub_stricmp) || defined (__stub___stricmp)
| choke me
| #else
| char (*f) () = stricmp;
| #endif
| #ifdef __cplusplus
| }
| #endif
| 
| int
| main ()
| {
| return f != stricmp;
|   ;
|   return 0;
| }
configure:30141: result: no
configure:30054: checking for strncasecmp
configure:30111: /Applications/Xcode.app/Contents/Developer/usr/bin/gcc -o conftest -I/Users/Shared/xbmc-depends/buildtools-native/include  -I/Users/Shared/xbmc-depends/buildtools-native/include  -L/Users/Shared/xbmc-depends/buildtools-native/lib  conftest.c  >&5
conftest.c:140:6: warning: incompatible redeclaration of library function 'strncasecmp' [-Wincompatible-library-redeclaration]
char strncasecmp ();
     ^
conftest.c:140:6: note: 'strncasecmp' is a builtin with type 'int (const char *, const char *, unsigned long)'
1 warning generated.
configure:30117: $? = 0
configure:30120: test -z 			 || test ! -s conftest.err
configure:30123: $? = 0
configure:30126: test -s conftest
configure:30129: $? = 0
configure:30141: result: yes
configure:30054: checking for strnicmp
configure:30111: /Applications/Xcode.app/Contents/Developer/usr/bin/gcc -o conftest -I/Users/Shared/xbmc-depends/buildtools-native/include  -I/Users/Shared/xbmc-depends/buildtools-native/include  -L/Users/Shared/xbmc-depends/buildtools-native/lib  conftest.c  >&5
Undefined symbols for architecture x86_64:
  "_strnicmp", referenced from:
      _main in conftest-2bea68.o
      _f in conftest-2bea68.o
ld: symbol(s) not found for architecture x86_64
clang: error: linker command failed with exit code 1 (use -v to see invocation)
configure:30117: $? = 1
configure: failed program was:
| /* confdefs.h.  */
| 
| #define PACKAGE_NAME "lzo"
| #define PACKAGE_TARNAME "lzo"
| #define PACKAGE_VERSION "2.03"
| #define PACKAGE_STRING "lzo 2.03"
| #define PACKAGE_BUGREPORT "markus@oberhumer.com"
| #define LZO_ABI_LITTLE_ENDIAN 1
| #define PACKAGE "lzo"
| #define VERSION "2.03"
| #define STDC_HEADERS 1
| #define HAVE_SYS_TYPES_H 1
| #define HAVE_SYS_STAT_H 1
| #define HAVE_STDLIB_H 1
| #define HAVE_STRING_H 1
| #define HAVE_MEMORY_H 1
| #define HAVE_STRINGS_H 1
| #define HAVE_INTTYPES_H 1
| #define HAVE_STDINT_H 1
| #define HAVE_UNISTD_H 1
| #define HAVE_DLFCN_H 1
| #ifdef __cplusplus
| extern "C" void exit (int) throw ();
| #endif
| #define TIME_WITH_SYS_TIME 1
| #define HAVE_ASSERT_H 1
| #define HAVE_CTYPE_H 1
| #define HAVE_DIRENT_H 1
| #define HAVE_ERRNO_H 1
| #define HAVE_FCNTL_H 1
| #define HAVE_FLOAT_H 1
| #define HAVE_LIMITS_H 1
| #define HAVE_MEMORY_H 1
| #define HAVE_SETJMP_H 1
| #define HAVE_SIGNAL_H 1
| #define HAVE_STDARG_H 1
| #define HAVE_STDDEF_H 1
| #define HAVE_STDINT_H 1
| #define HAVE_STDIO_H 1
| #define HAVE_STDLIB_H 1
| #define HAVE_STRING_H 1
| #define HAVE_STRINGS_H 1
| #define HAVE_TIME_H 1
| #define HAVE_UNISTD_H 1
| #define HAVE_UTIME_H 1
| #define HAVE_SYS_MMAN_H 1
| #define HAVE_SYS_RESOURCE_H 1
| #define HAVE_SYS_STAT_H 1
| #define HAVE_SYS_TIME_H 1
| #define HAVE_SYS_TYPES_H 1
| #define HAVE_SYS_WAIT_H 1
| #define RETSIGTYPE void
| #define SIZEOF_SHORT 2
| #define SIZEOF_INT 4
| #define SIZEOF_LONG 8
| #define SIZEOF_LONG_LONG 8
| #define SIZEOF___INT16 0
| #define SIZEOF___INT32 0
| #define SIZEOF___INT64 0
| #define SIZEOF_VOID_P 8
| #define SIZEOF_SIZE_T 8
| #define SIZEOF_PTRDIFF_T 8
| #define SIZEOF___INT32 0
| #define SIZEOF_INTMAX_T 8
| #define SIZEOF_UINTMAX_T 8
| #define SIZEOF_INTPTR_T 8
| #define SIZEOF_UINTPTR_T 8
| #define SIZEOF_FLOAT 4
| #define SIZEOF_DOUBLE 8
| #define SIZEOF_LONG_DOUBLE 16
| #define SIZEOF_DEV_T 4
| #define SIZEOF_FPOS_T 8
| #define SIZEOF_MODE_T 2
| #define SIZEOF_OFF_T 8
| #define SIZEOF_SSIZE_T 8
| #define SIZEOF_TIME_T 8
| #define HAVE_ACCESS 1
| #define HAVE_ATEXIT 1
| #define HAVE_ATOI 1
| #define HAVE_ATOL 1
| #define HAVE_CHMOD 1
| #define HAVE_CHOWN 1
| #define HAVE_CTIME 1
| #define HAVE_DIFFTIME 1
| #define HAVE_FSTAT 1
| #define HAVE_GETENV 1
| #define HAVE_GETPAGESIZE 1
| #define HAVE_GETRUSAGE 1
| #define HAVE_GETTIMEOFDAY 1
| #define HAVE_GMTIME 1
| #define HAVE_ISATTY 1
| #define HAVE_LOCALTIME 1
| #define HAVE_LONGJMP 1
| #define HAVE_LSTAT 1
| #define HAVE_MEMCMP 1
| #define HAVE_MEMCPY 1
| #define HAVE_MEMMOVE 1
| #define HAVE_MEMSET 1
| #define HAVE_MKDIR 1
| #define HAVE_MKTIME 1
| #define HAVE_MMAP 1
| #define HAVE_MPROTECT 1
| #define HAVE_MUNMAP 1
| #define HAVE_QSORT 1
| #define HAVE_RAISE 1
| #define HAVE_RMDIR 1
| #define HAVE_SETJMP 1
| #define HAVE_SIGNAL 1
| #define HAVE_SNPRINTF 1
| #define HAVE_STRCASECMP 1
| #define HAVE_STRCHR 1
| #define HAVE_STRDUP 1
| #define HAVE_STRERROR 1
| #define HAVE_STRFTIME 1
| #define HAVE_STRNCASECMP 1
| /* end confdefs.h.  */
| /* Define strnicmp to an innocuous variant, in case <limits.h> declares strnicmp.
|    For example, HP-UX 11i <limits.h> declares gettimeofday.  */
| #define strnicmp innocuous_strnicmp
| 
| /* System header to define __stub macros and hopefully few prototypes,
|     which can conflict with char strnicmp (); below.
|     Prefer <limits.h> to <assert.h> if __STDC__ is defined, since
|     <limits.h> exists even on freestanding compilers.  */
| 
| #ifdef __STDC__
| # include <limits.h>
| #else
| # include <assert.h>
| #endif
| 
| #undef strnicmp
| 
| /* Override any gcc2 internal prototype to avoid an error.  */
| #ifdef __cplusplus
| extern "C"
| {
| #endif
| /* We use char because int might match the return type of a gcc2
|    builtin and then its argument prototype would still apply.  */
| char strnicmp ();
| /* The GNU C library defines this for functions which it implements
|     to always fail with ENOSYS.  Some functions are actually named
|     something starting with __ and the normal name is an alias.  */
| #if defined (__stub_strnicmp) || defined (__stub___strnicmp)
| choke me
| #else
| char (*f) () = strnicmp;
| #endif
| #ifdef __cplusplus
| }
| #endif
| 
| int
| main ()
| {
| return f != strnicmp;
|   ;
|   return 0;
| }
configure:30141: result: no
configure:30054: checking for strrchr
configure:30111: /Applications/Xcode.app/Contents/Developer/usr/bin/gcc -o conftest -I/Users/Shared/xbmc-depends/buildtools-native/include  -I/Users/Shared/xbmc-depends/buildtools-native/include  -L/Users/Shared/xbmc-depends/buildtools-native/lib  conftest.c  >&5
conftest.c:141:6: warning: incompatible redeclaration of library function 'strrchr' [-Wincompatible-library-redeclaration]
char strrchr ();
     ^
conftest.c:141:6: note: 'strrchr' is a builtin with type 'char *(const char *, int)'
1 warning generated.
configure:30117: $? = 0
configure:30120: test -z 			 || test ! -s conftest.err
configure:30123: $? = 0
configure:30126: test -s conftest
configure:30129: $? = 0
configure:30141: result: yes
configure:30054: checking for strstr
configure:30111: /Applications/Xcode.app/Contents/Developer/usr/bin/gcc -o conftest -I/Users/Shared/xbmc-depends/buildtools-native/include  -I/Users/Shared/xbmc-depends/buildtools-native/include  -L/Users/Shared/xbmc-depends/buildtools-native/lib  conftest.c  >&5
conftest.c:142:6: warning: incompatible redeclaration of library function 'strstr' [-Wincompatible-library-redeclaration]
char strstr ();
     ^
conftest.c:142:6: note: 'strstr' is a builtin with type 'char *(const char *, const char *)'
1 warning generated.
configure:30117: $? = 0
configure:30120: test -z 			 || test ! -s conftest.err
configure:30123: $? = 0
configure:30126: test -s conftest
configure:30129: $? = 0
configure:30141: result: yes
configure:30054: checking for time
configure:30111: /Applications/Xcode.app/Contents/Developer/usr/bin/gcc -o conftest -I/Users/Shared/xbmc-depends/buildtools-native/include  -I/Users/Shared/xbmc-depends/buildtools-native/include  -L/Users/Shared/xbmc-depends/buildtools-native/lib  conftest.c  >&5
configure:30117: $? = 0
configure:30120: test -z 			 || test ! -s conftest.err
configure:30123: $? = 0
configure:30126: test -s conftest
configure:30129: $? = 0
configure:30141: result: yes
configure:30054: checking for umask
configure:30111: /Applications/Xcode.app/Contents/Developer/usr/bin/gcc -o conftest -I/Users/Shared/xbmc-depends/buildtools-native/include  -I/Users/Shared/xbmc-depends/buildtools-native/include  -L/Users/Shared/xbmc-depends/buildtools-native/lib  conftest.c  >&5
configure:30117: $? = 0
configure:30120: test -z 			 || test ! -s conftest.err
configure:30123: $? = 0
configure:30126: test -s conftest
configure:30129: $? = 0
configure:30141: result: yes
configure:30054: checking for utime
configure:30111: /Applications/Xcode.app/Contents/Developer/usr/bin/gcc -o conftest -I/Users/Shared/xbmc-depends/buildtools-native/include  -I/Users/Shared/xbmc-depends/buildtools-native/include  -L/Users/Shared/xbmc-depends/buildtools-native/lib  conftest.c  >&5
configure:30117: $? = 0
configure:30120: test -z 			 || test ! -s conftest.err
configure:30123: $? = 0
configure:30126: test -s conftest
configure:30129: $? = 0
configure:30141: result: yes
configure:30054: checking for vsnprintf
configure:30111: /Applications/Xcode.app/Contents/Developer/usr/bin/gcc -o conftest -I/Users/Shared/xbmc-depends/buildtools-native/include  -I/Users/Shared/xbmc-depends/buildtools-native/include  -L/Users/Shared/xbmc-depends/buildtools-native/lib  conftest.c  >&5
conftest.c:146:6: warning: incompatible redeclaration of library function 'vsnprintf' [-Wincompatible-library-redeclaration]
char vsnprintf ();
     ^
conftest.c:146:6: note: 'vsnprintf' is a builtin with type 'int (char *, unsigned long, const char *, __va_list_tag *)'
1 warning generated.
configure:30117: $? = 0
configure:30120: test -z 			 || test ! -s conftest.err
configure:30123: $? = 0
configure:30126: test -s conftest
configure:30129: $? = 0
configure:30141: result: yes
configure:30174: checking whether your compiler passes the ACC conformance test
configure:30224: /Applications/Xcode.app/Contents/Developer/usr/bin/gcc -c -I/Users/Shared/xbmc-depends/buildtools-native/include  -I. -I/Users/Shared/xbmc-depends/buildtools-native/include  conftest.c >&5
configure:30230: $? = 0
configure:30233: test -z 			 || test ! -s conftest.err
configure:30236: $? = 0
configure:30239: test -s conftest.o
configure:30242: $? = 0
configure:30255: result: yes
configure:30430: creating ./config.status

## ---------------------- ##
## Running config.status. ##
## ---------------------- ##

This file was extended by lzo config.status 2.03, which was
generated by GNU Autoconf 2.59.  Invocation command line was

  CONFIG_FILES    = 
  CONFIG_HEADERS  = 
  CONFIG_LINKS    = 
  CONFIG_COMMANDS = 
  $ ./config.status 

on Aruns-Mac.local

config.status:776: creating Makefile
config.status:776: creating examples/Makefile
config.status:776: creating include/Makefile
config.status:776: creating include/lzo/Makefile
config.status:776: creating lzotest/Makefile
config.status:776: creating minilzo/Makefile
config.status:776: creating src/Makefile
config.status:776: creating tests/Makefile
config.status:842: creating config.h
config.status:1380: executing depfiles commands

## ---------------- ##
## Cache variables. ##
## ---------------- ##

ac_cv_build=x86_64-apple-darwin14.5.0
ac_cv_build_alias=x86_64-apple-darwin14.5.0
ac_cv_c_bigendian=no
ac_cv_c_compiler_gnu=yes
ac_cv_c_const=yes
ac_cv_cxx_compiler_gnu=yes
ac_cv_env_CC_set=
ac_cv_env_CC_value=
ac_cv_env_CFLAGS_set=
ac_cv_env_CFLAGS_value=
ac_cv_env_CPPFLAGS_set=
ac_cv_env_CPPFLAGS_value=
ac_cv_env_CPP_set=
ac_cv_env_CPP_value=
ac_cv_env_CXXCPP_set=
ac_cv_env_CXXCPP_value=
ac_cv_env_CXXFLAGS_set=
ac_cv_env_CXXFLAGS_value=
ac_cv_env_CXX_set=
ac_cv_env_CXX_value=
ac_cv_env_F77_set=
ac_cv_env_F77_value=
ac_cv_env_FFLAGS_set=
ac_cv_env_FFLAGS_value=
ac_cv_env_LDFLAGS_set=
ac_cv_env_LDFLAGS_value=
ac_cv_env_build_alias_set=
ac_cv_env_build_alias_value=
ac_cv_env_host_alias_set=
ac_cv_env_host_alias_value=
ac_cv_env_target_alias_set=
ac_cv_env_target_alias_value=
ac_cv_exeext=
ac_cv_f77_compiler_gnu=no
ac_cv_func_access=yes
ac_cv_func_alloca=no
ac_cv_func_atexit=yes
ac_cv_func_atoi=yes
ac_cv_func_atol=yes
ac_cv_func_chmod=yes
ac_cv_func_chown=yes
ac_cv_func_clock_getcpuclockid=no
ac_cv_func_clock_getres=no
ac_cv_func_clock_gettime=no
ac_cv_func_ctime=yes
ac_cv_func_difftime=yes
ac_cv_func_fstat=yes
ac_cv_func_getenv=yes
ac_cv_func_getpagesize=yes
ac_cv_func_getrusage=yes
ac_cv_func_gettimeofday=yes
ac_cv_func_gmtime=yes
ac_cv_func_isatty=yes
ac_cv_func_localtime=yes
ac_cv_func_longjmp=yes
ac_cv_func_lstat=yes
ac_cv_func_memcmp=yes
ac_cv_func_memcpy=yes
ac_cv_func_memmove=yes
ac_cv_func_memset=yes
ac_cv_func_mkdir=yes
ac_cv_func_mktime=yes
ac_cv_func_mmap=yes
ac_cv_func_mprotect=yes
ac_cv_func_munmap=yes
ac_cv_func_qsort=yes
ac_cv_func_raise=yes
ac_cv_func_rmdir=yes
ac_cv_func_setjmp=yes
ac_cv_func_signal=yes
ac_cv_func_snprintf=yes
ac_cv_func_strcasecmp=yes
ac_cv_func_strchr=yes
ac_cv_func_strdup=yes
ac_cv_func_strerror=yes
ac_cv_func_strftime=yes
ac_cv_func_stricmp=no
ac_cv_func_strncasecmp=yes
ac_cv_func_strnicmp=no
ac_cv_func_strrchr=yes
ac_cv_func_strstr=yes
ac_cv_func_time=yes
ac_cv_func_umask=yes
ac_cv_func_utime=yes
ac_cv_func_vsnprintf=yes
ac_cv_header_assert_h=yes
ac_cv_header_ctype_h=yes
ac_cv_header_dirent_h=yes
ac_cv_header_dlfcn_h=yes
ac_cv_header_errno_h=yes
ac_cv_header_fcntl_h=yes
ac_cv_header_float_h=yes
ac_cv_header_inttypes_h=yes
ac_cv_header_limits_h=yes
ac_cv_header_malloc_h=no
ac_cv_header_memory_h=yes
ac_cv_header_setjmp_h=yes
ac_cv_header_signal_h=yes
ac_cv_header_stdarg_h=yes
ac_cv_header_stdc=yes
ac_cv_header_stddef_h=yes
ac_cv_header_stdint_h=yes
ac_cv_header_stdio_h=yes
ac_cv_header_stdlib_h=yes
ac_cv_header_string_h=yes
ac_cv_header_strings_h=yes
ac_cv_header_sys_mman_h=yes
ac_cv_header_sys_resource_h=yes
ac_cv_header_sys_stat_h=yes
ac_cv_header_sys_time_h=yes
ac_cv_header_sys_types_h=yes
ac_cv_header_sys_wait_h=yes
ac_cv_header_time=yes
ac_cv_header_time_h=yes
ac_cv_header_unistd_h=yes
ac_cv_header_utime_h=yes
ac_cv_host=x86_64-apple-darwin14.5.0
ac_cv_host_alias=x86_64-apple-darwin14.5.0
ac_cv_objext=o
ac_cv_path_install='/usr/bin/install -c'
ac_cv_prog_AWK=awk
ac_cv_prog_CPP='/Applications/Xcode.app/Contents/Developer/usr/bin/gcc -E'
ac_cv_prog_CXXCPP='/Applications/Xcode.app/Contents/Developer/usr/bin/g++ -E'
ac_cv_prog_ac_ct_AR=/usr/bin/ar
ac_cv_prog_ac_ct_CC=/Applications/Xcode.app/Contents/Developer/usr/bin/gcc
ac_cv_prog_ac_ct_RANLIB=/usr/bin/ranlib
ac_cv_prog_ac_ct_STRIP=/usr/bin/strip
ac_cv_prog_cc_g=yes
ac_cv_prog_cc_stdc=
ac_cv_prog_cxx_g=yes
ac_cv_prog_egrep='grep -E'
ac_cv_prog_f77_g=no
ac_cv_prog_make_make_set=yes
ac_cv_sizeof___int16=0
ac_cv_sizeof___int32=0
ac_cv_sizeof___int64=0
ac_cv_sizeof_dev_t=4
ac_cv_sizeof_double=8
ac_cv_sizeof_float=4
ac_cv_sizeof_fpos_t=8
ac_cv_sizeof_int=4
ac_cv_sizeof_intmax_t=8
ac_cv_sizeof_intptr_t=8
ac_cv_sizeof_long=8
ac_cv_sizeof_long_double=16
ac_cv_sizeof_long_long=8
ac_cv_sizeof_mode_t=2
ac_cv_sizeof_off_t=8
ac_cv_sizeof_ptrdiff_t=8
ac_cv_sizeof_short=2
ac_cv_sizeof_size_t=8
ac_cv_sizeof_ssize_t=8
ac_cv_sizeof_time_t=8
ac_cv_sizeof_uintmax_t=8
ac_cv_sizeof_uintptr_t=8
ac_cv_sizeof_void_p=8
ac_cv_sys_file_offset_bits=no
ac_cv_sys_large_files=no
ac_cv_sys_largefile_CC=no
ac_cv_target=x86_64-apple-darwin14.5.0
ac_cv_target_alias=x86_64-apple-darwin14.5.0
ac_cv_type___int16=no
ac_cv_type___int32=no
ac_cv_type___int64=no
ac_cv_type_dev_t=yes
ac_cv_type_double=yes
ac_cv_type_float=yes
ac_cv_type_fpos_t=yes
ac_cv_type_int=yes
ac_cv_type_intmax_t=yes
ac_cv_type_intptr_t=yes
ac_cv_type_long=yes
ac_cv_type_long_double=yes
ac_cv_type_long_long=yes
ac_cv_type_mode_t=yes
ac_cv_type_off_t=yes
ac_cv_type_ptrdiff_t=yes
ac_cv_type_short=yes
ac_cv_type_signal=void
ac_cv_type_size_t=yes
ac_cv_type_ssize_t=yes
ac_cv_type_time_t=yes
ac_cv_type_uintmax_t=yes
ac_cv_type_uintptr_t=yes
ac_cv_type_void_p=yes
am_cv_CC_dependencies_compiler_type=gcc3
am_cv_CXX_dependencies_compiler_type=gcc3
lt_cv_deplibs_check_method=pass_all
lt_cv_file_magic_cmd='$MAGIC_CMD'
lt_cv_file_magic_test_file=
lt_cv_ld_reload_flag=-r
lt_cv_objdir=.libs
lt_cv_path_LD=/Applications/Xcode.app/Contents/Developer/usr/bin/ld
lt_cv_path_LDCXX=/Applications/Xcode.app/Contents/Developer/usr/bin/ld
lt_cv_path_NM=/usr/bin/nm
lt_cv_path_SED=/usr/bin/sed
lt_cv_prog_compiler_c_o=yes
lt_cv_prog_compiler_c_o_CXX=yes
lt_cv_prog_compiler_rtti_exceptions=yes
lt_cv_prog_gnu_ld=no
lt_cv_prog_gnu_ldcxx=no
lt_cv_sys_global_symbol_pipe='sed -n -e '\''s/^.*[ 	]\([BCDEGRST][BCDEGRST]*\)[ 	][ 	]*_\([_A-Za-z][_A-Za-z0-9]*\)$/\1 _\2 \2/p'\'''
lt_cv_sys_global_symbol_to_c_name_address='sed -n -e '\''s/^: \([^ ]*\) $/  {\"\1\", (lt_ptr) 0},/p'\'' -e '\''s/^[BCDEGRST] \([^ ]*\) \([^ ]*\)$/  {"\2", (lt_ptr) \&\2},/p'\'''
lt_cv_sys_global_symbol_to_cdecl='sed -n -e '\''s/^. .* \(.*\)$/extern int \1;/p'\'''
lt_cv_sys_max_cmd_len=196608
lt_lt_cv_prog_compiler_c_o='"yes"'
lt_lt_cv_prog_compiler_c_o_CXX='"yes"'
lt_lt_cv_sys_global_symbol_pipe='"sed -n -e '\''s/^.*[ 	]\\([BCDEGRST][BCDEGRST]*\\)[ 	][ 	]*_\\([_A-Za-z][_A-Za-z0-9]*\\)\$/\\1 _\\2 \\2/p'\''"'
lt_lt_cv_sys_global_symbol_to_c_name_address='"sed -n -e '\''s/^: \\([^ ]*\\) \$/  {\\\"\\1\\\", (lt_ptr) 0},/p'\'' -e '\''s/^[BCDEGRST] \\([^ ]*\\) \\([^ ]*\\)\$/  {\"\\2\", (lt_ptr) \\&\\2},/p'\''"'
lt_lt_cv_sys_global_symbol_to_cdecl='"sed -n -e '\''s/^. .* \\(.*\\)\$/extern int \\1;/p'\''"'
mfx_cv_header_sane_limits_h=yes

## ----------------- ##
## Output variables. ##
## ----------------- ##

ACLOCAL='/Users/Shared/xbmc-depends/buildtools-native/bin/aclocal'
AMDEPBACKSLASH='\'
AMDEP_FALSE='#'
AMDEP_TRUE=''
AMTAR='${SHELL} /Users/osx/Desktop/kodi/xbmc/tools/depends/native/liblzo2-native/x86_64-osx-native/autoconf/missing --run tar'
AR='/usr/bin/ar'
AUTOCONF='/Users/Shared/xbmc-depends/buildtools-native/bin/autoconf'
AUTOHEADER='/Users/Shared/xbmc-depends/buildtools-native/bin/autoheader'
AUTOMAKE='/Users/Shared/xbmc-depends/buildtools-native/bin/automake'
AWK='awk'
CC='/Applications/Xcode.app/Contents/Developer/usr/bin/gcc'
CCDEPMODE='depmode=gcc3'
CFLAGS='-I/Users/Shared/xbmc-depends/buildtools-native/include '
CPP='/Applications/Xcode.app/Contents/Developer/usr/bin/gcc -E'
CPPFLAGS='-I/Users/Shared/xbmc-depends/buildtools-native/include  -DLZO_HAVE_CONFIG_H'
CXX='/Applications/Xcode.app/Contents/Developer/usr/bin/g++'
CXXCPP='/Applications/Xcode.app/Contents/Developer/usr/bin/g++ -E'
CXXDEPMODE='depmode=gcc3'
CXXFLAGS='-I/Users/Shared/xbmc-depends/buildtools-native/include '
CYGPATH_W='echo'
DEFS='-DHAVE_CONFIG_H'
DEPDIR='.deps'
ECHO='/bin/echo'
ECHO_C='ECHO_N=''
ECHO_T=''
EGREP='grep -E'
EXEEXT=''
F77=''
FFLAGS=''
INSTALL_DATA='${INSTALL} -m 644'
INSTALL_PROGRAM='${INSTALL}'
INSTALL_SCRIPT='${INSTALL}'
INSTALL_STRIP_PROGRAM='${SHELL} $(install_sh) -c -s'
LDFLAGS='-L/Users/Shared/xbmc-depends/buildtools-native/lib '
LIBOBJS=''
LIBS=''
LIBTOOL='$(SHELL) $(top_builddir)/libtool'
LN_S='ln -s'
LTLIBOBJS=''
LZO_ASM_VPATH=''
LZO_CFLAGS=''
LZO_CPPFLAGS=''
LZO_EXTRA_CFLAGS=''
LZO_EXTRA_CPPFLAGS=''
LZO_USE_ASM_FALSE=''
LZO_USE_ASM_TRUE='#'
MAINT='#'
MAINTAINER_MODE_FALSE=''
MAINTAINER_MODE_TRUE='#'
MAKEINFO='${SHELL} /Users/osx/Desktop/kodi/xbmc/tools/depends/native/liblzo2-native/x86_64-osx-native/autoconf/missing --run makeinfo'
OBJEXT='o'
PACKAGE='lzo'
PACKAGE_BUGREPORT='markus@oberhumer.com'
PACKAGE_NAME='lzo'
PACKAGE_STRING='lzo 2.03'
PACKAGE_TARNAME='lzo'
PACKAGE_VERSION='2.03'
PATH_SEPARATOR=':'
RANLIB='/usr/bin/ranlib'
SET_MAKE=''
SHELL='/bin/sh'
STRIP='/usr/bin/strip'
VERSION='2.03'
ac_ct_AR='/usr/bin/ar'
ac_ct_CC='/Applications/Xcode.app/Contents/Developer/usr/bin/gcc'
ac_ct_CXX=''
ac_ct_F77=''
ac_ct_RANLIB='/usr/bin/ranlib'
ac_ct_STRIP='/usr/bin/strip'
am__fastdepCC_FALSE='#'
am__fastdepCC_TRUE=''
am__fastdepCXX_FALSE='#'
am__fastdepCXX_TRUE=''
am__include='include'
am__leading_dot='.'
am__quote=''
am__tar='${AMTAR} chof - "$$tardir"'
am__untar='${AMTAR} xf -'
bindir='${exec_prefix}/bin'
build='x86_64-apple-darwin14.5.0'
build_alias=''
build_cpu='x86_64'
build_os='darwin14.5.0'
build_vendor='apple'
configure_CFLAGS='-I/Users/Shared/xbmc-depends/buildtools-native/include '
configure_CPPFLAGS='-I/Users/Shared/xbmc-depends/buildtools-native/include  -DLZO_HAVE_CONFIG_H'
datadir='${prefix}/share'
exec_prefix='${prefix}'
host='x86_64-apple-darwin14.5.0'
host_alias=''
host_cpu='x86_64'
host_os='darwin14.5.0'
host_vendor='apple'
includedir='${prefix}/include'
infodir='${prefix}/info'
install_sh='/Users/osx/Desktop/kodi/xbmc/tools/depends/native/liblzo2-native/x86_64-osx-native/autoconf/install-sh'
libdir='${exec_prefix}/lib'
libexecdir='${exec_prefix}/libexec'
localstatedir='${prefix}/var'
mandir='${prefix}/man'
mkdir_p='$(mkinstalldirs)'
oldincludedir='/usr/include'
prefix='/Users/Shared/xbmc-depends/buildtools-native'
program_transform_name='s,x,x,'
sbindir='${exec_prefix}/sbin'
sharedstatedir='${prefix}/com'
sysconfdir='${prefix}/etc'
target='x86_64-apple-darwin14.5.0'
target_alias=''
target_cpu='x86_64'
target_os='darwin14.5.0'
target_vendor='apple'

## ----------- ##
## confdefs.h. ##
## ----------- ##

#define HAVE_ACCESS 1
#define HAVE_ASSERT_H 1
#define HAVE_ATEXIT 1
#define HAVE_ATOI 1
#define HAVE_ATOL 1
#define HAVE_CHMOD 1
#define HAVE_CHOWN 1
#define HAVE_CTIME 1
#define HAVE_CTYPE_H 1
#define HAVE_DIFFTIME 1
#define HAVE_DIRENT_H 1
#define HAVE_DLFCN_H 1
#define HAVE_ERRNO_H 1
#define HAVE_FCNTL_H 1
#define HAVE_FLOAT_H 1
#define HAVE_FSTAT 1
#define HAVE_GETENV 1
#define HAVE_GETPAGESIZE 1
#define HAVE_GETRUSAGE 1
#define HAVE_GETTIMEOFDAY 1
#define HAVE_GMTIME 1
#define HAVE_INTTYPES_H 1
#define HAVE_ISATTY 1
#define HAVE_LIMITS_H 1
#define HAVE_LOCALTIME 1
#define HAVE_LONGJMP 1
#define HAVE_LSTAT 1
#define HAVE_MEMCMP 1
#define HAVE_MEMCPY 1
#define HAVE_MEMMOVE 1
#define HAVE_MEMORY_H 1
#define HAVE_MEMORY_H 1
#define HAVE_MEMSET 1
#define HAVE_MKDIR 1
#define HAVE_MKTIME 1
#define HAVE_MMAP 1
#define HAVE_MPROTECT 1
#define HAVE_MUNMAP 1
#define HAVE_QSORT 1
#define HAVE_RAISE 1
#define HAVE_RMDIR 1
#define HAVE_SETJMP 1
#define HAVE_SETJMP_H 1
#define HAVE_SIGNAL 1
#define HAVE_SIGNAL_H 1
#define HAVE_SNPRINTF 1
#define HAVE_STDARG_H 1
#define HAVE_STDDEF_H 1
#define HAVE_STDINT_H 1
#define HAVE_STDINT_H 1
#define HAVE_STDIO_H 1
#define HAVE_STDLIB_H 1
#define HAVE_STDLIB_H 1
#define HAVE_STRCASECMP 1
#define HAVE_STRCHR 1
#define HAVE_STRDUP 1
#define HAVE_STRERROR 1
#define HAVE_STRFTIME 1
#define HAVE_STRINGS_H 1
#define HAVE_STRINGS_H 1
#define HAVE_STRING_H 1
#define HAVE_STRING_H 1
#define HAVE_STRNCASECMP 1
#define HAVE_STRRCHR 1
#define HAVE_STRSTR 1
#define HAVE_SYS_MMAN_H 1
#define HAVE_SYS_RESOURCE_H 1
#define HAVE_SYS_STAT_H 1
#define HAVE_SYS_STAT_H 1
#define HAVE_SYS_TIME_H 1
#define HAVE_SYS_TYPES_H 1
#define HAVE_SYS_TYPES_H 1
#define HAVE_SYS_WAIT_H 1
#define HAVE_TIME 1
#define HAVE_TIME_H 1
#define HAVE_UMASK 1
#define HAVE_UNISTD_H 1
#define HAVE_UNISTD_H 1
#define HAVE_UTIME 1
#define HAVE_UTIME_H 1
#define HAVE_VSNPRINTF 1
#define LZO_ABI_LITTLE_ENDIAN 1
#define PACKAGE "lzo"
#define PACKAGE_BUGREPORT "markus@oberhumer.com"
#define PACKAGE_NAME "lzo"
#define PACKAGE_STRING "lzo 2.03"
#define PACKAGE_TARNAME "lzo"
#define PACKAGE_VERSION "2.03"
#define RETSIGTYPE void
#define SIZEOF_DEV_T 4
#define SIZEOF_DOUBLE 8
#define SIZEOF_FLOAT 4
#define SIZEOF_FPOS_T 8
#define SIZEOF_INT 4
#define SIZEOF_INTMAX_T 8
#define SIZEOF_INTPTR_T 8
#define SIZEOF_LONG 8
#define SIZEOF_LONG_DOUBLE 16
#define SIZEOF_LONG_LONG 8
#define SIZEOF_MODE_T 2
#define SIZEOF_OFF_T 8
#define SIZEOF_PTRDIFF_T 8
#define SIZEOF_SHORT 2
#define SIZEOF_SIZE_T 8
#define SIZEOF_SSIZE_T 8
#define SIZEOF_TIME_T 8
#define SIZEOF_UINTMAX_T 8
#define SIZEOF_UINTPTR_T 8
#define SIZEOF_VOID_P 8
#define SIZEOF___INT16 0
#define SIZEOF___INT32 0
#define SIZEOF___INT32 0
#define SIZEOF___INT64 0
#define STDC_HEADERS 1
#define TIME_WITH_SYS_TIME 1
#define VERSION "2.03"
#endif
#ifdef __cplusplus
extern "C" void exit (int) throw ();

configure: exit 0
